2026-05-26 10:25:30 | INFO     | STAGE: Prepare receptor for DOCK6 started
2026-05-26 10:25:30 | INFO     | Running: Python Parallel prep_rec() for 2 jobs
2026-05-26 10:25:30 | INFO     | Running: /usr/local/chimerax/bin/ChimeraX --nogui
2026-05-26 10:25:30 | INFO     | Running: /usr/local/chimerax/bin/ChimeraX --nogui
2026-05-26 10:25:33 | INFO     | Running: env LD_PRELOAD=/usr/lib64/libz.so.1:/usr/lib64/libfreetype.so.6 LD_LIBRARY_PATH=/usr/local/chem.sw/chimera/chimera-1.8/lib /usr/local/chimera/chimera-1.8/bin/chimera --nogui /localscratch/kbui/NexusMol/examples/artifacts/dock6_mpro/7K40_write_dms.py
2026-05-26 10:25:33 | INFO     | Running: env LD_PRELOAD=/usr/lib64/libz.so.1:/usr/lib64/libfreetype.so.6 LD_LIBRARY_PATH=/usr/local/chem.sw/chimera/chimera-1.8/lib /usr/local/chimera/chimera-1.8/bin/chimera --nogui /localscratch/kbui/NexusMol/examples/artifacts/dock6_mpro/6W63_write_dms.py
2026-05-26 10:25:34 | INFO     | Running sphgen and sphere_selector
2026-05-26 10:25:35 | INFO     | Running sphgen and sphere_selector
2026-05-26 10:25:39 | INFO     | Running: /localscratch/kbui/Apps/dock6/bin/showbox
2026-05-26 10:25:39 | INFO     | Running: /localscratch/kbui/Apps/dock6/bin/grid -i /localscratch/kbui/NexusMol/examples/artifacts/dock6_mpro/7K40_grid.in -o /localscratch/kbui/NexusMol/examples/artifacts/dock6_mpro/7K40_grid.out
2026-05-26 10:25:39 | INFO     | Running: /localscratch/kbui/Apps/dock6/bin/showbox
2026-05-26 10:25:39 | INFO     | Running: /localscratch/kbui/Apps/dock6/bin/grid -i /localscratch/kbui/NexusMol/examples/artifacts/dock6_mpro/6W63_grid.in -o /localscratch/kbui/NexusMol/examples/artifacts/dock6_mpro/6W63_grid.out
2026-05-26 10:28:03 | INFO     | Python parallel execution completed. Kept 2/2 successful jobs.
2026-05-26 10:28:03 | INFO     | STAGE: Prepare receptor for DOCK6 completed
2026-05-26 10:28:03 | INFO     | STAGE: Batch docking with DOCK6 started
2026-05-26 10:28:03 | INFO     | Running: Parallel dock6_docking() for 10 jobs
2026-05-26 10:28:30 | INFO     | Parallel execution completed. Kept 10/10 successful jobs.
2026-05-26 10:28:30 | INFO     | STAGE: Batch docking with DOCK6 completed
2026-05-26 10:28:30 | INFO     | STAGE: Write summary csv started
2026-05-26 10:28:30 | INFO     | STAGE: Write summary csv completed
2026-05-26 10:28:30 | INFO     | Running: final_copy()
2026-05-26 10:28:30 | INFO     | Pipeline completed
