2026-05-28 17:58:33 | INFO     | STAGE: Minimization started
2026-05-28 17:58:33 | INFO     | Running: ; cmd: pmemd.cuda -AllowSmallBox -O -i /localscratch/kbui/NexusMol/examples/artifacts/MD_DiAla/min1.in -o /localscratch/kbui/NexusMol/examples/artifacts/MD_DiAla/min1.out -p /localscratch/kbui/NexusMol/examples/ALA.prmtop -c /localscratch/kbui/NexusMol/examples/ALA.inpcrd -ref /localscratch/kbui/NexusMol/examples/ALA.inpcrd -r /localscratch/kbui/NexusMol/examples/artifacts/MD_DiAla/min1.ncrst -x /localscratch/kbui/NexusMol/examples/artifacts/MD_DiAla/min1.nc -inf /localscratch/kbui/NexusMol/examples/artifacts/MD_DiAla/min1.info
2026-05-28 17:58:35 | WARNING  | STDERR:            0
Note: The following floating-point exceptions are signalling: IEEE_UNDERFLOW_FLAG IEEE_DENORMAL

2026-05-28 17:58:35 | INFO     | Running: ; cmd: pmemd.cuda -AllowSmallBox -O -i /localscratch/kbui/NexusMol/examples/artifacts/MD_DiAla/min2.in -o /localscratch/kbui/NexusMol/examples/artifacts/MD_DiAla/min2.out -p /localscratch/kbui/NexusMol/examples/ALA.prmtop -c /localscratch/kbui/NexusMol/examples/artifacts/MD_DiAla/min1.ncrst -ref /localscratch/kbui/NexusMol/examples/artifacts/MD_DiAla/min1.ncrst -r /localscratch/kbui/NexusMol/examples/artifacts/MD_DiAla/min2.ncrst -x /localscratch/kbui/NexusMol/examples/artifacts/MD_DiAla/min2.nc -inf /localscratch/kbui/NexusMol/examples/artifacts/MD_DiAla/min2.info
2026-05-28 17:58:36 | WARNING  | STDERR:            0
Note: The following floating-point exceptions are signalling: IEEE_UNDERFLOW_FLAG IEEE_DENORMAL

2026-05-28 17:58:36 | INFO     | Running: ; cmd: pmemd.cuda -AllowSmallBox -O -i /localscratch/kbui/NexusMol/examples/artifacts/MD_DiAla/min3.in -o /localscratch/kbui/NexusMol/examples/artifacts/MD_DiAla/min3.out -p /localscratch/kbui/NexusMol/examples/ALA.prmtop -c /localscratch/kbui/NexusMol/examples/artifacts/MD_DiAla/min2.ncrst -ref /localscratch/kbui/NexusMol/examples/artifacts/MD_DiAla/min2.ncrst -r /localscratch/kbui/NexusMol/examples/artifacts/MD_DiAla/min3.ncrst -x /localscratch/kbui/NexusMol/examples/artifacts/MD_DiAla/min3.nc -inf /localscratch/kbui/NexusMol/examples/artifacts/MD_DiAla/min3.info
2026-05-28 17:58:37 | WARNING  | STDERR:            0
Note: The following floating-point exceptions are signalling: IEEE_UNDERFLOW_FLAG IEEE_DENORMAL

2026-05-28 17:58:37 | INFO     | Running: ; cmd: pmemd.cuda -AllowSmallBox -O -i /localscratch/kbui/NexusMol/examples/artifacts/MD_DiAla/min4.in -o /localscratch/kbui/NexusMol/examples/artifacts/MD_DiAla/min4.out -p /localscratch/kbui/NexusMol/examples/ALA.prmtop -c /localscratch/kbui/NexusMol/examples/artifacts/MD_DiAla/min3.ncrst -ref /localscratch/kbui/NexusMol/examples/artifacts/MD_DiAla/min3.ncrst -r /localscratch/kbui/NexusMol/examples/artifacts/MD_DiAla/min4.ncrst -x /localscratch/kbui/NexusMol/examples/artifacts/MD_DiAla/min4.nc -inf /localscratch/kbui/NexusMol/examples/artifacts/MD_DiAla/min4.info
2026-05-28 17:58:37 | WARNING  | STDERR:            0
Note: The following floating-point exceptions are signalling: IEEE_UNDERFLOW_FLAG IEEE_DENORMAL

2026-05-28 17:58:37 | INFO     | Running: ; cmd: pmemd.cuda -AllowSmallBox -O -i /localscratch/kbui/NexusMol/examples/artifacts/MD_DiAla/min5.in -o /localscratch/kbui/NexusMol/examples/artifacts/MD_DiAla/min5.out -p /localscratch/kbui/NexusMol/examples/ALA.prmtop -c /localscratch/kbui/NexusMol/examples/artifacts/MD_DiAla/min4.ncrst -ref /localscratch/kbui/NexusMol/examples/artifacts/MD_DiAla/min4.ncrst -r /localscratch/kbui/NexusMol/examples/artifacts/MD_DiAla/min5.ncrst -x /localscratch/kbui/NexusMol/examples/artifacts/MD_DiAla/min5.nc -inf /localscratch/kbui/NexusMol/examples/artifacts/MD_DiAla/min5.info
2026-05-28 17:58:38 | WARNING  | STDERR:            0
Note: The following floating-point exceptions are signalling: IEEE_UNDERFLOW_FLAG IEEE_DENORMAL

2026-05-28 17:58:38 | INFO     | Running: ; cmd: pmemd.cuda -AllowSmallBox -O -i /localscratch/kbui/NexusMol/examples/artifacts/MD_DiAla/min6.in -o /localscratch/kbui/NexusMol/examples/artifacts/MD_DiAla/min6.out -p /localscratch/kbui/NexusMol/examples/ALA.prmtop -c /localscratch/kbui/NexusMol/examples/artifacts/MD_DiAla/min5.ncrst -ref /localscratch/kbui/NexusMol/examples/artifacts/MD_DiAla/min5.ncrst -r /localscratch/kbui/NexusMol/examples/artifacts/MD_DiAla/min6.ncrst -x /localscratch/kbui/NexusMol/examples/artifacts/MD_DiAla/min6.nc -inf /localscratch/kbui/NexusMol/examples/artifacts/MD_DiAla/min6.info
2026-05-28 17:58:39 | WARNING  | STDERR:            0
Note: The following floating-point exceptions are signalling: IEEE_UNDERFLOW_FLAG IEEE_DENORMAL

2026-05-28 17:58:39 | INFO     | Running: ; cmd: pmemd.cuda -AllowSmallBox -O -i /localscratch/kbui/NexusMol/examples/artifacts/MD_DiAla/min7.in -o /localscratch/kbui/NexusMol/examples/artifacts/MD_DiAla/min7.out -p /localscratch/kbui/NexusMol/examples/ALA.prmtop -c /localscratch/kbui/NexusMol/examples/artifacts/MD_DiAla/min6.ncrst -ref /localscratch/kbui/NexusMol/examples/artifacts/MD_DiAla/min6.ncrst -r /localscratch/kbui/NexusMol/examples/artifacts/MD_DiAla/min7.ncrst -x /localscratch/kbui/NexusMol/examples/artifacts/MD_DiAla/min7.nc -inf /localscratch/kbui/NexusMol/examples/artifacts/MD_DiAla/min7.info
2026-05-28 17:58:40 | WARNING  | STDERR:            0
Note: The following floating-point exceptions are signalling: IEEE_UNDERFLOW_FLAG IEEE_DENORMAL

2026-05-28 17:58:40 | INFO     | STAGE: Minimization completed
2026-05-28 17:58:40 | INFO     | STAGE: Heating started
2026-05-28 17:58:40 | INFO     | Running: ; cmd: pmemd.cuda -AllowSmallBox -O -i /localscratch/kbui/NexusMol/examples/artifacts/MD_DiAla/heat.in -o /localscratch/kbui/NexusMol/examples/artifacts/MD_DiAla/heat.out -p /localscratch/kbui/NexusMol/examples/ALA.prmtop -c /localscratch/kbui/NexusMol/examples/artifacts/MD_DiAla/min7.ncrst -ref /localscratch/kbui/NexusMol/examples/artifacts/MD_DiAla/min7.ncrst -r /localscratch/kbui/NexusMol/examples/artifacts/MD_DiAla/heat.ncrst -x /localscratch/kbui/NexusMol/examples/artifacts/MD_DiAla/heat.nc -inf /localscratch/kbui/NexusMol/examples/artifacts/MD_DiAla/heat.info
2026-05-28 18:00:35 | WARNING  | STDERR:            0
Note: The following floating-point exceptions are signalling: IEEE_UNDERFLOW_FLAG IEEE_DENORMAL

2026-05-28 18:00:35 | INFO     | STAGE: Heating completed
2026-05-28 18:00:35 | INFO     | STAGE: Equilibration started
2026-05-28 18:00:35 | ERROR    | STAGE: Equilibration failed
Traceback (most recent call last):
  File "/localscratch/kbui/NexusMol/src/nexus/core/trackers/main_tracker.py", line 23, in wrapper
    result = func(*args, **kwargs)
             ^^^^^^^^^^^^^^^^^^^^^
  File "/localscratch/kbui/NexusMol/src/nexus/md/amber/_equilibrate.py", line 48, in equilibrate
    _run_pmemd(eq_input, prmtop, ncrst, working_dir, f"eq{run}", mcfg.common.logger)
                                                                 ^^^^^^^^^^^^^^^^^^
  File "/localscratch/kbui/miniconda3/envs/nexus/lib/python3.11/site-packages/pydantic/main.py", line 1042, in __getattr__
    raise AttributeError(f'{type(self).__name__!r} object has no attribute {item!r}')
AttributeError: 'CommonConfig' object has no attribute 'logger'
2026-05-28 18:05:47 | INFO     | STAGE: Minimization started
2026-05-28 18:05:47 | INFO     | Running: ; cmd: pmemd.cuda -AllowSmallBox -O -i /localscratch/kbui/NexusMol/examples/artifacts/MD_DiAla/min1.in -o /localscratch/kbui/NexusMol/examples/artifacts/MD_DiAla/min1.out -p /localscratch/kbui/NexusMol/examples/ALA.prmtop -c /localscratch/kbui/NexusMol/examples/ALA.inpcrd -ref /localscratch/kbui/NexusMol/examples/ALA.inpcrd -r /localscratch/kbui/NexusMol/examples/artifacts/MD_DiAla/min1.ncrst -x /localscratch/kbui/NexusMol/examples/artifacts/MD_DiAla/min1.nc -inf /localscratch/kbui/NexusMol/examples/artifacts/MD_DiAla/min1.info
2026-05-28 18:05:49 | WARNING  | STDERR:            0
Note: The following floating-point exceptions are signalling: IEEE_UNDERFLOW_FLAG IEEE_DENORMAL

2026-05-28 18:05:49 | INFO     | Running: ; cmd: pmemd.cuda -AllowSmallBox -O -i /localscratch/kbui/NexusMol/examples/artifacts/MD_DiAla/min2.in -o /localscratch/kbui/NexusMol/examples/artifacts/MD_DiAla/min2.out -p /localscratch/kbui/NexusMol/examples/ALA.prmtop -c /localscratch/kbui/NexusMol/examples/artifacts/MD_DiAla/min1.ncrst -ref /localscratch/kbui/NexusMol/examples/artifacts/MD_DiAla/min1.ncrst -r /localscratch/kbui/NexusMol/examples/artifacts/MD_DiAla/min2.ncrst -x /localscratch/kbui/NexusMol/examples/artifacts/MD_DiAla/min2.nc -inf /localscratch/kbui/NexusMol/examples/artifacts/MD_DiAla/min2.info
2026-05-28 18:05:50 | WARNING  | STDERR:            0
Note: The following floating-point exceptions are signalling: IEEE_UNDERFLOW_FLAG IEEE_DENORMAL

2026-05-28 18:05:50 | INFO     | Running: ; cmd: pmemd.cuda -AllowSmallBox -O -i /localscratch/kbui/NexusMol/examples/artifacts/MD_DiAla/min3.in -o /localscratch/kbui/NexusMol/examples/artifacts/MD_DiAla/min3.out -p /localscratch/kbui/NexusMol/examples/ALA.prmtop -c /localscratch/kbui/NexusMol/examples/artifacts/MD_DiAla/min2.ncrst -ref /localscratch/kbui/NexusMol/examples/artifacts/MD_DiAla/min2.ncrst -r /localscratch/kbui/NexusMol/examples/artifacts/MD_DiAla/min3.ncrst -x /localscratch/kbui/NexusMol/examples/artifacts/MD_DiAla/min3.nc -inf /localscratch/kbui/NexusMol/examples/artifacts/MD_DiAla/min3.info
2026-05-28 18:05:51 | WARNING  | STDERR:            0
Note: The following floating-point exceptions are signalling: IEEE_UNDERFLOW_FLAG IEEE_DENORMAL

2026-05-28 18:05:51 | INFO     | Running: ; cmd: pmemd.cuda -AllowSmallBox -O -i /localscratch/kbui/NexusMol/examples/artifacts/MD_DiAla/min4.in -o /localscratch/kbui/NexusMol/examples/artifacts/MD_DiAla/min4.out -p /localscratch/kbui/NexusMol/examples/ALA.prmtop -c /localscratch/kbui/NexusMol/examples/artifacts/MD_DiAla/min3.ncrst -ref /localscratch/kbui/NexusMol/examples/artifacts/MD_DiAla/min3.ncrst -r /localscratch/kbui/NexusMol/examples/artifacts/MD_DiAla/min4.ncrst -x /localscratch/kbui/NexusMol/examples/artifacts/MD_DiAla/min4.nc -inf /localscratch/kbui/NexusMol/examples/artifacts/MD_DiAla/min4.info
2026-05-28 18:05:52 | WARNING  | STDERR:            0
Note: The following floating-point exceptions are signalling: IEEE_UNDERFLOW_FLAG IEEE_DENORMAL

2026-05-28 18:05:52 | INFO     | Running: ; cmd: pmemd.cuda -AllowSmallBox -O -i /localscratch/kbui/NexusMol/examples/artifacts/MD_DiAla/min5.in -o /localscratch/kbui/NexusMol/examples/artifacts/MD_DiAla/min5.out -p /localscratch/kbui/NexusMol/examples/ALA.prmtop -c /localscratch/kbui/NexusMol/examples/artifacts/MD_DiAla/min4.ncrst -ref /localscratch/kbui/NexusMol/examples/artifacts/MD_DiAla/min4.ncrst -r /localscratch/kbui/NexusMol/examples/artifacts/MD_DiAla/min5.ncrst -x /localscratch/kbui/NexusMol/examples/artifacts/MD_DiAla/min5.nc -inf /localscratch/kbui/NexusMol/examples/artifacts/MD_DiAla/min5.info
2026-05-28 18:05:53 | WARNING  | STDERR:            0
Note: The following floating-point exceptions are signalling: IEEE_UNDERFLOW_FLAG IEEE_DENORMAL

2026-05-28 18:05:53 | INFO     | Running: ; cmd: pmemd.cuda -AllowSmallBox -O -i /localscratch/kbui/NexusMol/examples/artifacts/MD_DiAla/min6.in -o /localscratch/kbui/NexusMol/examples/artifacts/MD_DiAla/min6.out -p /localscratch/kbui/NexusMol/examples/ALA.prmtop -c /localscratch/kbui/NexusMol/examples/artifacts/MD_DiAla/min5.ncrst -ref /localscratch/kbui/NexusMol/examples/artifacts/MD_DiAla/min5.ncrst -r /localscratch/kbui/NexusMol/examples/artifacts/MD_DiAla/min6.ncrst -x /localscratch/kbui/NexusMol/examples/artifacts/MD_DiAla/min6.nc -inf /localscratch/kbui/NexusMol/examples/artifacts/MD_DiAla/min6.info
2026-05-28 18:05:54 | WARNING  | STDERR:            0
Note: The following floating-point exceptions are signalling: IEEE_UNDERFLOW_FLAG IEEE_DENORMAL

2026-05-28 18:05:54 | INFO     | Running: ; cmd: pmemd.cuda -AllowSmallBox -O -i /localscratch/kbui/NexusMol/examples/artifacts/MD_DiAla/min7.in -o /localscratch/kbui/NexusMol/examples/artifacts/MD_DiAla/min7.out -p /localscratch/kbui/NexusMol/examples/ALA.prmtop -c /localscratch/kbui/NexusMol/examples/artifacts/MD_DiAla/min6.ncrst -ref /localscratch/kbui/NexusMol/examples/artifacts/MD_DiAla/min6.ncrst -r /localscratch/kbui/NexusMol/examples/artifacts/MD_DiAla/min7.ncrst -x /localscratch/kbui/NexusMol/examples/artifacts/MD_DiAla/min7.nc -inf /localscratch/kbui/NexusMol/examples/artifacts/MD_DiAla/min7.info
2026-05-28 18:05:55 | WARNING  | STDERR:            0
Note: The following floating-point exceptions are signalling: IEEE_UNDERFLOW_FLAG IEEE_DENORMAL

2026-05-28 18:05:55 | INFO     | STAGE: Minimization completed
2026-05-28 18:05:55 | INFO     | STAGE: Heating started
2026-05-28 18:05:55 | INFO     | Running: ; cmd: pmemd.cuda -AllowSmallBox -O -i /localscratch/kbui/NexusMol/examples/artifacts/MD_DiAla/heat.in -o /localscratch/kbui/NexusMol/examples/artifacts/MD_DiAla/heat.out -p /localscratch/kbui/NexusMol/examples/ALA.prmtop -c /localscratch/kbui/NexusMol/examples/artifacts/MD_DiAla/min7.ncrst -ref /localscratch/kbui/NexusMol/examples/artifacts/MD_DiAla/min7.ncrst -r /localscratch/kbui/NexusMol/examples/artifacts/MD_DiAla/heat.ncrst -x /localscratch/kbui/NexusMol/examples/artifacts/MD_DiAla/heat.nc -inf /localscratch/kbui/NexusMol/examples/artifacts/MD_DiAla/heat.info
2026-05-28 18:07:50 | WARNING  | STDERR:            0
Note: The following floating-point exceptions are signalling: IEEE_UNDERFLOW_FLAG IEEE_DENORMAL

2026-05-28 18:07:50 | INFO     | STAGE: Heating completed
2026-05-28 18:07:50 | INFO     | STAGE: Equilibration started
2026-05-28 18:07:50 | ERROR    | STAGE: Equilibration failed
Traceback (most recent call last):
  File "/localscratch/kbui/NexusMol/src/nexus/core/trackers/main_tracker.py", line 23, in wrapper
    result = func(*args, **kwargs)
             ^^^^^^^^^^^^^^^^^^^^^
  File "/localscratch/kbui/NexusMol/src/nexus/md/amber/_equilibrate.py", line 48, in equilibrate
    _run_pmemd(eq_input, prmtop, ncrst, working_dir, f"eq{run}", mcfg.common.logger)
                                                                 ^^^^^^^^^^^^^^^^^^
  File "/localscratch/kbui/miniconda3/envs/nexus/lib/python3.11/site-packages/pydantic/main.py", line 1042, in __getattr__
    raise AttributeError(f'{type(self).__name__!r} object has no attribute {item!r}')
AttributeError: 'CommonConfig' object has no attribute 'logger'
2026-05-28 18:12:05 | INFO     | STAGE: Minimization started
2026-05-28 18:12:05 | INFO     | Running: ; cmd: pmemd.cuda -AllowSmallBox -O -i /localscratch/kbui/NexusMol/examples/artifacts/MD_DiAla/min1.in -o /localscratch/kbui/NexusMol/examples/artifacts/MD_DiAla/min1.out -p /localscratch/kbui/NexusMol/examples/ALA.prmtop -c /localscratch/kbui/NexusMol/examples/ALA.inpcrd -ref /localscratch/kbui/NexusMol/examples/ALA.inpcrd -r /localscratch/kbui/NexusMol/examples/artifacts/MD_DiAla/min1.ncrst -x /localscratch/kbui/NexusMol/examples/artifacts/MD_DiAla/min1.nc -inf /localscratch/kbui/NexusMol/examples/artifacts/MD_DiAla/min1.info
2026-05-28 18:12:06 | WARNING  | STDERR:            0
Note: The following floating-point exceptions are signalling: IEEE_UNDERFLOW_FLAG IEEE_DENORMAL

2026-05-28 18:12:06 | INFO     | Running: ; cmd: pmemd.cuda -AllowSmallBox -O -i /localscratch/kbui/NexusMol/examples/artifacts/MD_DiAla/min2.in -o /localscratch/kbui/NexusMol/examples/artifacts/MD_DiAla/min2.out -p /localscratch/kbui/NexusMol/examples/ALA.prmtop -c /localscratch/kbui/NexusMol/examples/artifacts/MD_DiAla/min1.ncrst -ref /localscratch/kbui/NexusMol/examples/artifacts/MD_DiAla/min1.ncrst -r /localscratch/kbui/NexusMol/examples/artifacts/MD_DiAla/min2.ncrst -x /localscratch/kbui/NexusMol/examples/artifacts/MD_DiAla/min2.nc -inf /localscratch/kbui/NexusMol/examples/artifacts/MD_DiAla/min2.info
2026-05-28 18:12:07 | WARNING  | STDERR:            0
Note: The following floating-point exceptions are signalling: IEEE_UNDERFLOW_FLAG IEEE_DENORMAL

2026-05-28 18:12:07 | INFO     | Running: ; cmd: pmemd.cuda -AllowSmallBox -O -i /localscratch/kbui/NexusMol/examples/artifacts/MD_DiAla/min3.in -o /localscratch/kbui/NexusMol/examples/artifacts/MD_DiAla/min3.out -p /localscratch/kbui/NexusMol/examples/ALA.prmtop -c /localscratch/kbui/NexusMol/examples/artifacts/MD_DiAla/min2.ncrst -ref /localscratch/kbui/NexusMol/examples/artifacts/MD_DiAla/min2.ncrst -r /localscratch/kbui/NexusMol/examples/artifacts/MD_DiAla/min3.ncrst -x /localscratch/kbui/NexusMol/examples/artifacts/MD_DiAla/min3.nc -inf /localscratch/kbui/NexusMol/examples/artifacts/MD_DiAla/min3.info
2026-05-28 18:12:07 | WARNING  | STDERR:            0
Note: The following floating-point exceptions are signalling: IEEE_UNDERFLOW_FLAG IEEE_DENORMAL

2026-05-28 18:12:07 | INFO     | Running: ; cmd: pmemd.cuda -AllowSmallBox -O -i /localscratch/kbui/NexusMol/examples/artifacts/MD_DiAla/min4.in -o /localscratch/kbui/NexusMol/examples/artifacts/MD_DiAla/min4.out -p /localscratch/kbui/NexusMol/examples/ALA.prmtop -c /localscratch/kbui/NexusMol/examples/artifacts/MD_DiAla/min3.ncrst -ref /localscratch/kbui/NexusMol/examples/artifacts/MD_DiAla/min3.ncrst -r /localscratch/kbui/NexusMol/examples/artifacts/MD_DiAla/min4.ncrst -x /localscratch/kbui/NexusMol/examples/artifacts/MD_DiAla/min4.nc -inf /localscratch/kbui/NexusMol/examples/artifacts/MD_DiAla/min4.info
2026-05-28 18:12:08 | WARNING  | STDERR:            0
Note: The following floating-point exceptions are signalling: IEEE_UNDERFLOW_FLAG IEEE_DENORMAL

2026-05-28 18:12:08 | INFO     | Running: ; cmd: pmemd.cuda -AllowSmallBox -O -i /localscratch/kbui/NexusMol/examples/artifacts/MD_DiAla/min5.in -o /localscratch/kbui/NexusMol/examples/artifacts/MD_DiAla/min5.out -p /localscratch/kbui/NexusMol/examples/ALA.prmtop -c /localscratch/kbui/NexusMol/examples/artifacts/MD_DiAla/min4.ncrst -ref /localscratch/kbui/NexusMol/examples/artifacts/MD_DiAla/min4.ncrst -r /localscratch/kbui/NexusMol/examples/artifacts/MD_DiAla/min5.ncrst -x /localscratch/kbui/NexusMol/examples/artifacts/MD_DiAla/min5.nc -inf /localscratch/kbui/NexusMol/examples/artifacts/MD_DiAla/min5.info
2026-05-28 18:12:09 | WARNING  | STDERR:            0
Note: The following floating-point exceptions are signalling: IEEE_UNDERFLOW_FLAG IEEE_DENORMAL

2026-05-28 18:12:09 | INFO     | Running: ; cmd: pmemd.cuda -AllowSmallBox -O -i /localscratch/kbui/NexusMol/examples/artifacts/MD_DiAla/min6.in -o /localscratch/kbui/NexusMol/examples/artifacts/MD_DiAla/min6.out -p /localscratch/kbui/NexusMol/examples/ALA.prmtop -c /localscratch/kbui/NexusMol/examples/artifacts/MD_DiAla/min5.ncrst -ref /localscratch/kbui/NexusMol/examples/artifacts/MD_DiAla/min5.ncrst -r /localscratch/kbui/NexusMol/examples/artifacts/MD_DiAla/min6.ncrst -x /localscratch/kbui/NexusMol/examples/artifacts/MD_DiAla/min6.nc -inf /localscratch/kbui/NexusMol/examples/artifacts/MD_DiAla/min6.info
2026-05-28 18:12:10 | WARNING  | STDERR:            0
Note: The following floating-point exceptions are signalling: IEEE_UNDERFLOW_FLAG IEEE_DENORMAL

2026-05-28 18:12:10 | INFO     | Running: ; cmd: pmemd.cuda -AllowSmallBox -O -i /localscratch/kbui/NexusMol/examples/artifacts/MD_DiAla/min7.in -o /localscratch/kbui/NexusMol/examples/artifacts/MD_DiAla/min7.out -p /localscratch/kbui/NexusMol/examples/ALA.prmtop -c /localscratch/kbui/NexusMol/examples/artifacts/MD_DiAla/min6.ncrst -ref /localscratch/kbui/NexusMol/examples/artifacts/MD_DiAla/min6.ncrst -r /localscratch/kbui/NexusMol/examples/artifacts/MD_DiAla/min7.ncrst -x /localscratch/kbui/NexusMol/examples/artifacts/MD_DiAla/min7.nc -inf /localscratch/kbui/NexusMol/examples/artifacts/MD_DiAla/min7.info
2026-05-28 18:12:10 | WARNING  | STDERR:            0
Note: The following floating-point exceptions are signalling: IEEE_UNDERFLOW_FLAG IEEE_DENORMAL

2026-05-28 18:12:10 | INFO     | STAGE: Minimization completed
2026-05-28 18:12:10 | INFO     | STAGE: Heating started
2026-05-28 18:12:10 | INFO     | Running: ; cmd: pmemd.cuda -AllowSmallBox -O -i /localscratch/kbui/NexusMol/examples/artifacts/MD_DiAla/heat.in -o /localscratch/kbui/NexusMol/examples/artifacts/MD_DiAla/heat.out -p /localscratch/kbui/NexusMol/examples/ALA.prmtop -c /localscratch/kbui/NexusMol/examples/artifacts/MD_DiAla/min7.ncrst -ref /localscratch/kbui/NexusMol/examples/artifacts/MD_DiAla/min7.ncrst -r /localscratch/kbui/NexusMol/examples/artifacts/MD_DiAla/heat.ncrst -x /localscratch/kbui/NexusMol/examples/artifacts/MD_DiAla/heat.nc -inf /localscratch/kbui/NexusMol/examples/artifacts/MD_DiAla/heat.info
2026-05-28 18:14:06 | WARNING  | STDERR:            0
Note: The following floating-point exceptions are signalling: IEEE_UNDERFLOW_FLAG IEEE_DENORMAL

2026-05-28 18:14:06 | INFO     | STAGE: Heating completed
2026-05-28 18:14:06 | INFO     | STAGE: Equilibration started
2026-05-28 18:14:06 | INFO     | Running: ; cmd: pmemd.cuda -AllowSmallBox -O -i /localscratch/kbui/NexusMol/examples/artifacts/MD_DiAla/eq1.in -o /localscratch/kbui/NexusMol/examples/artifacts/MD_DiAla/eq1.out -p /localscratch/kbui/NexusMol/examples/ALA.prmtop -c /localscratch/kbui/NexusMol/examples/artifacts/MD_DiAla/heat.ncrst -ref /localscratch/kbui/NexusMol/examples/artifacts/MD_DiAla/heat.ncrst -r /localscratch/kbui/NexusMol/examples/artifacts/MD_DiAla/eq1.ncrst -x /localscratch/kbui/NexusMol/examples/artifacts/MD_DiAla/eq1.nc -inf /localscratch/kbui/NexusMol/examples/artifacts/MD_DiAla/eq1.info
2026-05-28 18:14:18 | WARNING  | STDERR:            0
Note: The following floating-point exceptions are signalling: IEEE_UNDERFLOW_FLAG IEEE_DENORMAL

2026-05-28 18:14:18 | INFO     | Running: ; cmd: pmemd.cuda -AllowSmallBox -O -i /localscratch/kbui/NexusMol/examples/artifacts/MD_DiAla/eq2.in -o /localscratch/kbui/NexusMol/examples/artifacts/MD_DiAla/eq2.out -p /localscratch/kbui/NexusMol/examples/ALA.prmtop -c /localscratch/kbui/NexusMol/examples/artifacts/MD_DiAla/eq1.ncrst -ref /localscratch/kbui/NexusMol/examples/artifacts/MD_DiAla/eq1.ncrst -r /localscratch/kbui/NexusMol/examples/artifacts/MD_DiAla/eq2.ncrst -x /localscratch/kbui/NexusMol/examples/artifacts/MD_DiAla/eq2.nc -inf /localscratch/kbui/NexusMol/examples/artifacts/MD_DiAla/eq2.info
2026-05-28 18:14:31 | WARNING  | STDERR:            0
Note: The following floating-point exceptions are signalling: IEEE_UNDERFLOW_FLAG IEEE_DENORMAL

2026-05-28 18:14:31 | INFO     | Running: ; cmd: pmemd.cuda -AllowSmallBox -O -i /localscratch/kbui/NexusMol/examples/artifacts/MD_DiAla/eq3.in -o /localscratch/kbui/NexusMol/examples/artifacts/MD_DiAla/eq3.out -p /localscratch/kbui/NexusMol/examples/ALA.prmtop -c /localscratch/kbui/NexusMol/examples/artifacts/MD_DiAla/eq2.ncrst -ref /localscratch/kbui/NexusMol/examples/artifacts/MD_DiAla/eq2.ncrst -r /localscratch/kbui/NexusMol/examples/artifacts/MD_DiAla/eq3.ncrst -x /localscratch/kbui/NexusMol/examples/artifacts/MD_DiAla/eq3.nc -inf /localscratch/kbui/NexusMol/examples/artifacts/MD_DiAla/eq3.info
2026-05-28 18:14:43 | WARNING  | STDERR:            0
Note: The following floating-point exceptions are signalling: IEEE_UNDERFLOW_FLAG IEEE_DENORMAL

2026-05-28 18:14:43 | INFO     | Running: ; cmd: pmemd.cuda -AllowSmallBox -O -i /localscratch/kbui/NexusMol/examples/artifacts/MD_DiAla/eq4.in -o /localscratch/kbui/NexusMol/examples/artifacts/MD_DiAla/eq4.out -p /localscratch/kbui/NexusMol/examples/ALA.prmtop -c /localscratch/kbui/NexusMol/examples/artifacts/MD_DiAla/eq3.ncrst -ref /localscratch/kbui/NexusMol/examples/artifacts/MD_DiAla/eq3.ncrst -r /localscratch/kbui/NexusMol/examples/artifacts/MD_DiAla/eq4.ncrst -x /localscratch/kbui/NexusMol/examples/artifacts/MD_DiAla/eq4.nc -inf /localscratch/kbui/NexusMol/examples/artifacts/MD_DiAla/eq4.info
2026-05-28 18:14:55 | WARNING  | STDERR:            0
Note: The following floating-point exceptions are signalling: IEEE_UNDERFLOW_FLAG IEEE_DENORMAL

2026-05-28 18:14:55 | INFO     | Running: ; cmd: pmemd.cuda -AllowSmallBox -O -i /localscratch/kbui/NexusMol/examples/artifacts/MD_DiAla/eq5.in -o /localscratch/kbui/NexusMol/examples/artifacts/MD_DiAla/eq5.out -p /localscratch/kbui/NexusMol/examples/ALA.prmtop -c /localscratch/kbui/NexusMol/examples/artifacts/MD_DiAla/eq4.ncrst -ref /localscratch/kbui/NexusMol/examples/artifacts/MD_DiAla/eq4.ncrst -r /localscratch/kbui/NexusMol/examples/artifacts/MD_DiAla/eq5.ncrst -x /localscratch/kbui/NexusMol/examples/artifacts/MD_DiAla/eq5.nc -inf /localscratch/kbui/NexusMol/examples/artifacts/MD_DiAla/eq5.info
2026-05-28 18:15:07 | WARNING  | STDERR:            0
Note: The following floating-point exceptions are signalling: IEEE_UNDERFLOW_FLAG IEEE_DENORMAL

2026-05-28 18:15:07 | INFO     | Running: ; cmd: pmemd.cuda -AllowSmallBox -O -i /localscratch/kbui/NexusMol/examples/artifacts/MD_DiAla/eq6.in -o /localscratch/kbui/NexusMol/examples/artifacts/MD_DiAla/eq6.out -p /localscratch/kbui/NexusMol/examples/ALA.prmtop -c /localscratch/kbui/NexusMol/examples/artifacts/MD_DiAla/eq5.ncrst -ref /localscratch/kbui/NexusMol/examples/artifacts/MD_DiAla/eq5.ncrst -r /localscratch/kbui/NexusMol/examples/artifacts/MD_DiAla/eq6.ncrst -x /localscratch/kbui/NexusMol/examples/artifacts/MD_DiAla/eq6.nc -inf /localscratch/kbui/NexusMol/examples/artifacts/MD_DiAla/eq6.info
2026-05-28 18:15:20 | WARNING  | STDERR:            0
Note: The following floating-point exceptions are signalling: IEEE_UNDERFLOW_FLAG IEEE_DENORMAL

2026-05-28 18:15:20 | INFO     | Running: ; cmd: pmemd.cuda -AllowSmallBox -O -i /localscratch/kbui/NexusMol/examples/artifacts/MD_DiAla/eq7.in -o /localscratch/kbui/NexusMol/examples/artifacts/MD_DiAla/eq7.out -p /localscratch/kbui/NexusMol/examples/ALA.prmtop -c /localscratch/kbui/NexusMol/examples/artifacts/MD_DiAla/eq6.ncrst -ref /localscratch/kbui/NexusMol/examples/artifacts/MD_DiAla/eq6.ncrst -r /localscratch/kbui/NexusMol/examples/artifacts/MD_DiAla/eq7.ncrst -x /localscratch/kbui/NexusMol/examples/artifacts/MD_DiAla/eq7.nc -inf /localscratch/kbui/NexusMol/examples/artifacts/MD_DiAla/eq7.info
2026-05-28 18:15:32 | WARNING  | STDERR:            0
Note: The following floating-point exceptions are signalling: IEEE_UNDERFLOW_FLAG IEEE_DENORMAL

2026-05-28 18:15:32 | INFO     | STAGE: Equilibration completed
2026-05-28 18:15:32 | INFO     | STAGE: Production started
2026-05-28 18:15:32 | INFO     | Running: ; cmd: pmemd.cuda -AllowSmallBox -O -i /localscratch/kbui/NexusMol/examples/artifacts/MD_DiAla/seed1.in -o /localscratch/kbui/NexusMol/examples/artifacts/MD_DiAla/seed1.out -p /localscratch/kbui/NexusMol/examples/ALA.prmtop -c /localscratch/kbui/NexusMol/examples/artifacts/MD_DiAla/eq7.ncrst -ref /localscratch/kbui/NexusMol/examples/artifacts/MD_DiAla/eq7.ncrst -r /localscratch/kbui/NexusMol/examples/artifacts/MD_DiAla/seed1.ncrst -x /localscratch/kbui/NexusMol/examples/artifacts/MD_DiAla/seed1.nc -inf /localscratch/kbui/NexusMol/examples/artifacts/MD_DiAla/seed1.info
2026-05-28 18:15:56 | WARNING  | STDERR:            0
Note: The following floating-point exceptions are signalling: IEEE_UNDERFLOW_FLAG IEEE_DENORMAL

2026-05-28 18:15:56 | INFO     | Running: ; cmd: pmemd.cuda -AllowSmallBox -O -i /localscratch/kbui/NexusMol/examples/artifacts/MD_DiAla/prod1.in -o /localscratch/kbui/NexusMol/examples/artifacts/MD_DiAla/prod1.out -p /localscratch/kbui/NexusMol/examples/ALA.prmtop -c /localscratch/kbui/NexusMol/examples/artifacts/MD_DiAla/seed1.ncrst -ref /localscratch/kbui/NexusMol/examples/artifacts/MD_DiAla/seed1.ncrst -r /localscratch/kbui/NexusMol/examples/artifacts/MD_DiAla/prod1.ncrst -x /localscratch/kbui/NexusMol/examples/artifacts/MD_DiAla/prod1.nc -inf /localscratch/kbui/NexusMol/examples/artifacts/MD_DiAla/prod1.info
2026-05-28 18:17:54 | WARNING  | STDERR:            0
Note: The following floating-point exceptions are signalling: IEEE_UNDERFLOW_FLAG IEEE_DENORMAL

2026-05-28 18:17:54 | ERROR    | STAGE: Production failed
Traceback (most recent call last):
  File "/localscratch/kbui/NexusMol/src/nexus/core/trackers/main_tracker.py", line 23, in wrapper
    result = func(*args, **kwargs)
             ^^^^^^^^^^^^^^^^^^^^^
  File "/localscratch/kbui/NexusMol/src/nexus/md/amber/_produce.py", line 78, in produce
    logger = mcfg.common.logger
             ^^^^^^^^^^^^^^^^^^
  File "/localscratch/kbui/miniconda3/envs/nexus/lib/python3.11/site-packages/pydantic/main.py", line 1042, in __getattr__
    raise AttributeError(f'{type(self).__name__!r} object has no attribute {item!r}')
AttributeError: 'CommonConfig' object has no attribute 'logger'
2026-05-28 18:22:33 | INFO     | STAGE: Minimization started
2026-05-28 18:22:33 | INFO     | Initial PE: -40527.96628165495 kJ/mol
2026-05-28 18:22:34 | INFO     | Final PE: -51012.51609470614 kJ/mol
2026-05-28 18:22:34 | INFO     | STAGE: Minimization completed
2026-05-28 18:22:34 | INFO     | STAGE: Heating started
2026-05-28 18:23:33 | INFO     | STAGE: Heating completed
2026-05-28 18:23:33 | INFO     | STAGE: Equilibration started
2026-05-28 18:24:16 | INFO     | STAGE: Equilibration completed
2026-05-28 18:24:16 | INFO     | STAGE: Production started
2026-05-28 18:24:16 | ERROR    | STAGE: Production failed
Traceback (most recent call last):
  File "/localscratch/kbui/NexusMol/src/nexus/core/trackers/main_tracker.py", line 23, in wrapper
    result = func(*args, **kwargs)
             ^^^^^^^^^^^^^^^^^^^^^
  File "/localscratch/kbui/NexusMol/src/nexus/md/openmm/_produce.py", line 20, in produce
    set_positional_restraint_strength(simulation, 0)
  File "/localscratch/kbui/NexusMol/src/nexus/md/openmm/_setup.py", line 120, in set_positional_restraint_strength
    simulation.context.setParameter("positional_restraint_k", k)
    ^^^^^^^^^^^^^^^^^^
AttributeError: 'tuple' object has no attribute 'context'
2026-05-28 18:25:10 | INFO     | STAGE: Minimization started
2026-05-28 18:25:10 | INFO     | Initial PE: -40527.96627064666 kJ/mol
2026-05-28 18:25:10 | INFO     | Final PE: -50606.415635001875 kJ/mol
2026-05-28 18:25:10 | INFO     | STAGE: Minimization completed
2026-05-28 18:25:10 | INFO     | STAGE: Heating started
2026-05-28 18:26:10 | INFO     | STAGE: Heating completed
2026-05-28 18:26:10 | INFO     | STAGE: Equilibration started
2026-05-28 18:26:54 | INFO     | STAGE: Equilibration completed
2026-05-28 18:26:54 | INFO     | STAGE: Production started
2026-05-28 18:28:08 | INFO     | Finished full run with seed 1
2026-05-28 18:28:08 | INFO     | STAGE: Production completed
2026-05-28 18:28:08 | INFO     | STAGE: Copying to results started
2026-05-28 18:28:08 | INFO     | Pipeline completed
2026-05-28 18:28:08 | ERROR    | STAGE: Copying to results failed
Traceback (most recent call last):
  File "/localscratch/kbui/NexusMol/src/nexus/core/trackers/main_tracker.py", line 23, in wrapper
    result = func(*args, **kwargs)
             ^^^^^^^^^^^^^^^^^^^^^
  File "/localscratch/kbui/NexusMol/src/nexus/md/_final_copy.py", line 27, in final_copy
    if Path(results_dir / prod_nc.name).is_file():
                          ^^^^^^^^^^^^
AttributeError: 'str' object has no attribute 'name'
2026-05-28 18:29:41 | INFO     | STAGE: Minimization started
2026-05-28 18:29:41 | INFO     | Initial PE: -40527.96628265857 kJ/mol
2026-05-28 18:29:42 | INFO     | Final PE: -50734.421796275274 kJ/mol
2026-05-28 18:29:42 | INFO     | STAGE: Minimization completed
2026-05-28 18:29:42 | INFO     | STAGE: Heating started
2026-05-28 18:30:41 | INFO     | STAGE: Heating completed
2026-05-28 18:30:41 | INFO     | STAGE: Equilibration started
2026-05-28 18:31:25 | INFO     | STAGE: Equilibration completed
2026-05-28 18:31:25 | INFO     | STAGE: Production started
2026-05-28 18:32:39 | INFO     | Finished full run with seed 1
2026-05-28 18:32:39 | INFO     | STAGE: Production completed
2026-05-28 18:32:39 | INFO     | STAGE: Copying to results started
2026-05-28 18:32:39 | INFO     | Pipeline completed
