
          -------------------------------------------------------
          Amber 24 PMEMD                              2024
          -------------------------------------------------------

| PMEMD implementation of SANDER, Release 24

|  Compiled date/time: Wed Aug 21 09:34:12 2024
| Run on 05/26/2026 at 01:28:16

|   Executable path: pmemd.cuda
| Working directory: /localscratch/kbui/NexusMol/examples
|          Hostname: irene2

  [-O]verwriting output

File Assignments:
|   MDIN: /localscratch/kbui/NexusMol/examples/artifacts/MD_DiAla/prod1.in      
|  MDOUT: /localscratch/kbui/NexusMol/examples/artifacts/MD_DiAla/prod1.out     
| INPCRD: /localscratch/kbui/NexusMol/examples/artifacts/MD_DiAla/seed1.ncrst   
|   PARM: /localscratch/kbui/NexusMol/examples/ALA.prmtop                       
| RESTRT: /localscratch/kbui/NexusMol/examples/artifacts/MD_DiAla/prod1.ncrst   
|   REFC: /localscratch/kbui/NexusMol/examples/artifacts/MD_DiAla/seed1.ncrst   
|  MDVEL: mdvel                                                                 
|   MDEN: mden                                                                  
|  MDCRD: /localscratch/kbui/NexusMol/examples/artifacts/MD_DiAla/prod1.nc      
| MDINFO: /localscratch/kbui/NexusMol/examples/artifacts/MD_DiAla/prod1.info    
|  MDFRC: mdfrc                                                                 


 Here is the input file:

Explicit solvent molecular dynamics constant pressure 25 ns MD                 
&cntrl                                                                         
 imin=0, irest=1, ntx=5,                                                       
 ntpr=50000, ntwx=50000, ntwr=50000, nstlim=500000,                            
 dt=0.002, ntt=3, tempi=300.0,                                                 
 temp0=300.0, gamma_ln=1.0, ig=-1,                                             
 ntp=1, ntc=2, ntf=2, cut=10.0,                                                
 ntb=2, iwrap=1, ioutfm=1,                                                     
/                                                                              


Note: ig = -1. Setting random seed to   288010 based on wallclock time in 
      microseconds.
| irandom = 1, using AMBER's internal random number generator (default).
 
|--------------------- INFORMATION ----------------------
| GPU (CUDA) Version of PMEMD in use: NVIDIA GPU IN USE.
|                    Version 18.0.0
| 
|                      03/25/2018
| 
| Implementation by:
|                    Ross C. Walker     (SDSC)
|                    Scott Le Grand     (nVIDIA)
| 
| Version 18 performance extensions by:
|                    David Cerutti     (Rutgers)
| 
| Precision model in use:
|      [SPFP] - Single Precision Forces, 64-bit Fixed Point
|               Accumulation. (Default)
| 
|--------------------------------------------------------
 
|----------------- CITATION INFORMATION -----------------
|
|    When publishing work that utilized the CUDA version
|    of AMBER, please cite the following in addition to
|    the regular AMBER citations:
|
|  - Romelia Salomon-Ferrer; Andreas W. Goetz; Duncan
|    Poole; Scott Le Grand; Ross C. Walker "Routine
|    microsecond molecular dynamics simulations with
|    AMBER - Part II: Particle Mesh Ewald", J. Chem.
|    Theory Comput., 2013, 9 (9), pp3878-3888,
|    DOI: 10.1021/ct400314y.
|
|  - Andreas W. Goetz; Mark J. Williamson; Dong Xu;
|    Duncan Poole; Scott Le Grand; Ross C. Walker
|    "Routine microsecond molecular dynamics simulations
|    with AMBER - Part I: Generalized Born", J. Chem.
|    Theory Comput., 2012, 8 (5), pp1542-1555.
|
|  - Scott Le Grand; Andreas W. Goetz; Ross C. Walker
|    "SPFP: Speed without compromise - a mixed precision
|    model for GPU accelerated molecular dynamics
|    simulations.", Comp. Phys. Comm., 2013, 184
|    pp374-380, DOI: 10.1016/j.cpc.2012.09.022
|
|--------------------------------------------------------
 
|------------------- GPU DEVICE INFO --------------------
|
|            CUDA_VISIBLE_DEVICES: not set
|   CUDA Capable Devices Detected:      1
|           CUDA Device ID in use:      0
|                CUDA Device Name: NVIDIA GeForce RTX 4090
|     CUDA Device Global Mem Size:  24071 MB
| CUDA Device Num Multiprocessors:    128
|           CUDA Device Core Freq:   2.62 GHz
|
|--------------------------------------------------------
 
 
| Conditional Compilation Defines Used:
| PUBFFT
| BINTRAJ
| CUDA
| EMIL

| Largest sphere to fit in unit cell has radius =    13.987

| New format PARM file being parsed.
| Version =    1.000 Date = 03/28/26 Time = 21:23:47

| Note: 1-4 EEL scale factors are being read from the topology file.

| Note: 1-4 VDW scale factors are being read from the topology file.
| Duplicated    0 dihedrals

| Duplicated    0 dihedrals

--------------------------------------------------------------------------------
   1.  RESOURCE   USE: 
--------------------------------------------------------------------------------

 getting box info from netcdf restart file
 NATOM  =    3064 NTYPES =       9 NBONH =    3054 MBONA  =       9
 NTHETH =      25 MTHETA =      11 NPHIH =      43 MPHIA  =      24
 NHPARM =       0 NPARM  =       0 NNB   =    4155 NRES   =    1017
 NBONA  =       9 NTHETA =      11 NPHIA =      24 NUMBND =      13
 NUMANG =      21 NPTRA  =      14 NATYP =      10 NPHB   =       0
 IFBOX  =       2 NMXRS  =      10 IFCAP =       0 NEXTRA =       0
 NCOPY  =       0

| Coordinate Index Table dimensions:     5    5    5
| Direct force subcell size =     6.8522    6.8522    6.8522

     BOX TYPE: TRUNCATED OCTAHEDRON

--------------------------------------------------------------------------------
   2.  CONTROL  DATA  FOR  THE  RUN
--------------------------------------------------------------------------------

ACE                                                                             

General flags:
     imin    =       0, nmropt  =       0

Nature and format of input:
     ntx     =       5, irest   =       1, ntrx    =       1

Nature and format of output:
     ntxo    =       2, ntpr    =   50000, ntrx    =       1, ntwr    =   50000
     iwrap   =       1, ntwx    =   50000, ntwv    =       0, ntwe    =       0
     ioutfm  =       1, ntwprt  =       0, idecomp =       0, rbornstat=      0

Potential function:
     ntf     =       2, ntb     =       2, igb     =       0, nsnb    =      25
     ipol    =       0, gbsa    =       0, iesp    =       0
     dielc   =   1.00000, cut     =  10.00000, intdiel =   1.00000

Frozen or restrained atoms:
     ibelly  =       0, ntr     =       0

Molecular dynamics:
     nstlim  =    500000, nscm    =      1000, nrespa  =         1
     t       =   0.00000, dt      =   0.00200, vlimit  =  -1.00000

Langevin dynamics temperature regulation:
     ig      =  288010
     temp0   = 300.00000, tempi   = 300.00000, gamma_ln=   1.00000

Pressure regulation:
     ntp     =       1
     pres0   =   1.00000, comp    =  44.60000, taup    =   1.00000

SHAKE:
     ntc     =       2, jfastw  =       0
     tol     =   0.00001

| Intermolecular bonds treatment:
|     no_intermolecular_bonds =       1

| Energy averages sample interval:
|     ene_avg_sampling =   50000

Ewald parameters:
     verbose =       0, ew_type =       0, nbflag  =       1, use_pme =       1
     vdwmeth =       1, eedmeth =       1, netfrc  =       1
     Box X =   34.261   Box Y =   34.261   Box Z =   34.261
     Alpha =  109.471   Beta  =  109.471   Gamma =  109.471
     NFFT1 =   36       NFFT2 =   36       NFFT3 =   36
     Cutoff=   10.000   Tol   =0.100E-04
     Ewald Coefficient =  0.27511
     Interpolation order =    4

--------------------------------------------------------------------------------
   3.  ATOMIC COORDINATES AND VELOCITIES
--------------------------------------------------------------------------------

ACE                                                                             
 begin time read from input coords =   200.000 ps

 
 Number of triangulated 3-point waters found:     1014

     Sum of charges from parm topology file =  -0.00000000
     Forcing neutrality...

| Dynamic Memory, Types Used:
| Reals              277614
| Integers            95816

| Nonbonded Pairs Initial Allocation:      926783

| GPU memory information (estimate):
| KB of GPU memory in use:     40898
| KB of CPU memory in use:     12782

--------------------------------------------------------------------------------
   4.  RESULTS
--------------------------------------------------------------------------------

wrapping first mol.:      -22.84897       16.15667       27.98416
wrapping first mol.:      -22.84897       16.15667       27.98416

 NSTEP =    50000   TIME(PS) =     300.000  TEMP(K) =   301.28  PRESS =   227.6
 Etot   =     -7847.9162  EKtot   =      1837.3915  EPtot      =     -9685.3077
 BOND   =         1.1705  ANGLE   =         7.0689  DIHED      =         3.9244
 UB     =         0.0000  IMP     =         0.0000  CMAP       =        -0.0377
 1-4 NB =         3.3864  1-4 EEL =        45.5698  VDWAALS    =      1458.6014
 EELEC  =    -11204.9913  EHBOND  =         0.0000  RESTRAINT  =         0.0000
 EKCMT  =       915.7037  VIRIAL  =       763.4031  VOLUME     =     30991.5433
                                                    Density    =         0.9866
 ------------------------------------------------------------------------------

wrapping first mol.:       11.45070       16.19373       28.04837
wrapping first mol.:       11.45070       16.19373       28.04837

 NSTEP =   100000   TIME(PS) =     400.000  TEMP(K) =   300.79  PRESS =     1.2
 Etot   =     -7843.4517  EKtot   =      1834.4012  EPtot      =     -9677.8529
 BOND   =         1.6101  ANGLE   =         5.1067  DIHED      =         4.7231
 UB     =         0.0000  IMP     =         0.0000  CMAP       =         1.2498
 1-4 NB =         4.0183  1-4 EEL =        48.1431  VDWAALS    =      1435.8338
 EELEC  =    -11178.5378  EHBOND  =         0.0000  RESTRAINT  =         0.0000
 EKCMT  =       905.5963  VIRIAL  =       904.8089  VOLUME     =     31205.9714
                                                    Density    =         0.9798
 ------------------------------------------------------------------------------

wrapping first mol.:       11.42956       16.16385       27.99660
wrapping first mol.:       11.42956       16.16385       27.99660

 NSTEP =   150000   TIME(PS) =     500.000  TEMP(K) =   295.15  PRESS =   103.0
 Etot   =     -7942.7728  EKtot   =      1800.0056  EPtot      =     -9742.7784
 BOND   =         1.1584  ANGLE   =        11.6485  DIHED      =         3.7011
 UB     =         0.0000  IMP     =         0.0000  CMAP       =         0.0326
 1-4 NB =         3.5238  1-4 EEL =        47.1234  VDWAALS    =      1458.0076
 EELEC  =    -11267.9737  EHBOND  =         0.0000  RESTRAINT  =         0.0000
 EKCMT  =       903.9075  VIRIAL  =       834.8691  VOLUME     =     31033.2191
                                                    Density    =         0.9852
 ------------------------------------------------------------------------------

wrapping first mol.:       11.44327       16.18323       28.03018
wrapping first mol.:       11.44327       16.18323       28.03018

 NSTEP =   200000   TIME(PS) =     600.000  TEMP(K) =   301.66  PRESS =  -189.0
 Etot   =     -7809.9950  EKtot   =      1839.7419  EPtot      =     -9649.7370
 BOND   =         3.9908  ANGLE   =        13.0193  DIHED      =         6.5607
 UB     =         0.0000  IMP     =         0.0000  CMAP       =         0.4709
 1-4 NB =         2.8109  1-4 EEL =        46.1932  VDWAALS    =      1377.4158
 EELEC  =    -11100.1986  EHBOND  =         0.0000  RESTRAINT  =         0.0000
 EKCMT  =       938.5181  VIRIAL  =      1065.5960  VOLUME     =     31145.8393
                                                    Density    =         0.9817
 ------------------------------------------------------------------------------

wrapping first mol.:       11.43000       16.16446       27.99766
wrapping first mol.:       11.43000       16.16446       27.99766

 NSTEP =   250000   TIME(PS) =     700.000  TEMP(K) =   301.04  PRESS =   -45.2
 Etot   =     -7927.4405  EKtot   =      1835.9332  EPtot      =     -9763.3737
 BOND   =         1.0533  ANGLE   =         5.6978  DIHED      =         5.2336
 UB     =         0.0000  IMP     =         0.0000  CMAP       =         0.1625
 1-4 NB =         2.6618  1-4 EEL =        51.8741  VDWAALS    =      1459.0957
 EELEC  =    -11289.1527  EHBOND  =         0.0000  RESTRAINT  =         0.0000
 EKCMT  =       888.3797  VIRIAL  =       918.6663  VOLUME     =     31037.1432
                                                    Density    =         0.9851
 ------------------------------------------------------------------------------

wrapping first mol.:       11.43440       16.17068       28.00844
wrapping first mol.:       11.43440       16.17068       28.00844

 NSTEP =   300000   TIME(PS) =     800.000  TEMP(K) =   302.56  PRESS =  -535.8
 Etot   =     -7906.3338  EKtot   =      1845.2468  EPtot      =     -9751.5807
 BOND   =         2.7428  ANGLE   =         7.9749  DIHED      =         3.7546
 UB     =         0.0000  IMP     =         0.0000  CMAP       =         0.7986
 1-4 NB =         3.3326  1-4 EEL =        45.3481  VDWAALS    =      1378.8372
 EELEC  =    -11194.3695  EHBOND  =         0.0000  RESTRAINT  =         0.0000
 EKCMT  =       892.7874  VIRIAL  =      1252.2977  VOLUME     =     31074.3854
                                                    Density    =         0.9839
 ------------------------------------------------------------------------------

wrapping first mol.:       11.46682       16.21653       28.08785
wrapping first mol.:       11.46682       16.21653       28.08785

 NSTEP =   350000   TIME(PS) =     900.000  TEMP(K) =   300.13  PRESS =    19.9
 Etot   =     -7779.2813  EKtot   =      1830.4114  EPtot      =     -9609.6927
 BOND   =         3.6117  ANGLE   =        12.1303  DIHED      =         5.3854
 UB     =         0.0000  IMP     =         0.0000  CMAP       =         1.9975
 1-4 NB =         3.6183  1-4 EEL =        44.5421  VDWAALS    =      1413.1766
 EELEC  =    -11094.1544  EHBOND  =         0.0000  RESTRAINT  =         0.0000
 EKCMT  =       926.6707  VIRIAL  =       913.1792  VOLUME     =     31337.9022
                                                    Density    =         0.9757
 ------------------------------------------------------------------------------

wrapping first mol.:       11.44139       16.18057       28.02556
wrapping first mol.:       11.44139       16.18057       28.02556

 NSTEP =   400000   TIME(PS) =    1000.000  TEMP(K) =   301.65  PRESS =   329.4
 Etot   =     -7902.0333  EKtot   =      1839.6788  EPtot      =     -9741.7121
 BOND   =         3.2010  ANGLE   =         9.5275  DIHED      =         3.8984
 UB     =         0.0000  IMP     =         0.0000  CMAP       =         1.2813
 1-4 NB =         2.3237  1-4 EEL =        42.3846  VDWAALS    =      1490.2775
 EELEC  =    -11294.6061  EHBOND  =         0.0000  RESTRAINT  =         0.0000
 EKCMT  =       904.5309  VIRIAL  =       683.1421  VOLUME     =     31129.0033
                                                    Density    =         0.9822
 ------------------------------------------------------------------------------

wrapping first mol.:       11.39826       16.11958       27.91993
wrapping first mol.:       11.39826       16.11958       27.91993

 NSTEP =   450000   TIME(PS) =    1100.000  TEMP(K) =   295.84  PRESS =  -515.5
 Etot   =     -7918.8575  EKtot   =      1804.2627  EPtot      =     -9723.1202
 BOND   =         1.8613  ANGLE   =        12.0527  DIHED      =         4.4772
 UB     =         0.0000  IMP     =         0.0000  CMAP       =        -0.2290
 1-4 NB =         2.6933  1-4 EEL =        47.5047  VDWAALS    =      1359.0474
 EELEC  =    -11150.5278  EHBOND  =         0.0000  RESTRAINT  =         0.0000
 EKCMT  =       900.8008  VIRIAL  =      1243.3799  VOLUME     =     30780.6476
                                                    Density    =         0.9933
 ------------------------------------------------------------------------------

wrapping first mol.:       11.42416       16.15620       27.98336
wrapping first mol.:       11.42416       16.15620       27.98336

 NSTEP =   500000   TIME(PS) =    1200.000  TEMP(K) =   304.07  PRESS =    29.9
 Etot   =     -7955.9626  EKtot   =      1854.4075  EPtot      =     -9810.3701
 BOND   =         2.0843  ANGLE   =         9.6493  DIHED      =         4.5851
 UB     =         0.0000  IMP     =         0.0000  CMAP       =         1.2503
 1-4 NB =         2.1218  1-4 EEL =        46.2988  VDWAALS    =      1450.4407
 EELEC  =    -11326.8004  EHBOND  =         0.0000  RESTRAINT  =         0.0000
 EKCMT  =       944.5964  VIRIAL  =       924.5569  VOLUME     =     30989.4277
                                                    Density    =         0.9866
 ------------------------------------------------------------------------------


      A V E R A G E S   O V E R      10 S T E P S


 NSTEP =   500000   TIME(PS) =    1200.000  TEMP(K) =   300.42  PRESS =   -57.4
 Etot   =     -7883.4045  EKtot   =      1832.1481  EPtot      =     -9715.5525
 BOND   =         2.2484  ANGLE   =         9.3876  DIHED      =         4.6244
 UB     =         0.0000  IMP     =         0.0000  CMAP       =         0.6977
 1-4 NB =         3.0491  1-4 EEL =        46.4982  VDWAALS    =      1428.0734
 EELEC  =    -11210.1312  EHBOND  =         0.0000  RESTRAINT  =         0.0000
 EKCMT  =       912.1491  VIRIAL  =       950.3899  VOLUME     =     31072.5082
                                                    Density    =         0.9840
 ------------------------------------------------------------------------------


      R M S  F L U C T U A T I O N S


 NSTEP =   500000   TIME(PS) =    1200.000  TEMP(K) =     2.67  PRESS =   270.1
 Etot   =        56.5194  EKtot   =        16.2545  EPtot      =        56.5085
 BOND   =         1.0202  ANGLE   =         2.6894  DIHED      =         0.8578
 UB     =         0.0000  IMP     =         0.0000  CMAP       =         0.6950
 1-4 NB =         0.5833  1-4 EEL =         2.3680  VDWAALS    =        41.4695
 EELEC  =        77.9097  EHBOND  =         0.0000  RESTRAINT  =         0.0000
 EKCMT  =        17.9143  VIRIAL  =       177.5191  VOLUME     =       140.8026
                                                    Density    =         0.0045
 ------------------------------------------------------------------------------

--------------------------------------------------------------------------------
   5.  TIMINGS
--------------------------------------------------------------------------------

|  NonSetup CPU Time in Major Routines:
|
|     Routine           Sec        %
|     ------------------------------
|     Nonbond          90.46   76.13
|     Bond              0.00    0.00
|     Angle             0.00    0.00
|     Dihedral          0.00    0.00
|     Shake             1.54    1.29
|     RunMD            26.04   21.91
|     Other             0.79    0.67
|     ------------------------------
|     Total           118.83

|  PME Nonbond Pairlist CPU Time:
|
|     Routine              Sec        %
|     ---------------------------------
|     Set Up Cit           0.00    0.00
|     Build List           0.00    0.00
|     ---------------------------------
|     Total                0.00    0.00

|  PME Direct Force CPU Time:
|
|     Routine              Sec        %
|     ---------------------------------
|     NonBonded Calc       0.00    0.00
|     Exclude Masked       0.00    0.00
|     Other                0.51    0.43
|     ---------------------------------
|     Total                0.51    0.43

|  PME Reciprocal Force CPU Time:
|
|     Routine              Sec        %
|     ---------------------------------
|     1D bspline           0.00    0.00
|     Grid Charges         0.00    0.00
|     Scalar Sum           0.00    0.00
|     Gradient Sum         0.00    0.00
|     FFT                  0.00    0.00
|     ---------------------------------
|     Total                0.00    0.00

|  Final Performance Info:
|     -----------------------------------------------------
|     Average timings for last  200000 steps:
|     Elapsed(s) =      47.66 Per Step(ms) =       0.24
|         ns/day =     725.18   seconds/ns =     119.14
|
|     Average timings for all steps:
|     Elapsed(s) =     119.17 Per Step(ms) =       0.24
|         ns/day =     725.03   seconds/ns =     119.17
|     -----------------------------------------------------

|  Setup CPU time:            0.23 seconds
|  NonSetup CPU time:       118.83 seconds
|  Total CPU time:          119.06 seconds     0.03 hours

|  Setup wall time:           1    seconds
|  NonSetup wall time:      119    seconds
|  Total wall time:         120    seconds     0.03 hours
