2026-05-26 10:22:58 | INFO     | STAGE: Prepare receptor for Vina started
2026-05-26 10:22:58 | INFO     | Running: Python Parallel prep_rec() for 2 jobs
2026-05-26 10:22:58 | INFO     | Running: /usr/local/chimerax/bin/ChimeraX --nogui
2026-05-26 10:22:58 | INFO     | Running: /usr/local/chimerax/bin/ChimeraX --nogui
2026-05-26 10:23:00 | INFO     | Running: mk_prepare_receptor.py -i /localscratch/kbui/NexusMol/examples/receptors/final/7K40.pdb -o /localscratch/kbui/NexusMol/examples/artifacts/vina_mpro/7K40_prepared -a -p -v /localscratch/kbui/NexusMol/examples/artifacts/vina_mpro/7K40_vina_config.txt --box_enveloping /localscratch/kbui/NexusMol/examples/artifacts/vina_mpro/7K40_pocket.pdb --padding 4.0
2026-05-26 10:23:00 | INFO     | Running: mk_prepare_receptor.py -i /localscratch/kbui/NexusMol/examples/receptors/final/6W63.pdb -o /localscratch/kbui/NexusMol/examples/artifacts/vina_mpro/6W63_prepared -a -p -v /localscratch/kbui/NexusMol/examples/artifacts/vina_mpro/6W63_vina_config.txt --box_enveloping /localscratch/kbui/NexusMol/examples/artifacts/vina_mpro/6W63_pocket.pdb --padding 4.0
2026-05-26 10:23:06 | WARNING  | STDERR: @> 9328 atoms and 1 coordinate set(s) were parsed in 0.02s.

2026-05-26 10:23:06 | INFO     | Running: add_configs()
2026-05-26 10:23:06 | WARNING  | STDERR: @> 9364 atoms and 1 coordinate set(s) were parsed in 0.02s.

2026-05-26 10:23:06 | INFO     | Running: add_configs()
2026-05-26 10:23:06 | INFO     | Python parallel execution completed. Kept 2/2 successful jobs.
2026-05-26 10:23:06 | INFO     | STAGE: Prepare receptor for Vina completed
2026-05-26 10:23:06 | INFO     | STAGE: Batch docking with Vina started
2026-05-26 10:23:06 | INFO     | Running: Parallel vina_docking() for 10 jobs
2026-05-26 10:24:01 | INFO     | Parallel execution completed. Kept 10/10 successful jobs.
2026-05-26 10:24:01 | INFO     | STAGE: Batch docking with Vina completed
2026-05-26 10:24:01 | INFO     | STAGE: Write summary csv started
2026-05-26 10:24:01 | INFO     | STAGE: Write summary csv completed
2026-05-26 10:24:01 | INFO     | Running: final_copy()
2026-05-26 10:24:01 | INFO     | Pipeline completed
