
          -------------------------------------------------------
          Amber 24 PMEMD                              2024
          -------------------------------------------------------

| PMEMD implementation of SANDER, Release 24

|  Compiled date/time: Wed Aug 21 09:34:12 2024
| Run on 05/28/2026 at 18:15:20

|   Executable path: pmemd.cuda
| Working directory: /localscratch/kbui/NexusMol/examples
|          Hostname: irene2

  [-O]verwriting output

File Assignments:
|   MDIN: /localscratch/kbui/NexusMol/examples/artifacts/MD_DiAla/eq7.in        
|  MDOUT: /localscratch/kbui/NexusMol/examples/artifacts/MD_DiAla/eq7.out       
| INPCRD: /localscratch/kbui/NexusMol/examples/artifacts/MD_DiAla/eq6.ncrst     
|   PARM: /localscratch/kbui/NexusMol/examples/ALA.prmtop                       
| RESTRT: /localscratch/kbui/NexusMol/examples/artifacts/MD_DiAla/eq7.ncrst     
|   REFC: /localscratch/kbui/NexusMol/examples/artifacts/MD_DiAla/eq6.ncrst     
|  MDVEL: mdvel                                                                 
|   MDEN: mden                                                                  
|  MDCRD: /localscratch/kbui/NexusMol/examples/artifacts/MD_DiAla/eq7.nc        
| MDINFO: /localscratch/kbui/NexusMol/examples/artifacts/MD_DiAla/eq7.info      
|  MDFRC: mdfrc                                                                 


 Here is the input file:

Equilibration                                                                  
&cntrl                                                                         
 imin=0, irest=0, ntx=1,                                                       
 ntpr=500, ntwx=500, ntwr=500, nstlim=50000,                                   
 dt=0.002, ntt=3, tempi=300.0,                                                 
 temp0=300.0, gamma_ln=1.0, ig=-1,                                             
 ntp=1, ntc=2, ntf=2, cut=10.0,                                                
 ntb=2, iwrap=1, ioutfm=1,                                                     
 ntr=1, restraint_wt=0.0, restraintmask=':1-3'                                 
/                                                                              


Note: ig = -1. Setting random seed to   514243 based on wallclock time in 
      microseconds.
| irandom = 1, using AMBER's internal random number generator (default).
 
|--------------------- INFORMATION ----------------------
| GPU (CUDA) Version of PMEMD in use: NVIDIA GPU IN USE.
|                    Version 18.0.0
| 
|                      03/25/2018
| 
| Implementation by:
|                    Ross C. Walker     (SDSC)
|                    Scott Le Grand     (nVIDIA)
| 
| Version 18 performance extensions by:
|                    David Cerutti     (Rutgers)
| 
| Precision model in use:
|      [SPFP] - Single Precision Forces, 64-bit Fixed Point
|               Accumulation. (Default)
| 
|--------------------------------------------------------
 
|----------------- CITATION INFORMATION -----------------
|
|    When publishing work that utilized the CUDA version
|    of AMBER, please cite the following in addition to
|    the regular AMBER citations:
|
|  - Romelia Salomon-Ferrer; Andreas W. Goetz; Duncan
|    Poole; Scott Le Grand; Ross C. Walker "Routine
|    microsecond molecular dynamics simulations with
|    AMBER - Part II: Particle Mesh Ewald", J. Chem.
|    Theory Comput., 2013, 9 (9), pp3878-3888,
|    DOI: 10.1021/ct400314y.
|
|  - Andreas W. Goetz; Mark J. Williamson; Dong Xu;
|    Duncan Poole; Scott Le Grand; Ross C. Walker
|    "Routine microsecond molecular dynamics simulations
|    with AMBER - Part I: Generalized Born", J. Chem.
|    Theory Comput., 2012, 8 (5), pp1542-1555.
|
|  - Scott Le Grand; Andreas W. Goetz; Ross C. Walker
|    "SPFP: Speed without compromise - a mixed precision
|    model for GPU accelerated molecular dynamics
|    simulations.", Comp. Phys. Comm., 2013, 184
|    pp374-380, DOI: 10.1016/j.cpc.2012.09.022
|
|--------------------------------------------------------
 
|------------------- GPU DEVICE INFO --------------------
|
|            CUDA_VISIBLE_DEVICES: not set
|   CUDA Capable Devices Detected:      1
|           CUDA Device ID in use:      0
|                CUDA Device Name: NVIDIA GeForce RTX 4090
|     CUDA Device Global Mem Size:  24079 MB
| CUDA Device Num Multiprocessors:    128
|           CUDA Device Core Freq:   2.62 GHz
|
|--------------------------------------------------------
 
 
| Conditional Compilation Defines Used:
| PUBFFT
| BINTRAJ
| CUDA
| EMIL

| Largest sphere to fit in unit cell has radius =    14.007

| New format PARM file being parsed.
| Version =    1.000 Date = 03/28/26 Time = 21:23:47

| Note: 1-4 EEL scale factors are being read from the topology file.

| Note: 1-4 VDW scale factors are being read from the topology file.
| Duplicated    0 dihedrals

| Duplicated    0 dihedrals

--------------------------------------------------------------------------------
   1.  RESOURCE   USE: 
--------------------------------------------------------------------------------

 getting box info from netcdf restart file
 NATOM  =    3064 NTYPES =       9 NBONH =    3054 MBONA  =       9
 NTHETH =      25 MTHETA =      11 NPHIH =      43 MPHIA  =      24
 NHPARM =       0 NPARM  =       0 NNB   =    4155 NRES   =    1017
 NBONA  =       9 NTHETA =      11 NPHIA =      24 NUMBND =      13
 NUMANG =      21 NPTRA  =      14 NATYP =      10 NPHB   =       0
 IFBOX  =       2 NMXRS  =      10 IFCAP =       0 NEXTRA =       0
 NCOPY  =       0

| Coordinate Index Table dimensions:     5    5    5
| Direct force subcell size =     6.8622    6.8622    6.8622

     BOX TYPE: TRUNCATED OCTAHEDRON

--------------------------------------------------------------------------------
   2.  CONTROL  DATA  FOR  THE  RUN
--------------------------------------------------------------------------------

ACE                                                                             

General flags:
     imin    =       0, nmropt  =       0

Nature and format of input:
     ntx     =       1, irest   =       0, ntrx    =       1

Nature and format of output:
     ntxo    =       2, ntpr    =     500, ntrx    =       1, ntwr    =     500
     iwrap   =       1, ntwx    =     500, ntwv    =       0, ntwe    =       0
     ioutfm  =       1, ntwprt  =       0, idecomp =       0, rbornstat=      0

Potential function:
     ntf     =       2, ntb     =       2, igb     =       0, nsnb    =      25
     ipol    =       0, gbsa    =       0, iesp    =       0
     dielc   =   1.00000, cut     =  10.00000, intdiel =   1.00000

Frozen or restrained atoms:
     ibelly  =       0, ntr     =       1
     restraint_wt =   0.00000

Molecular dynamics:
     nstlim  =     50000, nscm    =         0, nrespa  =         1
     t       =   0.00000, dt      =   0.00200, vlimit  =  -1.00000

Langevin dynamics temperature regulation:
     ig      =  514243
     temp0   = 300.00000, tempi   = 300.00000, gamma_ln=   1.00000

Pressure regulation:
     ntp     =       1
     pres0   =   1.00000, comp    =  44.60000, taup    =   1.00000

SHAKE:
     ntc     =       2, jfastw  =       0
     tol     =   0.00001

| Intermolecular bonds treatment:
|     no_intermolecular_bonds =       1

| Energy averages sample interval:
|     ene_avg_sampling =     500

Ewald parameters:
     verbose =       0, ew_type =       0, nbflag  =       1, use_pme =       1
     vdwmeth =       1, eedmeth =       1, netfrc  =       1
     Box X =   34.311   Box Y =   34.311   Box Z =   34.311
     Alpha =  109.471   Beta  =  109.471   Gamma =  109.471
     NFFT1 =   36       NFFT2 =   36       NFFT3 =   36
     Cutoff=   10.000   Tol   =0.100E-04
     Ewald Coefficient =  0.27511
     Interpolation order =    4

    LOADING THE CONSTRAINED ATOMS AS GROUPS


   5.  REFERENCE ATOM COORDINATES

  ACE                                                                             
     Mask :1-3; matches    22 atoms

--------------------------------------------------------------------------------
   3.  ATOMIC COORDINATES AND VELOCITIES
--------------------------------------------------------------------------------

ACE                                                                             
 begin time read from input coords =   100.000 ps

 
 Number of triangulated 3-point waters found:     1014

     Sum of charges from parm topology file =  -0.00000000
     Forcing neutrality...

| Dynamic Memory, Types Used:
| Reals              277614
| Integers            95816

| Nonbonded Pairs Initial Allocation:      926783

| GPU memory information (estimate):
| KB of GPU memory in use:     40901
| KB of CPU memory in use:     12785

--------------------------------------------------------------------------------
   4.  RESULTS
--------------------------------------------------------------------------------


 NSTEP =        0   TIME(PS) =       0.000  TEMP(K) =   447.36  PRESS =    47.8
 Etot   =     -6966.0325  EKtot   =      2728.3247  EPtot      =     -9694.3573
 BOND   =         5.4503  ANGLE   =         6.8443  DIHED      =         5.7942
 UB     =         0.0000  IMP     =         0.0000  CMAP       =         0.5453
 1-4 NB =         2.7185  1-4 EEL =        47.7258  VDWAALS    =      1440.6575
 EELEC  =    -11204.0932  EHBOND  =         0.0000  RESTRAINT  =         0.0000
 EKCMT  =       874.2971  VIRIAL  =       842.2272  VOLUME     =     31094.5960
                                                    Density    =         0.9833
 ------------------------------------------------------------------------------

wrapping first mol.:       11.43688       16.17418       28.01451
wrapping first mol.:       11.43688       16.17418       28.01451

 NSTEP =      500   TIME(PS) =       1.000  TEMP(K) =   302.36  PRESS =   -69.1
 Etot   =     -7879.0153  EKtot   =      1844.0244  EPtot      =     -9723.0397
 BOND   =         1.5767  ANGLE   =         8.9346  DIHED      =         6.4769
 UB     =         0.0000  IMP     =         0.0000  CMAP       =         0.0263
 1-4 NB =         3.1898  1-4 EEL =        46.2072  VDWAALS    =      1409.8898
 EELEC  =    -11199.3410  EHBOND  =         0.0000  RESTRAINT  =         0.0000
 EKCMT  =       937.2487  VIRIAL  =       983.6476  VOLUME     =     31093.2852
                                                    Density    =         0.9833
 ------------------------------------------------------------------------------

wrapping first mol.:       11.45040       16.19332       28.04764
wrapping first mol.:       11.45040       16.19332       28.04764

 NSTEP =     1000   TIME(PS) =       2.000  TEMP(K) =   301.74  PRESS =   209.6
 Etot   =     -7896.9319  EKtot   =      1840.2433  EPtot      =     -9737.1752
 BOND   =         4.8665  ANGLE   =         7.9584  DIHED      =         5.3516
 UB     =         0.0000  IMP     =         0.0000  CMAP       =        -0.0635
 1-4 NB =         3.7931  1-4 EEL =        46.3030  VDWAALS    =      1482.5228
 EELEC  =    -11287.9070  EHBOND  =         0.0000  RESTRAINT  =         0.0000
 EKCMT  =       901.2478  VIRIAL  =       760.0701  VOLUME     =     31202.9796
                                                    Density    =         0.9799
 ------------------------------------------------------------------------------

wrapping first mol.:       11.43696       16.17430       28.01470
wrapping first mol.:       11.43696       16.17430       28.01470

 NSTEP =     1500   TIME(PS) =       3.000  TEMP(K) =   303.89  PRESS =  -389.4
 Etot   =     -7897.5576  EKtot   =      1853.3381  EPtot      =     -9750.8957
 BOND   =         2.2790  ANGLE   =         9.4029  DIHED      =         3.6566
 UB     =         0.0000  IMP     =         0.0000  CMAP       =         0.7134
 1-4 NB =         2.6590  1-4 EEL =        43.4108  VDWAALS    =      1405.0121
 EELEC  =    -11218.0295  EHBOND  =         0.0000  RESTRAINT  =         0.0000
 EKCMT  =       936.8077  VIRIAL  =      1198.2736  VOLUME     =     31094.8316
                                                    Density    =         0.9833
 ------------------------------------------------------------------------------

wrapping first mol.:       11.42961       16.16391       27.99671
wrapping first mol.:       11.42961       16.16391       27.99671

 NSTEP =     2000   TIME(PS) =       4.000  TEMP(K) =   293.70  PRESS =   179.4
 Etot   =     -7869.8260  EKtot   =      1791.1936  EPtot      =     -9661.0196
 BOND   =         2.6768  ANGLE   =         7.6181  DIHED      =         5.3457
 UB     =         0.0000  IMP     =         0.0000  CMAP       =         0.3281
 1-4 NB =         4.3773  1-4 EEL =        48.7217  VDWAALS    =      1427.8500
 EELEC  =    -11157.9372  EHBOND  =         0.0000  RESTRAINT  =         0.0000
 EKCMT  =       895.6979  VIRIAL  =       775.4884  VOLUME     =     31033.3774
                                                    Density    =         0.9852
 ------------------------------------------------------------------------------

wrapping first mol.:       11.45005       16.19282       28.04679
wrapping first mol.:       11.45005       16.19282       28.04679

 NSTEP =     2500   TIME(PS) =       5.000  TEMP(K) =   298.16  PRESS =   667.5
 Etot   =     -7893.7431  EKtot   =      1818.3602  EPtot      =     -9712.1033
 BOND   =         4.5761  ANGLE   =        15.3868  DIHED      =         5.6314
 UB     =         0.0000  IMP     =         0.0000  CMAP       =         0.2100
 1-4 NB =         2.8745  1-4 EEL =        48.2195  VDWAALS    =      1540.5714
 EELEC  =    -11329.5729  EHBOND  =         0.0000  RESTRAINT  =         0.0000
 EKCMT  =       905.6876  VIRIAL  =       456.0194  VOLUME     =     31198.8373
                                                    Density    =         0.9800
 ------------------------------------------------------------------------------

wrapping first mol.:       11.45256       16.19637       28.05294
wrapping first mol.:       11.45256       16.19637       28.05294

 NSTEP =     3000   TIME(PS) =       6.000  TEMP(K) =   290.55  PRESS =   -93.9
 Etot   =     -7920.8908  EKtot   =      1771.9783  EPtot      =     -9692.8691
 BOND   =         2.0115  ANGLE   =         7.6189  DIHED      =         7.7928
 UB     =         0.0000  IMP     =         0.0000  CMAP       =         0.5619
 1-4 NB =         3.2558  1-4 EEL =        49.0271  VDWAALS    =      1415.8333
 EELEC  =    -11178.9704  EHBOND  =         0.0000  RESTRAINT  =         0.0000
 EKCMT  =       885.8989  VIRIAL  =       949.2187  VOLUME     =     31221.4924
                                                    Density    =         0.9793
 ------------------------------------------------------------------------------

wrapping first mol.:       11.46048       16.20757       28.07233
wrapping first mol.:       11.46048       16.20757       28.07233

 NSTEP =     3500   TIME(PS) =       7.000  TEMP(K) =   297.84  PRESS =    92.2
 Etot   =     -7818.9349  EKtot   =      1816.4370  EPtot      =     -9635.3720
 BOND   =         1.8633  ANGLE   =         7.5490  DIHED      =         8.5623
 UB     =         0.0000  IMP     =         0.0000  CMAP       =         0.5196
 1-4 NB =         2.5259  1-4 EEL =        47.7120  VDWAALS    =      1425.4469
 EELEC  =    -11129.5510  EHBOND  =         0.0000  RESTRAINT  =         0.0000
 EKCMT  =       918.7987  VIRIAL  =       856.5119  VOLUME     =     31285.7547
                                                    Density    =         0.9773
 ------------------------------------------------------------------------------

wrapping first mol.:       11.46327       16.21151       28.07916
wrapping first mol.:       11.46327       16.21151       28.07916

 NSTEP =     4000   TIME(PS) =       8.000  TEMP(K) =   294.85  PRESS =   164.5
 Etot   =     -7880.0671  EKtot   =      1798.2041  EPtot      =     -9678.2712
 BOND   =         4.0321  ANGLE   =         9.9297  DIHED      =         4.1748
 UB     =         0.0000  IMP     =         0.0000  CMAP       =         0.1483
 1-4 NB =         2.4973  1-4 EEL =        47.6871  VDWAALS    =      1459.8973
 EELEC  =    -11206.6377  EHBOND  =         0.0000  RESTRAINT  =         0.0000
 EKCMT  =       890.6272  VIRIAL  =       779.4304  VOLUME     =     31308.4180
                                                    Density    =         0.9766
 ------------------------------------------------------------------------------

wrapping first mol.:       11.45893       16.20537       28.06853
wrapping first mol.:       11.45893       16.20537       28.06853

 NSTEP =     4500   TIME(PS) =       9.000  TEMP(K) =   304.34  PRESS =  -637.6
 Etot   =     -7832.6602  EKtot   =      1856.0643  EPtot      =     -9688.7245
 BOND   =         4.7988  ANGLE   =         5.4648  DIHED      =         3.5284
 UB     =         0.0000  IMP     =         0.0000  CMAP       =         0.6478
 1-4 NB =         2.8870  1-4 EEL =        43.5682  VDWAALS    =      1343.2315
 EELEC  =    -11092.8511  EHBOND  =         0.0000  RESTRAINT  =         0.0000
 EKCMT  =       943.7934  VIRIAL  =      1374.3355  VOLUME     =     31275.0952
                                                    Density    =         0.9776
 ------------------------------------------------------------------------------

wrapping first mol.:       11.46696       16.21673       28.08820
wrapping first mol.:       11.46696       16.21673       28.08820

 NSTEP =     5000   TIME(PS) =      10.000  TEMP(K) =   298.29  PRESS =    55.8
 Etot   =     -7865.1374  EKtot   =      1819.1531  EPtot      =     -9684.2905
 BOND   =         1.5771  ANGLE   =         7.9158  DIHED      =         5.4093
 UB     =         0.0000  IMP     =         0.0000  CMAP       =         0.9378
 1-4 NB =         2.5769  1-4 EEL =        46.5610  VDWAALS    =      1456.1753
 EELEC  =    -11205.4437  EHBOND  =         0.0000  RESTRAINT  =         0.0000
 EKCMT  =       893.9862  VIRIAL  =       856.1960  VOLUME     =     31338.9454
                                                    Density    =         0.9756
 ------------------------------------------------------------------------------

wrapping first mol.:       11.44914       16.19153       28.04456
wrapping first mol.:       11.44914       16.19153       28.04456

 NSTEP =     5500   TIME(PS) =      11.000  TEMP(K) =   298.43  PRESS =  -384.4
 Etot   =     -7936.0464  EKtot   =      1820.0121  EPtot      =     -9756.0585
 BOND   =         3.0703  ANGLE   =         8.5222  DIHED      =         4.7189
 UB     =         0.0000  IMP     =         0.0000  CMAP       =        -0.1594
 1-4 NB =         3.4620  1-4 EEL =        45.7790  VDWAALS    =      1417.3647
 EELEC  =    -11238.8162  EHBOND  =         0.0000  RESTRAINT  =         0.0000
 EKCMT  =       917.3103  VIRIAL  =      1176.1956  VOLUME     =     31194.3291
                                                    Density    =         0.9801
 ------------------------------------------------------------------------------

wrapping first mol.:       11.43993       16.17851       28.02200
wrapping first mol.:       11.43993       16.17851       28.02200

 NSTEP =     6000   TIME(PS) =      12.000  TEMP(K) =   295.26  PRESS =   351.0
 Etot   =     -7885.8378  EKtot   =      1800.7046  EPtot      =     -9686.5424
 BOND   =         1.7878  ANGLE   =        16.9492  DIHED      =         7.2152
 UB     =         0.0000  IMP     =         0.0000  CMAP       =         0.0113
 1-4 NB =         2.4498  1-4 EEL =        43.3974  VDWAALS    =      1488.6193
 EELEC  =    -11246.9725  EHBOND  =         0.0000  RESTRAINT  =         0.0000
 EKCMT  =       914.3536  VIRIAL  =       678.5638  VOLUME     =     31117.0647
                                                    Density    =         0.9826
 ------------------------------------------------------------------------------

wrapping first mol.:       11.44049       16.17930       28.02337
wrapping first mol.:       11.44049       16.17930       28.02337

 NSTEP =     6500   TIME(PS) =      13.000  TEMP(K) =   301.61  PRESS =   468.1
 Etot   =     -7862.1860  EKtot   =      1839.4285  EPtot      =     -9701.6145
 BOND   =         2.7019  ANGLE   =         7.8786  DIHED      =         6.6487
 UB     =         0.0000  IMP     =         0.0000  CMAP       =         0.1343
 1-4 NB =         3.7909  1-4 EEL =        47.0992  VDWAALS    =      1504.8663
 EELEC  =    -11274.7343  EHBOND  =         0.0000  RESTRAINT  =         0.0000
 EKCMT  =       924.9741  VIRIAL  =       610.4211  VOLUME     =     31121.3043
                                                    Density    =         0.9824
 ------------------------------------------------------------------------------

wrapping first mol.:       11.45655       16.20200       28.06269
wrapping first mol.:       11.45655       16.20200       28.06269

 NSTEP =     7000   TIME(PS) =      14.000  TEMP(K) =   301.13  PRESS =    93.2
 Etot   =     -7913.3351  EKtot   =      1836.4949  EPtot      =     -9749.8299
 BOND   =         2.3382  ANGLE   =         8.6198  DIHED      =         3.9830
 UB     =         0.0000  IMP     =         0.0000  CMAP       =         0.5262
 1-4 NB =         2.4555  1-4 EEL =        50.6073  VDWAALS    =      1488.8991
 EELEC  =    -11307.2590  EHBOND  =         0.0000  RESTRAINT  =         0.0000
 EKCMT  =       895.6677  VIRIAL  =       832.7585  VOLUME     =     31253.5560
                                                    Density    =         0.9783
 ------------------------------------------------------------------------------

wrapping first mol.:       11.45135       16.19466       28.04997
wrapping first mol.:       11.45135       16.19466       28.04997

 NSTEP =     7500   TIME(PS) =      15.000  TEMP(K) =   295.56  PRESS =  -168.0
 Etot   =     -7922.0869  EKtot   =      1802.5538  EPtot      =     -9724.6407
 BOND   =         4.3466  ANGLE   =         8.6497  DIHED      =         5.1354
 UB     =         0.0000  IMP     =         0.0000  CMAP       =         0.7053
 1-4 NB =         2.2990  1-4 EEL =        45.6232  VDWAALS    =      1430.7302
 EELEC  =    -11222.1300  EHBOND  =         0.0000  RESTRAINT  =         0.0000
 EKCMT  =       916.3048  VIRIAL  =      1029.5400  VOLUME     =     31211.8011
                                                    Density    =         0.9796
 ------------------------------------------------------------------------------

wrapping first mol.:       11.45875       16.20512       28.06810
wrapping first mol.:       11.45875       16.20512       28.06810

 NSTEP =     8000   TIME(PS) =      16.000  TEMP(K) =   299.35  PRESS =    10.0
 Etot   =     -7894.8353  EKtot   =      1825.6680  EPtot      =     -9720.5033
 BOND   =         3.7331  ANGLE   =         8.4964  DIHED      =         3.2972
 UB     =         0.0000  IMP     =         0.0000  CMAP       =         0.0584
 1-4 NB =         2.6135  1-4 EEL =        48.6312  VDWAALS    =      1457.5686
 EELEC  =    -11244.9016  EHBOND  =         0.0000  RESTRAINT  =         0.0000
 EKCMT  =       903.6609  VIRIAL  =       896.9004  VOLUME     =     31271.8450
                                                    Density    =         0.9777
 ------------------------------------------------------------------------------

wrapping first mol.:       11.45820       16.20433       28.06673
wrapping first mol.:       11.45820       16.20433       28.06673

 NSTEP =     8500   TIME(PS) =      17.000  TEMP(K) =   298.12  PRESS =   308.9
 Etot   =     -7913.7756  EKtot   =      1818.1252  EPtot      =     -9731.9009
 BOND   =         2.7777  ANGLE   =         7.1422  DIHED      =         3.5292
 UB     =         0.0000  IMP     =         0.0000  CMAP       =        -0.1164
 1-4 NB =         1.9946  1-4 EEL =        47.0286  VDWAALS    =      1499.6255
 EELEC  =    -11293.8822  EHBOND  =         0.0000  RESTRAINT  =         0.0000
 EKCMT  =       888.2995  VIRIAL  =       679.7574  VOLUME     =     31266.4389
                                                    Density    =         0.9779
 ------------------------------------------------------------------------------

wrapping first mol.:       11.45222       16.19589       28.05210
wrapping first mol.:       11.45222       16.19589       28.05210

 NSTEP =     9000   TIME(PS) =      18.000  TEMP(K) =   302.56  PRESS =    76.0
 Etot   =     -7867.0326  EKtot   =      1845.2080  EPtot      =     -9712.2406
 BOND   =         1.9490  ANGLE   =         9.3312  DIHED      =         3.8580
 UB     =         0.0000  IMP     =         0.0000  CMAP       =        -0.0761
 1-4 NB =         2.6705  1-4 EEL =        46.7623  VDWAALS    =      1446.9008
 EELEC  =    -11223.6363  EHBOND  =         0.0000  RESTRAINT  =         0.0000
 EKCMT  =       914.5895  VIRIAL  =       863.3675  VOLUME     =     31218.2244
                                                    Density    =         0.9794
 ------------------------------------------------------------------------------

wrapping first mol.:       11.45657       16.20203       28.06274
wrapping first mol.:       11.45657       16.20203       28.06274

 NSTEP =     9500   TIME(PS) =      19.000  TEMP(K) =   309.37  PRESS =   297.9
 Etot   =     -7817.1606  EKtot   =      1886.7688  EPtot      =     -9703.9294
 BOND   =         3.0357  ANGLE   =         5.9846  DIHED      =         4.1387
 UB     =         0.0000  IMP     =         0.0000  CMAP       =        -0.1081
 1-4 NB =         4.0733  1-4 EEL =        48.3762  VDWAALS    =      1487.7322
 EELEC  =    -11257.1620  EHBOND  =         0.0000  RESTRAINT  =         0.0000
 EKCMT  =       913.8174  VIRIAL  =       712.7993  VOLUME     =     31253.1539
                                                    Density    =         0.9783
 ------------------------------------------------------------------------------

wrapping first mol.:       11.44768       16.18946       28.04097
wrapping first mol.:       11.44768       16.18946       28.04097

 NSTEP =    10000   TIME(PS) =      20.000  TEMP(K) =   303.02  PRESS =   151.6
 Etot   =     -7822.5982  EKtot   =      1848.0541  EPtot      =     -9670.6523
 BOND   =         2.5622  ANGLE   =         7.4945  DIHED      =         4.1106
 UB     =         0.0000  IMP     =         0.0000  CMAP       =         0.3753
 1-4 NB =         2.8496  1-4 EEL =        51.8224  VDWAALS    =      1436.5149
 EELEC  =    -11176.3820  EHBOND  =         0.0000  RESTRAINT  =         0.0000
 EKCMT  =       907.9274  VIRIAL  =       805.8577  VOLUME     =     31180.8782
                                                    Density    =         0.9806
 ------------------------------------------------------------------------------

wrapping first mol.:       11.45642       16.20182       28.06237
wrapping first mol.:       11.45642       16.20182       28.06237

 NSTEP =    10500   TIME(PS) =      21.000  TEMP(K) =   299.08  PRESS =   145.1
 Etot   =     -7897.4704  EKtot   =      1824.0114  EPtot      =     -9721.4818
 BOND   =         2.9460  ANGLE   =        11.2310  DIHED      =         3.0330
 UB     =         0.0000  IMP     =         0.0000  CMAP       =         0.6452
 1-4 NB =         4.2078  1-4 EEL =        47.5150  VDWAALS    =      1473.5554
 EELEC  =    -11264.6150  EHBOND  =         0.0000  RESTRAINT  =         0.0000
 EKCMT  =       888.4531  VIRIAL  =       790.5399  VOLUME     =     31252.3379
                                                    Density    =         0.9783
 ------------------------------------------------------------------------------

wrapping first mol.:       11.46035       16.20738       28.07200
wrapping first mol.:       11.46035       16.20738       28.07200

 NSTEP =    11000   TIME(PS) =      22.000  TEMP(K) =   299.54  PRESS =   -96.4
 Etot   =     -7906.4363  EKtot   =      1826.7954  EPtot      =     -9733.2317
 BOND   =         5.8798  ANGLE   =         9.6789  DIHED      =         4.8352
 UB     =         0.0000  IMP     =         0.0000  CMAP       =        -0.1577
 1-4 NB =         3.1954  1-4 EEL =        48.5470  VDWAALS    =      1444.5942
 EELEC  =    -11249.8044  EHBOND  =         0.0000  RESTRAINT  =         0.0000
 EKCMT  =       928.7432  VIRIAL  =       993.8488  VOLUME     =     31285.2002
                                                    Density    =         0.9773
 ------------------------------------------------------------------------------

wrapping first mol.:       11.44858       16.19074       28.04318
wrapping first mol.:       11.44858       16.19074       28.04318

 NSTEP =    11500   TIME(PS) =      23.000  TEMP(K) =   290.26  PRESS =  -126.8
 Etot   =     -7942.1580  EKtot   =      1770.2200  EPtot      =     -9712.3780
 BOND   =         1.5570  ANGLE   =         5.0641  DIHED      =         3.0473
 UB     =         0.0000  IMP     =         0.0000  CMAP       =         0.0766
 1-4 NB =         3.2842  1-4 EEL =        49.2372  VDWAALS    =      1420.0052
 EELEC  =    -11194.6495  EHBOND  =         0.0000  RESTRAINT  =         0.0000
 EKCMT  =       888.1970  VIRIAL  =       973.6081  VOLUME     =     31189.0150
                                                    Density    =         0.9803
 ------------------------------------------------------------------------------

wrapping first mol.:       11.45323       16.19731       28.05456
wrapping first mol.:       11.45323       16.19731       28.05456

 NSTEP =    12000   TIME(PS) =      24.000  TEMP(K) =   302.47  PRESS =   -19.1
 Etot   =     -7908.0177  EKtot   =      1844.6714  EPtot      =     -9752.6891
 BOND   =         4.7807  ANGLE   =        11.0842  DIHED      =         5.9914
 UB     =         0.0000  IMP     =         0.0000  CMAP       =         0.8401
 1-4 NB =         1.6581  1-4 EEL =        44.8231  VDWAALS    =      1462.6175
 EELEC  =    -11284.4841  EHBOND  =         0.0000  RESTRAINT  =         0.0000
 EKCMT  =       900.1172  VIRIAL  =       912.9666  VOLUME     =     31226.7027
                                                    Density    =         0.9791
 ------------------------------------------------------------------------------

wrapping first mol.:       11.42633       16.15928       27.98869
wrapping first mol.:       11.42633       16.15928       27.98869

 NSTEP =    12500   TIME(PS) =      25.000  TEMP(K) =   289.95  PRESS =   141.4
 Etot   =     -7998.8804  EKtot   =      1768.3008  EPtot      =     -9767.1812
 BOND   =         3.6556  ANGLE   =         9.2144  DIHED      =         4.6054
 UB     =         0.0000  IMP     =         0.0000  CMAP       =         1.4926
 1-4 NB =         2.4390  1-4 EEL =        44.3768  VDWAALS    =      1488.7185
 EELEC  =    -11321.6835  EHBOND  =         0.0000  RESTRAINT  =         0.0000
 EKCMT  =       873.8074  VIRIAL  =       779.1739  VOLUME     =     31006.8057
                                                    Density    =         0.9861
 ------------------------------------------------------------------------------

wrapping first mol.:       11.41296       16.14036       27.95592
wrapping first mol.:       11.41296       16.14036       27.95592

 NSTEP =    13000   TIME(PS) =      26.000  TEMP(K) =   298.04  PRESS =   526.8
 Etot   =     -7966.3880  EKtot   =      1817.6285  EPtot      =     -9784.0165
 BOND   =         3.7420  ANGLE   =         9.4311  DIHED      =         3.7000
 UB     =         0.0000  IMP     =         0.0000  CMAP       =         1.1257
 1-4 NB =         4.2262  1-4 EEL =        47.2513  VDWAALS    =      1512.4431
 EELEC  =    -11365.9359  EHBOND  =         0.0000  RESTRAINT  =         0.0000
 EKCMT  =       896.1706  VIRIAL  =       544.7242  VOLUME     =     30896.9749
                                                    Density    =         0.9896
 ------------------------------------------------------------------------------

wrapping first mol.:       11.42231       16.15359       27.97884
wrapping first mol.:       11.42231       16.15359       27.97884

 NSTEP =    13500   TIME(PS) =      27.000  TEMP(K) =   290.42  PRESS =  -162.8
 Etot   =     -7954.4809  EKtot   =      1771.1774  EPtot      =     -9725.6582
 BOND   =         2.9919  ANGLE   =         9.1670  DIHED      =         7.8649
 UB     =         0.0000  IMP     =         0.0000  CMAP       =         1.1651
 1-4 NB =         3.3018  1-4 EEL =        48.0032  VDWAALS    =      1417.5977
 EELEC  =    -11215.7498  EHBOND  =         0.0000  RESTRAINT  =         0.0000
 EKCMT  =       884.6702  VIRIAL  =       993.5495  VOLUME     =     30974.9233
                                                    Density    =         0.9871
 ------------------------------------------------------------------------------

wrapping first mol.:       11.42553       16.15813       27.98671
wrapping first mol.:       11.42553       16.15813       27.98671

 NSTEP =    14000   TIME(PS) =      28.000  TEMP(K) =   292.86  PRESS =   -59.6
 Etot   =     -7919.0329  EKtot   =      1786.0365  EPtot      =     -9705.0694
 BOND   =         3.4324  ANGLE   =         9.2023  DIHED      =         3.9404
 UB     =         0.0000  IMP     =         0.0000  CMAP       =        -0.0242
 1-4 NB =         3.4411  1-4 EEL =        47.4384  VDWAALS    =      1414.9600
 EELEC  =    -11187.4597  EHBOND  =         0.0000  RESTRAINT  =         0.0000
 EKCMT  =       919.9453  VIRIAL  =       959.8461  VOLUME     =     31000.7905
                                                    Density    =         0.9863
 ------------------------------------------------------------------------------

wrapping first mol.:       11.42188       16.15298       27.97778
wrapping first mol.:       11.42188       16.15298       27.97778

 NSTEP =    14500   TIME(PS) =      29.000  TEMP(K) =   294.16  PRESS =  -289.3
 Etot   =     -7924.6969  EKtot   =      1793.9958  EPtot      =     -9718.6928
 BOND   =         1.6361  ANGLE   =         7.6028  DIHED      =         7.5552
 UB     =         0.0000  IMP     =         0.0000  CMAP       =         0.4434
 1-4 NB =         3.8186  1-4 EEL =        49.2782  VDWAALS    =      1386.5147
 EELEC  =    -11175.5417  EHBOND  =         0.0000  RESTRAINT  =         0.0000
 EKCMT  =       919.0063  VIRIAL  =      1112.4916  VOLUME     =     30971.7601
                                                    Density    =         0.9872
 ------------------------------------------------------------------------------

wrapping first mol.:       11.40609       16.13064       27.93909
wrapping first mol.:       11.40609       16.13064       27.93909

 NSTEP =    15000   TIME(PS) =      30.000  TEMP(K) =   301.45  PRESS =  -255.0
 Etot   =     -7907.5160  EKtot   =      1838.4468  EPtot      =     -9745.9627
 BOND   =         1.2165  ANGLE   =        13.0840  DIHED      =         5.0110
 UB     =         0.0000  IMP     =         0.0000  CMAP       =         1.1187
 1-4 NB =         1.7100  1-4 EEL =        47.9228  VDWAALS    =      1394.2867
 EELEC  =    -11210.3123  EHBOND  =         0.0000  RESTRAINT  =         0.0000
 EKCMT  =       929.0082  VIRIAL  =      1098.8151  VOLUME     =     30843.3626
                                                    Density    =         0.9913
 ------------------------------------------------------------------------------

wrapping first mol.:       11.42715       16.16043       27.99069
wrapping first mol.:       11.42715       16.16043       27.99069

 NSTEP =    15500   TIME(PS) =      31.000  TEMP(K) =   306.65  PRESS =   204.6
 Etot   =     -7823.6318  EKtot   =      1870.1682  EPtot      =     -9693.8000
 BOND   =         2.5985  ANGLE   =        11.5738  DIHED      =         5.5421
 UB     =         0.0000  IMP     =         0.0000  CMAP       =         0.3766
 1-4 NB =         2.7814  1-4 EEL =        45.9728  VDWAALS    =      1436.7037
 EELEC  =    -11199.3489  EHBOND  =         0.0000  RESTRAINT  =         0.0000
 EKCMT  =       958.9324  VIRIAL  =       821.9188  VOLUME     =     31013.2913
                                                    Density    =         0.9859
 ------------------------------------------------------------------------------

wrapping first mol.:       11.42740       16.16078       27.99130
wrapping first mol.:       11.42740       16.16078       27.99130

 NSTEP =    16000   TIME(PS) =      32.000  TEMP(K) =   310.99  PRESS =  -685.4
 Etot   =     -7819.1534  EKtot   =      1896.6599  EPtot      =     -9715.8133
 BOND   =         3.0261  ANGLE   =         6.9945  DIHED      =         4.7800
 UB     =         0.0000  IMP     =         0.0000  CMAP       =        -0.7077
 1-4 NB =         2.6803  1-4 EEL =        43.1961  VDWAALS    =      1343.6776
 EELEC  =    -11119.4603  EHBOND  =         0.0000  RESTRAINT  =         0.0000
 EKCMT  =       918.3776  VIRIAL  =      1377.3917  VOLUME     =     31017.7667
                                                    Density    =         0.9857
 ------------------------------------------------------------------------------

wrapping first mol.:       11.44187       16.18124       28.02673
wrapping first mol.:       11.44187       16.18124       28.02673

 NSTEP =    16500   TIME(PS) =      33.000  TEMP(K) =   306.66  PRESS =   377.4
 Etot   =     -7868.5017  EKtot   =      1870.2457  EPtot      =     -9738.7474
 BOND   =         7.0165  ANGLE   =        11.6942  DIHED      =         4.0453
 UB     =         0.0000  IMP     =         0.0000  CMAP       =        -0.1523
 1-4 NB =         3.1868  1-4 EEL =        44.7520  VDWAALS    =      1491.9174
 EELEC  =    -11301.2073  EHBOND  =         0.0000  RESTRAINT  =         0.0000
 EKCMT  =       927.3830  VIRIAL  =       673.7242  VOLUME     =     31132.7583
                                                    Density    =         0.9821
 ------------------------------------------------------------------------------

wrapping first mol.:       11.44280       16.18257       28.02903
wrapping first mol.:       11.44280       16.18257       28.02903

 NSTEP =    17000   TIME(PS) =      34.000  TEMP(K) =   297.87  PRESS =   -27.6
 Etot   =     -7944.7990  EKtot   =      1816.6041  EPtot      =     -9761.4031
 BOND   =         3.2992  ANGLE   =         9.6888  DIHED      =         4.0688
 UB     =         0.0000  IMP     =         0.0000  CMAP       =        -0.6150
 1-4 NB =         3.4715  1-4 EEL =        49.4269  VDWAALS    =      1447.2422
 EELEC  =    -11277.9856  EHBOND  =         0.0000  RESTRAINT  =         0.0000
 EKCMT  =       899.5211  VIRIAL  =       918.0857  VOLUME     =     31141.5393
                                                    Density    =         0.9818
 ------------------------------------------------------------------------------

wrapping first mol.:       11.44693       16.18840       28.03913
wrapping first mol.:       11.44693       16.18840       28.03913

 NSTEP =    17500   TIME(PS) =      35.000  TEMP(K) =   302.17  PRESS =   457.5
 Etot   =     -7935.3930  EKtot   =      1842.8485  EPtot      =     -9778.2416
 BOND   =         5.4710  ANGLE   =         6.3909  DIHED      =         6.0237
 UB     =         0.0000  IMP     =         0.0000  CMAP       =        -0.5204
 1-4 NB =         2.7753  1-4 EEL =        44.3322  VDWAALS    =      1530.7994
 EELEC  =    -11373.5137  EHBOND  =         0.0000  RESTRAINT  =         0.0000
 EKCMT  =       892.1039  VIRIAL  =       584.1483  VOLUME     =     31173.8652
                                                    Density    =         0.9808
 ------------------------------------------------------------------------------

wrapping first mol.:       11.42581       16.15854       27.98740
wrapping first mol.:       11.42581       16.15854       27.98740

 NSTEP =    18000   TIME(PS) =      36.000  TEMP(K) =   289.70  PRESS =   154.3
 Etot   =     -7908.3330  EKtot   =      1766.7611  EPtot      =     -9675.0941
 BOND   =         3.4406  ANGLE   =         7.1301  DIHED      =         3.7375
 UB     =         0.0000  IMP     =         0.0000  CMAP       =         0.3621
 1-4 NB =         2.9110  1-4 EEL =        48.2740  VDWAALS    =      1449.3144
 EELEC  =    -11190.2638  EHBOND  =         0.0000  RESTRAINT  =         0.0000
 EKCMT  =       864.5544  VIRIAL  =       761.2663  VOLUME     =     31002.5066
                                                    Density    =         0.9862
 ------------------------------------------------------------------------------

wrapping first mol.:       11.42401       16.15599       27.98299
wrapping first mol.:       11.42401       16.15599       27.98299

 NSTEP =    18500   TIME(PS) =      37.000  TEMP(K) =   297.30  PRESS =   179.4
 Etot   =     -7825.5428  EKtot   =      1813.1334  EPtot      =     -9638.6762
 BOND   =         2.4784  ANGLE   =        11.0466  DIHED      =         5.8685
 UB     =         0.0000  IMP     =         0.0000  CMAP       =        -0.0408
 1-4 NB =         3.2095  1-4 EEL =        44.0746  VDWAALS    =      1418.1968
 EELEC  =    -11123.5097  EHBOND  =         0.0000  RESTRAINT  =         0.0000
 EKCMT  =       921.6968  VIRIAL  =       801.6476  VOLUME     =     30987.7914
                                                    Density    =         0.9867
 ------------------------------------------------------------------------------

wrapping first mol.:       11.42920       16.16333       27.99571
wrapping first mol.:       11.42920       16.16333       27.99571

 NSTEP =    19000   TIME(PS) =      38.000  TEMP(K) =   300.73  PRESS =    38.6
 Etot   =     -7888.9793  EKtot   =      1834.0740  EPtot      =     -9723.0533
 BOND   =         2.4830  ANGLE   =         6.9841  DIHED      =         4.1925
 UB     =         0.0000  IMP     =         0.0000  CMAP       =        -0.0602
 1-4 NB =         4.1270  1-4 EEL =        45.6607  VDWAALS    =      1447.8111
 EELEC  =    -11234.2514  EHBOND  =         0.0000  RESTRAINT  =         0.0000
 EKCMT  =       914.0434  VIRIAL  =       888.2053  VOLUME     =     31030.4410
                                                    Density    =         0.9853
 ------------------------------------------------------------------------------

wrapping first mol.:       11.40479       16.12881       27.93592
wrapping first mol.:       11.40479       16.12881       27.93592

 NSTEP =    19500   TIME(PS) =      39.000  TEMP(K) =   293.87  PRESS =   485.4
 Etot   =     -7890.6181  EKtot   =      1792.2371  EPtot      =     -9682.8552
 BOND   =         2.7597  ANGLE   =         9.2472  DIHED      =         6.3296
 UB     =         0.0000  IMP     =         0.0000  CMAP       =        -0.2832
 1-4 NB =         3.7983  1-4 EEL =        48.0464  VDWAALS    =      1473.6359
 EELEC  =    -11226.3890  EHBOND  =         0.0000  RESTRAINT  =         0.0000
 EKCMT  =       890.3200  VIRIAL  =       567.1811  VOLUME     =     30830.8290
                                                    Density    =         0.9917
 ------------------------------------------------------------------------------

wrapping first mol.:       11.41557       16.14405       27.96232
wrapping first mol.:       11.41557       16.14405       27.96232

 NSTEP =    20000   TIME(PS) =      40.000  TEMP(K) =   298.66  PRESS =   102.2
 Etot   =     -7901.0946  EKtot   =      1821.4409  EPtot      =     -9722.5355
 BOND   =         3.0274  ANGLE   =         8.9103  DIHED      =         4.8577
 UB     =         0.0000  IMP     =         0.0000  CMAP       =         0.4086
 1-4 NB =         3.8326  1-4 EEL =        46.8130  VDWAALS    =      1436.4805
 EELEC  =    -11226.8656  EHBOND  =         0.0000  RESTRAINT  =         0.0000
 EKCMT  =       921.1717  VIRIAL  =       852.9538  VOLUME     =     30919.3667
                                                    Density    =         0.9889
 ------------------------------------------------------------------------------

wrapping first mol.:       11.42622       16.15911       27.98840
wrapping first mol.:       11.42622       16.15911       27.98840

 NSTEP =    20500   TIME(PS) =      41.000  TEMP(K) =   302.92  PRESS =    17.3
 Etot   =     -7890.2344  EKtot   =      1847.4014  EPtot      =     -9737.6357
 BOND   =         1.5418  ANGLE   =         9.9926  DIHED      =         6.9686
 UB     =         0.0000  IMP     =         0.0000  CMAP       =         0.9291
 1-4 NB =         3.8527  1-4 EEL =        46.1000  VDWAALS    =      1442.7203
 EELEC  =    -11249.7409  EHBOND  =         0.0000  RESTRAINT  =         0.0000
 EKCMT  =       903.6084  VIRIAL  =       892.0548  VOLUME     =     31006.1994
                                                    Density    =         0.9861
 ------------------------------------------------------------------------------

wrapping first mol.:       11.41947       16.14956       27.97186
wrapping first mol.:       11.41947       16.14956       27.97186

 NSTEP =    21000   TIME(PS) =      42.000  TEMP(K) =   300.36  PRESS =    23.7
 Etot   =     -7944.3164  EKtot   =      1831.8083  EPtot      =     -9776.1248
 BOND   =         3.7769  ANGLE   =         9.1749  DIHED      =         4.2576
 UB     =         0.0000  IMP     =         0.0000  CMAP       =         0.8596
 1-4 NB =         2.5357  1-4 EEL =        47.9269  VDWAALS    =      1456.1833
 EELEC  =    -11300.8398  EHBOND  =         0.0000  RESTRAINT  =         0.0000
 EKCMT  =       923.4426  VIRIAL  =       907.6316  VOLUME     =     30951.2429
                                                    Density    =         0.9878
 ------------------------------------------------------------------------------

wrapping first mol.:       11.43909       16.17731       28.01993
wrapping first mol.:       11.43909       16.17731       28.01993

 NSTEP =    21500   TIME(PS) =      43.000  TEMP(K) =   297.75  PRESS =   227.1
 Etot   =     -7896.5288  EKtot   =      1815.9155  EPtot      =     -9712.4443
 BOND   =         2.9808  ANGLE   =         9.7307  DIHED      =         5.9685
 UB     =         0.0000  IMP     =         0.0000  CMAP       =         1.1415
 1-4 NB =         2.9997  1-4 EEL =        50.2360  VDWAALS    =      1463.3107
 EELEC  =    -11248.8122  EHBOND  =         0.0000  RESTRAINT  =         0.0000
 EKCMT  =       889.3832  VIRIAL  =       736.8509  VOLUME     =     31110.5198
                                                    Density    =         0.9828
 ------------------------------------------------------------------------------

wrapping first mol.:       11.45489       16.19966       28.05863
wrapping first mol.:       11.45489       16.19966       28.05863

 NSTEP =    22000   TIME(PS) =      44.000  TEMP(K) =   293.37  PRESS =  -414.3
 Etot   =     -7977.2990  EKtot   =      1789.1973  EPtot      =     -9766.4963
 BOND   =         5.6816  ANGLE   =         4.4165  DIHED      =         3.2337
 UB     =         0.0000  IMP     =         0.0000  CMAP       =         0.7549
 1-4 NB =         3.7378  1-4 EEL =        50.7106  VDWAALS    =      1411.8672
 EELEC  =    -11246.8987  EHBOND  =         0.0000  RESTRAINT  =         0.0000
 EKCMT  =       862.2183  VIRIAL  =      1141.6567  VOLUME     =     31241.4071
                                                    Density    =         0.9787
 ------------------------------------------------------------------------------

wrapping first mol.:       11.45342       16.19758       28.05504
wrapping first mol.:       11.45342       16.19758       28.05504

 NSTEP =    22500   TIME(PS) =      45.000  TEMP(K) =   302.04  PRESS =  -271.0
 Etot   =     -7976.0997  EKtot   =      1842.0704  EPtot      =     -9818.1701
 BOND   =         3.4477  ANGLE   =         6.7358  DIHED      =         4.9868
 UB     =         0.0000  IMP     =         0.0000  CMAP       =         0.1184
 1-4 NB =         2.5671  1-4 EEL =        47.9693  VDWAALS    =      1440.6550
 EELEC  =    -11324.6502  EHBOND  =         0.0000  RESTRAINT  =         0.0000
 EKCMT  =       920.6795  VIRIAL  =      1103.4192  VOLUME     =     31228.9956
                                                    Density    =         0.9791
 ------------------------------------------------------------------------------

wrapping first mol.:       11.44411       16.18441       28.03222
wrapping first mol.:       11.44411       16.18441       28.03222

 NSTEP =    23000   TIME(PS) =      46.000  TEMP(K) =   308.15  PRESS =  -170.8
 Etot   =     -7872.7105  EKtot   =      1879.3300  EPtot      =     -9752.0405
 BOND   =         2.2562  ANGLE   =        10.4844  DIHED      =         4.5432
 UB     =         0.0000  IMP     =         0.0000  CMAP       =         0.1268
 1-4 NB =         2.8462  1-4 EEL =        45.3582  VDWAALS    =      1418.8006
 EELEC  =    -11236.4560  EHBOND  =         0.0000  RESTRAINT  =         0.0000
 EKCMT  =       936.4441  VIRIAL  =      1051.3301  VOLUME     =     31152.5703
                                                    Density    =         0.9815
 ------------------------------------------------------------------------------

wrapping first mol.:       11.44325       16.18320       28.03013
wrapping first mol.:       11.44325       16.18320       28.03013

 NSTEP =    23500   TIME(PS) =      47.000  TEMP(K) =   293.13  PRESS =  -344.7
 Etot   =     -7916.8172  EKtot   =      1787.6826  EPtot      =     -9704.4998
 BOND   =         3.7763  ANGLE   =         6.1791  DIHED      =         4.5512
 UB     =         0.0000  IMP     =         0.0000  CMAP       =         1.2871
 1-4 NB =         1.8489  1-4 EEL =        44.9814  VDWAALS    =      1392.0544
 EELEC  =    -11159.1783  EHBOND  =         0.0000  RESTRAINT  =         0.0000
 EKCMT  =       908.7745  VIRIAL  =      1140.5989  VOLUME     =     31146.0905
                                                    Density    =         0.9817
 ------------------------------------------------------------------------------

wrapping first mol.:       11.43338       16.16924       28.00595
wrapping first mol.:       11.43338       16.16924       28.00595

 NSTEP =    24000   TIME(PS) =      48.000  TEMP(K) =   292.70  PRESS =   109.7
 Etot   =     -7909.1582  EKtot   =      1785.1012  EPtot      =     -9694.2594
 BOND   =         5.5282  ANGLE   =         7.5697  DIHED      =         5.7811
 UB     =         0.0000  IMP     =         0.0000  CMAP       =         1.2032
 1-4 NB =         3.8160  1-4 EEL =        46.8208  VDWAALS    =      1467.3535
 EELEC  =    -11232.3319  EHBOND  =         0.0000  RESTRAINT  =         0.0000
 EKCMT  =       865.7534  VIRIAL  =       792.1990  VOLUME     =     31064.3055
                                                    Density    =         0.9842
 ------------------------------------------------------------------------------

wrapping first mol.:       11.42363       16.15545       27.98206
wrapping first mol.:       11.42363       16.15545       27.98206

 NSTEP =    24500   TIME(PS) =      49.000  TEMP(K) =   304.45  PRESS =   226.7
 Etot   =     -7929.3118  EKtot   =      1856.7556  EPtot      =     -9786.0674
 BOND   =         3.4904  ANGLE   =         9.5886  DIHED      =         5.5953
 UB     =         0.0000  IMP     =         0.0000  CMAP       =         0.2510
 1-4 NB =         2.8605  1-4 EEL =        48.0977  VDWAALS    =      1477.3757
 EELEC  =    -11333.3266  EHBOND  =         0.0000  RESTRAINT  =         0.0000
 EKCMT  =       931.9433  VIRIAL  =       780.2514  VOLUME     =     30984.5450
                                                    Density    =         0.9868
 ------------------------------------------------------------------------------

wrapping first mol.:       11.41376       16.14149       27.95788
wrapping first mol.:       11.41376       16.14149       27.95788

 NSTEP =    25000   TIME(PS) =      50.000  TEMP(K) =   306.63  PRESS =   607.4
 Etot   =     -7865.5534  EKtot   =      1870.0430  EPtot      =     -9735.5964
 BOND   =         2.2911  ANGLE   =         9.7428  DIHED      =         4.2723
 UB     =         0.0000  IMP     =         0.0000  CMAP       =         0.3032
 1-4 NB =         3.5389  1-4 EEL =        49.7211  VDWAALS    =      1516.4987
 EELEC  =    -11321.9645  EHBOND  =         0.0000  RESTRAINT  =         0.0000
 EKCMT  =       955.5017  VIRIAL  =       550.2479  VOLUME     =     30903.2382
                                                    Density    =         0.9894
 ------------------------------------------------------------------------------

wrapping first mol.:       11.42996       16.16440       27.99756
wrapping first mol.:       11.42996       16.16440       27.99756

 NSTEP =    25500   TIME(PS) =      51.000  TEMP(K) =   304.14  PRESS =    89.2
 Etot   =     -7902.0683  EKtot   =      1854.8364  EPtot      =     -9756.9047
 BOND   =         4.4164  ANGLE   =         7.3413  DIHED      =         3.1870
 UB     =         0.0000  IMP     =         0.0000  CMAP       =         0.9497
 1-4 NB =         2.4410  1-4 EEL =        47.3552  VDWAALS    =      1434.6706
 EELEC  =    -11257.2659  EHBOND  =         0.0000  RESTRAINT  =         0.0000
 EKCMT  =       940.3853  VIRIAL  =       880.5901  VOLUME     =     31036.4555
                                                    Density    =         0.9851
 ------------------------------------------------------------------------------

wrapping first mol.:       11.42615       16.15902       27.98824
wrapping first mol.:       11.42615       16.15902       27.98824

 NSTEP =    26000   TIME(PS) =      52.000  TEMP(K) =   295.49  PRESS =   453.4
 Etot   =     -7875.6961  EKtot   =      1802.0792  EPtot      =     -9677.7753
 BOND   =         2.2496  ANGLE   =         6.2330  DIHED      =         6.1038
 UB     =         0.0000  IMP     =         0.0000  CMAP       =         0.1542
 1-4 NB =         2.2329  1-4 EEL =        46.9441  VDWAALS    =      1485.8601
 EELEC  =    -11227.5529  EHBOND  =         0.0000  RESTRAINT  =         0.0000
 EKCMT  =       884.0078  VIRIAL  =       580.4639  VOLUME     =     31004.4576
                                                    Density    =         0.9861
 ------------------------------------------------------------------------------

wrapping first mol.:       11.41076       16.13726       27.95055
wrapping first mol.:       11.41076       16.13726       27.95055

 NSTEP =    26500   TIME(PS) =      53.000  TEMP(K) =   304.69  PRESS =  -338.3
 Etot   =     -7833.5280  EKtot   =      1858.2078  EPtot      =     -9691.7357
 BOND   =         2.1163  ANGLE   =         9.8425  DIHED      =         3.4345
 UB     =         0.0000  IMP     =         0.0000  CMAP       =         0.5300
 1-4 NB =         3.3155  1-4 EEL =        45.5230  VDWAALS    =      1385.9280
 EELEC  =    -11142.4255  EHBOND  =         0.0000  RESTRAINT  =         0.0000
 EKCMT  =       937.8631  VIRIAL  =      1163.4224  VOLUME     =     30881.5421
                                                    Density    =         0.9901
 ------------------------------------------------------------------------------

wrapping first mol.:       11.42911       16.16321       27.99549
wrapping first mol.:       11.42911       16.16321       27.99549

 NSTEP =    27000   TIME(PS) =      54.000  TEMP(K) =   308.50  PRESS =   383.0
 Etot   =     -7804.0658  EKtot   =      1881.4197  EPtot      =     -9685.4854
 BOND   =         2.1137  ANGLE   =         9.5553  DIHED      =         3.7290
 UB     =         0.0000  IMP     =         0.0000  CMAP       =         0.1115
 1-4 NB =         3.6875  1-4 EEL =        49.5927  VDWAALS    =      1457.3875
 EELEC  =    -11211.6626  EHBOND  =         0.0000  RESTRAINT  =         0.0000
 EKCMT  =       961.2005  VIRIAL  =       704.6376  VOLUME     =     31028.7738
                                                    Density    =         0.9854
 ------------------------------------------------------------------------------

wrapping first mol.:       11.42552       16.15813       27.98670
wrapping first mol.:       11.42552       16.15813       27.98670

 NSTEP =    27500   TIME(PS) =      55.000  TEMP(K) =   302.20  PRESS =   227.3
 Etot   =     -7789.9487  EKtot   =      1842.9971  EPtot      =     -9632.9457
 BOND   =         1.6927  ANGLE   =         8.5469  DIHED      =         5.3978
 UB     =         0.0000  IMP     =         0.0000  CMAP       =         0.8807
 1-4 NB =         2.4493  1-4 EEL =        46.6681  VDWAALS    =      1436.0406
 EELEC  =    -11134.6219  EHBOND  =         0.0000  RESTRAINT  =         0.0000
 EKCMT  =       902.0612  VIRIAL  =       749.9398  VOLUME     =     30999.9623
                                                    Density    =         0.9863
 ------------------------------------------------------------------------------

wrapping first mol.:       11.43878       16.17688       28.01918
wrapping first mol.:       11.43878       16.17688       28.01918

 NSTEP =    28000   TIME(PS) =      56.000  TEMP(K) =   303.44  PRESS =  -262.0
 Etot   =     -7844.5467  EKtot   =      1850.5741  EPtot      =     -9695.1208
 BOND   =         1.8366  ANGLE   =         7.1172  DIHED      =         4.2679
 UB     =         0.0000  IMP     =         0.0000  CMAP       =        -0.0701
 1-4 NB =         3.1085  1-4 EEL =        48.8242  VDWAALS    =      1384.9267
 EELEC  =    -11145.1319  EHBOND  =         0.0000  RESTRAINT  =         0.0000
 EKCMT  =       916.3216  VIRIAL  =      1092.2891  VOLUME     =     31109.3828
                                                    Density    =         0.9828
 ------------------------------------------------------------------------------

wrapping first mol.:       11.41412       16.14201       27.95877
wrapping first mol.:       11.41412       16.14201       27.95877

 NSTEP =    28500   TIME(PS) =      57.000  TEMP(K) =   296.01  PRESS =    66.7
 Etot   =     -7819.0167  EKtot   =      1805.2588  EPtot      =     -9624.2755
 BOND   =         6.4354  ANGLE   =         8.8823  DIHED      =         3.4615
 UB     =         0.0000  IMP     =         0.0000  CMAP       =         1.1847
 1-4 NB =         2.5106  1-4 EEL =        47.0733  VDWAALS    =      1409.5740
 EELEC  =    -11103.3972  EHBOND  =         0.0000  RESTRAINT  =         0.0000
 EKCMT  =       880.2763  VIRIAL  =       835.7644  VOLUME     =     30907.7095
                                                    Density    =         0.9892
 ------------------------------------------------------------------------------

wrapping first mol.:       11.43045       16.16510       27.99877
wrapping first mol.:       11.43045       16.16510       27.99877

 NSTEP =    29000   TIME(PS) =      58.000  TEMP(K) =   307.28  PRESS =   229.2
 Etot   =     -7839.8022  EKtot   =      1874.0088  EPtot      =     -9713.8110
 BOND   =         2.0378  ANGLE   =         9.8121  DIHED      =         4.7538
 UB     =         0.0000  IMP     =         0.0000  CMAP       =         0.0250
 1-4 NB =         3.8950  1-4 EEL =        45.9053  VDWAALS    =      1459.0629
 EELEC  =    -11239.3028  EHBOND  =         0.0000  RESTRAINT  =         0.0000
 EKCMT  =       942.5353  VIRIAL  =       788.9228  VOLUME     =     31040.0926
                                                    Density    =         0.9850
 ------------------------------------------------------------------------------

wrapping first mol.:       11.44868       16.19088       28.04343
wrapping first mol.:       11.44868       16.19088       28.04343

 NSTEP =    29500   TIME(PS) =      59.000  TEMP(K) =   310.68  PRESS =    92.6
 Etot   =     -7792.0795  EKtot   =      1894.7529  EPtot      =     -9686.8325
 BOND   =         1.6869  ANGLE   =         5.3312  DIHED      =         4.9549
 UB     =         0.0000  IMP     =         0.0000  CMAP       =        -0.0827
 1-4 NB =         2.6301  1-4 EEL =        49.2772  VDWAALS    =      1434.7561
 EELEC  =    -11185.3862  EHBOND  =         0.0000  RESTRAINT  =         0.0000
 EKCMT  =       932.4154  VIRIAL  =       870.0725  VOLUME     =     31189.2257
                                                    Density    =         0.9803
 ------------------------------------------------------------------------------

wrapping first mol.:       11.43746       16.17501       28.01594
wrapping first mol.:       11.43746       16.17501       28.01594

 NSTEP =    30000   TIME(PS) =      60.000  TEMP(K) =   295.83  PRESS =   -96.2
 Etot   =     -7856.9844  EKtot   =      1804.2017  EPtot      =     -9661.1861
 BOND   =         2.0401  ANGLE   =         7.7774  DIHED      =         4.0114
 UB     =         0.0000  IMP     =         0.0000  CMAP       =         0.1363
 1-4 NB =         4.2073  1-4 EEL =        51.5775  VDWAALS    =      1379.0776
 EELEC  =    -11110.0136  EHBOND  =         0.0000  RESTRAINT  =         0.0000
 EKCMT  =       926.6605  VIRIAL  =       991.2436  VOLUME     =     31098.1293
                                                    Density    =         0.9832
 ------------------------------------------------------------------------------

wrapping first mol.:       11.44120       16.18030       28.02509
wrapping first mol.:       11.44120       16.18030       28.02509

 NSTEP =    30500   TIME(PS) =      61.000  TEMP(K) =   307.04  PRESS =  -231.8
 Etot   =     -7866.2036  EKtot   =      1872.5190  EPtot      =     -9738.7226
 BOND   =         1.8542  ANGLE   =         7.6063  DIHED      =         4.7896
 UB     =         0.0000  IMP     =         0.0000  CMAP       =        -0.0535
 1-4 NB =         3.8433  1-4 EEL =        48.5869  VDWAALS    =      1421.9380
 EELEC  =    -11227.2875  EHBOND  =         0.0000  RESTRAINT  =         0.0000
 EKCMT  =       946.0946  VIRIAL  =      1101.8796  VOLUME     =     31128.9929
                                                    Density    =         0.9822
 ------------------------------------------------------------------------------

wrapping first mol.:       11.42868       16.16259       27.99443
wrapping first mol.:       11.42868       16.16259       27.99443

 NSTEP =    31000   TIME(PS) =      62.000  TEMP(K) =   306.38  PRESS =    -0.3
 Etot   =     -7899.5650  EKtot   =      1868.5001  EPtot      =     -9768.0651
 BOND   =         3.9161  ANGLE   =         9.6856  DIHED      =         4.7975
 UB     =         0.0000  IMP     =         0.0000  CMAP       =         0.6111
 1-4 NB =         3.4739  1-4 EEL =        47.8404  VDWAALS    =      1441.3632
 EELEC  =    -11279.7529  EHBOND  =         0.0000  RESTRAINT  =         0.0000
 EKCMT  =       935.4554  VIRIAL  =       935.6459  VOLUME     =     31026.2810
                                                    Density    =         0.9855
 ------------------------------------------------------------------------------

wrapping first mol.:       11.46513       16.21414       28.08371
wrapping first mol.:       11.46513       16.21414       28.08371

 NSTEP =    31500   TIME(PS) =      63.000  TEMP(K) =   307.86  PRESS =  -507.8
 Etot   =     -7730.8653  EKtot   =      1877.5364  EPtot      =     -9608.4017
 BOND   =         4.8625  ANGLE   =         9.4505  DIHED      =         3.4233
 UB     =         0.0000  IMP     =         0.0000  CMAP       =         0.5668
 1-4 NB =         4.6855  1-4 EEL =        50.9554  VDWAALS    =      1341.4642
 EELEC  =    -11023.8098  EHBOND  =         0.0000  RESTRAINT  =         0.0000
 EKCMT  =       916.4650  VIRIAL  =      1259.9199  VOLUME     =     31325.5036
                                                    Density    =         0.9760
 ------------------------------------------------------------------------------

wrapping first mol.:       11.44402       16.18429       28.03201
wrapping first mol.:       11.44402       16.18429       28.03201

 NSTEP =    32000   TIME(PS) =      64.000  TEMP(K) =   302.17  PRESS =   243.1
 Etot   =     -7787.9226  EKtot   =      1842.8544  EPtot      =     -9630.7770
 BOND   =         2.0953  ANGLE   =         9.6102  DIHED      =         4.8103
 UB     =         0.0000  IMP     =         0.0000  CMAP       =         0.6007
 1-4 NB =         2.8589  1-4 EEL =        48.3088  VDWAALS    =      1434.3565
 EELEC  =    -11133.4176  EHBOND  =         0.0000  RESTRAINT  =         0.0000
 EKCMT  =       918.0557  VIRIAL  =       754.5397  VOLUME     =     31150.7312
                                                    Density    =         0.9815
 ------------------------------------------------------------------------------

wrapping first mol.:       11.43079       16.16558       27.99961
wrapping first mol.:       11.43079       16.16558       27.99961

 NSTEP =    32500   TIME(PS) =      65.000  TEMP(K) =   301.96  PRESS =  -349.8
 Etot   =     -7815.0585  EKtot   =      1841.5826  EPtot      =     -9656.6411
 BOND   =         2.3097  ANGLE   =         8.1834  DIHED      =         4.3212
 UB     =         0.0000  IMP     =         0.0000  CMAP       =         0.7846
 1-4 NB =         3.8020  1-4 EEL =        47.5360  VDWAALS    =      1358.8612
 EELEC  =    -11082.4392  EHBOND  =         0.0000  RESTRAINT  =         0.0000
 EKCMT  =       923.6155  VIRIAL  =      1158.0877  VOLUME     =     31044.4920
                                                    Density    =         0.9849
 ------------------------------------------------------------------------------

wrapping first mol.:       11.42928       16.16345       27.99591
wrapping first mol.:       11.42928       16.16345       27.99591

 NSTEP =    33000   TIME(PS) =      66.000  TEMP(K) =   306.79  PRESS =    23.8
 Etot   =     -7855.6580  EKtot   =      1871.0471  EPtot      =     -9726.7051
 BOND   =         2.7585  ANGLE   =         9.5277  DIHED      =         5.8032
 UB     =         0.0000  IMP     =         0.0000  CMAP       =         0.4123
 1-4 NB =         3.1458  1-4 EEL =        45.7214  VDWAALS    =      1442.3164
 EELEC  =    -11236.3905  EHBOND  =         0.0000  RESTRAINT  =         0.0000
 EKCMT  =       949.2591  VIRIAL  =       933.2934  VOLUME     =     31031.1354
                                                    Density    =         0.9853
 ------------------------------------------------------------------------------

wrapping first mol.:       11.43880       16.17690       28.01921
wrapping first mol.:       11.43880       16.17690       28.01921

 NSTEP =    33500   TIME(PS) =      67.000  TEMP(K) =   302.82  PRESS =  -515.5
 Etot   =     -7823.7108  EKtot   =      1846.7858  EPtot      =     -9670.4966
 BOND   =         3.9925  ANGLE   =         8.8146  DIHED      =         4.7462
 UB     =         0.0000  IMP     =         0.0000  CMAP       =         0.0310
 1-4 NB =         2.5669  1-4 EEL =        48.2591  VDWAALS    =      1352.4933
 EELEC  =    -11091.4002  EHBOND  =         0.0000  RESTRAINT  =         0.0000
 EKCMT  =       904.0186  VIRIAL  =      1250.2945  VOLUME     =     31110.1955
                                                    Density    =         0.9828
 ------------------------------------------------------------------------------

wrapping first mol.:       11.45642       16.20182       28.06237
wrapping first mol.:       11.45642       16.20182       28.06237

 NSTEP =    34000   TIME(PS) =      68.000  TEMP(K) =   307.15  PRESS =   332.2
 Etot   =     -7807.6575  EKtot   =      1873.2097  EPtot      =     -9680.8672
 BOND   =         2.3990  ANGLE   =         6.2092  DIHED      =         5.3938
 UB     =         0.0000  IMP     =         0.0000  CMAP       =         0.1617
 1-4 NB =         3.8982  1-4 EEL =        49.7772  VDWAALS    =      1473.4711
 EELEC  =    -11222.1775  EHBOND  =         0.0000  RESTRAINT  =         0.0000
 EKCMT  =       948.9390  VIRIAL  =       724.8154  VOLUME     =     31251.8221
                                                    Density    =         0.9783
 ------------------------------------------------------------------------------

wrapping first mol.:       11.44452       16.18500       28.03324
wrapping first mol.:       11.44452       16.18500       28.03324

 NSTEP =    34500   TIME(PS) =      69.000  TEMP(K) =   299.53  PRESS =   232.5
 Etot   =     -7881.0004  EKtot   =      1826.7173  EPtot      =     -9707.7177
 BOND   =         3.0894  ANGLE   =         7.5232  DIHED      =         3.5612
 UB     =         0.0000  IMP     =         0.0000  CMAP       =         1.2343
 1-4 NB =         2.7579  1-4 EEL =        47.3410  VDWAALS    =      1482.2246
 EELEC  =    -11255.4492  EHBOND  =         0.0000  RESTRAINT  =         0.0000
 EKCMT  =       894.3920  VIRIAL  =       738.0239  VOLUME     =     31154.8759
                                                    Density    =         0.9814
 ------------------------------------------------------------------------------

wrapping first mol.:       11.42624       16.15915       27.98846
wrapping first mol.:       11.42624       16.15915       27.98846

 NSTEP =    35000   TIME(PS) =      70.000  TEMP(K) =   293.28  PRESS =   239.1
 Etot   =     -7922.7943  EKtot   =      1788.6450  EPtot      =     -9711.4393
 BOND   =         3.0086  ANGLE   =         7.9999  DIHED      =         5.2630
 UB     =         0.0000  IMP     =         0.0000  CMAP       =         0.2894
 1-4 NB =         4.1942  1-4 EEL =        48.6221  VDWAALS    =      1479.1511
 EELEC  =    -11259.9676  EHBOND  =         0.0000  RESTRAINT  =         0.0000
 EKCMT  =       886.0093  VIRIAL  =       725.9754  VOLUME     =     31005.7948
                                                    Density    =         0.9861
 ------------------------------------------------------------------------------

wrapping first mol.:       11.43272       16.16831       28.00433
wrapping first mol.:       11.43272       16.16831       28.00433

 NSTEP =    35500   TIME(PS) =      71.000  TEMP(K) =   300.07  PRESS =  -302.1
 Etot   =     -7859.9162  EKtot   =      1830.0389  EPtot      =     -9689.9551
 BOND   =         3.1001  ANGLE   =        10.9835  DIHED      =         4.1363
 UB     =         0.0000  IMP     =         0.0000  CMAP       =         0.1027
 1-4 NB =         3.3454  1-4 EEL =        44.9092  VDWAALS    =      1393.1774
 EELEC  =    -11149.7098  EHBOND  =         0.0000  RESTRAINT  =         0.0000
 EKCMT  =       899.9974  VIRIAL  =      1102.5757  VOLUME     =     31060.0672
                                                    Density    =         0.9844
 ------------------------------------------------------------------------------

wrapping first mol.:       11.44168       16.18098       28.02627
wrapping first mol.:       11.44168       16.18098       28.02627

 NSTEP =    36000   TIME(PS) =      72.000  TEMP(K) =   297.26  PRESS =   190.4
 Etot   =     -7929.9196  EKtot   =      1812.9169  EPtot      =     -9742.8365
 BOND   =         1.6447  ANGLE   =         5.5094  DIHED      =         4.2209
 UB     =         0.0000  IMP     =         0.0000  CMAP       =        -0.0449
 1-4 NB =         4.0757  1-4 EEL =        47.4923  VDWAALS    =      1478.1971
 EELEC  =    -11283.9317  EHBOND  =         0.0000  RESTRAINT  =         0.0000
 EKCMT  =       914.6780  VIRIAL  =       786.7251  VOLUME     =     31131.7539
                                                    Density    =         0.9821
 ------------------------------------------------------------------------------

wrapping first mol.:       11.45381       16.19814       28.05599
wrapping first mol.:       11.45381       16.19814       28.05599

 NSTEP =    36500   TIME(PS) =      73.000  TEMP(K) =   309.17  PRESS =   -78.9
 Etot   =     -7931.2525  EKtot   =      1885.5601  EPtot      =     -9816.8125
 BOND   =         1.5993  ANGLE   =         5.4007  DIHED      =         5.6279
 UB     =         0.0000  IMP     =         0.0000  CMAP       =        -0.1320
 1-4 NB =         3.2945  1-4 EEL =        48.2631  VDWAALS    =      1460.2681
 EELEC  =    -11341.1341  EHBOND  =         0.0000  RESTRAINT  =         0.0000
 EKCMT  =       926.9404  VIRIAL  =       980.1602  VOLUME     =     31231.6549
                                                    Density    =         0.9790
 ------------------------------------------------------------------------------

wrapping first mol.:       11.44402       16.18429       28.03201
wrapping first mol.:       11.44402       16.18429       28.03201

 NSTEP =    37000   TIME(PS) =      74.000  TEMP(K) =   307.59  PRESS =  -360.8
 Etot   =     -7914.3738  EKtot   =      1875.8938  EPtot      =     -9790.2676
 BOND   =         1.4669  ANGLE   =         7.5791  DIHED      =         6.5059
 UB     =         0.0000  IMP     =         0.0000  CMAP       =         0.1776
 1-4 NB =         3.8581  1-4 EEL =        49.1478  VDWAALS    =      1421.7754
 EELEC  =    -11280.7784  EHBOND  =         0.0000  RESTRAINT  =         0.0000
 EKCMT  =       927.9517  VIRIAL  =      1170.6485  VOLUME     =     31152.4144
                                                    Density    =         0.9815
 ------------------------------------------------------------------------------

wrapping first mol.:       11.42961       16.16391       27.99670
wrapping first mol.:       11.42961       16.16391       27.99670

 NSTEP =    37500   TIME(PS) =      75.000  TEMP(K) =   308.97  PRESS =  -363.3
 Etot   =     -7890.2454  EKtot   =      1884.2878  EPtot      =     -9774.5332
 BOND   =         3.7417  ANGLE   =         6.9160  DIHED      =         6.3689
 UB     =         0.0000  IMP     =         0.0000  CMAP       =         0.9418
 1-4 NB =         2.5849  1-4 EEL =        46.2187  VDWAALS    =      1427.0193
 EELEC  =    -11268.3245  EHBOND  =         0.0000  RESTRAINT  =         0.0000
 EKCMT  =       894.2735  VIRIAL  =      1137.6888  VOLUME     =     31034.8571
                                                    Density    =         0.9852
 ------------------------------------------------------------------------------

wrapping first mol.:       11.42530       16.15781       27.98615
wrapping first mol.:       11.42530       16.15781       27.98615

 NSTEP =    38000   TIME(PS) =      76.000  TEMP(K) =   308.08  PRESS =    -5.7
 Etot   =     -7876.3079  EKtot   =      1878.8920  EPtot      =     -9755.1999
 BOND   =         1.8964  ANGLE   =         8.8598  DIHED      =         4.0174
 UB     =         0.0000  IMP     =         0.0000  CMAP       =         0.8461
 1-4 NB =         3.9403  1-4 EEL =        46.4763  VDWAALS    =      1438.2344
 EELEC  =    -11259.4706  EHBOND  =         0.0000  RESTRAINT  =         0.0000
 EKCMT  =       946.7223  VIRIAL  =       950.5234  VOLUME     =     30998.7700
                                                    Density    =         0.9863
 ------------------------------------------------------------------------------

wrapping first mol.:       11.44649       16.18779       28.03807
wrapping first mol.:       11.44649       16.18779       28.03807

 NSTEP =    38500   TIME(PS) =      77.000  TEMP(K) =   304.05  PRESS =   459.1
 Etot   =     -7815.0683  EKtot   =      1854.2906  EPtot      =     -9669.3589
 BOND   =         1.7259  ANGLE   =         9.7490  DIHED      =         4.7774
 UB     =         0.0000  IMP     =         0.0000  CMAP       =         1.4726
 1-4 NB =         2.1133  1-4 EEL =        45.5259  VDWAALS    =      1467.0029
 EELEC  =    -11201.7259  EHBOND  =         0.0000  RESTRAINT  =         0.0000
 EKCMT  =       943.7968  VIRIAL  =       634.8301  VOLUME     =     31170.3265
                                                    Density    =         0.9809
 ------------------------------------------------------------------------------

wrapping first mol.:       11.48979       16.24901       28.14412
wrapping first mol.:       11.48979       16.24901       28.14412

 NSTEP =    39000   TIME(PS) =      78.000  TEMP(K) =   309.87  PRESS =   341.5
 Etot   =     -7777.0237  EKtot   =      1889.8259  EPtot      =     -9666.8497
 BOND   =         1.7225  ANGLE   =         8.3829  DIHED      =         3.1713
 UB     =         0.0000  IMP     =         0.0000  CMAP       =         1.4471
 1-4 NB =         3.5974  1-4 EEL =        48.5695  VDWAALS    =      1498.3135
 EELEC  =    -11232.0538  EHBOND  =         0.0000  RESTRAINT  =         0.0000
 EKCMT  =       928.0985  VIRIAL  =       695.6593  VOLUME     =     31525.6939
                                                    Density    =         0.9698
 ------------------------------------------------------------------------------

wrapping first mol.:       11.45983       16.20665       28.07073
wrapping first mol.:       11.45983       16.20665       28.07073

 NSTEP =    39500   TIME(PS) =      79.000  TEMP(K) =   301.02  PRESS =  -213.6
 Etot   =     -7829.2021  EKtot   =      1835.8080  EPtot      =     -9665.0101
 BOND   =         3.1877  ANGLE   =         5.7963  DIHED      =         3.7044
 UB     =         0.0000  IMP     =         0.0000  CMAP       =         0.8867
 1-4 NB =         2.8479  1-4 EEL =        47.2955  VDWAALS    =      1394.2479
 EELEC  =    -11122.9766  EHBOND  =         0.0000  RESTRAINT  =         0.0000
 EKCMT  =       930.2053  VIRIAL  =      1074.4889  VOLUME     =     31281.2829
                                                    Density    =         0.9774
 ------------------------------------------------------------------------------

wrapping first mol.:       11.43504       16.17159       28.01000
wrapping first mol.:       11.43504       16.17159       28.01000

 NSTEP =    40000   TIME(PS) =      80.000  TEMP(K) =   302.13  PRESS =  -531.5
 Etot   =     -7882.2837  EKtot   =      1842.5793  EPtot      =     -9724.8631
 BOND   =         1.9838  ANGLE   =        10.5467  DIHED      =         5.5812
 UB     =         0.0000  IMP     =         0.0000  CMAP       =         0.7157
 1-4 NB =         4.8208  1-4 EEL =        46.3929  VDWAALS    =      1371.9922
 EELEC  =    -11166.8964  EHBOND  =         0.0000  RESTRAINT  =         0.0000
 EKCMT  =       899.2153  VIRIAL  =      1255.8742  VOLUME     =     31079.5800
                                                    Density    =         0.9838
 ------------------------------------------------------------------------------

wrapping first mol.:       11.42642       16.15940       27.98890
wrapping first mol.:       11.42642       16.15940       27.98890

 NSTEP =    40500   TIME(PS) =      81.000  TEMP(K) =   292.07  PRESS =   367.3
 Etot   =     -7948.8780  EKtot   =      1781.2394  EPtot      =     -9730.1173
 BOND   =         2.2782  ANGLE   =         6.3324  DIHED      =         3.5696
 UB     =         0.0000  IMP     =         0.0000  CMAP       =         0.6515
 1-4 NB =         4.2551  1-4 EEL =        48.2655  VDWAALS    =      1485.5079
 EELEC  =    -11280.9776  EHBOND  =         0.0000  RESTRAINT  =         0.0000
 EKCMT  =       883.6302  VIRIAL  =       637.7075  VOLUME     =     31006.8910
                                                    Density    =         0.9861
 ------------------------------------------------------------------------------

wrapping first mol.:       11.44638       16.18762       28.03779
wrapping first mol.:       11.44638       16.18762       28.03779

 NSTEP =    41000   TIME(PS) =      82.000  TEMP(K) =   301.08  PRESS =   -89.0
 Etot   =     -7845.0126  EKtot   =      1836.1906  EPtot      =     -9681.2031
 BOND   =         1.8641  ANGLE   =         8.8551  DIHED      =         4.5664
 UB     =         0.0000  IMP     =         0.0000  CMAP       =         0.9436
 1-4 NB =         1.8210  1-4 EEL =        46.7026  VDWAALS    =      1415.7281
 EELEC  =    -11161.6840  EHBOND  =         0.0000  RESTRAINT  =         0.0000
 EKCMT  =       910.7013  VIRIAL  =       970.5978  VOLUME     =     31170.9167
                                                    Density    =         0.9809
 ------------------------------------------------------------------------------

wrapping first mol.:       11.44314       16.18304       28.02984
wrapping first mol.:       11.44314       16.18304       28.02984

 NSTEP =    41500   TIME(PS) =      83.000  TEMP(K) =   306.76  PRESS =  -555.4
 Etot   =     -7821.2226  EKtot   =      1870.8398  EPtot      =     -9692.0624
 BOND   =         0.8744  ANGLE   =         8.5394  DIHED      =         3.8567
 UB     =         0.0000  IMP     =         0.0000  CMAP       =        -0.2370
 1-4 NB =         4.5228  1-4 EEL =        45.2704  VDWAALS    =      1350.1528
 EELEC  =    -11105.0419  EHBOND  =         0.0000  RESTRAINT  =         0.0000
 EKCMT  =       913.9032  VIRIAL  =      1287.4115  VOLUME     =     31145.7263
                                                    Density    =         0.9817
 ------------------------------------------------------------------------------

wrapping first mol.:       11.44959       16.19216       28.04565
wrapping first mol.:       11.44959       16.19216       28.04565

 NSTEP =    42000   TIME(PS) =      84.000  TEMP(K) =   290.25  PRESS =   -38.9
 Etot   =     -7907.5380  EKtot   =      1770.1198  EPtot      =     -9677.6578
 BOND   =         2.2798  ANGLE   =         7.9940  DIHED      =         4.2832
 UB     =         0.0000  IMP     =         0.0000  CMAP       =        -0.0501
 1-4 NB =         3.6485  1-4 EEL =        45.1797  VDWAALS    =      1425.0906
 EELEC  =    -11166.0835  EHBOND  =         0.0000  RESTRAINT  =         0.0000
 EKCMT  =       869.8754  VIRIAL  =       896.1060  VOLUME     =     31197.0049
                                                    Density    =         0.9801
 ------------------------------------------------------------------------------

wrapping first mol.:       11.41777       16.14716       27.96770
wrapping first mol.:       11.41777       16.14716       27.96770

 NSTEP =    42500   TIME(PS) =      85.000  TEMP(K) =   298.24  PRESS =   217.0
 Etot   =     -7905.4930  EKtot   =      1818.8711  EPtot      =     -9724.3641
 BOND   =         1.0328  ANGLE   =         8.4612  DIHED      =         3.3145
 UB     =         0.0000  IMP     =         0.0000  CMAP       =         0.6648
 1-4 NB =         3.2115  1-4 EEL =        43.7014  VDWAALS    =      1471.8442
 EELEC  =    -11256.5946  EHBOND  =         0.0000  RESTRAINT  =         0.0000
 EKCMT  =       900.2159  VIRIAL  =       755.2397  VOLUME     =     30936.9035
                                                    Density    =         0.9883
 ------------------------------------------------------------------------------

wrapping first mol.:       11.42279       16.15426       27.98000
wrapping first mol.:       11.42279       16.15426       27.98000

 NSTEP =    43000   TIME(PS) =      86.000  TEMP(K) =   300.63  PRESS =    95.1
 Etot   =     -7896.1114  EKtot   =      1833.4509  EPtot      =     -9729.5624
 BOND   =         3.2894  ANGLE   =         6.6903  DIHED      =         6.7703
 UB     =         0.0000  IMP     =         0.0000  CMAP       =         1.0391
 1-4 NB =         3.9085  1-4 EEL =        44.5888  VDWAALS    =      1445.3503
 EELEC  =    -11241.1991  EHBOND  =         0.0000  RESTRAINT  =         0.0000
 EKCMT  =       918.7366  VIRIAL  =       855.0994  VOLUME     =     30978.0630
                                                    Density    =         0.9870
 ------------------------------------------------------------------------------

wrapping first mol.:       11.42678       16.15991       27.98978
wrapping first mol.:       11.42678       16.15991       27.98978

 NSTEP =    43500   TIME(PS) =      87.000  TEMP(K) =   294.18  PRESS =   116.5
 Etot   =     -7882.7574  EKtot   =      1794.1332  EPtot      =     -9676.8906
 BOND   =         4.9937  ANGLE   =        10.1213  DIHED      =         4.3917
 UB     =         0.0000  IMP     =         0.0000  CMAP       =         1.1332
 1-4 NB =         2.8437  1-4 EEL =        44.7047  VDWAALS    =      1433.7285
 EELEC  =    -11178.8074  EHBOND  =         0.0000  RESTRAINT  =         0.0000
 EKCMT  =       894.6606  VIRIAL  =       816.6652  VOLUME     =     31010.5035
                                                    Density    =         0.9860
 ------------------------------------------------------------------------------

wrapping first mol.:       11.42940       16.16361       27.99618
wrapping first mol.:       11.42940       16.16361       27.99618

 NSTEP =    44000   TIME(PS) =      88.000  TEMP(K) =   304.27  PRESS =   -85.9
 Etot   =     -7894.4551  EKtot   =      1855.6191  EPtot      =     -9750.0743
 BOND   =         4.7385  ANGLE   =         7.8087  DIHED      =         4.7847
 UB     =         0.0000  IMP     =         0.0000  CMAP       =         1.8338
 1-4 NB =         1.7810  1-4 EEL =        44.9411  VDWAALS    =      1443.5834
 EELEC  =    -11259.5455  EHBOND  =         0.0000  RESTRAINT  =         0.0000
 EKCMT  =       923.5732  VIRIAL  =       981.1347  VOLUME     =     31032.3602
                                                    Density    =         0.9853
 ------------------------------------------------------------------------------

wrapping first mol.:       11.41727       16.14645       27.96647
wrapping first mol.:       11.41727       16.14645       27.96647

 NSTEP =    44500   TIME(PS) =      89.000  TEMP(K) =   299.85  PRESS =  -221.8
 Etot   =     -7917.9524  EKtot   =      1828.6631  EPtot      =     -9746.6155
 BOND   =         2.7757  ANGLE   =         8.0482  DIHED      =         7.2147
 UB     =         0.0000  IMP     =         0.0000  CMAP       =         1.2167
 1-4 NB =         2.9371  1-4 EEL =        43.9735  VDWAALS    =      1409.7198
 EELEC  =    -11222.5010  EHBOND  =         0.0000  RESTRAINT  =         0.0000
 EKCMT  =       938.1831  VIRIAL  =      1086.2961  VOLUME     =     30934.0492
                                                    Density    =         0.9884
 ------------------------------------------------------------------------------

wrapping first mol.:       11.43905       16.17725       28.01982
wrapping first mol.:       11.43905       16.17725       28.01982

 NSTEP =    45000   TIME(PS) =      90.000  TEMP(K) =   299.18  PRESS =   -27.7
 Etot   =     -7878.4742  EKtot   =      1824.5819  EPtot      =     -9703.0561
 BOND   =         5.8498  ANGLE   =         7.7110  DIHED      =         4.4686
 UB     =         0.0000  IMP     =         0.0000  CMAP       =         1.2174
 1-4 NB =         4.8655  1-4 EEL =        44.0897  VDWAALS    =      1431.8643
 EELEC  =    -11203.1223  EHBOND  =         0.0000  RESTRAINT  =         0.0000
 EKCMT  =       904.6191  VIRIAL  =       923.2242  VOLUME     =     31110.8704
                                                    Density    =         0.9828
 ------------------------------------------------------------------------------

wrapping first mol.:       11.44257       16.18223       28.02844
wrapping first mol.:       11.44257       16.18223       28.02844

 NSTEP =    45500   TIME(PS) =      91.000  TEMP(K) =   295.21  PRESS =  -163.3
 Etot   =     -7865.3749  EKtot   =      1800.4058  EPtot      =     -9665.7807
 BOND   =         1.6318  ANGLE   =         7.9087  DIHED      =         2.9842
 UB     =         0.0000  IMP     =         0.0000  CMAP       =         0.9337
 1-4 NB =         3.5013  1-4 EEL =        46.4415  VDWAALS    =      1408.2272
 EELEC  =    -11137.4090  EHBOND  =         0.0000  RESTRAINT  =         0.0000
 EKCMT  =       910.5066  VIRIAL  =      1020.3166  VOLUME     =     31139.9730
                                                    Density    =         0.9819
 ------------------------------------------------------------------------------

wrapping first mol.:       11.44532       16.18613       28.03519
wrapping first mol.:       11.44532       16.18613       28.03519

 NSTEP =    46000   TIME(PS) =      92.000  TEMP(K) =   302.08  PRESS =   114.5
 Etot   =     -7882.7046  EKtot   =      1842.3171  EPtot      =     -9725.0217
 BOND   =         3.2593  ANGLE   =         7.1216  DIHED      =         4.4922
 UB     =         0.0000  IMP     =         0.0000  CMAP       =         0.7835
 1-4 NB =         2.5199  1-4 EEL =        47.7732  VDWAALS    =      1457.0377
 EELEC  =    -11248.0092  EHBOND  =         0.0000  RESTRAINT  =         0.0000
 EKCMT  =       948.9408  VIRIAL  =       871.8768  VOLUME     =     31161.7015
                                                    Density    =         0.9812
 ------------------------------------------------------------------------------

wrapping first mol.:       11.43904       16.17725       28.01981
wrapping first mol.:       11.43904       16.17725       28.01981

 NSTEP =    46500   TIME(PS) =      93.000  TEMP(K) =   314.18  PRESS =   609.2
 Etot   =     -7802.6880  EKtot   =      1916.0769  EPtot      =     -9718.7649
 BOND   =         2.2223  ANGLE   =         5.4668  DIHED      =         4.8490
 UB     =         0.0000  IMP     =         0.0000  CMAP       =         0.7240
 1-4 NB =         3.2172  1-4 EEL =        46.0434  VDWAALS    =      1503.4506
 EELEC  =    -11284.7381  EHBOND  =         0.0000  RESTRAINT  =         0.0000
 EKCMT  =       954.8849  VIRIAL  =       545.6640  VOLUME     =     31109.0750
                                                    Density    =         0.9828
 ------------------------------------------------------------------------------

wrapping first mol.:      -22.85898       16.16374       27.99642
wrapping first mol.:      -22.85898       16.16374       27.99642

 NSTEP =    47000   TIME(PS) =      94.000  TEMP(K) =   298.72  PRESS =   194.9
 Etot   =     -7868.2749  EKtot   =      1821.7942  EPtot      =     -9690.0691
 BOND   =         2.7731  ANGLE   =         8.8722  DIHED      =         4.6861
 UB     =         0.0000  IMP     =         0.0000  CMAP       =         0.8705
 1-4 NB =         2.8361  1-4 EEL =        46.3347  VDWAALS    =      1460.7903
 EELEC  =    -11217.2321  EHBOND  =         0.0000  RESTRAINT  =         0.0000
 EKCMT  =       911.6784  VIRIAL  =       781.0797  VOLUME     =     31032.3781
                                                    Density    =         0.9853
 ------------------------------------------------------------------------------

wrapping first mol.:      -22.84770       16.15577       27.98260
wrapping first mol.:      -22.84770       16.15577       27.98260

 NSTEP =    47500   TIME(PS) =      95.000  TEMP(K) =   295.03  PRESS =   197.9
 Etot   =     -7881.5069  EKtot   =      1799.2903  EPtot      =     -9680.7972
 BOND   =         6.2953  ANGLE   =         8.5727  DIHED      =         3.0795
 UB     =         0.0000  IMP     =         0.0000  CMAP       =        -0.0281
 1-4 NB =         2.8456  1-4 EEL =        44.5922  VDWAALS    =      1444.3997
 EELEC  =    -11190.5541  EHBOND  =         0.0000  RESTRAINT  =         0.0000
 EKCMT  =       903.1564  VIRIAL  =       770.7550  VOLUME     =     30986.4446
                                                    Density    =         0.9867
 ------------------------------------------------------------------------------

wrapping first mol.:      -22.86796       16.17009       28.00742
wrapping first mol.:      -22.86796       16.17009       28.00742

 NSTEP =    48000   TIME(PS) =      96.000  TEMP(K) =   296.59  PRESS =   200.8
 Etot   =     -7895.9712  EKtot   =      1808.8145  EPtot      =     -9704.7857
 BOND   =         2.4013  ANGLE   =         8.2672  DIHED      =         3.8486
 UB     =         0.0000  IMP     =         0.0000  CMAP       =         0.1782
 1-4 NB =         1.9884  1-4 EEL =        46.2583  VDWAALS    =      1474.1726
 EELEC  =    -11241.9002  EHBOND  =         0.0000  RESTRAINT  =         0.0000
 EKCMT  =       856.2365  VIRIAL  =       721.5547  VOLUME     =     31068.9519
                                                    Density    =         0.9841
 ------------------------------------------------------------------------------

wrapping first mol.:      -22.91329       16.20215       28.06294
wrapping first mol.:      -22.91329       16.20215       28.06294

 NSTEP =    48500   TIME(PS) =      97.000  TEMP(K) =   301.17  PRESS =   122.0
 Etot   =     -7856.6302  EKtot   =      1836.7603  EPtot      =     -9693.3905
 BOND   =         4.0298  ANGLE   =         6.5551  DIHED      =         3.3086
 UB     =         0.0000  IMP     =         0.0000  CMAP       =        -0.5930
 1-4 NB =         3.3475  1-4 EEL =        45.6360  VDWAALS    =      1454.1807
 EELEC  =    -11209.8551  EHBOND  =         0.0000  RESTRAINT  =         0.0000
 EKCMT  =       888.6530  VIRIAL  =       806.3204  VOLUME     =     31254.3025
                                                    Density    =         0.9783
 ------------------------------------------------------------------------------

wrapping first mol.:       11.46153       16.20905       28.07490
wrapping first mol.:       11.46153       16.20905       28.07490

 NSTEP =    49000   TIME(PS) =      98.000  TEMP(K) =   294.66  PRESS =    -9.0
 Etot   =     -7901.8822  EKtot   =      1797.0649  EPtot      =     -9698.9471
 BOND   =         1.6186  ANGLE   =        11.6824  DIHED      =         4.1388
 UB     =         0.0000  IMP     =         0.0000  CMAP       =         0.5491
 1-4 NB =         2.7657  1-4 EEL =        46.3714  VDWAALS    =      1438.5392
 EELEC  =    -11204.6123  EHBOND  =         0.0000  RESTRAINT  =         0.0000
 EKCMT  =       903.0458  VIRIAL  =       909.1246  VOLUME     =     31294.6433
                                                    Density    =         0.9770
 ------------------------------------------------------------------------------

wrapping first mol.:       11.45334       16.19746       28.05483
wrapping first mol.:       11.45334       16.19746       28.05483

 NSTEP =    49500   TIME(PS) =      99.000  TEMP(K) =   295.88  PRESS =   109.7
 Etot   =     -7905.0759  EKtot   =      1804.4988  EPtot      =     -9709.5747
 BOND   =         3.4677  ANGLE   =         4.6647  DIHED      =         3.4021
 UB     =         0.0000  IMP     =         0.0000  CMAP       =         0.9104
 1-4 NB =         3.1363  1-4 EEL =        44.7661  VDWAALS    =      1477.3171
 EELEC  =    -11247.2391  EHBOND  =         0.0000  RESTRAINT  =         0.0000
 EKCMT  =       906.3542  VIRIAL  =       832.3642  VOLUME     =     31227.2450
                                                    Density    =         0.9791
 ------------------------------------------------------------------------------

wrapping first mol.:       11.43482       16.17127       28.00947
wrapping first mol.:       11.43482       16.17127       28.00947

 NSTEP =    50000   TIME(PS) =     100.000  TEMP(K) =   300.57  PRESS =  -250.5
 Etot   =     -7848.8217  EKtot   =      1833.1061  EPtot      =     -9681.9278
 BOND   =         5.4003  ANGLE   =        10.6916  DIHED      =         3.7802
 UB     =         0.0000  IMP     =         0.0000  CMAP       =         1.3497
 1-4 NB =         2.4791  1-4 EEL =        43.9725  VDWAALS    =      1373.1429
 EELEC  =    -11122.7441  EHBOND  =         0.0000  RESTRAINT  =         0.0000
 EKCMT  =       926.9822  VIRIAL  =      1095.0787  VOLUME     =     31077.0061
                                                    Density    =         0.9838
 ------------------------------------------------------------------------------


      A V E R A G E S   O V E R     100 S T E P S


 NSTEP =    50000   TIME(PS) =     100.000  TEMP(K) =   300.47  PRESS =    28.3
 Etot   =     -7879.5940  EKtot   =      1832.4444  EPtot      =     -9712.0384
 BOND   =         3.0283  ANGLE   =         8.5002  DIHED      =         4.7586
 UB     =         0.0000  IMP     =         0.0000  CMAP       =         0.4681
 1-4 NB =         3.1657  1-4 EEL =        46.9699  VDWAALS    =      1440.5212
 EELEC  =    -11219.4505  EHBOND  =         0.0000  RESTRAINT  =         0.0000
 EKCMT  =       912.6712  VIRIAL  =       893.7029  VOLUME     =     31108.9572
                                                    Density    =         0.9829
 ------------------------------------------------------------------------------


      R M S  F L U C T U A T I O N S


 NSTEP =    50000   TIME(PS) =     100.000  TEMP(K) =     5.52  PRESS =   287.4
 Etot   =        48.1336  EKtot   =        33.6408  EPtot      =        40.8323
 BOND   =         1.3273  ANGLE   =         2.0160  DIHED      =         1.2143
 UB     =         0.0000  IMP     =         0.0000  CMAP       =         0.5321
 1-4 NB =         0.7254  1-4 EEL =         1.9397  VDWAALS    =        41.7798
 EELEC  =        66.6950  EHBOND  =         0.0000  RESTRAINT  =         0.0000
 EKCMT  =        22.8338  VIRIAL  =       195.4303  VOLUME     =       124.7748
                                                    Density    =         0.0039
 ------------------------------------------------------------------------------

--------------------------------------------------------------------------------
   5.  TIMINGS
--------------------------------------------------------------------------------

|  NonSetup CPU Time in Major Routines:
|
|     Routine           Sec        %
|     ------------------------------
|     Nonbond           8.83   74.63
|     Bond              0.00    0.00
|     Angle             0.00    0.00
|     Dihedral          0.00    0.00
|     Shake             0.16    1.33
|     RunMD             2.76   23.35
|     Other             0.08    0.68
|     ------------------------------
|     Total            11.83

|  PME Nonbond Pairlist CPU Time:
|
|     Routine              Sec        %
|     ---------------------------------
|     Set Up Cit           0.00    0.00
|     Build List           0.00    0.00
|     ---------------------------------
|     Total                0.00    0.00

|  PME Direct Force CPU Time:
|
|     Routine              Sec        %
|     ---------------------------------
|     NonBonded Calc       0.00    0.00
|     Exclude Masked       0.00    0.00
|     Other                0.05    0.44
|     ---------------------------------
|     Total                0.05    0.44

|  PME Reciprocal Force CPU Time:
|
|     Routine              Sec        %
|     ---------------------------------
|     1D bspline           0.00    0.00
|     Grid Charges         0.00    0.00
|     Scalar Sum           0.00    0.00
|     Gradient Sum         0.00    0.00
|     FFT                  0.00    0.00
|     ---------------------------------
|     Total                0.00    0.00

|  Final Performance Info:
|     -----------------------------------------------------
|     Average timings for last   50000 steps:
|     Elapsed(s) =      11.87 Per Step(ms) =       0.24
|         ns/day =     728.03   seconds/ns =     118.68
|
|     Average timings for all steps:
|     Elapsed(s) =      11.87 Per Step(ms) =       0.24
|         ns/day =     728.03   seconds/ns =     118.68
|     -----------------------------------------------------

|  Setup CPU time:            0.19 seconds
|  NonSetup CPU time:        11.83 seconds
|  Total CPU time:           12.03 seconds     0.00 hours

|  Setup wall time:           0    seconds
|  NonSetup wall time:       12    seconds
|  Total wall time:          12    seconds     0.00 hours
