#"Progress (%)","Step","Time (ps)","Potential Energy (kJ/mole)","Kinetic Energy (kJ/mole)","Total Energy (kJ/mole)","Temperature (K)","Box Volume (nm^3)","Density (g/mL)","Speed (ns/day)","Time Remaining"
21.0%,105000,210.0,-40936.414,7954.421,-32981.993,311.882,31.462,0.972,0,--
22.0%,110000,220.0,-40954.113,7690.118,-33263.996,301.519,31.356,0.975,1.4e+03,0:47
23.0%,115000,230.0,-40538.713,7767.235,-32771.478,304.542,31.365,0.975,1.4e+03,0:47
24.0%,120000,240.0,-40683.579,7666.252,-33017.327,300.583,30.466,1.004,1.4e+03,0:46
25.0%,125000,250.0,-40999.102,7486.116,-33512.986,293.52,30.501,1.002,1.4e+03,0:46
26.0%,130000,260.0,-40433.586,7721.452,-32712.134,302.747,31.088,0.983,1.4e+03,0:45
27.0%,135000,270.0,-40535.037,7701.902,-32833.135,301.981,30.672,0.997,1.4e+03,0:45
28.0%,140000,280.0,-40930.054,7615.529,-33314.525,298.594,30.805,0.993,1.4e+03,0:44
29.0%,145000,290.0,-40270.846,7542.118,-32728.728,295.716,31.426,0.973,1.4e+03,0:43
30.0%,150000,300.0,-40727.682,7620.405,-33107.277,298.785,31.11,0.983,1.4e+03,0:43
31.0%,155000,310.0,-40732.656,7597.602,-33135.054,297.891,31.065,0.984,1.4e+03,0:42
32.0%,160000,320.0,-40668.558,8015.933,-32652.625,314.293,31.299,0.977,1.4e+03,0:41
33.0%,165000,330.0,-40834.5,7564.549,-33269.951,296.595,31.077,0.984,1.4e+03,0:41
34.0%,170000,340.0,-40401.909,7307.319,-33094.59,286.51,31.08,0.984,1.4e+03,0:40
35.0%,175000,350.0,-40927.433,7720.09,-33207.342,302.694,31.256,0.978,1.4e+03,0:40
36.0%,180000,360.0,-40924.497,7646.697,-33277.8,299.816,31.084,0.984,1.4e+03,0:39
37.0%,185000,370.0,-40359.841,7582.044,-32777.798,297.281,31.648,0.966,1.4e+03,0:38
38.0%,190000,380.0,-40645.073,7555.73,-33089.343,296.25,31.035,0.985,1.4e+03,0:38
39.0%,195000,390.0,-40565.814,7523.945,-33041.869,295.003,30.857,0.991,1.4e+03,0:37
40.0%,200000,400.0,-40741.796,7484.462,-33257.334,293.455,31.31,0.977,1.4e+03,0:36
41.0%,205000,410.0,-40913.391,7523.811,-33389.58,294.998,30.904,0.989,1.4e+03,0:36
42.0%,210000,420.0,-41013.195,7286.283,-33726.912,285.685,31.372,0.975,1.4e+03,0:35
43.0%,215000,430.0,-40690.685,7675.198,-33015.487,300.934,30.777,0.993,1.4e+03,0:35
44.0%,220000,440.0,-40687.076,7853.82,-32833.256,307.937,30.809,0.992,1.4e+03,0:34
45.0%,225000,450.0,-40627.875,7202.105,-33425.769,282.384,31.005,0.986,1.4e+03,0:33
46.0%,230000,460.0,-40690.96,7806.863,-32884.097,306.096,31.051,0.985,1.4e+03,0:33
47.0%,235000,470.0,-40782.131,7831.604,-32950.527,307.066,31.101,0.983,1.4e+03,0:32
48.0%,240000,480.0,-40620.299,7742.47,-32877.829,303.571,30.847,0.991,1.4e+03,0:32
49.0%,245000,490.0,-40390.583,7820.337,-32570.246,306.624,31.43,0.973,1.4e+03,0:31
50.0%,250000,500.0,-40689.092,7750.94,-32938.152,303.903,30.398,1.006,1.4e+03,0:30
51.0%,255000,510.0,-40765.567,7626.189,-33139.378,299.012,30.838,0.991,1.4e+03,0:30
52.0%,260000,520.0,-40808.132,7749.741,-33058.391,303.856,31.318,0.976,1.4e+03,0:29
53.0%,265000,530.0,-40644.974,7722.351,-32922.622,302.783,31.141,0.982,1.4e+03,0:28
54.0%,270000,540.0,-40564.309,7569.041,-32995.268,296.771,30.772,0.994,1.4e+03,0:28
55.0%,275000,550.0,-40863.355,7770.638,-33092.718,304.676,30.985,0.987,1.4e+03,0:27
56.0%,280000,560.0,-40626.328,7783.529,-32842.799,305.181,30.977,0.987,1.4e+03,0:27
57.0%,285000,570.0,-40862.202,7527.003,-33335.199,295.123,31.276,0.978,1.4e+03,0:26
58.0%,290000,580.0,-40733.425,7737.424,-32996.002,303.373,31.262,0.978,1.4e+03,0:25
59.0%,295000,590.0,-40502.562,7609.691,-32892.87,298.365,31.114,0.983,1.4e+03,0:25
60.0%,300000,600.0,-40726.731,7905.565,-32821.166,309.966,31.334,0.976,1.4e+03,0:24
61.0%,305000,610.0,-40502.254,7479.286,-33022.968,293.252,31.268,0.978,1.4e+03,0:24
62.0%,310000,620.0,-40658.483,7875.788,-32782.694,308.799,30.814,0.992,1.4e+03,0:23
63.0%,315000,630.0,-40919.17,7427.292,-33491.878,291.214,30.81,0.992,1.4e+03,0:22
64.0%,320000,640.0,-40618.4,7761.334,-32857.066,304.311,30.61,0.999,1.4e+03,0:22
65.0%,325000,650.0,-40711.955,7969.87,-32742.084,312.487,30.957,0.988,1.4e+03,0:21
66.0%,330000,660.0,-40999.597,7446.352,-33553.245,291.961,30.578,1.0,1.4e+03,0:20
67.0%,335000,670.0,-40838.916,7792.607,-33046.309,305.537,31.03,0.985,1.4e+03,0:20
68.0%,340000,680.0,-40801.976,7539.901,-33262.075,295.629,31.138,0.982,1.4e+03,0:19
69.0%,345000,690.0,-40466.257,7681.353,-32784.905,301.175,30.916,0.989,1.4e+03,0:19
70.0%,350000,700.0,-40644.36,7957.666,-32686.695,312.009,31.23,0.979,1.4e+03,0:18
71.0%,355000,710.0,-40668.572,7599.917,-33068.655,297.982,30.704,0.996,1.4e+03,0:17
72.0%,360000,720.0,-40557.016,7648.453,-32908.563,299.885,31.307,0.977,1.4e+03,0:17
73.0%,365000,730.0,-40872.554,7792.051,-33080.502,305.515,30.76,0.994,1.4e+03,0:16
74.0%,370000,740.0,-40690.982,7461.932,-33229.05,292.572,31.122,0.982,1.4e+03,0:16
75.0%,375000,750.0,-40548.07,7730.94,-32817.13,303.119,31.407,0.973,1.4e+03,0:15
76.0%,380000,760.0,-40474.581,7724.546,-32750.035,302.869,31.24,0.979,1.4e+03,0:14
77.0%,385000,770.0,-40608.904,7897.106,-32711.797,309.634,30.902,0.989,1.4e+03,0:14
78.0%,390000,780.0,-40608.643,7577.817,-33030.826,297.116,30.966,0.987,1.4e+03,0:13
79.0%,395000,790.0,-40639.726,7618.676,-33021.05,298.718,31.308,0.977,1.4e+03,0:12
80.0%,400000,800.0,-40241.27,7466.277,-32774.994,292.742,31.306,0.977,1.4e+03,0:12
81.0%,405000,810.0,-40634.613,7765.346,-32869.267,304.468,31.004,0.986,1.4e+03,0:11
82.0%,410000,820.0,-40776.288,7739.87,-33036.418,303.469,30.776,0.993,1.4e+03,0:11
83.0%,415000,830.0,-40912.709,7657.442,-33255.267,300.238,30.873,0.99,1.4e+03,0:10
84.0%,420000,840.0,-41046.204,7653.741,-33392.462,300.092,30.934,0.988,1.4e+03,0:09
85.0%,425000,850.0,-40777.074,7672.669,-33104.405,300.835,31.212,0.98,1.4e+03,0:09
86.0%,430000,860.0,-40458.193,7727.274,-32730.919,302.976,31.532,0.97,1.4e+03,0:08
87.0%,435000,870.0,-40839.03,7654.652,-33184.378,300.128,31.429,0.973,1.4e+03,0:08
88.0%,440000,880.0,-40618.843,7607.24,-33011.603,298.269,31.496,0.971,1.4e+03,0:07
89.0%,445000,890.0,-40943.463,7695.867,-33247.596,301.744,31.012,0.986,1.4e+03,0:06
90.0%,450000,900.0,-40743.612,7718.359,-33025.253,302.626,31.175,0.981,1.4e+03,0:06
91.0%,455000,910.0,-40993.621,7723.391,-33270.231,302.823,30.869,0.99,1.4e+03,0:05
92.0%,460000,920.0,-40834.999,7823.209,-33011.79,306.737,30.809,0.992,1.4e+03,0:04
93.0%,465000,930.0,-40581.034,7877.209,-32703.825,308.854,31.161,0.981,1.4e+03,0:04
94.0%,470000,940.0,-40893.165,7522.245,-33370.92,294.937,30.698,0.996,1.4e+03,0:03
95.0%,475000,950.0,-41065.635,7460.536,-33605.099,292.517,30.242,1.011,1.4e+03,0:03
96.0%,480000,960.0,-40563.199,7958.545,-32604.654,312.043,30.868,0.99,1.4e+03,0:02
97.0%,485000,970.0,-40378.91,7937.664,-32441.246,311.225,30.811,0.992,1.4e+03,0:01
98.0%,490000,980.0,-40683.61,7743.958,-32939.651,303.63,30.941,0.988,1.4e+03,0:01
99.0%,495000,990.0,-40436.083,7507.252,-32928.831,294.349,30.727,0.995,1.4e+03,0:00
100.0%,500000,1000.0,-40649.761,7551.529,-33098.232,296.085,31.407,0.973,1.4e+03,0:00
101.0%,505000,1010.0,-40988.065,7458.393,-33529.671,292.433,30.891,0.99,1.4e+03,0:00
102.0%,510000,1020.0,-40541.305,7732.197,-32809.108,303.169,30.914,0.989,1.4e+03,23:59:59
103.0%,515000,1030.0,-40877.194,7790.23,-33086.964,305.444,30.739,0.995,1.4e+03,23:59:59
104.0%,520000,1040.0,-40688.455,7424.179,-33264.275,291.092,30.862,0.991,1.4e+03,23:59:58
105.0%,525000,1050.0,-40533.202,7769.168,-32764.035,304.618,31.445,0.972,1.4e+03,23:59:57
106.0%,530000,1060.0,-40773.306,7493.533,-33279.773,293.811,31.188,0.98,1.4e+03,23:59:57
107.0%,535000,1070.0,-40678.993,7762.732,-32916.261,304.366,31.313,0.976,1.4e+03,23:59:56
108.0%,540000,1080.0,-40534.589,7771.959,-32762.63,304.728,30.681,0.997,1.4e+03,23:59:56
109.0%,545000,1090.0,-40565.596,7633.797,-32931.799,299.31,31.12,0.982,1.4e+03,23:59:55
110.0%,550000,1100.0,-40619.57,7678.697,-32940.873,301.071,31.684,0.965,1.4e+03,23:59:54
111.0%,555000,1110.0,-40911.923,7658.765,-33253.157,300.289,30.897,0.99,1.4e+03,23:59:54
112.0%,560000,1120.0,-40883.347,7709.829,-33173.518,302.292,30.726,0.995,1.4e+03,23:59:53
113.0%,565000,1130.0,-40539.048,7881.751,-32657.297,309.032,31.371,0.975,1.4e+03,23:59:52
114.0%,570000,1140.0,-40664.357,7466.611,-33197.747,292.755,30.671,0.997,1.4e+03,23:59:52
115.0%,575000,1150.0,-40941.771,7709.862,-33231.91,302.293,30.954,0.988,1.4e+03,23:59:51
116.0%,580000,1160.0,-40913.635,7605.868,-33307.768,298.215,30.907,0.989,1.4e+03,23:59:51
117.0%,585000,1170.0,-40551.321,7532.476,-33018.844,295.338,31.356,0.975,1.4e+03,23:59:50
118.0%,590000,1180.0,-40575.943,7649.59,-32926.353,299.93,30.875,0.99,1.4e+03,23:59:49
119.0%,595000,1190.0,-40762.126,7749.123,-33013.003,303.832,31.021,0.986,1.4e+03,23:59:49
120.0%,600000,1200.0,-40551.902,7735.18,-32816.722,303.286,31.074,0.984,1.4e+03,23:59:48
