
          -------------------------------------------------------
          Amber 24 PMEMD                              2024
          -------------------------------------------------------

| PMEMD implementation of SANDER, Release 24

|  Compiled date/time: Wed Aug 21 09:34:12 2024
| Run on 05/28/2026 at 18:15:56

|   Executable path: pmemd.cuda
| Working directory: /localscratch/kbui/NexusMol/examples
|          Hostname: irene2

  [-O]verwriting output

File Assignments:
|   MDIN: /localscratch/kbui/NexusMol/examples/artifacts/MD_DiAla/prod1.in      
|  MDOUT: /localscratch/kbui/NexusMol/examples/artifacts/MD_DiAla/prod1.out     
| INPCRD: /localscratch/kbui/NexusMol/examples/artifacts/MD_DiAla/seed1.ncrst   
|   PARM: /localscratch/kbui/NexusMol/examples/ALA.prmtop                       
| RESTRT: /localscratch/kbui/NexusMol/examples/artifacts/MD_DiAla/prod1.ncrst   
|   REFC: /localscratch/kbui/NexusMol/examples/artifacts/MD_DiAla/seed1.ncrst   
|  MDVEL: mdvel                                                                 
|   MDEN: mden                                                                  
|  MDCRD: /localscratch/kbui/NexusMol/examples/artifacts/MD_DiAla/prod1.nc      
| MDINFO: /localscratch/kbui/NexusMol/examples/artifacts/MD_DiAla/prod1.info    
|  MDFRC: mdfrc                                                                 


 Here is the input file:

Explicit solvent molecular dynamics constant pressure 25 ns MD                 
&cntrl                                                                         
 imin=0, irest=1, ntx=5,                                                       
 ntpr=50000, ntwx=50000, ntwr=50000, nstlim=500000,                            
 dt=0.002, ntt=3, tempi=300.0,                                                 
 temp0=300.0, gamma_ln=1.0, ig=-1,                                             
 ntp=1, ntc=2, ntf=2, cut=10.0,                                                
 ntb=2, iwrap=1, ioutfm=1,                                                     
/                                                                              


Note: ig = -1. Setting random seed to   886944 based on wallclock time in 
      microseconds.
| irandom = 1, using AMBER's internal random number generator (default).
 
|--------------------- INFORMATION ----------------------
| GPU (CUDA) Version of PMEMD in use: NVIDIA GPU IN USE.
|                    Version 18.0.0
| 
|                      03/25/2018
| 
| Implementation by:
|                    Ross C. Walker     (SDSC)
|                    Scott Le Grand     (nVIDIA)
| 
| Version 18 performance extensions by:
|                    David Cerutti     (Rutgers)
| 
| Precision model in use:
|      [SPFP] - Single Precision Forces, 64-bit Fixed Point
|               Accumulation. (Default)
| 
|--------------------------------------------------------
 
|----------------- CITATION INFORMATION -----------------
|
|    When publishing work that utilized the CUDA version
|    of AMBER, please cite the following in addition to
|    the regular AMBER citations:
|
|  - Romelia Salomon-Ferrer; Andreas W. Goetz; Duncan
|    Poole; Scott Le Grand; Ross C. Walker "Routine
|    microsecond molecular dynamics simulations with
|    AMBER - Part II: Particle Mesh Ewald", J. Chem.
|    Theory Comput., 2013, 9 (9), pp3878-3888,
|    DOI: 10.1021/ct400314y.
|
|  - Andreas W. Goetz; Mark J. Williamson; Dong Xu;
|    Duncan Poole; Scott Le Grand; Ross C. Walker
|    "Routine microsecond molecular dynamics simulations
|    with AMBER - Part I: Generalized Born", J. Chem.
|    Theory Comput., 2012, 8 (5), pp1542-1555.
|
|  - Scott Le Grand; Andreas W. Goetz; Ross C. Walker
|    "SPFP: Speed without compromise - a mixed precision
|    model for GPU accelerated molecular dynamics
|    simulations.", Comp. Phys. Comm., 2013, 184
|    pp374-380, DOI: 10.1016/j.cpc.2012.09.022
|
|--------------------------------------------------------
 
|------------------- GPU DEVICE INFO --------------------
|
|            CUDA_VISIBLE_DEVICES: not set
|   CUDA Capable Devices Detected:      1
|           CUDA Device ID in use:      0
|                CUDA Device Name: NVIDIA GeForce RTX 4090
|     CUDA Device Global Mem Size:  24079 MB
| CUDA Device Num Multiprocessors:    128
|           CUDA Device Core Freq:   2.62 GHz
|
|--------------------------------------------------------
 
 
| Conditional Compilation Defines Used:
| PUBFFT
| BINTRAJ
| CUDA
| EMIL

| Largest sphere to fit in unit cell has radius =    13.990

| New format PARM file being parsed.
| Version =    1.000 Date = 03/28/26 Time = 21:23:47

| Note: 1-4 EEL scale factors are being read from the topology file.

| Note: 1-4 VDW scale factors are being read from the topology file.
| Duplicated    0 dihedrals

| Duplicated    0 dihedrals

--------------------------------------------------------------------------------
   1.  RESOURCE   USE: 
--------------------------------------------------------------------------------

 getting box info from netcdf restart file
 NATOM  =    3064 NTYPES =       9 NBONH =    3054 MBONA  =       9
 NTHETH =      25 MTHETA =      11 NPHIH =      43 MPHIA  =      24
 NHPARM =       0 NPARM  =       0 NNB   =    4155 NRES   =    1017
 NBONA  =       9 NTHETA =      11 NPHIA =      24 NUMBND =      13
 NUMANG =      21 NPTRA  =      14 NATYP =      10 NPHB   =       0
 IFBOX  =       2 NMXRS  =      10 IFCAP =       0 NEXTRA =       0
 NCOPY  =       0

| Coordinate Index Table dimensions:     5    5    5
| Direct force subcell size =     6.8536    6.8536    6.8536

     BOX TYPE: TRUNCATED OCTAHEDRON

--------------------------------------------------------------------------------
   2.  CONTROL  DATA  FOR  THE  RUN
--------------------------------------------------------------------------------

ACE                                                                             

General flags:
     imin    =       0, nmropt  =       0

Nature and format of input:
     ntx     =       5, irest   =       1, ntrx    =       1

Nature and format of output:
     ntxo    =       2, ntpr    =   50000, ntrx    =       1, ntwr    =   50000
     iwrap   =       1, ntwx    =   50000, ntwv    =       0, ntwe    =       0
     ioutfm  =       1, ntwprt  =       0, idecomp =       0, rbornstat=      0

Potential function:
     ntf     =       2, ntb     =       2, igb     =       0, nsnb    =      25
     ipol    =       0, gbsa    =       0, iesp    =       0
     dielc   =   1.00000, cut     =  10.00000, intdiel =   1.00000

Frozen or restrained atoms:
     ibelly  =       0, ntr     =       0

Molecular dynamics:
     nstlim  =    500000, nscm    =      1000, nrespa  =         1
     t       =   0.00000, dt      =   0.00200, vlimit  =  -1.00000

Langevin dynamics temperature regulation:
     ig      =  886944
     temp0   = 300.00000, tempi   = 300.00000, gamma_ln=   1.00000

Pressure regulation:
     ntp     =       1
     pres0   =   1.00000, comp    =  44.60000, taup    =   1.00000

SHAKE:
     ntc     =       2, jfastw  =       0
     tol     =   0.00001

| Intermolecular bonds treatment:
|     no_intermolecular_bonds =       1

| Energy averages sample interval:
|     ene_avg_sampling =   50000

Ewald parameters:
     verbose =       0, ew_type =       0, nbflag  =       1, use_pme =       1
     vdwmeth =       1, eedmeth =       1, netfrc  =       1
     Box X =   34.268   Box Y =   34.268   Box Z =   34.268
     Alpha =  109.471   Beta  =  109.471   Gamma =  109.471
     NFFT1 =   36       NFFT2 =   36       NFFT3 =   36
     Cutoff=   10.000   Tol   =0.100E-04
     Ewald Coefficient =  0.27511
     Interpolation order =    4

--------------------------------------------------------------------------------
   3.  ATOMIC COORDINATES AND VELOCITIES
--------------------------------------------------------------------------------

ACE                                                                             
 begin time read from input coords =   200.000 ps

 
 Number of triangulated 3-point waters found:     1014

     Sum of charges from parm topology file =  -0.00000000
     Forcing neutrality...

| Dynamic Memory, Types Used:
| Reals              277614
| Integers            95816

| Nonbonded Pairs Initial Allocation:      926783

| GPU memory information (estimate):
| KB of GPU memory in use:     40898
| KB of CPU memory in use:     12782

--------------------------------------------------------------------------------
   4.  RESULTS
--------------------------------------------------------------------------------

wrapping first mol.:      -11.43515       32.34348        0.00000
wrapping first mol.:      -11.43515       32.34348        0.00000

 NSTEP =    50000   TIME(PS) =     300.000  TEMP(K) =   296.27  PRESS =  -125.8
 Etot   =     -7915.1539  EKtot   =      1806.8772  EPtot      =     -9722.0311
 BOND   =         3.0872  ANGLE   =         8.4202  DIHED      =         6.3975
 UB     =         0.0000  IMP     =         0.0000  CMAP       =        -0.2702
 1-4 NB =         3.3834  1-4 EEL =        42.9067  VDWAALS    =      1420.9977
 EELEC  =    -11206.9535  EHBOND  =         0.0000  RESTRAINT  =         0.0000
 EKCMT  =       921.6990  VIRIAL  =      1006.1364  VOLUME     =     31079.3726
                                                    Density    =         0.9838
 ------------------------------------------------------------------------------

wrapping first mol.:       22.90552       32.39330        0.00000
wrapping first mol.:       22.90552       32.39330        0.00000

 NSTEP =   100000   TIME(PS) =     400.000  TEMP(K) =   293.48  PRESS =   451.2
 Etot   =     -7860.4764  EKtot   =      1789.8458  EPtot      =     -9650.3222
 BOND   =         3.1486  ANGLE   =         9.1000  DIHED      =         4.0476
 UB     =         0.0000  IMP     =         0.0000  CMAP       =         0.0584
 1-4 NB =         2.5044  1-4 EEL =        47.6382  VDWAALS    =      1495.5909
 EELEC  =    -11212.4104  EHBOND  =         0.0000  RESTRAINT  =         0.0000
 EKCMT  =       879.9656  VIRIAL  =       575.8138  VOLUME     =     31221.5950
                                                    Density    =         0.9793
 ------------------------------------------------------------------------------

wrapping first mol.:      -11.43254       32.33610        0.00000
wrapping first mol.:      -11.43254       32.33610        0.00000

 NSTEP =   150000   TIME(PS) =     500.000  TEMP(K) =   296.78  PRESS =   524.2
 Etot   =     -7902.2866  EKtot   =      1809.9828  EPtot      =     -9712.2694
 BOND   =         3.6579  ANGLE   =         6.0755  DIHED      =         3.4454
 UB     =         0.0000  IMP     =         0.0000  CMAP       =         0.0928
 1-4 NB =         3.1010  1-4 EEL =        46.9180  VDWAALS    =      1515.3610
 EELEC  =    -11290.9208  EHBOND  =         0.0000  RESTRAINT  =         0.0000
 EKCMT  =       921.1192  VIRIAL  =       569.6069  VOLUME     =     31056.2957
                                                    Density    =         0.9845
 ------------------------------------------------------------------------------

wrapping first mol.:      -11.45443       32.39802        0.00000
wrapping first mol.:      -11.45443       32.39802        0.00000

 NSTEP =   200000   TIME(PS) =     600.000  TEMP(K) =   293.19  PRESS =   -65.8
 Etot   =     -7941.1522  EKtot   =      1788.0977  EPtot      =     -9729.2498
 BOND   =         3.0439  ANGLE   =        15.4087  DIHED      =         4.1660
 UB     =         0.0000  IMP     =         0.0000  CMAP       =        -0.1303
 1-4 NB =         2.9177  1-4 EEL =        46.2517  VDWAALS    =      1456.5795
 EELEC  =    -11257.4870  EHBOND  =         0.0000  RESTRAINT  =         0.0000
 EKCMT  =       900.9494  VIRIAL  =       945.3406  VOLUME     =     31236.6950
                                                    Density    =         0.9788
 ------------------------------------------------------------------------------

wrapping first mol.:      -11.43502       32.34313        0.00000
wrapping first mol.:      -11.43502       32.34313        0.00000

 NSTEP =   250000   TIME(PS) =     700.000  TEMP(K) =   307.71  PRESS =   256.5
 Etot   =     -7905.7642  EKtot   =      1876.6124  EPtot      =     -9782.3766
 BOND   =         3.0256  ANGLE   =         6.1289  DIHED      =         3.6474
 UB     =         0.0000  IMP     =         0.0000  CMAP       =         0.2012
 1-4 NB =         2.0991  1-4 EEL =        44.5062  VDWAALS    =      1488.3838
 EELEC  =    -11330.3687  EHBOND  =         0.0000  RESTRAINT  =         0.0000
 EKCMT  =       946.8190  VIRIAL  =       774.7333  VOLUME     =     31077.2863
                                                    Density    =         0.9838
 ------------------------------------------------------------------------------

wrapping first mol.:      -11.44483       32.37087        0.00000
wrapping first mol.:      -11.44483       32.37087        0.00000

 NSTEP =   300000   TIME(PS) =     800.000  TEMP(K) =   303.75  PRESS =   -79.4
 Etot   =     -7795.2940  EKtot   =      1852.4661  EPtot      =     -9647.7601
 BOND   =         2.1976  ANGLE   =         8.1772  DIHED      =         3.9911
 UB     =         0.0000  IMP     =         0.0000  CMAP       =         0.1669
 1-4 NB =         2.9918  1-4 EEL =        49.2008  VDWAALS    =      1406.8291
 EELEC  =    -11121.3147  EHBOND  =         0.0000  RESTRAINT  =         0.0000
 EKCMT  =       925.8789  VIRIAL  =       979.2673  VOLUME     =     31158.2567
                                                    Density    =         0.9813
 ------------------------------------------------------------------------------

wrapping first mol.:      -11.46057       32.41539        0.00000
wrapping first mol.:      -11.46057       32.41539        0.00000

 NSTEP =   350000   TIME(PS) =     900.000  TEMP(K) =   295.21  PRESS =    85.7
 Etot   =     -7828.9907  EKtot   =      1800.3689  EPtot      =     -9629.3596
 BOND   =         3.7010  ANGLE   =         9.3908  DIHED      =         4.2233
 UB     =         0.0000  IMP     =         0.0000  CMAP       =        -0.3737
 1-4 NB =         2.9989  1-4 EEL =        46.3759  VDWAALS    =      1426.1783
 EELEC  =    -11121.8541  EHBOND  =         0.0000  RESTRAINT  =         0.0000
 EKCMT  =       936.4622  VIRIAL  =       878.5967  VOLUME     =     31286.5279
                                                    Density    =         0.9773
 ------------------------------------------------------------------------------

wrapping first mol.:      -11.43179       32.33398        0.00000
wrapping first mol.:      -11.43179       32.33398        0.00000

 NSTEP =   400000   TIME(PS) =    1000.000  TEMP(K) =   293.93  PRESS =  -685.8
 Etot   =     -7909.7454  EKtot   =      1792.6167  EPtot      =     -9702.3621
 BOND   =         1.9311  ANGLE   =         7.1120  DIHED      =         4.5529
 UB     =         0.0000  IMP     =         0.0000  CMAP       =         1.3553
 1-4 NB =         2.5977  1-4 EEL =        44.9244  VDWAALS    =      1345.6561
 EELEC  =    -11110.4916  EHBOND  =         0.0000  RESTRAINT  =         0.0000
 EKCMT  =       868.5835  VIRIAL  =      1328.3906  VOLUME     =     31053.5249
                                                    Density    =         0.9846
 ------------------------------------------------------------------------------

wrapping first mol.:       22.91123       32.40138        0.00000
wrapping first mol.:       22.91123       32.40138        0.00000

 NSTEP =   450000   TIME(PS) =    1100.000  TEMP(K) =   301.27  PRESS =   452.0
 Etot   =     -7789.0888  EKtot   =      1837.3464  EPtot      =     -9626.4353
 BOND   =         2.6357  ANGLE   =         9.7770  DIHED      =         3.5466
 UB     =         0.0000  IMP     =         0.0000  CMAP       =         0.2277
 1-4 NB =         4.2025  1-4 EEL =        48.0845  VDWAALS    =      1473.6567
 EELEC  =    -11168.5661  EHBOND  =         0.0000  RESTRAINT  =         0.0000
 EKCMT  =       929.7080  VIRIAL  =       624.8110  VOLUME     =     31244.9527
                                                    Density    =         0.9786
 ------------------------------------------------------------------------------

wrapping first mol.:      -11.39645       32.23404        0.00000
wrapping first mol.:      -11.39645       32.23404        0.00000

 NSTEP =   500000   TIME(PS) =    1200.000  TEMP(K) =   302.24  PRESS =  -200.0
 Etot   =     -7920.3174  EKtot   =      1843.2908  EPtot      =     -9763.6081
 BOND   =         2.6861  ANGLE   =        13.4052  DIHED      =         4.7402
 UB     =         0.0000  IMP     =         0.0000  CMAP       =        -0.2058
 1-4 NB =         4.8752  1-4 EEL =        45.5605  VDWAALS    =      1402.5672
 EELEC  =    -11237.2367  EHBOND  =         0.0000  RESTRAINT  =         0.0000
 EKCMT  =       913.8949  VIRIAL  =      1046.7481  VOLUME     =     30765.1552
                                                    Density    =         0.9938
 ------------------------------------------------------------------------------


      A V E R A G E S   O V E R      10 S T E P S


 NSTEP =   500000   TIME(PS) =    1200.000  TEMP(K) =   298.38  PRESS =    61.3
 Etot   =     -7876.8270  EKtot   =      1819.7505  EPtot      =     -9696.5774
 BOND   =         2.9115  ANGLE   =         9.2995  DIHED      =         4.2758
 UB     =         0.0000  IMP     =         0.0000  CMAP       =         0.1122
 1-4 NB =         3.1672  1-4 EEL =        46.2367  VDWAALS    =      1443.1800
 EELEC  =    -11205.7603  EHBOND  =         0.0000  RESTRAINT  =         0.0000
 EKCMT  =       914.5080  VIRIAL  =       872.9445  VOLUME     =     31117.9662
                                                    Density    =         0.9826
 ------------------------------------------------------------------------------


      R M S  F L U C T U A T I O N S


 NSTEP =   500000   TIME(PS) =    1200.000  TEMP(K) =     4.76  PRESS =   354.3
 Etot   =        51.9312  EKtot   =        29.0458  EPtot      =        52.7357
 BOND   =         0.5381  ANGLE   =         2.8587  DIHED      =         0.8098
 UB     =         0.0000  IMP     =         0.0000  CMAP       =         0.4599
 1-4 NB =         0.7788  1-4 EEL =         1.7582  VDWAALS    =        49.3676
 EELEC  =        71.5000  EHBOND  =         0.0000  RESTRAINT  =         0.0000
 EKCMT  =        23.3842  VIRIAL  =       228.7952  VOLUME     =       143.7266
                                                    Density    =         0.0046
 ------------------------------------------------------------------------------

--------------------------------------------------------------------------------
   5.  TIMINGS
--------------------------------------------------------------------------------

|  NonSetup CPU Time in Major Routines:
|
|     Routine           Sec        %
|     ------------------------------
|     Nonbond          88.37   75.69
|     Bond              0.00    0.00
|     Angle             0.00    0.00
|     Dihedral          0.00    0.00
|     Shake             1.59    1.36
|     RunMD            25.98   22.25
|     Other             0.81    0.69
|     ------------------------------
|     Total           116.75

|  PME Nonbond Pairlist CPU Time:
|
|     Routine              Sec        %
|     ---------------------------------
|     Set Up Cit           0.00    0.00
|     Build List           0.00    0.00
|     ---------------------------------
|     Total                0.00    0.00

|  PME Direct Force CPU Time:
|
|     Routine              Sec        %
|     ---------------------------------
|     NonBonded Calc       0.00    0.00
|     Exclude Masked       0.00    0.00
|     Other                0.52    0.44
|     ---------------------------------
|     Total                0.52    0.44

|  PME Reciprocal Force CPU Time:
|
|     Routine              Sec        %
|     ---------------------------------
|     1D bspline           0.00    0.00
|     Grid Charges         0.00    0.00
|     Scalar Sum           0.00    0.00
|     Gradient Sum         0.00    0.00
|     FFT                  0.00    0.00
|     ---------------------------------
|     Total                0.00    0.00

|  Final Performance Info:
|     -----------------------------------------------------
|     Average timings for last  150000 steps:
|     Elapsed(s) =      35.10 Per Step(ms) =       0.23
|         ns/day =     738.40   seconds/ns =     117.01
|
|     Average timings for all steps:
|     Elapsed(s) =     117.08 Per Step(ms) =       0.23
|         ns/day =     737.98   seconds/ns =     117.08
|     -----------------------------------------------------

|  Setup CPU time:            0.20 seconds
|  NonSetup CPU time:       116.75 seconds
|  Total CPU time:          116.94 seconds     0.03 hours

|  Setup wall time:           1    seconds
|  NonSetup wall time:      117    seconds
|  Total wall time:         118    seconds     0.03 hours
