
          -------------------------------------------------------
          Amber 24 PMEMD                              2024
          -------------------------------------------------------

| PMEMD implementation of SANDER, Release 24

|  Compiled date/time: Wed Aug 21 09:34:12 2024
| Run on 05/25/2026 at 14:24:44

|   Executable path: pmemd.cuda
| Working directory: /localscratch/kbui/NexusMol/examples
|          Hostname: irene2

  [-O]verwriting output

File Assignments:
|   MDIN: /localscratch/kbui/NexusMol/examples/artifacts/MD_6W63_mol4/prod1.in  
|  MDOUT: /localscratch/kbui/NexusMol/examples/artifacts/MD_6W63_mol4/prod1.out 
| INPCRD: /localscratch/kbui/NexusMol/examples/artifacts/MD_6W63_mol4/seed1.ncrs
|   PARM: /localscratch/kbui/NexusMol/examples/md_input/ALA.prmtop              
| RESTRT: /localscratch/kbui/NexusMol/examples/artifacts/MD_6W63_mol4/prod1.ncrs
|   REFC: /localscratch/kbui/NexusMol/examples/artifacts/MD_6W63_mol4/seed1.ncrs
|  MDVEL: mdvel                                                                 
|   MDEN: mden                                                                  
|  MDCRD: /localscratch/kbui/NexusMol/examples/artifacts/MD_6W63_mol4/prod1.nc  
| MDINFO: /localscratch/kbui/NexusMol/examples/artifacts/MD_6W63_mol4/prod1.info
|  MDFRC: mdfrc                                                                 


 Here is the input file:

Explicit solvent molecular dynamics constant pressure 25 ns MD                 
&cntrl                                                                         
 imin=0, irest=1, ntx=5,                                                       
 ntpr=125000, ntwx=125000, ntwr=125000, nstlim=1250000,                        
 dt=0.002, ntt=3, tempi=300.0,                                                 
 temp0=300.0, gamma_ln=1.0, ig=-1,                                             
 ntp=1, ntc=2, ntf=2, cut=10.0,                                                
 ntb=2, iwrap=1, ioutfm=1,                                                     
/                                                                              


Note: ig = -1. Setting random seed to    99166 based on wallclock time in 
      microseconds.
| irandom = 1, using AMBER's internal random number generator (default).
 
|--------------------- INFORMATION ----------------------
| GPU (CUDA) Version of PMEMD in use: NVIDIA GPU IN USE.
|                    Version 18.0.0
| 
|                      03/25/2018
| 
| Implementation by:
|                    Ross C. Walker     (SDSC)
|                    Scott Le Grand     (nVIDIA)
| 
| Version 18 performance extensions by:
|                    David Cerutti     (Rutgers)
| 
| Precision model in use:
|      [SPFP] - Single Precision Forces, 64-bit Fixed Point
|               Accumulation. (Default)
| 
|--------------------------------------------------------
 
|----------------- CITATION INFORMATION -----------------
|
|    When publishing work that utilized the CUDA version
|    of AMBER, please cite the following in addition to
|    the regular AMBER citations:
|
|  - Romelia Salomon-Ferrer; Andreas W. Goetz; Duncan
|    Poole; Scott Le Grand; Ross C. Walker "Routine
|    microsecond molecular dynamics simulations with
|    AMBER - Part II: Particle Mesh Ewald", J. Chem.
|    Theory Comput., 2013, 9 (9), pp3878-3888,
|    DOI: 10.1021/ct400314y.
|
|  - Andreas W. Goetz; Mark J. Williamson; Dong Xu;
|    Duncan Poole; Scott Le Grand; Ross C. Walker
|    "Routine microsecond molecular dynamics simulations
|    with AMBER - Part I: Generalized Born", J. Chem.
|    Theory Comput., 2012, 8 (5), pp1542-1555.
|
|  - Scott Le Grand; Andreas W. Goetz; Ross C. Walker
|    "SPFP: Speed without compromise - a mixed precision
|    model for GPU accelerated molecular dynamics
|    simulations.", Comp. Phys. Comm., 2013, 184
|    pp374-380, DOI: 10.1016/j.cpc.2012.09.022
|
|--------------------------------------------------------
 
|------------------- GPU DEVICE INFO --------------------
|
|            CUDA_VISIBLE_DEVICES: not set
|   CUDA Capable Devices Detected:      1
|           CUDA Device ID in use:      0
|                CUDA Device Name: NVIDIA GeForce RTX 4090
|     CUDA Device Global Mem Size:  24071 MB
| CUDA Device Num Multiprocessors:    128
|           CUDA Device Core Freq:   2.62 GHz
|
|--------------------------------------------------------
 
 
| Conditional Compilation Defines Used:
| PUBFFT
| BINTRAJ
| CUDA
| EMIL

| Largest sphere to fit in unit cell has radius =    14.008

| New format PARM file being parsed.
| Version =    1.000 Date = 03/28/26 Time = 21:23:47

| Note: 1-4 EEL scale factors are being read from the topology file.

| Note: 1-4 VDW scale factors are being read from the topology file.
| Duplicated    0 dihedrals

| Duplicated    0 dihedrals

--------------------------------------------------------------------------------
   1.  RESOURCE   USE: 
--------------------------------------------------------------------------------

 getting box info from netcdf restart file
 NATOM  =    3064 NTYPES =       9 NBONH =    3054 MBONA  =       9
 NTHETH =      25 MTHETA =      11 NPHIH =      43 MPHIA  =      24
 NHPARM =       0 NPARM  =       0 NNB   =    4155 NRES   =    1017
 NBONA  =       9 NTHETA =      11 NPHIA =      24 NUMBND =      13
 NUMANG =      21 NPTRA  =      14 NATYP =      10 NPHB   =       0
 IFBOX  =       2 NMXRS  =      10 IFCAP =       0 NEXTRA =       0
 NCOPY  =       0

| Coordinate Index Table dimensions:     5    5    5
| Direct force subcell size =     6.8626    6.8626    6.8626

     BOX TYPE: TRUNCATED OCTAHEDRON

--------------------------------------------------------------------------------
   2.  CONTROL  DATA  FOR  THE  RUN
--------------------------------------------------------------------------------

ACE                                                                             

General flags:
     imin    =       0, nmropt  =       0

Nature and format of input:
     ntx     =       5, irest   =       1, ntrx    =       1

Nature and format of output:
     ntxo    =       2, ntpr    =  125000, ntrx    =       1, ntwr    =  125000
     iwrap   =       1, ntwx    =  125000, ntwv    =       0, ntwe    =       0
     ioutfm  =       1, ntwprt  =       0, idecomp =       0, rbornstat=      0

Potential function:
     ntf     =       2, ntb     =       2, igb     =       0, nsnb    =      25
     ipol    =       0, gbsa    =       0, iesp    =       0
     dielc   =   1.00000, cut     =  10.00000, intdiel =   1.00000

Frozen or restrained atoms:
     ibelly  =       0, ntr     =       0

Molecular dynamics:
     nstlim  =   1250000, nscm    =      1000, nrespa  =         1
     t       =   0.00000, dt      =   0.00200, vlimit  =  -1.00000

Langevin dynamics temperature regulation:
     ig      =   99166
     temp0   = 300.00000, tempi   = 300.00000, gamma_ln=   1.00000

Pressure regulation:
     ntp     =       1
     pres0   =   1.00000, comp    =  44.60000, taup    =   1.00000

SHAKE:
     ntc     =       2, jfastw  =       0
     tol     =   0.00001

| Intermolecular bonds treatment:
|     no_intermolecular_bonds =       1

| Energy averages sample interval:
|     ene_avg_sampling =  125000

Ewald parameters:
     verbose =       0, ew_type =       0, nbflag  =       1, use_pme =       1
     vdwmeth =       1, eedmeth =       1, netfrc  =       1
     Box X =   34.313   Box Y =   34.313   Box Z =   34.313
     Alpha =  109.471   Beta  =  109.471   Gamma =  109.471
     NFFT1 =   36       NFFT2 =   36       NFFT3 =   36
     Cutoff=   10.000   Tol   =0.100E-04
     Ewald Coefficient =  0.27511
     Interpolation order =    4

--------------------------------------------------------------------------------
   3.  ATOMIC COORDINATES AND VELOCITIES
--------------------------------------------------------------------------------

ACE                                                                             
 begin time read from input coords =   200.000 ps

 
 Number of triangulated 3-point waters found:     1014

     Sum of charges from parm topology file =  -0.00000000
     Forcing neutrality...

| Dynamic Memory, Types Used:
| Reals              277614
| Integers            95816

| Nonbonded Pairs Initial Allocation:      926783

| GPU memory information (estimate):
| KB of GPU memory in use:     40898
| KB of CPU memory in use:     12782

--------------------------------------------------------------------------------
   4.  RESULTS
--------------------------------------------------------------------------------

wrapping first mol.:       22.88919      -16.18510       28.03342
wrapping first mol.:       22.88919      -16.18510       28.03342

 NSTEP =   125000   TIME(PS) =     450.000  TEMP(K) =   302.88  PRESS =  -109.5
 Etot   =     -7919.3618  EKtot   =      1847.1558  EPtot      =     -9766.5175
 BOND   =         4.4298  ANGLE   =         7.8940  DIHED      =         4.7531
 UB     =         0.0000  IMP     =         0.0000  CMAP       =         0.6914
 1-4 NB =         3.3052  1-4 EEL =        47.0991  VDWAALS    =      1442.8323
 EELEC  =    -11277.5225  EHBOND  =         0.0000  RESTRAINT  =         0.0000
 EKCMT  =       925.4504  VIRIAL  =       999.1205  VOLUME     =     31156.4306
                                                    Density    =         0.9813
 ------------------------------------------------------------------------------

wrapping first mol.:       22.88056      -16.17899       28.02284
wrapping first mol.:       22.88056      -16.17899       28.02284

 NSTEP =   250000   TIME(PS) =     700.000  TEMP(K) =   297.36  PRESS =  -298.0
 Etot   =     -7883.7093  EKtot   =      1813.5344  EPtot      =     -9697.2437
 BOND   =         2.9874  ANGLE   =        10.3836  DIHED      =         5.4184
 UB     =         0.0000  IMP     =         0.0000  CMAP       =         1.6153
 1-4 NB =         3.3194  1-4 EEL =        44.0013  VDWAALS    =      1406.9294
 EELEC  =    -11171.8985  EHBOND  =         0.0000  RESTRAINT  =         0.0000
 EKCMT  =       904.0820  VIRIAL  =      1104.2926  VOLUME     =     31121.6905
                                                    Density    =         0.9824
 ------------------------------------------------------------------------------

wrapping first mol.:       11.42885       16.16284       27.99485
wrapping first mol.:       11.42885       16.16284       27.99485

 NSTEP =   375000   TIME(PS) =     950.000  TEMP(K) =   303.04  PRESS =  -209.3
 Etot   =     -7875.8239  EKtot   =      1848.1404  EPtot      =     -9723.9643
 BOND   =         1.8365  ANGLE   =         9.1958  DIHED      =         3.6771
 UB     =         0.0000  IMP     =         0.0000  CMAP       =         1.2074
 1-4 NB =         3.2880  1-4 EEL =        45.7357  VDWAALS    =      1416.9399
 EELEC  =    -11205.8447  EHBOND  =         0.0000  RESTRAINT  =         0.0000
 EKCMT  =       917.6933  VIRIAL  =      1057.9105  VOLUME     =     31028.2686
                                                    Density    =         0.9854
 ------------------------------------------------------------------------------

wrapping first mol.:       22.88955       32.37072       56.06772
wrapping first mol.:       22.88955       32.37072       56.06772

 NSTEP =   500000   TIME(PS) =    1200.000  TEMP(K) =   301.44  PRESS =   136.8
 Etot   =     -7877.6530  EKtot   =      1838.3715  EPtot      =     -9716.0245
 BOND   =         2.3494  ANGLE   =         8.8034  DIHED      =         3.9864
 UB     =         0.0000  IMP     =         0.0000  CMAP       =         1.1023
 1-4 NB =         2.2069  1-4 EEL =        48.3682  VDWAALS    =      1461.4907
 EELEC  =    -11244.3318  EHBOND  =         0.0000  RESTRAINT  =         0.0000
 EKCMT  =       899.1029  VIRIAL  =       807.0769  VOLUME     =     31157.2005
                                                    Density    =         0.9813
 ------------------------------------------------------------------------------

wrapping first mol.:       22.94998       32.45617       56.21573
wrapping first mol.:       22.94998       32.45617       56.21573

 NSTEP =   625000   TIME(PS) =    1450.000  TEMP(K) =   305.34  PRESS =   439.7
 Etot   =     -7745.7316  EKtot   =      1862.1589  EPtot      =     -9607.8906
 BOND   =         5.4715  ANGLE   =         8.3540  DIHED      =         3.5849
 UB     =         0.0000  IMP     =         0.0000  CMAP       =        -0.0378
 1-4 NB =         2.0025  1-4 EEL =        48.0918  VDWAALS    =      1470.5992
 EELEC  =    -11145.9569  EHBOND  =         0.0000  RESTRAINT  =         0.0000
 EKCMT  =       913.3766  VIRIAL  =       615.2571  VOLUME     =     31403.7486
                                                    Density    =         0.9736
 ------------------------------------------------------------------------------

wrapping first mol.:       22.81598       32.26667       55.88751
wrapping first mol.:       22.81598       32.26667       55.88751

 NSTEP =   750000   TIME(PS) =    1700.000  TEMP(K) =   294.38  PRESS =   817.5
 Etot   =     -7838.7054  EKtot   =      1795.3219  EPtot      =     -9634.0273
 BOND   =         2.6772  ANGLE   =         8.0485  DIHED      =         3.6363
 UB     =         0.0000  IMP     =         0.0000  CMAP       =         0.0313
 1-4 NB =         4.7289  1-4 EEL =        47.1062  VDWAALS    =      1503.6513
 EELEC  =    -11203.9070  EHBOND  =         0.0000  RESTRAINT  =         0.0000
 EKCMT  =       912.2120  VIRIAL  =       367.6033  VOLUME     =     30855.8610
                                                    Density    =         0.9909
 ------------------------------------------------------------------------------

wrapping first mol.:       22.90609       32.39411       56.10824
wrapping first mol.:       22.90609       32.39411       56.10824

 NSTEP =   875000   TIME(PS) =    1950.000  TEMP(K) =   310.24  PRESS =  -276.6
 Etot   =     -7735.5104  EKtot   =      1892.0881  EPtot      =     -9627.5985
 BOND   =         7.3125  ANGLE   =         6.7410  DIHED      =         6.1117
 UB     =         0.0000  IMP     =         0.0000  CMAP       =         0.2649
 1-4 NB =         4.5515  1-4 EEL =        46.8870  VDWAALS    =      1375.2672
 EELEC  =    -11074.7343  EHBOND  =         0.0000  RESTRAINT  =         0.0000
 EKCMT  =       926.8954  VIRIAL  =      1113.3726  VOLUME     =     31225.9458
                                                    Density    =         0.9792
 ------------------------------------------------------------------------------

wrapping first mol.:       22.85779       32.32580       55.98992
wrapping first mol.:       22.85779       32.32580       55.98992

 NSTEP =  1000000   TIME(PS) =    2200.000  TEMP(K) =   294.49  PRESS =  -371.6
 Etot   =     -7900.6616  EKtot   =      1795.9895  EPtot      =     -9696.6511
 BOND   =         3.3759  ANGLE   =         6.0973  DIHED      =         6.2497
 UB     =         0.0000  IMP     =         0.0000  CMAP       =         1.8218
 1-4 NB =         4.1373  1-4 EEL =        46.6479  VDWAALS    =      1377.7006
 EELEC  =    -11142.6815  EHBOND  =         0.0000  RESTRAINT  =         0.0000
 EKCMT  =       905.1788  VIRIAL  =      1154.1275  VOLUME     =     31029.0792
                                                    Density    =         0.9854
 ------------------------------------------------------------------------------

wrapping first mol.:       22.89367       32.37654       56.07781
wrapping first mol.:       22.89367       32.37654       56.07781

 NSTEP =  1125000   TIME(PS) =    2450.000  TEMP(K) =   296.71  PRESS =   152.8
 Etot   =     -7849.7987  EKtot   =      1809.5693  EPtot      =     -9659.3680
 BOND   =         3.7137  ANGLE   =         8.3762  DIHED      =         3.7909
 UB     =         0.0000  IMP     =         0.0000  CMAP       =         0.5017
 1-4 NB =         3.1238  1-4 EEL =        42.8047  VDWAALS    =      1439.1072
 EELEC  =    -11160.7861  EHBOND  =         0.0000  RESTRAINT  =         0.0000
 EKCMT  =       888.9817  VIRIAL  =       786.1619  VOLUME     =     31173.9728
                                                    Density    =         0.9808
 ------------------------------------------------------------------------------

wrapping first mol.:        0.00000       48.65268       28.08964
wrapping first mol.:        0.00000       48.65268       28.08964

 NSTEP =  1250000   TIME(PS) =    2700.000  TEMP(K) =   302.94  PRESS =  -162.5
 Etot   =     -7846.6056  EKtot   =      1847.5449  EPtot      =     -9694.1505
 BOND   =         2.4671  ANGLE   =         5.7752  DIHED      =         4.0514
 UB     =         0.0000  IMP     =         0.0000  CMAP       =         0.8694
 1-4 NB =         2.3035  1-4 EEL =        48.2314  VDWAALS    =      1419.2989
 EELEC  =    -11177.1474  EHBOND  =         0.0000  RESTRAINT  =         0.0000
 EKCMT  =       912.0995  VIRIAL  =      1022.0687  VOLUME     =     31344.3806
                                                    Density    =         0.9755
 ------------------------------------------------------------------------------


      A V E R A G E S   O V E R      10 S T E P S


 NSTEP =  1250000   TIME(PS) =    2700.000  TEMP(K) =   300.88  PRESS =    11.9
 Etot   =     -7847.3561  EKtot   =      1834.9875  EPtot      =     -9682.3436
 BOND   =         3.6621  ANGLE   =         7.9669  DIHED      =         4.5260
 UB     =         0.0000  IMP     =         0.0000  CMAP       =         0.8068
 1-4 NB =         3.2967  1-4 EEL =        46.4973  VDWAALS    =      1431.3817
 EELEC  =    -11180.4811  EHBOND  =         0.0000  RESTRAINT  =         0.0000
 EKCMT  =       910.5072  VIRIAL  =       902.6992  VOLUME     =     31149.6578
                                                    Density    =         0.9816
 ------------------------------------------------------------------------------


      R M S  F L U C T U A T I O N S


 NSTEP =  1250000   TIME(PS) =    2700.000  TEMP(K) =     4.83  PRESS =   358.9
 Etot   =        58.3048  EKtot   =        29.4780  EPtot      =        46.8195
 BOND   =         1.5869  ANGLE   =         1.3484  DIHED      =         0.9893
 UB     =         0.0000  IMP     =         0.0000  CMAP       =         0.6042
 1-4 NB =         0.9062  1-4 EEL =         1.7436  VDWAALS    =        38.5243
 EELEC  =        53.8162  EHBOND  =         0.0000  RESTRAINT  =         0.0000
 EKCMT  =        11.0466  VIRIAL  =       242.3946  VOLUME     =       150.1220
                                                    Density    =         0.0047
 ------------------------------------------------------------------------------

--------------------------------------------------------------------------------
   5.  TIMINGS
--------------------------------------------------------------------------------

|  NonSetup CPU Time in Major Routines:
|
|     Routine           Sec        %
|     ------------------------------
|     Nonbond         225.04   76.00
|     Bond              0.00    0.00
|     Angle             0.00    0.00
|     Dihedral          0.00    0.00
|     Shake             3.85    1.30
|     RunMD            65.21   22.02
|     Other             2.01    0.68
|     ------------------------------
|     Total           296.10

|  PME Nonbond Pairlist CPU Time:
|
|     Routine              Sec        %
|     ---------------------------------
|     Set Up Cit           0.00    0.00
|     Build List           0.00    0.00
|     ---------------------------------
|     Total                0.00    0.00

|  PME Direct Force CPU Time:
|
|     Routine              Sec        %
|     ---------------------------------
|     NonBonded Calc       0.00    0.00
|     Exclude Masked       0.00    0.00
|     Other                1.28    0.43
|     ---------------------------------
|     Total                1.28    0.43

|  PME Reciprocal Force CPU Time:
|
|     Routine              Sec        %
|     ---------------------------------
|     1D bspline           0.00    0.00
|     Grid Charges         0.00    0.00
|     Scalar Sum           0.00    0.00
|     Gradient Sum         0.00    0.00
|     FFT                  0.00    0.00
|     ---------------------------------
|     Total                0.00    0.00

|  Final Performance Info:
|     -----------------------------------------------------
|     Average timings for last       1 steps:
|     Elapsed(s) =       0.00 Per Step(ms) =       0.10
|         ns/day =    1661.48   seconds/ns =      52.00
|
|     Average timings for all steps:
|     Elapsed(s) =     296.94 Per Step(ms) =       0.24
|         ns/day =     727.43   seconds/ns =     118.77
|     -----------------------------------------------------

|  Setup CPU time:            0.23 seconds
|  NonSetup CPU time:       296.10 seconds
|  Total CPU time:          296.33 seconds     0.08 hours

|  Setup wall time:           0    seconds
|  NonSetup wall time:      297    seconds
|  Total wall time:         297    seconds     0.08 hours
