
          -------------------------------------------------------
          Amber 24 PMEMD                              2024
          -------------------------------------------------------

| PMEMD implementation of SANDER, Release 24

|  Compiled date/time: Wed Aug 21 09:34:12 2024
| Run on 05/28/2026 at 23:45:43

|   Executable path: pmemd.cuda
| Working directory: /localscratch/kbui/NexusMol/examples
|          Hostname: irene2

  [-O]verwriting output

File Assignments:
|   MDIN: /localscratch/kbui/NexusMol/examples/artifacts/AMBER_DiAla/eq7.in     
|  MDOUT: /localscratch/kbui/NexusMol/examples/artifacts/AMBER_DiAla/eq7.out    
| INPCRD: /localscratch/kbui/NexusMol/examples/artifacts/AMBER_DiAla/eq6.ncrst  
|   PARM: /localscratch/kbui/NexusMol/examples/ALA.prmtop                       
| RESTRT: /localscratch/kbui/NexusMol/examples/artifacts/AMBER_DiAla/eq7.ncrst  
|   REFC: /localscratch/kbui/NexusMol/examples/artifacts/AMBER_DiAla/eq6.ncrst  
|  MDVEL: mdvel                                                                 
|   MDEN: mden                                                                  
|  MDCRD: /localscratch/kbui/NexusMol/examples/artifacts/AMBER_DiAla/eq7.nc     
| MDINFO: /localscratch/kbui/NexusMol/examples/artifacts/AMBER_DiAla/eq7.info   
|  MDFRC: mdfrc                                                                 


 Here is the input file:

Equilibration                                                                  
&cntrl                                                                         
 imin=0, irest=0, ntx=1,                                                       
 ntpr=500, ntwx=500, ntwr=500, nstlim=50000,                                   
 dt=0.002, ntt=3, tempi=300.0,                                                 
 temp0=300.0, gamma_ln=1.0, ig=-1,                                             
 ntp=1, ntc=2, ntf=2, cut=10.0,                                                
 ntb=2, iwrap=1, ioutfm=1,                                                     
 ntr=1, restraint_wt=0.0, restraintmask=':1-3'                                 
/                                                                              


Note: ig = -1. Setting random seed to   944409 based on wallclock time in 
      microseconds.
| irandom = 1, using AMBER's internal random number generator (default).
 
|--------------------- INFORMATION ----------------------
| GPU (CUDA) Version of PMEMD in use: NVIDIA GPU IN USE.
|                    Version 18.0.0
| 
|                      03/25/2018
| 
| Implementation by:
|                    Ross C. Walker     (SDSC)
|                    Scott Le Grand     (nVIDIA)
| 
| Version 18 performance extensions by:
|                    David Cerutti     (Rutgers)
| 
| Precision model in use:
|      [SPFP] - Single Precision Forces, 64-bit Fixed Point
|               Accumulation. (Default)
| 
|--------------------------------------------------------
 
|----------------- CITATION INFORMATION -----------------
|
|    When publishing work that utilized the CUDA version
|    of AMBER, please cite the following in addition to
|    the regular AMBER citations:
|
|  - Romelia Salomon-Ferrer; Andreas W. Goetz; Duncan
|    Poole; Scott Le Grand; Ross C. Walker "Routine
|    microsecond molecular dynamics simulations with
|    AMBER - Part II: Particle Mesh Ewald", J. Chem.
|    Theory Comput., 2013, 9 (9), pp3878-3888,
|    DOI: 10.1021/ct400314y.
|
|  - Andreas W. Goetz; Mark J. Williamson; Dong Xu;
|    Duncan Poole; Scott Le Grand; Ross C. Walker
|    "Routine microsecond molecular dynamics simulations
|    with AMBER - Part I: Generalized Born", J. Chem.
|    Theory Comput., 2012, 8 (5), pp1542-1555.
|
|  - Scott Le Grand; Andreas W. Goetz; Ross C. Walker
|    "SPFP: Speed without compromise - a mixed precision
|    model for GPU accelerated molecular dynamics
|    simulations.", Comp. Phys. Comm., 2013, 184
|    pp374-380, DOI: 10.1016/j.cpc.2012.09.022
|
|--------------------------------------------------------
 
|------------------- GPU DEVICE INFO --------------------
|
|            CUDA_VISIBLE_DEVICES: not set
|   CUDA Capable Devices Detected:      1
|           CUDA Device ID in use:      0
|                CUDA Device Name: NVIDIA GeForce RTX 4090
|     CUDA Device Global Mem Size:  24079 MB
| CUDA Device Num Multiprocessors:    128
|           CUDA Device Core Freq:   2.62 GHz
|
|--------------------------------------------------------
 
 
| Conditional Compilation Defines Used:
| PUBFFT
| BINTRAJ
| CUDA
| EMIL

| Largest sphere to fit in unit cell has radius =    14.015

| New format PARM file being parsed.
| Version =    1.000 Date = 03/28/26 Time = 21:23:47

| Note: 1-4 EEL scale factors are being read from the topology file.

| Note: 1-4 VDW scale factors are being read from the topology file.
| Duplicated    0 dihedrals

| Duplicated    0 dihedrals

--------------------------------------------------------------------------------
   1.  RESOURCE   USE: 
--------------------------------------------------------------------------------

 getting box info from netcdf restart file
 NATOM  =    3064 NTYPES =       9 NBONH =    3054 MBONA  =       9
 NTHETH =      25 MTHETA =      11 NPHIH =      43 MPHIA  =      24
 NHPARM =       0 NPARM  =       0 NNB   =    4155 NRES   =    1017
 NBONA  =       9 NTHETA =      11 NPHIA =      24 NUMBND =      13
 NUMANG =      21 NPTRA  =      14 NATYP =      10 NPHB   =       0
 IFBOX  =       2 NMXRS  =      10 IFCAP =       0 NEXTRA =       0
 NCOPY  =       0

| Coordinate Index Table dimensions:     5    5    5
| Direct force subcell size =     6.8657    6.8657    6.8657

     BOX TYPE: TRUNCATED OCTAHEDRON

--------------------------------------------------------------------------------
   2.  CONTROL  DATA  FOR  THE  RUN
--------------------------------------------------------------------------------

ACE                                                                             

General flags:
     imin    =       0, nmropt  =       0

Nature and format of input:
     ntx     =       1, irest   =       0, ntrx    =       1

Nature and format of output:
     ntxo    =       2, ntpr    =     500, ntrx    =       1, ntwr    =     500
     iwrap   =       1, ntwx    =     500, ntwv    =       0, ntwe    =       0
     ioutfm  =       1, ntwprt  =       0, idecomp =       0, rbornstat=      0

Potential function:
     ntf     =       2, ntb     =       2, igb     =       0, nsnb    =      25
     ipol    =       0, gbsa    =       0, iesp    =       0
     dielc   =   1.00000, cut     =  10.00000, intdiel =   1.00000

Frozen or restrained atoms:
     ibelly  =       0, ntr     =       1
     restraint_wt =   0.00000

Molecular dynamics:
     nstlim  =     50000, nscm    =         0, nrespa  =         1
     t       =   0.00000, dt      =   0.00200, vlimit  =  -1.00000

Langevin dynamics temperature regulation:
     ig      =  944409
     temp0   = 300.00000, tempi   = 300.00000, gamma_ln=   1.00000

Pressure regulation:
     ntp     =       1
     pres0   =   1.00000, comp    =  44.60000, taup    =   1.00000

SHAKE:
     ntc     =       2, jfastw  =       0
     tol     =   0.00001

| Intermolecular bonds treatment:
|     no_intermolecular_bonds =       1

| Energy averages sample interval:
|     ene_avg_sampling =     500

Ewald parameters:
     verbose =       0, ew_type =       0, nbflag  =       1, use_pme =       1
     vdwmeth =       1, eedmeth =       1, netfrc  =       1
     Box X =   34.329   Box Y =   34.329   Box Z =   34.329
     Alpha =  109.471   Beta  =  109.471   Gamma =  109.471
     NFFT1 =   36       NFFT2 =   36       NFFT3 =   36
     Cutoff=   10.000   Tol   =0.100E-04
     Ewald Coefficient =  0.27511
     Interpolation order =    4

    LOADING THE CONSTRAINED ATOMS AS GROUPS


   5.  REFERENCE ATOM COORDINATES

  ACE                                                                             
     Mask :1-3; matches    22 atoms

--------------------------------------------------------------------------------
   3.  ATOMIC COORDINATES AND VELOCITIES
--------------------------------------------------------------------------------

ACE                                                                             
 begin time read from input coords =   100.000 ps

 
 Number of triangulated 3-point waters found:     1014

     Sum of charges from parm topology file =  -0.00000000
     Forcing neutrality...

| Dynamic Memory, Types Used:
| Reals              277614
| Integers            95816

| Nonbonded Pairs Initial Allocation:      926783

| GPU memory information (estimate):
| KB of GPU memory in use:     40901
| KB of CPU memory in use:     12785

--------------------------------------------------------------------------------
   4.  RESULTS
--------------------------------------------------------------------------------


 NSTEP =        0   TIME(PS) =       0.000  TEMP(K) =   446.99  PRESS =   359.1
 Etot   =     -7046.9609  EKtot   =      2726.0494  EPtot      =     -9773.0102
 BOND   =         4.0590  ANGLE   =         6.3415  DIHED      =         3.2496
 UB     =         0.0000  IMP     =         0.0000  CMAP       =        -0.3968
 1-4 NB =         3.0182  1-4 EEL =        48.5971  VDWAALS    =      1507.8701
 EELEC  =    -11345.7490  EHBOND  =         0.0000  RESTRAINT  =         0.0000
 EKCMT  =       895.7637  VIRIAL  =       654.2924  VOLUME     =     31142.3736
                                                    Density    =         0.9818
 ------------------------------------------------------------------------------

wrapping first mol.:       11.44498       16.18564       28.03435
wrapping first mol.:       11.44498       16.18564       28.03435

 NSTEP =      500   TIME(PS) =       1.000  TEMP(K) =   297.53  PRESS =  -371.2
 Etot   =     -7982.5177  EKtot   =      1814.5188  EPtot      =     -9797.0365
 BOND   =         3.0561  ANGLE   =        10.8802  DIHED      =         4.3061
 UB     =         0.0000  IMP     =         0.0000  CMAP       =         0.4122
 1-4 NB =         3.7937  1-4 EEL =        44.6956  VDWAALS    =      1423.0109
 EELEC  =    -11287.1913  EHBOND  =         0.0000  RESTRAINT  =         0.0000
 EKCMT  =       869.8194  VIRIAL  =      1119.5702  VOLUME     =     31160.2444
                                                    Density    =         0.9812
 ------------------------------------------------------------------------------

wrapping first mol.:       11.45823       16.20439       28.06682
wrapping first mol.:       11.45823       16.20439       28.06682

 NSTEP =     1000   TIME(PS) =       2.000  TEMP(K) =   296.21  PRESS =  -652.8
 Etot   =     -7960.7821  EKtot   =      1806.5100  EPtot      =     -9767.2921
 BOND   =         3.2512  ANGLE   =         6.7117  DIHED      =         3.7831
 UB     =         0.0000  IMP     =         0.0000  CMAP       =         0.1857
 1-4 NB =         2.2478  1-4 EEL =        44.3130  VDWAALS    =      1367.8752
 EELEC  =    -11195.6598  EHBOND  =         0.0000  RESTRAINT  =         0.0000
 EKCMT  =       921.0043  VIRIAL  =      1361.7414  VOLUME     =     31269.4387
                                                    Density    =         0.9778
 ------------------------------------------------------------------------------

wrapping first mol.:       11.45448       16.19908       28.05763
wrapping first mol.:       11.45448       16.19908       28.05763

 NSTEP =     1500   TIME(PS) =       3.000  TEMP(K) =   302.39  PRESS =  -316.2
 Etot   =     -7834.4715  EKtot   =      1844.2043  EPtot      =     -9678.6759
 BOND   =         1.7011  ANGLE   =         6.5812  DIHED      =         4.1572
 UB     =         0.0000  IMP     =         0.0000  CMAP       =         1.1695
 1-4 NB =         3.0764  1-4 EEL =        48.4943  VDWAALS    =      1385.6141
 EELEC  =    -11129.4696  EHBOND  =         0.0000  RESTRAINT  =         0.0000
 EKCMT  =       931.1219  VIRIAL  =      1144.3915  VOLUME     =     31237.7962
                                                    Density    =         0.9788
 ------------------------------------------------------------------------------

wrapping first mol.:       11.43888       16.17702       28.01942
wrapping first mol.:       11.43888       16.17702       28.01942

 NSTEP =     2000   TIME(PS) =       4.000  TEMP(K) =   302.87  PRESS =  -423.6
 Etot   =     -7801.9286  EKtot   =      1847.1390  EPtot      =     -9649.0676
 BOND   =         3.3269  ANGLE   =        13.7153  DIHED      =         3.8063
 UB     =         0.0000  IMP     =         0.0000  CMAP       =         0.4799
 1-4 NB =         2.9546  1-4 EEL =        41.2613  VDWAALS    =      1363.7778
 EELEC  =    -11078.3897  EHBOND  =         0.0000  RESTRAINT  =         0.0000
 EKCMT  =       904.2372  VIRIAL  =      1188.7683  VOLUME     =     31110.6158
                                                    Density    =         0.9828
 ------------------------------------------------------------------------------

wrapping first mol.:       11.43743       16.17496       28.01586
wrapping first mol.:       11.43743       16.17496       28.01586

 NSTEP =     2500   TIME(PS) =       5.000  TEMP(K) =   299.82  PRESS =  -104.6
 Etot   =     -7842.4754  EKtot   =      1828.5400  EPtot      =     -9671.0154
 BOND   =         3.4992  ANGLE   =        11.0670  DIHED      =         5.9677
 UB     =         0.0000  IMP     =         0.0000  CMAP       =         0.6831
 1-4 NB =         3.5691  1-4 EEL =        44.4793  VDWAALS    =      1407.7131
 EELEC  =    -11147.9939  EHBOND  =         0.0000  RESTRAINT  =         0.0000
 EKCMT  =       871.7791  VIRIAL  =       942.0434  VOLUME     =     31097.8842
                                                    Density    =         0.9832
 ------------------------------------------------------------------------------

wrapping first mol.:       11.46448       16.21322       28.08212
wrapping first mol.:       11.46448       16.21322       28.08212

 NSTEP =     3000   TIME(PS) =       6.000  TEMP(K) =   301.53  PRESS =    97.3
 Etot   =     -7876.7884  EKtot   =      1838.9313  EPtot      =     -9715.7196
 BOND   =         3.0470  ANGLE   =         8.8244  DIHED      =         3.1477
 UB     =         0.0000  IMP     =         0.0000  CMAP       =         0.1769
 1-4 NB =         3.4702  1-4 EEL =        45.4469  VDWAALS    =      1453.3959
 EELEC  =    -11233.2286  EHBOND  =         0.0000  RESTRAINT  =         0.0000
 EKCMT  =       939.8795  VIRIAL  =       874.0995  VOLUME     =     31318.4801
                                                    Density    =         0.9763
 ------------------------------------------------------------------------------

wrapping first mol.:       11.47035       16.22152       28.09649
wrapping first mol.:       11.47035       16.22152       28.09649

 NSTEP =     3500   TIME(PS) =       7.000  TEMP(K) =   298.17  PRESS =  -361.2
 Etot   =     -7851.2576  EKtot   =      1818.4629  EPtot      =     -9669.7205
 BOND   =         2.7724  ANGLE   =         6.4879  DIHED      =         4.5263
 UB     =         0.0000  IMP     =         0.0000  CMAP       =         0.4361
 1-4 NB =         3.8938  1-4 EEL =        50.8072  VDWAALS    =      1397.8393
 EELEC  =    -11136.4836  EHBOND  =         0.0000  RESTRAINT  =         0.0000
 EKCMT  =       903.9660  VIRIAL  =      1148.6268  VOLUME     =     31367.8903
                                                    Density    =         0.9747
 ------------------------------------------------------------------------------

wrapping first mol.:       11.43441       16.17070       28.00847
wrapping first mol.:       11.43441       16.17070       28.00847

 NSTEP =     4000   TIME(PS) =       8.000  TEMP(K) =   300.08  PRESS =   451.0
 Etot   =     -7914.8466  EKtot   =      1830.0886  EPtot      =     -9744.9352
 BOND   =         3.0094  ANGLE   =        11.3639  DIHED      =         4.6434
 UB     =         0.0000  IMP     =         0.0000  CMAP       =         0.1639
 1-4 NB =         2.9199  1-4 EEL =        45.4792  VDWAALS    =      1513.2603
 EELEC  =    -11325.7752  EHBOND  =         0.0000  RESTRAINT  =         0.0000
 EKCMT  =       915.4218  VIRIAL  =       612.8694  VOLUME     =     31071.7608
                                                    Density    =         0.9840
 ------------------------------------------------------------------------------

wrapping first mol.:       11.42025       16.15068       27.97379
wrapping first mol.:       11.42025       16.15068       27.97379

 NSTEP =     4500   TIME(PS) =       9.000  TEMP(K) =   286.83  PRESS =  -430.0
 Etot   =     -7968.1748  EKtot   =      1749.2593  EPtot      =     -9717.4341
 BOND   =         2.4581  ANGLE   =         8.9318  DIHED      =         4.9557
 UB     =         0.0000  IMP     =         0.0000  CMAP       =         0.0495
 1-4 NB =         3.2270  1-4 EEL =        47.1499  VDWAALS    =      1384.2217
 EELEC  =    -11168.4278  EHBOND  =         0.0000  RESTRAINT  =         0.0000
 EKCMT  =       890.8808  VIRIAL  =      1178.3402  VOLUME     =     30958.9003
                                                    Density    =         0.9876
 ------------------------------------------------------------------------------

wrapping first mol.:       11.43289       16.16855       28.00475
wrapping first mol.:       11.43289       16.16855       28.00475

 NSTEP =     5000   TIME(PS) =      10.000  TEMP(K) =   300.77  PRESS =    35.9
 Etot   =     -7921.1630  EKtot   =      1834.2971  EPtot      =     -9755.4601
 BOND   =         2.6905  ANGLE   =        13.1835  DIHED      =         5.1063
 UB     =         0.0000  IMP     =         0.0000  CMAP       =         0.6316
 1-4 NB =         2.5654  1-4 EEL =        44.1031  VDWAALS    =      1450.9858
 EELEC  =    -11274.7262  EHBOND  =         0.0000  RESTRAINT  =         0.0000
 EKCMT  =       928.8230  VIRIAL  =       904.7639  VOLUME     =     31060.5147
                                                    Density    =         0.9844
 ------------------------------------------------------------------------------

wrapping first mol.:       11.41849       16.14818       27.96947
wrapping first mol.:       11.41849       16.14818       27.96947

 NSTEP =     5500   TIME(PS) =      11.000  TEMP(K) =   301.74  PRESS =  -289.9
 Etot   =     -7900.8128  EKtot   =      1840.2418  EPtot      =     -9741.0546
 BOND   =         2.1932  ANGLE   =         8.4554  DIHED      =         4.5370
 UB     =         0.0000  IMP     =         0.0000  CMAP       =         0.2899
 1-4 NB =         2.9676  1-4 EEL =        47.2428  VDWAALS    =      1392.4764
 EELEC  =    -11199.2169  EHBOND  =         0.0000  RESTRAINT  =         0.0000
 EKCMT  =       912.7078  VIRIAL  =      1106.3813  VOLUME     =     30944.1902
                                                    Density    =         0.9881
 ------------------------------------------------------------------------------

wrapping first mol.:       11.40697       16.13190       27.94126
wrapping first mol.:       11.40697       16.13190       27.94126

 NSTEP =     6000   TIME(PS) =      12.000  TEMP(K) =   303.66  PRESS =   -33.3
 Etot   =     -7850.3333  EKtot   =      1851.9197  EPtot      =     -9702.2530
 BOND   =         1.8065  ANGLE   =        10.9166  DIHED      =         4.1141
 UB     =         0.0000  IMP     =         0.0000  CMAP       =         0.2889
 1-4 NB =         2.7301  1-4 EEL =        49.1999  VDWAALS    =      1411.4949
 EELEC  =    -11182.8041  EHBOND  =         0.0000  RESTRAINT  =         0.0000
 EKCMT  =       926.4809  VIRIAL  =       948.6397  VOLUME     =     30849.9444
                                                    Density    =         0.9911
 ------------------------------------------------------------------------------

wrapping first mol.:       11.42148       16.15241       27.97680
wrapping first mol.:       11.42148       16.15241       27.97680

 NSTEP =     6500   TIME(PS) =      13.000  TEMP(K) =   294.28  PRESS =    71.6
 Etot   =     -7942.2390  EKtot   =      1794.7124  EPtot      =     -9736.9514
 BOND   =         1.3105  ANGLE   =        10.3059  DIHED      =         9.3548
 UB     =         0.0000  IMP     =         0.0000  CMAP       =         0.6033
 1-4 NB =         4.9476  1-4 EEL =        53.9838  VDWAALS    =      1441.7453
 EELEC  =    -11259.2027  EHBOND  =         0.0000  RESTRAINT  =         0.0000
 EKCMT  =       906.1451  VIRIAL  =       858.2964  VOLUME     =     30967.4986
                                                    Density    =         0.9873
 ------------------------------------------------------------------------------

wrapping first mol.:       11.42546       16.15804       27.98654
wrapping first mol.:       11.42546       16.15804       27.98654

 NSTEP =     7000   TIME(PS) =      14.000  TEMP(K) =   288.54  PRESS =  -201.2
 Etot   =     -7982.7104  EKtot   =      1759.7034  EPtot      =     -9742.4138
 BOND   =         3.5435  ANGLE   =        10.8868  DIHED      =         4.8415
 UB     =         0.0000  IMP     =         0.0000  CMAP       =         0.3451
 1-4 NB =         2.8300  1-4 EEL =        45.4935  VDWAALS    =      1421.5112
 EELEC  =    -11231.8653  EHBOND  =         0.0000  RESTRAINT  =         0.0000
 EKCMT  =       890.5150  VIRIAL  =      1025.2131  VOLUME     =     31000.6390
                                                    Density    =         0.9863
 ------------------------------------------------------------------------------

wrapping first mol.:       11.41903       16.14894       27.97079
wrapping first mol.:       11.41903       16.14894       27.97079

 NSTEP =     7500   TIME(PS) =      15.000  TEMP(K) =   300.25  PRESS =   324.2
 Etot   =     -7935.9569  EKtot   =      1831.1489  EPtot      =     -9767.1059
 BOND   =         2.8153  ANGLE   =         8.9183  DIHED      =         4.3734
 UB     =         0.0000  IMP     =         0.0000  CMAP       =         1.4853
 1-4 NB =         2.0773  1-4 EEL =        45.6670  VDWAALS    =      1495.2843
 EELEC  =    -11327.7268  EHBOND  =         0.0000  RESTRAINT  =         0.0000
 EKCMT  =       900.8409  VIRIAL  =       684.1849  VOLUME     =     30946.8518
                                                    Density    =         0.9880
 ------------------------------------------------------------------------------

wrapping first mol.:       11.42726       16.16058       27.99095
wrapping first mol.:       11.42726       16.16058       27.99095

 NSTEP =     8000   TIME(PS) =      16.000  TEMP(K) =   304.89  PRESS =   294.8
 Etot   =     -7832.7619  EKtot   =      1859.4209  EPtot      =     -9692.1828
 BOND   =         1.6025  ANGLE   =        11.8831  DIHED      =         5.8555
 UB     =         0.0000  IMP     =         0.0000  CMAP       =         0.2857
 1-4 NB =         2.1071  1-4 EEL =        45.4891  VDWAALS    =      1468.3963
 EELEC  =    -11227.8021  EHBOND  =         0.0000  RESTRAINT  =         0.0000
 EKCMT  =       917.8762  VIRIAL  =       720.5027  VOLUME     =     31013.8991
                                                    Density    =         0.9858
 ------------------------------------------------------------------------------

wrapping first mol.:       11.42484       16.15716       27.98502
wrapping first mol.:       11.42484       16.15716       27.98502

 NSTEP =     8500   TIME(PS) =      17.000  TEMP(K) =   307.57  PRESS =   541.6
 Etot   =     -7836.5308  EKtot   =      1875.7974  EPtot      =     -9712.3281
 BOND   =         2.8966  ANGLE   =         8.3637  DIHED      =         3.0864
 UB     =         0.0000  IMP     =         0.0000  CMAP       =        -0.0515
 1-4 NB =         3.1710  1-4 EEL =        47.3768  VDWAALS    =      1495.8131
 EELEC  =    -11272.9844  EHBOND  =         0.0000  RESTRAINT  =         0.0000
 EKCMT  =       958.9011  VIRIAL  =       596.4364  VOLUME     =     30993.5133
                                                    Density    =         0.9865
 ------------------------------------------------------------------------------

wrapping first mol.:       11.43944       16.17782       28.02080
wrapping first mol.:       11.43944       16.17782       28.02080

 NSTEP =     9000   TIME(PS) =      18.000  TEMP(K) =   310.67  PRESS =   219.0
 Etot   =     -7819.7481  EKtot   =      1894.6785  EPtot      =     -9714.4266
 BOND   =         4.6910  ANGLE   =         9.2865  DIHED      =         4.8007
 UB     =         0.0000  IMP     =         0.0000  CMAP       =        -0.1510
 1-4 NB =         2.4871  1-4 EEL =        45.2064  VDWAALS    =      1449.1295
 EELEC  =    -11229.8768  EHBOND  =         0.0000  RESTRAINT  =         0.0000
 EKCMT  =       982.4446  VIRIAL  =       835.3564  VOLUME     =     31113.4425
                                                    Density    =         0.9827
 ------------------------------------------------------------------------------

wrapping first mol.:       11.44241       16.18202       28.02807
wrapping first mol.:       11.44241       16.18202       28.02807

 NSTEP =     9500   TIME(PS) =      19.000  TEMP(K) =   301.59  PRESS =  -132.6
 Etot   =     -7855.4835  EKtot   =      1839.3035  EPtot      =     -9694.7870
 BOND   =         3.5551  ANGLE   =         7.8137  DIHED      =         3.5955
 UB     =         0.0000  IMP     =         0.0000  CMAP       =         0.1540
 1-4 NB =         2.6629  1-4 EEL =        49.3929  VDWAALS    =      1418.6563
 EELEC  =    -11180.6173  EHBOND  =         0.0000  RESTRAINT  =         0.0000
 EKCMT  =       931.8676  VIRIAL  =      1021.0374  VOLUME     =     31138.6519
                                                    Density    =         0.9819
 ------------------------------------------------------------------------------

wrapping first mol.:       11.44277       16.18252       28.02895
wrapping first mol.:       11.44277       16.18252       28.02895

 NSTEP =    10000   TIME(PS) =      20.000  TEMP(K) =   299.58  PRESS =  -443.3
 Etot   =     -7893.6606  EKtot   =      1827.0217  EPtot      =     -9720.6823
 BOND   =         1.5592  ANGLE   =         9.7434  DIHED      =         4.6504
 UB     =         0.0000  IMP     =         0.0000  CMAP       =         0.6830
 1-4 NB =         4.3776  1-4 EEL =        50.9003  VDWAALS    =      1387.1775
 EELEC  =    -11179.7738  EHBOND  =         0.0000  RESTRAINT  =         0.0000
 EKCMT  =       884.8448  VIRIAL  =      1182.9158  VOLUME     =     31142.4251
                                                    Density    =         0.9818
 ------------------------------------------------------------------------------

wrapping first mol.:       11.43607       16.17305       28.01254
wrapping first mol.:       11.43607       16.17305       28.01254

 NSTEP =    10500   TIME(PS) =      21.000  TEMP(K) =   298.35  PRESS =  -169.5
 Etot   =     -7889.5648  EKtot   =      1819.5575  EPtot      =     -9709.1222
 BOND   =         0.9344  ANGLE   =        11.0133  DIHED      =         5.4629
 UB     =         0.0000  IMP     =         0.0000  CMAP       =        -0.0806
 1-4 NB =         2.9696  1-4 EEL =        46.6594  VDWAALS    =      1399.9174
 EELEC  =    -11175.9985  EHBOND  =         0.0000  RESTRAINT  =         0.0000
 EKCMT  =       912.9954  VIRIAL  =      1026.7852  VOLUME     =     31087.0047
                                                    Density    =         0.9835
 ------------------------------------------------------------------------------

wrapping first mol.:       11.42087       16.15155       27.97530
wrapping first mol.:       11.42087       16.15155       27.97530

 NSTEP =    11000   TIME(PS) =      22.000  TEMP(K) =   303.18  PRESS =    73.0
 Etot   =     -7936.4588  EKtot   =      1848.9745  EPtot      =     -9785.4332
 BOND   =         1.2832  ANGLE   =         6.5761  DIHED      =         4.6022
 UB     =         0.0000  IMP     =         0.0000  CMAP       =         0.1388
 1-4 NB =         3.0612  1-4 EEL =        48.4962  VDWAALS    =      1457.4446
 EELEC  =    -11307.0357  EHBOND  =         0.0000  RESTRAINT  =         0.0000
 EKCMT  =       920.2935  VIRIAL  =       871.4824  VOLUME     =     30962.5318
                                                    Density    =         0.9875
 ------------------------------------------------------------------------------

wrapping first mol.:       11.42189       16.15299       27.97780
wrapping first mol.:       11.42189       16.15299       27.97780

 NSTEP =    11500   TIME(PS) =      23.000  TEMP(K) =   303.01  PRESS =  -430.5
 Etot   =     -7902.1793  EKtot   =      1847.9470  EPtot      =     -9750.1263
 BOND   =         5.7929  ANGLE   =         8.1141  DIHED      =         7.0760
 UB     =         0.0000  IMP     =         0.0000  CMAP       =         0.5263
 1-4 NB =         2.4366  1-4 EEL =        45.6370  VDWAALS    =      1381.4680
 EELEC  =    -11201.1772  EHBOND  =         0.0000  RESTRAINT  =         0.0000
 EKCMT  =       896.4002  VIRIAL  =      1184.3056  VOLUME     =     30972.2153
                                                    Density    =         0.9872
 ------------------------------------------------------------------------------

wrapping first mol.:       11.41409       16.14197       27.95870
wrapping first mol.:       11.41409       16.14197       27.95870

 NSTEP =    12000   TIME(PS) =      24.000  TEMP(K) =   299.35  PRESS =    76.3
 Etot   =     -7930.8850  EKtot   =      1825.6720  EPtot      =     -9756.5570
 BOND   =         4.1185  ANGLE   =         6.8188  DIHED      =         2.8849
 UB     =         0.0000  IMP     =         0.0000  CMAP       =        -0.0086
 1-4 NB =         2.4790  1-4 EEL =        43.8615  VDWAALS    =      1448.0159
 EELEC  =    -11264.7270  EHBOND  =         0.0000  RESTRAINT  =         0.0000
 EKCMT  =       910.9616  VIRIAL  =       860.0704  VOLUME     =     30907.4441
                                                    Density    =         0.9892
 ------------------------------------------------------------------------------

wrapping first mol.:       11.44263       16.18232       28.02861
wrapping first mol.:       11.44263       16.18232       28.02861

 NSTEP =    12500   TIME(PS) =      25.000  TEMP(K) =   304.98  PRESS =   282.3
 Etot   =     -7822.1089  EKtot   =      1859.9987  EPtot      =     -9682.1076
 BOND   =         3.2089  ANGLE   =         9.9195  DIHED      =         3.7970
 UB     =         0.0000  IMP     =         0.0000  CMAP       =         0.5103
 1-4 NB =         2.6680  1-4 EEL =        45.5434  VDWAALS    =      1460.7451
 EELEC  =    -11208.4999  EHBOND  =         0.0000  RESTRAINT  =         0.0000
 EKCMT  =       917.4458  VIRIAL  =       727.6397  VOLUME     =     31139.2776
                                                    Density    =         0.9819
 ------------------------------------------------------------------------------

wrapping first mol.:       11.45551       16.20054       28.06016
wrapping first mol.:       11.45551       16.20054       28.06016

 NSTEP =    13000   TIME(PS) =      26.000  TEMP(K) =   298.27  PRESS =    31.0
 Etot   =     -7820.2696  EKtot   =      1819.0363  EPtot      =     -9639.3058
 BOND   =         3.3266  ANGLE   =         9.3194  DIHED      =         5.3807
 UB     =         0.0000  IMP     =         0.0000  CMAP       =         0.2868
 1-4 NB =         2.8665  1-4 EEL =        50.8830  VDWAALS    =      1433.8720
 EELEC  =    -11145.2408  EHBOND  =         0.0000  RESTRAINT  =         0.0000
 EKCMT  =       898.7113  VIRIAL  =       877.8199  VOLUME     =     31245.2672
                                                    Density    =         0.9785
 ------------------------------------------------------------------------------

wrapping first mol.:       11.43949       16.17788       28.02091
wrapping first mol.:       11.43949       16.17788       28.02091

 NSTEP =    13500   TIME(PS) =      27.000  TEMP(K) =   294.08  PRESS =   337.1
 Etot   =     -7857.0266  EKtot   =      1793.5056  EPtot      =     -9650.5322
 BOND   =         3.2971  ANGLE   =         6.4010  DIHED      =         4.9729
 UB     =         0.0000  IMP     =         0.0000  CMAP       =         0.1782
 1-4 NB =         2.9102  1-4 EEL =        50.4857  VDWAALS    =      1458.2308
 EELEC  =    -11177.0080  EHBOND  =         0.0000  RESTRAINT  =         0.0000
 EKCMT  =       851.5392  VIRIAL  =       625.0635  VOLUME     =     31113.4737
                                                    Density    =         0.9827
 ------------------------------------------------------------------------------

wrapping first mol.:       11.42693       16.16012       27.99015
wrapping first mol.:       11.42693       16.16012       27.99015

 NSTEP =    14000   TIME(PS) =      28.000  TEMP(K) =   297.64  PRESS =  -211.9
 Etot   =     -7944.0577  EKtot   =      1815.1901  EPtot      =     -9759.2478
 BOND   =         7.1167  ANGLE   =         5.8587  DIHED      =         4.6442
 UB     =         0.0000  IMP     =         0.0000  CMAP       =         0.4278
 1-4 NB =         1.9626  1-4 EEL =        45.9616  VDWAALS    =      1423.6937
 EELEC  =    -11248.9131  EHBOND  =         0.0000  RESTRAINT  =         0.0000
 EKCMT  =       885.7241  VIRIAL  =      1027.6063  VOLUME     =     31012.6569
                                                    Density    =         0.9859
 ------------------------------------------------------------------------------

wrapping first mol.:       11.42719       16.16048       27.99077
wrapping first mol.:       11.42719       16.16048       27.99077

 NSTEP =    14500   TIME(PS) =      29.000  TEMP(K) =   296.17  PRESS =  -762.2
 Etot   =     -7942.5355  EKtot   =      1806.2499  EPtot      =     -9748.7853
 BOND   =         4.5382  ANGLE   =         8.4294  DIHED      =         4.3768
 UB     =         0.0000  IMP     =         0.0000  CMAP       =        -0.1472
 1-4 NB =         2.8437  1-4 EEL =        48.2583  VDWAALS    =      1344.4771
 EELEC  =    -11161.5616  EHBOND  =         0.0000  RESTRAINT  =         0.0000
 EKCMT  =       879.4399  VIRIAL  =      1389.8932  VOLUME     =     31016.2502
                                                    Density    =         0.9858
 ------------------------------------------------------------------------------

wrapping first mol.:       11.41335       16.14091       27.95688
wrapping first mol.:       11.41335       16.14091       27.95688

 NSTEP =    15000   TIME(PS) =      30.000  TEMP(K) =   300.27  PRESS =  -263.2
 Etot   =     -7891.8485  EKtot   =      1831.2239  EPtot      =     -9723.0724
 BOND   =         7.8997  ANGLE   =        12.8715  DIHED      =         3.9939
 UB     =         0.0000  IMP     =         0.0000  CMAP       =        -0.1724
 1-4 NB =         2.6058  1-4 EEL =        46.1999  VDWAALS    =      1398.2485
 EELEC  =    -11194.7193  EHBOND  =         0.0000  RESTRAINT  =         0.0000
 EKCMT  =       930.8977  VIRIAL  =      1106.5244  VOLUME     =     30902.3307
                                                    Density    =         0.9894
 ------------------------------------------------------------------------------

wrapping first mol.:       11.42650       16.15951       27.98908
wrapping first mol.:       11.42650       16.15951       27.98908

 NSTEP =    15500   TIME(PS) =      31.000  TEMP(K) =   287.94  PRESS =   248.5
 Etot   =     -7914.1055  EKtot   =      1756.0459  EPtot      =     -9670.1514
 BOND   =         3.1589  ANGLE   =         8.3059  DIHED      =         4.5050
 UB     =         0.0000  IMP     =         0.0000  CMAP       =         0.0143
 1-4 NB =         2.5747  1-4 EEL =        47.4907  VDWAALS    =      1467.3897
 EELEC  =    -11203.5906  EHBOND  =         0.0000  RESTRAINT  =         0.0000
 EKCMT  =       857.1499  VIRIAL  =       690.7974  VOLUME     =     31007.8340
                                                    Density    =         0.9860
 ------------------------------------------------------------------------------

wrapping first mol.:      -22.86563       16.16845       28.00457
wrapping first mol.:      -22.86563       16.16845       28.00457

 NSTEP =    16000   TIME(PS) =      32.000  TEMP(K) =   294.85  PRESS =   -96.8
 Etot   =     -7873.7338  EKtot   =      1798.2036  EPtot      =     -9671.9374
 BOND   =         1.2018  ANGLE   =         4.3766  DIHED      =         3.6023
 UB     =         0.0000  IMP     =         0.0000  CMAP       =         0.7840
 1-4 NB =         3.1897  1-4 EEL =        48.2938  VDWAALS    =      1415.6964
 EELEC  =    -11149.0820  EHBOND  =         0.0000  RESTRAINT  =         0.0000
 EKCMT  =       865.4369  VIRIAL  =       930.3808  VOLUME     =     31060.2892
                                                    Density    =         0.9844
 ------------------------------------------------------------------------------

wrapping first mol.:      -22.85746       16.16267       27.99457
wrapping first mol.:      -22.85746       16.16267       27.99457

 NSTEP =    16500   TIME(PS) =      33.000  TEMP(K) =   305.36  PRESS =   -54.9
 Etot   =     -7848.7490  EKtot   =      1862.3009  EPtot      =     -9711.0499
 BOND   =         2.4233  ANGLE   =         7.3759  DIHED      =         4.4791
 UB     =         0.0000  IMP     =         0.0000  CMAP       =         0.3717
 1-4 NB =         2.3280  1-4 EEL =        47.9598  VDWAALS    =      1434.5288
 EELEC  =    -11210.5166  EHBOND  =         0.0000  RESTRAINT  =         0.0000
 EKCMT  =       919.5076  VIRIAL  =       956.2721  VOLUME     =     31026.8984
                                                    Density    =         0.9854
 ------------------------------------------------------------------------------

wrapping first mol.:       11.45215       16.19579       28.05192
wrapping first mol.:       11.45215       16.19579       28.05192

 NSTEP =    17000   TIME(PS) =      34.000  TEMP(K) =   297.94  PRESS =   168.9
 Etot   =     -7840.5790  EKtot   =      1817.0708  EPtot      =     -9657.6498
 BOND   =         2.3963  ANGLE   =         8.4676  DIHED      =         4.1438
 UB     =         0.0000  IMP     =         0.0000  CMAP       =         1.0209
 1-4 NB =         3.1298  1-4 EEL =        46.6945  VDWAALS    =      1446.6152
 EELEC  =    -11170.1180  EHBOND  =         0.0000  RESTRAINT  =         0.0000
 EKCMT  =       914.0495  VIRIAL  =       800.2052  VOLUME     =     31217.3722
                                                    Density    =         0.9794
 ------------------------------------------------------------------------------

wrapping first mol.:       11.42477       16.15706       27.98485
wrapping first mol.:       11.42477       16.15706       27.98485

 NSTEP =    17500   TIME(PS) =      35.000  TEMP(K) =   299.09  PRESS =  -444.3
 Etot   =     -7799.0970  EKtot   =      1824.0339  EPtot      =     -9623.1309
 BOND   =         3.8853  ANGLE   =         8.7633  DIHED      =         4.2290
 UB     =         0.0000  IMP     =         0.0000  CMAP       =         0.3294
 1-4 NB =         2.7005  1-4 EEL =        46.1629  VDWAALS    =      1338.6209
 EELEC  =    -11027.8223  EHBOND  =         0.0000  RESTRAINT  =         0.0000
 EKCMT  =       935.1459  VIRIAL  =      1232.4625  VOLUME     =     30995.6938
                                                    Density    =         0.9864
 ------------------------------------------------------------------------------

wrapping first mol.:       11.42194       16.15306       27.97791
wrapping first mol.:       11.42194       16.15306       27.97791

 NSTEP =    18000   TIME(PS) =      36.000  TEMP(K) =   303.82  PRESS =  -569.9
 Etot   =     -7900.8480  EKtot   =      1852.9148  EPtot      =     -9753.7628
 BOND   =         2.8396  ANGLE   =         7.0662  DIHED      =         3.8331
 UB     =         0.0000  IMP     =         0.0000  CMAP       =         1.2564
 1-4 NB =         3.5446  1-4 EEL =        43.6802  VDWAALS    =      1380.7622
 EELEC  =    -11196.7452  EHBOND  =         0.0000  RESTRAINT  =         0.0000
 EKCMT  =       898.4935  VIRIAL  =      1279.5824  VOLUME     =     30972.9731
                                                    Density    =         0.9872
 ------------------------------------------------------------------------------

wrapping first mol.:       11.45974       16.20652       28.07051
wrapping first mol.:       11.45974       16.20652       28.07051

 NSTEP =    18500   TIME(PS) =      37.000  TEMP(K) =   300.25  PRESS =   394.6
 Etot   =     -7877.8906  EKtot   =      1831.1487  EPtot      =     -9709.0393
 BOND   =         3.6998  ANGLE   =         3.7078  DIHED      =         4.6852
 UB     =         0.0000  IMP     =         0.0000  CMAP       =         0.7465
 1-4 NB =         2.8225  1-4 EEL =        46.7495  VDWAALS    =      1501.0066
 EELEC  =    -11272.4572  EHBOND  =         0.0000  RESTRAINT  =         0.0000
 EKCMT  =       929.2931  VIRIAL  =       662.8033  VOLUME     =     31278.8285
                                                    Density    =         0.9775
 ------------------------------------------------------------------------------

wrapping first mol.:       11.46239       16.21027       28.07701
wrapping first mol.:       11.46239       16.21027       28.07701

 NSTEP =    19000   TIME(PS) =      38.000  TEMP(K) =   301.64  PRESS =    -7.4
 Etot   =     -7857.0718  EKtot   =      1839.6188  EPtot      =     -9696.6906
 BOND   =         2.2910  ANGLE   =         7.1937  DIHED      =         3.8929
 UB     =         0.0000  IMP     =         0.0000  CMAP       =        -0.2445
 1-4 NB =         3.8798  1-4 EEL =        49.7508  VDWAALS    =      1451.4872
 EELEC  =    -11214.9414  EHBOND  =         0.0000  RESTRAINT  =         0.0000
 EKCMT  =       894.6404  VIRIAL  =       899.6399  VOLUME     =     31301.7021
                                                    Density    =         0.9768
 ------------------------------------------------------------------------------

wrapping first mol.:       11.44611       16.18724       28.03712
wrapping first mol.:       11.44611       16.18724       28.03712

 NSTEP =    19500   TIME(PS) =      39.000  TEMP(K) =   305.52  PRESS =   316.3
 Etot   =     -7806.3040  EKtot   =      1863.2532  EPtot      =     -9669.5571
 BOND   =         1.4764  ANGLE   =         8.9363  DIHED      =         5.3364
 UB     =         0.0000  IMP     =         0.0000  CMAP       =        -0.5698
 1-4 NB =         2.3212  1-4 EEL =        46.5624  VDWAALS    =      1467.2951
 EELEC  =    -11200.9152  EHBOND  =         0.0000  RESTRAINT  =         0.0000
 EKCMT  =       959.5300  VIRIAL  =       746.6938  VOLUME     =     31167.5594
                                                    Density    =         0.9810
 ------------------------------------------------------------------------------

wrapping first mol.:       11.43895       16.17712       28.01960
wrapping first mol.:       11.43895       16.17712       28.01960

 NSTEP =    20000   TIME(PS) =      40.000  TEMP(K) =   307.78  PRESS =  -543.7
 Etot   =     -7916.8495  EKtot   =      1877.0771  EPtot      =     -9793.9267
 BOND   =         4.1830  ANGLE   =         7.8889  DIHED      =         7.1246
 UB     =         0.0000  IMP     =         0.0000  CMAP       =         0.5810
 1-4 NB =         3.0854  1-4 EEL =        41.9109  VDWAALS    =      1383.4720
 EELEC  =    -11242.1726  EHBOND  =         0.0000  RESTRAINT  =         0.0000
 EKCMT  =       946.7071  VIRIAL  =      1311.9627  VOLUME     =     31111.5636
                                                    Density    =         0.9828
 ------------------------------------------------------------------------------

wrapping first mol.:       11.45291       16.19687       28.05379
wrapping first mol.:       11.45291       16.19687       28.05379

 NSTEP =    20500   TIME(PS) =      41.000  TEMP(K) =   300.33  PRESS =   178.6
 Etot   =     -7889.3807  EKtot   =      1831.6287  EPtot      =     -9721.0094
 BOND   =         1.8997  ANGLE   =        13.5615  DIHED      =         5.1707
 UB     =         0.0000  IMP     =         0.0000  CMAP       =        -0.2807
 1-4 NB =         4.6259  1-4 EEL =        47.8469  VDWAALS    =      1478.6684
 EELEC  =    -11272.5019  EHBOND  =         0.0000  RESTRAINT  =         0.0000
 EKCMT  =       910.5824  VIRIAL  =       790.1844  VOLUME     =     31223.5928
                                                    Density    =         0.9792
 ------------------------------------------------------------------------------

wrapping first mol.:       11.45004       16.19280       28.04675
wrapping first mol.:       11.45004       16.19280       28.04675

 NSTEP =    21000   TIME(PS) =      42.000  TEMP(K) =   289.24  PRESS =  -157.7
 Etot   =     -7952.4328  EKtot   =      1763.9651  EPtot      =     -9716.3979
 BOND   =         2.8026  ANGLE   =         9.0156  DIHED      =         4.3104
 UB     =         0.0000  IMP     =         0.0000  CMAP       =        -0.5357
 1-4 NB =         3.5588  1-4 EEL =        45.4740  VDWAALS    =      1429.1033
 EELEC  =    -11210.1269  EHBOND  =         0.0000  RESTRAINT  =         0.0000
 EKCMT  =       884.5324  VIRIAL  =       990.7367  VOLUME     =     31201.0015
                                                    Density    =         0.9799
 ------------------------------------------------------------------------------

wrapping first mol.:       11.42971       16.16405       27.99695
wrapping first mol.:       11.42971       16.16405       27.99695

 NSTEP =    21500   TIME(PS) =      43.000  TEMP(K) =   309.73  PRESS =    -5.4
 Etot   =     -7925.2995  EKtot   =      1888.9763  EPtot      =     -9814.2758
 BOND   =         4.1708  ANGLE   =        10.7491  DIHED      =         4.2858
 UB     =         0.0000  IMP     =         0.0000  CMAP       =         0.1068
 1-4 NB =         2.5704  1-4 EEL =        43.1913  VDWAALS    =      1466.0534
 EELEC  =    -11345.4034  EHBOND  =         0.0000  RESTRAINT  =         0.0000
 EKCMT  =       947.8409  VIRIAL  =       951.4435  VOLUME     =     31034.7015
                                                    Density    =         0.9852
 ------------------------------------------------------------------------------

wrapping first mol.:       11.44071       16.17960       28.02389
wrapping first mol.:       11.44071       16.17960       28.02389

 NSTEP =    22000   TIME(PS) =      44.000  TEMP(K) =   300.12  PRESS =  -537.1
 Etot   =     -7845.6401  EKtot   =      1830.3466  EPtot      =     -9675.9867
 BOND   =         2.6065  ANGLE   =         6.6761  DIHED      =         4.8407
 UB     =         0.0000  IMP     =         0.0000  CMAP       =        -0.3345
 1-4 NB =         2.8231  1-4 EEL =        46.2891  VDWAALS    =      1349.6359
 EELEC  =    -11088.5236  EHBOND  =         0.0000  RESTRAINT  =         0.0000
 EKCMT  =       901.9444  VIRIAL  =      1262.8979  VOLUME     =     31125.8284
                                                    Density    =         0.9823
 ------------------------------------------------------------------------------

wrapping first mol.:       11.44695       16.18843       28.03918
wrapping first mol.:       11.44695       16.18843       28.03918

 NSTEP =    22500   TIME(PS) =      45.000  TEMP(K) =   310.36  PRESS =   297.4
 Etot   =     -7822.7637  EKtot   =      1892.7925  EPtot      =     -9715.5562
 BOND   =         1.4833  ANGLE   =        11.3932  DIHED      =         3.7224
 UB     =         0.0000  IMP     =         0.0000  CMAP       =        -0.0513
 1-4 NB =         3.2177  1-4 EEL =        48.2270  VDWAALS    =      1486.2310
 EELEC  =    -11269.7795  EHBOND  =         0.0000  RESTRAINT  =         0.0000
 EKCMT  =       937.3723  VIRIAL  =       737.1971  VOLUME     =     31174.4827
                                                    Density    =         0.9808
 ------------------------------------------------------------------------------

wrapping first mol.:       11.43308       16.16882       28.00521
wrapping first mol.:       11.43308       16.16882       28.00521

 NSTEP =    23000   TIME(PS) =      46.000  TEMP(K) =   304.11  PRESS =   188.7
 Etot   =     -7830.0599  EKtot   =      1854.6978  EPtot      =     -9684.7577
 BOND   =         1.3443  ANGLE   =         7.5197  DIHED      =         4.5517
 UB     =         0.0000  IMP     =         0.0000  CMAP       =        -0.5557
 1-4 NB =         3.3975  1-4 EEL =        46.2729  VDWAALS    =      1452.1625
 EELEC  =    -11199.4506  EHBOND  =         0.0000  RESTRAINT  =         0.0000
 EKCMT  =       926.7967  VIRIAL  =       800.2287  VOLUME     =     31061.6263
                                                    Density    =         0.9843
 ------------------------------------------------------------------------------

wrapping first mol.:      -22.84961       16.15712       27.98494
wrapping first mol.:      -22.84961       16.15712       27.98494

 NSTEP =    23500   TIME(PS) =      47.000  TEMP(K) =   302.51  PRESS =  -371.8
 Etot   =     -7850.5966  EKtot   =      1844.9258  EPtot      =     -9695.5224
 BOND   =         3.7354  ANGLE   =         8.5197  DIHED      =         4.5470
 UB     =         0.0000  IMP     =         0.0000  CMAP       =         1.3001
 1-4 NB =         2.5637  1-4 EEL =        44.4396  VDWAALS    =      1364.2526
 EELEC  =    -11124.8805  EHBOND  =         0.0000  RESTRAINT  =         0.0000
 EKCMT  =       949.4367  VIRIAL  =      1198.2694  VOLUME     =     30995.7943
                                                    Density    =         0.9864
 ------------------------------------------------------------------------------

wrapping first mol.:       11.42578       16.15850       27.98734
wrapping first mol.:       11.42578       16.15850       27.98734

 NSTEP =    24000   TIME(PS) =      48.000  TEMP(K) =   300.61  PRESS =   167.2
 Etot   =     -7815.2365  EKtot   =      1833.2974  EPtot      =     -9648.5338
 BOND   =         0.9886  ANGLE   =         4.2079  DIHED      =         3.5771
 UB     =         0.0000  IMP     =         0.0000  CMAP       =         0.7307
 1-4 NB =         3.7174  1-4 EEL =        48.5912  VDWAALS    =      1429.6080
 EELEC  =    -11139.9548  EHBOND  =         0.0000  RESTRAINT  =         0.0000
 EKCMT  =       898.6995  VIRIAL  =       786.7808  VOLUME     =     31002.2583
                                                    Density    =         0.9862
 ------------------------------------------------------------------------------

wrapping first mol.:       11.44143       16.18062       28.02566
wrapping first mol.:       11.44143       16.18062       28.02566

 NSTEP =    24500   TIME(PS) =      49.000  TEMP(K) =   301.39  PRESS =   215.5
 Etot   =     -7904.7379  EKtot   =      1838.0956  EPtot      =     -9742.8335
 BOND   =         2.0691  ANGLE   =         8.1539  DIHED      =         5.4287
 UB     =         0.0000  IMP     =         0.0000  CMAP       =         1.2287
 1-4 NB =         2.6351  1-4 EEL =        48.9900  VDWAALS    =      1465.3460
 EELEC  =    -11276.6850  EHBOND  =         0.0000  RESTRAINT  =         0.0000
 EKCMT  =       913.0987  VIRIAL  =       768.2612  VOLUME     =     31129.6325
                                                    Density    =         0.9822
 ------------------------------------------------------------------------------

wrapping first mol.:       11.44507       16.18577       28.03458
wrapping first mol.:       11.44507       16.18577       28.03458

 NSTEP =    25000   TIME(PS) =      50.000  TEMP(K) =   305.04  PRESS =   340.9
 Etot   =     -7858.6396  EKtot   =      1860.3489  EPtot      =     -9718.9885
 BOND   =         2.0013  ANGLE   =         8.0611  DIHED      =         4.5320
 UB     =         0.0000  IMP     =         0.0000  CMAP       =         0.0290
 1-4 NB =         5.2195  1-4 EEL =        52.9601  VDWAALS    =      1491.8999
 EELEC  =    -11283.6913  EHBOND  =         0.0000  RESTRAINT  =         0.0000
 EKCMT  =       948.9910  VIRIAL  =       719.6398  VOLUME     =     31159.0265
                                                    Density    =         0.9813
 ------------------------------------------------------------------------------

wrapping first mol.:       11.43233       16.16775       28.00336
wrapping first mol.:       11.43233       16.16775       28.00336

 NSTEP =    25500   TIME(PS) =      51.000  TEMP(K) =   301.34  PRESS =    43.0
 Etot   =     -7897.0456  EKtot   =      1837.8020  EPtot      =     -9734.8476
 BOND   =         4.0043  ANGLE   =        10.2594  DIHED      =         5.4342
 UB     =         0.0000  IMP     =         0.0000  CMAP       =         0.3305
 1-4 NB =         2.6653  1-4 EEL =        42.6376  VDWAALS    =      1446.3069
 EELEC  =    -11246.4857  EHBOND  =         0.0000  RESTRAINT  =         0.0000
 EKCMT  =       903.1296  VIRIAL  =       874.2994  VOLUME     =     31055.8878
                                                    Density    =         0.9845
 ------------------------------------------------------------------------------

wrapping first mol.:      -22.86984       16.17142       28.00972
wrapping first mol.:      -22.86984       16.17142       28.00972

 NSTEP =    26000   TIME(PS) =      52.000  TEMP(K) =   300.47  PRESS =    59.1
 Etot   =     -7900.2592  EKtot   =      1832.4553  EPtot      =     -9732.7145
 BOND   =         2.5909  ANGLE   =         9.9347  DIHED      =         4.7851
 UB     =         0.0000  IMP     =         0.0000  CMAP       =        -0.0588
 1-4 NB =         3.1285  1-4 EEL =        47.9424  VDWAALS    =      1457.7850
 EELEC  =    -11258.8223  EHBOND  =         0.0000  RESTRAINT  =         0.0000
 EKCMT  =       909.2979  VIRIAL  =       869.6588  VOLUME     =     31076.9978
                                                    Density    =         0.9838
 ------------------------------------------------------------------------------

wrapping first mol.:      -22.83573       16.14730       27.96795
wrapping first mol.:      -22.83573       16.14730       27.96795

 NSTEP =    26500   TIME(PS) =      53.000  TEMP(K) =   297.49  PRESS =   367.1
 Etot   =     -7971.3124  EKtot   =      1814.2852  EPtot      =     -9785.5976
 BOND   =         5.3671  ANGLE   =         9.0636  DIHED      =         4.0773
 UB     =         0.0000  IMP     =         0.0000  CMAP       =         0.1371
 1-4 NB =         3.5102  1-4 EEL =        51.5916  VDWAALS    =      1517.5841
 EELEC  =    -11376.9286  EHBOND  =         0.0000  RESTRAINT  =         0.0000
 EKCMT  =       905.7724  VIRIAL  =       660.5296  VOLUME     =     30937.3026
                                                    Density    =         0.9883
 ------------------------------------------------------------------------------

wrapping first mol.:      -22.85356       16.15991       27.98978
wrapping first mol.:      -22.85356       16.15991       27.98978

 NSTEP =    27000   TIME(PS) =      54.000  TEMP(K) =   302.28  PRESS =   117.5
 Etot   =     -7938.5065  EKtot   =      1843.4880  EPtot      =     -9781.9945
 BOND   =         2.1099  ANGLE   =        10.3271  DIHED      =         3.7624
 UB     =         0.0000  IMP     =         0.0000  CMAP       =         0.2790
 1-4 NB =         3.4807  1-4 EEL =        46.8092  VDWAALS    =      1459.6826
 EELEC  =    -11308.4453  EHBOND  =         0.0000  RESTRAINT  =         0.0000
 EKCMT  =       931.1371  VIRIAL  =       852.4548  VOLUME     =     31010.5203
                                                    Density    =         0.9860
 ------------------------------------------------------------------------------

wrapping first mol.:      -22.85093       16.15805       27.98657
wrapping first mol.:      -22.85093       16.15805       27.98657

 NSTEP =    27500   TIME(PS) =      55.000  TEMP(K) =   291.80  PRESS =   162.5
 Etot   =     -8047.4434  EKtot   =      1779.5854  EPtot      =     -9827.0288
 BOND   =         1.1878  ANGLE   =         5.8723  DIHED      =         4.2782
 UB     =         0.0000  IMP     =         0.0000  CMAP       =         0.1885
 1-4 NB =         3.1921  1-4 EEL =        47.7597  VDWAALS    =      1489.8366
 EELEC  =    -11379.3441  EHBOND  =         0.0000  RESTRAINT  =         0.0000
 EKCMT  =       866.8135  VIRIAL  =       758.0428  VOLUME     =     30999.7075
                                                    Density    =         0.9863
 ------------------------------------------------------------------------------

wrapping first mol.:      -22.82806       16.14188       27.95855
wrapping first mol.:      -22.82806       16.14188       27.95855

 NSTEP =    28000   TIME(PS) =      56.000  TEMP(K) =   293.01  PRESS =   -14.9
 Etot   =     -8013.8187  EKtot   =      1786.9580  EPtot      =     -9800.7767
 BOND   =         2.1830  ANGLE   =         8.7122  DIHED      =         5.5724
 UB     =         0.0000  IMP     =         0.0000  CMAP       =        -0.0884
 1-4 NB =         3.9640  1-4 EEL =        49.2654  VDWAALS    =      1465.6222
 EELEC  =    -11336.0075  EHBOND  =         0.0000  RESTRAINT  =         0.0000
 EKCMT  =       898.1335  VIRIAL  =       908.1003  VOLUME     =     30907.1994
                                                    Density    =         0.9893
 ------------------------------------------------------------------------------

wrapping first mol.:      -22.82867       16.14231       27.95930
wrapping first mol.:      -22.82867       16.14231       27.95930

 NSTEP =    28500   TIME(PS) =      57.000  TEMP(K) =   286.90  PRESS =   232.8
 Etot   =     -8021.1366  EKtot   =      1749.6877  EPtot      =     -9770.8243
 BOND   =         5.5406  ANGLE   =        13.2419  DIHED      =         6.5351
 UB     =         0.0000  IMP     =         0.0000  CMAP       =         0.3252
 1-4 NB =         2.3072  1-4 EEL =        46.0237  VDWAALS    =      1475.1757
 EELEC  =    -11319.9737  EHBOND  =         0.0000  RESTRAINT  =         0.0000
 EKCMT  =       885.1683  VIRIAL  =       729.8111  VOLUME     =     30909.0009
                                                    Density    =         0.9892
 ------------------------------------------------------------------------------

wrapping first mol.:      -22.85945       16.16408       27.99700
wrapping first mol.:      -22.85945       16.16408       27.99700

 NSTEP =    29000   TIME(PS) =      58.000  TEMP(K) =   294.09  PRESS =   354.5
 Etot   =     -8009.1681  EKtot   =      1793.5901  EPtot      =     -9802.7582
 BOND   =         3.5501  ANGLE   =        12.1466  DIHED      =         2.9289
 UB     =         0.0000  IMP     =         0.0000  CMAP       =        -0.0536
 1-4 NB =         3.1194  1-4 EEL =        46.6640  VDWAALS    =      1525.4929
 EELEC  =    -11396.6065  EHBOND  =         0.0000  RESTRAINT  =         0.0000
 EKCMT  =       899.4579  VIRIAL  =       661.9314  VOLUME     =     31033.8614
                                                    Density    =         0.9852
 ------------------------------------------------------------------------------

wrapping first mol.:       11.45276       16.19664       28.05341
wrapping first mol.:       11.45276       16.19664       28.05341

 NSTEP =    29500   TIME(PS) =      59.000  TEMP(K) =   301.95  PRESS =   -39.9
 Etot   =     -7913.5928  EKtot   =      1841.5013  EPtot      =     -9755.0941
 BOND   =         4.8544  ANGLE   =        10.5045  DIHED      =         6.3224
 UB     =         0.0000  IMP     =         0.0000  CMAP       =        -0.1250
 1-4 NB =         4.2471  1-4 EEL =        49.4948  VDWAALS    =      1450.1030
 EELEC  =    -11280.4954  EHBOND  =         0.0000  RESTRAINT  =         0.0000
 EKCMT  =       909.5874  VIRIAL  =       936.4881  VOLUME     =     31222.9084
                                                    Density    =         0.9792
 ------------------------------------------------------------------------------

wrapping first mol.:       11.44491       16.18554       28.03418
wrapping first mol.:       11.44491       16.18554       28.03418

 NSTEP =    30000   TIME(PS) =      60.000  TEMP(K) =   287.56  PRESS =   156.9
 Etot   =     -7949.3664  EKtot   =      1753.7574  EPtot      =     -9703.1239
 BOND   =         3.3808  ANGLE   =        10.0525  DIHED      =         8.6474
 UB     =         0.0000  IMP     =         0.0000  CMAP       =        -0.1873
 1-4 NB =         2.7453  1-4 EEL =        46.1258  VDWAALS    =      1472.3848
 EELEC  =    -11246.2732  EHBOND  =         0.0000  RESTRAINT  =         0.0000
 EKCMT  =       863.7689  VIRIAL  =       758.2272  VOLUME     =     31158.1959
                                                    Density    =         0.9813
 ------------------------------------------------------------------------------

wrapping first mol.:       11.42770       16.16120       27.99202
wrapping first mol.:       11.42770       16.16120       27.99202

 NSTEP =    30500   TIME(PS) =      61.000  TEMP(K) =   294.18  PRESS =   654.4
 Etot   =     -8010.9592  EKtot   =      1794.0996  EPtot      =     -9805.0588
 BOND   =         3.1769  ANGLE   =         4.8999  DIHED      =         5.1291
 UB     =         0.0000  IMP     =         0.0000  CMAP       =         0.8146
 1-4 NB =         4.1989  1-4 EEL =        50.6438  VDWAALS    =      1566.3635
 EELEC  =    -11440.2855  EHBOND  =         0.0000  RESTRAINT  =         0.0000
 EKCMT  =       891.9530  VIRIAL  =       453.7002  VOLUME     =     31016.4718
                                                    Density    =         0.9858
 ------------------------------------------------------------------------------

wrapping first mol.:       11.44213       16.18162       28.02738
wrapping first mol.:       11.44213       16.18162       28.02738

 NSTEP =    31000   TIME(PS) =      62.000  TEMP(K) =   306.36  PRESS =     8.3
 Etot   =     -7902.0986  EKtot   =      1868.3765  EPtot      =     -9770.4751
 BOND   =         5.3825  ANGLE   =         5.1996  DIHED      =         2.9682
 UB     =         0.0000  IMP     =         0.0000  CMAP       =         0.7024
 1-4 NB =         3.4792  1-4 EEL =        47.8076  VDWAALS    =      1457.6160
 EELEC  =    -11293.6306  EHBOND  =         0.0000  RESTRAINT  =         0.0000
 EKCMT  =       927.2904  VIRIAL  =       921.6801  VOLUME     =     31135.9656
                                                    Density    =         0.9820
 ------------------------------------------------------------------------------

wrapping first mol.:       11.43753       16.17511       28.01612
wrapping first mol.:       11.43753       16.17511       28.01612

 NSTEP =    31500   TIME(PS) =      63.000  TEMP(K) =   293.07  PRESS =   374.1
 Etot   =     -7921.4156  EKtot   =      1787.3503  EPtot      =     -9708.7660
 BOND   =         4.7009  ANGLE   =         9.3499  DIHED      =         3.2880
 UB     =         0.0000  IMP     =         0.0000  CMAP       =         0.5324
 1-4 NB =         4.5067  1-4 EEL =        49.5459  VDWAALS    =      1486.4544
 EELEC  =    -11267.1442  EHBOND  =         0.0000  RESTRAINT  =         0.0000
 EKCMT  =       899.0926  VIRIAL  =       647.8802  VOLUME     =     31097.4195
                                                    Density    =         0.9832
 ------------------------------------------------------------------------------

wrapping first mol.:       11.47137       16.22297       28.09900
wrapping first mol.:       11.47137       16.22297       28.09900

 NSTEP =    32000   TIME(PS) =      64.000  TEMP(K) =   300.23  PRESS =  -112.3
 Etot   =     -7841.3275  EKtot   =      1831.0281  EPtot      =     -9672.3556
 BOND   =         1.7685  ANGLE   =         5.7924  DIHED      =         5.9502
 UB     =         0.0000  IMP     =         0.0000  CMAP       =         1.6878
 1-4 NB =         2.8233  1-4 EEL =        48.1925  VDWAALS    =      1433.4485
 EELEC  =    -11172.0186  EHBOND  =         0.0000  RESTRAINT  =         0.0000
 EKCMT  =       885.5099  VIRIAL  =       961.5600  VOLUME     =     31375.5904
                                                    Density    =         0.9745
 ------------------------------------------------------------------------------

wrapping first mol.:       11.45988       16.20672       28.07086
wrapping first mol.:       11.45988       16.20672       28.07086

 NSTEP =    32500   TIME(PS) =      65.000  TEMP(K) =   298.89  PRESS =  -172.4
 Etot   =     -7862.6187  EKtot   =      1822.8103  EPtot      =     -9685.4290
 BOND   =         3.3664  ANGLE   =         9.1909  DIHED      =         3.9285
 UB     =         0.0000  IMP     =         0.0000  CMAP       =         0.1401
 1-4 NB =         2.7984  1-4 EEL =        43.9138  VDWAALS    =      1424.4264
 EELEC  =    -11173.1937  EHBOND  =         0.0000  RESTRAINT  =         0.0000
 EKCMT  =       877.6139  VIRIAL  =       994.0790  VOLUME     =     31281.5746
                                                    Density    =         0.9774
 ------------------------------------------------------------------------------

wrapping first mol.:       11.45834       16.20453       28.06707
wrapping first mol.:       11.45834       16.20453       28.06707

 NSTEP =    33000   TIME(PS) =      66.000  TEMP(K) =   298.76  PRESS =   -93.1
 Etot   =     -7903.5330  EKtot   =      1822.0659  EPtot      =     -9725.5990
 BOND   =         3.9916  ANGLE   =         9.1798  DIHED      =         4.0614
 UB     =         0.0000  IMP     =         0.0000  CMAP       =         0.3075
 1-4 NB =         2.9179  1-4 EEL =        48.9805  VDWAALS    =      1441.9694
 EELEC  =    -11237.0071  EHBOND  =         0.0000  RESTRAINT  =         0.0000
 EKCMT  =       916.5993  VIRIAL  =       979.4633  VOLUME     =     31268.7165
                                                    Density    =         0.9778
 ------------------------------------------------------------------------------

wrapping first mol.:       11.44297       16.18280       28.02944
wrapping first mol.:       11.44297       16.18280       28.02944

 NSTEP =    33500   TIME(PS) =      67.000  TEMP(K) =   301.86  PRESS =  -394.8
 Etot   =     -7936.4886  EKtot   =      1840.9780  EPtot      =     -9777.4667
 BOND   =         3.2222  ANGLE   =        12.2592  DIHED      =         3.3939
 UB     =         0.0000  IMP     =         0.0000  CMAP       =        -0.0443
 1-4 NB =         2.9286  1-4 EEL =        44.8559  VDWAALS    =      1412.3525
 EELEC  =    -11256.4347  EHBOND  =         0.0000  RESTRAINT  =         0.0000
 EKCMT  =       924.2248  VIRIAL  =      1189.7267  VOLUME     =     31143.9238
                                                    Density    =         0.9817
 ------------------------------------------------------------------------------

wrapping first mol.:       11.44597       16.18705       28.03679
wrapping first mol.:       11.44597       16.18705       28.03679

 NSTEP =    34000   TIME(PS) =      68.000  TEMP(K) =   298.56  PRESS =   754.3
 Etot   =     -7947.9877  EKtot   =      1820.8306  EPtot      =     -9768.8182
 BOND   =         2.9911  ANGLE   =        11.4270  DIHED      =         4.9686
 UB     =         0.0000  IMP     =         0.0000  CMAP       =         0.2235
 1-4 NB =         4.5117  1-4 EEL =        46.2431  VDWAALS    =      1574.7018
 EELEC  =    -11413.8849  EHBOND  =         0.0000  RESTRAINT  =         0.0000
 EKCMT  =       900.8215  VIRIAL  =       393.2394  VOLUME     =     31165.2426
                                                    Density    =         0.9811
 ------------------------------------------------------------------------------

wrapping first mol.:       11.44276       16.18251       28.02892
wrapping first mol.:       11.44276       16.18251       28.02892

 NSTEP =    34500   TIME(PS) =      69.000  TEMP(K) =   289.66  PRESS =  -186.7
 Etot   =     -7897.6717  EKtot   =      1766.5615  EPtot      =     -9664.2332
 BOND   =         1.4364  ANGLE   =        11.5806  DIHED      =         4.8292
 UB     =         0.0000  IMP     =         0.0000  CMAP       =         0.3196
 1-4 NB =         3.0465  1-4 EEL =        47.3547  VDWAALS    =      1398.9427
 EELEC  =    -11131.7430  EHBOND  =         0.0000  RESTRAINT  =         0.0000
 EKCMT  =       885.1945  VIRIAL  =      1010.7576  VOLUME     =     31141.6323
                                                    Density    =         0.9818
 ------------------------------------------------------------------------------

wrapping first mol.:       11.42715       16.16043       27.99068
wrapping first mol.:       11.42715       16.16043       27.99068

 NSTEP =    35000   TIME(PS) =      70.000  TEMP(K) =   305.89  PRESS =   -34.1
 Etot   =     -7828.7139  EKtot   =      1865.5482  EPtot      =     -9694.2621
 BOND   =         2.3334  ANGLE   =         6.5566  DIHED      =         5.9038
 UB     =         0.0000  IMP     =         0.0000  CMAP       =        -0.0480
 1-4 NB =         3.2927  1-4 EEL =        48.0483  VDWAALS    =      1410.6354
 EELEC  =    -11170.9843  EHBOND  =         0.0000  RESTRAINT  =         0.0000
 EKCMT  =       953.3800  VIRIAL  =       976.2423  VOLUME     =     31013.9040
                                                    Density    =         0.9858
 ------------------------------------------------------------------------------

wrapping first mol.:       11.44749       16.18919       28.04050
wrapping first mol.:       11.44749       16.18919       28.04050

 NSTEP =    35500   TIME(PS) =      71.000  TEMP(K) =   296.07  PRESS =   593.8
 Etot   =     -7853.4776  EKtot   =      1805.6410  EPtot      =     -9659.1186
 BOND   =         3.9917  ANGLE   =         7.8162  DIHED      =         4.4319
 UB     =         0.0000  IMP     =         0.0000  CMAP       =        -0.0106
 1-4 NB =         2.4173  1-4 EEL =        45.2554  VDWAALS    =      1503.9179
 EELEC  =    -11226.9383  EHBOND  =         0.0000  RESTRAINT  =         0.0000
 EKCMT  =       902.9480  VIRIAL  =       503.2104  VOLUME     =     31178.0648
                                                    Density    =         0.9807
 ------------------------------------------------------------------------------

wrapping first mol.:       11.46685       16.21657       28.08793
wrapping first mol.:       11.46685       16.21657       28.08793

 NSTEP =    36000   TIME(PS) =      72.000  TEMP(K) =   292.09  PRESS =   629.5
 Etot   =     -7872.5869  EKtot   =      1781.3710  EPtot      =     -9653.9579
 BOND   =         2.4229  ANGLE   =         7.5489  DIHED      =         4.4715
 UB     =         0.0000  IMP     =         0.0000  CMAP       =         0.1289
 1-4 NB =         4.3615  1-4 EEL =        49.1051  VDWAALS    =      1510.2567
 EELEC  =    -11232.2534  EHBOND  =         0.0000  RESTRAINT  =         0.0000
 EKCMT  =       904.1180  VIRIAL  =       478.1730  VOLUME     =     31336.4350
                                                    Density    =         0.9757
 ------------------------------------------------------------------------------

wrapping first mol.:       11.43351       16.16942       28.00625
wrapping first mol.:       11.43351       16.16942       28.00625

 NSTEP =    36500   TIME(PS) =      73.000  TEMP(K) =   299.76  PRESS =  -721.7
 Etot   =     -7906.4950  EKtot   =      1828.1138  EPtot      =     -9734.6088
 BOND   =         5.0035  ANGLE   =         9.4704  DIHED      =         7.5248
 UB     =         0.0000  IMP     =         0.0000  CMAP       =         0.6877
 1-4 NB =         2.9816  1-4 EEL =        44.2305  VDWAALS    =      1354.1356
 EELEC  =    -11158.6430  EHBOND  =         0.0000  RESTRAINT  =         0.0000
 EKCMT  =       911.3715  VIRIAL  =      1395.4738  VOLUME     =     31067.6211
                                                    Density    =         0.9841
 ------------------------------------------------------------------------------

wrapping first mol.:       11.43499       16.17152       28.00989
wrapping first mol.:       11.43499       16.17152       28.00989

 NSTEP =    37000   TIME(PS) =      74.000  TEMP(K) =   298.55  PRESS =   121.1
 Etot   =     -7908.3845  EKtot   =      1820.7367  EPtot      =     -9729.1212
 BOND   =         1.5660  ANGLE   =        11.8292  DIHED      =         4.2622
 UB     =         0.0000  IMP     =         0.0000  CMAP       =         0.7169
 1-4 NB =         3.2562  1-4 EEL =        47.4674  VDWAALS    =      1449.9563
 EELEC  =    -11248.1753  EHBOND  =         0.0000  RESTRAINT  =         0.0000
 EKCMT  =       920.5508  VIRIAL  =       839.2995  VOLUME     =     31077.4029
                                                    Density    =         0.9838
 ------------------------------------------------------------------------------

wrapping first mol.:       11.42965       16.16397       27.99681
wrapping first mol.:       11.42965       16.16397       27.99681

 NSTEP =    37500   TIME(PS) =      75.000  TEMP(K) =   298.89  PRESS =  -229.2
 Etot   =     -7865.9494  EKtot   =      1822.8210  EPtot      =     -9688.7704
 BOND   =         1.5418  ANGLE   =         7.8955  DIHED      =         3.9236
 UB     =         0.0000  IMP     =         0.0000  CMAP       =        -0.0407
 1-4 NB =         3.9317  1-4 EEL =        46.0868  VDWAALS    =      1400.5755
 EELEC  =    -11152.6846  EHBOND  =         0.0000  RESTRAINT  =         0.0000
 EKCMT  =       883.6857  VIRIAL  =      1037.2921  VOLUME     =     31034.8385
                                                    Density    =         0.9852
 ------------------------------------------------------------------------------

wrapping first mol.:       11.42239       16.15369       27.97902
wrapping first mol.:       11.42239       16.15369       27.97902

 NSTEP =    38000   TIME(PS) =      76.000  TEMP(K) =   297.11  PRESS =    40.0
 Etot   =     -7958.9883  EKtot   =      1811.9653  EPtot      =     -9770.9537
 BOND   =        10.4448  ANGLE   =        10.8395  DIHED      =         3.7163
 UB     =         0.0000  IMP     =         0.0000  CMAP       =         0.7075
 1-4 NB =         2.3212  1-4 EEL =        45.1986  VDWAALS    =      1451.1766
 EELEC  =    -11295.3582  EHBOND  =         0.0000  RESTRAINT  =         0.0000
 EKCMT  =       904.1994  VIRIAL  =       877.4321  VOLUME     =     30974.9593
                                                    Density    =         0.9871
 ------------------------------------------------------------------------------

wrapping first mol.:       11.43682       16.17411       28.01438
wrapping first mol.:       11.43682       16.17411       28.01438

 NSTEP =    38500   TIME(PS) =      77.000  TEMP(K) =   296.16  PRESS =   229.5
 Etot   =     -8011.0460  EKtot   =      1806.2008  EPtot      =     -9817.2468
 BOND   =         2.1217  ANGLE   =         6.5015  DIHED      =         5.2472
 UB     =         0.0000  IMP     =         0.0000  CMAP       =         0.8495
 1-4 NB =         3.0826  1-4 EEL =        46.4150  VDWAALS    =      1522.0669
 EELEC  =    -11403.5312  EHBOND  =         0.0000  RESTRAINT  =         0.0000
 EKCMT  =       895.8814  VIRIAL  =       741.8453  VOLUME     =     31092.0408
                                                    Density    =         0.9834
 ------------------------------------------------------------------------------

wrapping first mol.:       11.43377       16.16979       28.00690
wrapping first mol.:       11.43377       16.16979       28.00690

 NSTEP =    39000   TIME(PS) =      78.000  TEMP(K) =   300.60  PRESS =  -239.3
 Etot   =     -7913.4487  EKtot   =      1833.2969  EPtot      =     -9746.7456
 BOND   =         3.2460  ANGLE   =        11.1537  DIHED      =         4.4386
 UB     =         0.0000  IMP     =         0.0000  CMAP       =        -0.1416
 1-4 NB =         4.0231  1-4 EEL =        47.8958  VDWAALS    =      1404.3496
 EELEC  =    -11221.7108  EHBOND  =         0.0000  RESTRAINT  =         0.0000
 EKCMT  =       927.3442  VIRIAL  =      1087.8856  VOLUME     =     31068.4381
                                                    Density    =         0.9841
 ------------------------------------------------------------------------------

wrapping first mol.:       11.42960       16.16389       27.99667
wrapping first mol.:       11.42960       16.16389       27.99667

 NSTEP =    39500   TIME(PS) =      79.000  TEMP(K) =   299.35  PRESS =   -32.5
 Etot   =     -7828.9344  EKtot   =      1825.6641  EPtot      =     -9654.5984
 BOND   =         1.9949  ANGLE   =         9.0316  DIHED      =         5.4122
 UB     =         0.0000  IMP     =         0.0000  CMAP       =        -0.0881
 1-4 NB =         3.6009  1-4 EEL =        48.8643  VDWAALS    =      1396.3624
 EELEC  =    -11119.7766  EHBOND  =         0.0000  RESTRAINT  =         0.0000
 EKCMT  =       907.2627  VIRIAL  =       929.0601  VOLUME     =     31033.8443
                                                    Density    =         0.9852
 ------------------------------------------------------------------------------

wrapping first mol.:       11.44249       16.18212       28.02826
wrapping first mol.:       11.44249       16.18212       28.02826

 NSTEP =    40000   TIME(PS) =      80.000  TEMP(K) =   296.02  PRESS =    24.8
 Etot   =     -7903.6218  EKtot   =      1805.3606  EPtot      =     -9708.9824
 BOND   =         3.0447  ANGLE   =         8.3145  DIHED      =         5.8774
 UB     =         0.0000  IMP     =         0.0000  CMAP       =         1.9373
 1-4 NB =         2.5964  1-4 EEL =        48.4734  VDWAALS    =      1453.6932
 EELEC  =    -11232.9193  EHBOND  =         0.0000  RESTRAINT  =         0.0000
 EKCMT  =       931.0278  VIRIAL  =       914.3534  VOLUME     =     31138.8389
                                                    Density    =         0.9819
 ------------------------------------------------------------------------------

wrapping first mol.:       11.43788       16.17561       28.01697
wrapping first mol.:       11.43788       16.17561       28.01697

 NSTEP =    40500   TIME(PS) =      81.000  TEMP(K) =   297.65  PRESS =    51.6
 Etot   =     -7837.2855  EKtot   =      1815.2573  EPtot      =     -9652.5428
 BOND   =         3.5215  ANGLE   =         7.6420  DIHED      =         6.0498
 UB     =         0.0000  IMP     =         0.0000  CMAP       =         0.3397
 1-4 NB =         2.9275  1-4 EEL =        47.2187  VDWAALS    =      1413.1286
 EELEC  =    -11133.3705  EHBOND  =         0.0000  RESTRAINT  =         0.0000
 EKCMT  =       906.1902  VIRIAL  =       871.5427  VOLUME     =     31101.1512
                                                    Density    =         0.9831
 ------------------------------------------------------------------------------

wrapping first mol.:       11.44448       16.18494       28.03314
wrapping first mol.:       11.44448       16.18494       28.03314

 NSTEP =    41000   TIME(PS) =      82.000  TEMP(K) =   291.41  PRESS =   145.7
 Etot   =     -7852.3553  EKtot   =      1777.2100  EPtot      =     -9629.5653
 BOND   =         3.8759  ANGLE   =         8.2733  DIHED      =         5.5099
 UB     =         0.0000  IMP     =         0.0000  CMAP       =         0.3007
 1-4 NB =         2.6299  1-4 EEL =        45.8540  VDWAALS    =      1426.9667
 EELEC  =    -11122.9756  EHBOND  =         0.0000  RESTRAINT  =         0.0000
 EKCMT  =       869.6027  VIRIAL  =       771.5668  VOLUME     =     31154.7584
                                                    Density    =         0.9814
 ------------------------------------------------------------------------------

wrapping first mol.:       11.44324       16.18319       28.03010
wrapping first mol.:       11.44324       16.18319       28.03010

 NSTEP =    41500   TIME(PS) =      83.000  TEMP(K) =   300.67  PRESS =  -547.5
 Etot   =     -7931.6476  EKtot   =      1833.7004  EPtot      =     -9765.3480
 BOND   =         2.8534  ANGLE   =        10.1884  DIHED      =         5.3477
 UB     =         0.0000  IMP     =         0.0000  CMAP       =         0.0520
 1-4 NB =         2.0293  1-4 EEL =        48.5802  VDWAALS    =      1376.2776
 EELEC  =    -11210.6767  EHBOND  =         0.0000  RESTRAINT  =         0.0000
 EKCMT  =       941.3214  VIRIAL  =      1309.4840  VOLUME     =     31146.5796
                                                    Density    =         0.9816
 ------------------------------------------------------------------------------

wrapping first mol.:       11.43112       16.16605       28.00041
wrapping first mol.:       11.43112       16.16605       28.00041

 NSTEP =    42000   TIME(PS) =      84.000  TEMP(K) =   299.74  PRESS =   520.4
 Etot   =     -7898.2112  EKtot   =      1828.0228  EPtot      =     -9726.2340
 BOND   =         1.6734  ANGLE   =         9.1362  DIHED      =         5.1902
 UB     =         0.0000  IMP     =         0.0000  CMAP       =         0.7346
 1-4 NB =         2.6779  1-4 EEL =        46.8623  VDWAALS    =      1519.0197
 EELEC  =    -11311.5283  EHBOND  =         0.0000  RESTRAINT  =         0.0000
 EKCMT  =       892.3114  VIRIAL  =       543.5014  VOLUME     =     31044.7473
                                                    Density    =         0.9849
 ------------------------------------------------------------------------------

wrapping first mol.:       11.44284       16.18261       28.02911
wrapping first mol.:       11.44284       16.18261       28.02911

 NSTEP =    42500   TIME(PS) =      85.000  TEMP(K) =   297.50  PRESS =   279.9
 Etot   =     -7902.4466  EKtot   =      1814.3558  EPtot      =     -9716.8024
 BOND   =         5.1222  ANGLE   =        11.9322  DIHED      =         3.8187
 UB     =         0.0000  IMP     =         0.0000  CMAP       =         1.3678
 1-4 NB =         2.0323  1-4 EEL =        46.1002  VDWAALS    =      1495.4179
 EELEC  =    -11282.5938  EHBOND  =         0.0000  RESTRAINT  =         0.0000
 EKCMT  =       885.8520  VIRIAL  =       697.6525  VOLUME     =     31140.9497
                                                    Density    =         0.9818
 ------------------------------------------------------------------------------

wrapping first mol.:       11.41430       16.14226       27.95920
wrapping first mol.:       11.41430       16.14226       27.95920

 NSTEP =    43000   TIME(PS) =      86.000  TEMP(K) =   307.12  PRESS =   115.8
 Etot   =     -7874.5801  EKtot   =      1873.0194  EPtot      =     -9747.5995
 BOND   =         3.5016  ANGLE   =         9.7518  DIHED      =         4.8724
 UB     =         0.0000  IMP     =         0.0000  CMAP       =         1.1373
 1-4 NB =         1.7818  1-4 EEL =        47.1624  VDWAALS    =      1454.9266
 EELEC  =    -11270.7334  EHBOND  =         0.0000  RESTRAINT  =         0.0000
 EKCMT  =       922.2800  VIRIAL  =       845.0189  VOLUME     =     30909.0008
                                                    Density    =         0.9892
 ------------------------------------------------------------------------------

wrapping first mol.:       11.41746       16.14672       27.96694
wrapping first mol.:       11.41746       16.14672       27.96694

 NSTEP =    43500   TIME(PS) =      87.000  TEMP(K) =   296.52  PRESS =    47.4
 Etot   =     -7885.4701  EKtot   =      1808.3912  EPtot      =     -9693.8613
 BOND   =         2.3760  ANGLE   =        10.4984  DIHED      =         3.4499
 UB     =         0.0000  IMP     =         0.0000  CMAP       =        -0.1381
 1-4 NB =         3.7216  1-4 EEL =        45.3603  VDWAALS    =      1440.0192
 EELEC  =    -11199.1485  EHBOND  =         0.0000  RESTRAINT  =         0.0000
 EKCMT  =       896.7801  VIRIAL  =       865.1332  VOLUME     =     30934.8599
                                                    Density    =         0.9884
 ------------------------------------------------------------------------------

wrapping first mol.:       11.44866       16.19085       28.04338
wrapping first mol.:       11.44866       16.19085       28.04338

 NSTEP =    44000   TIME(PS) =      88.000  TEMP(K) =   292.75  PRESS =   -27.4
 Etot   =     -7906.4303  EKtot   =      1785.3942  EPtot      =     -9691.8245
 BOND   =         3.2828  ANGLE   =         7.8516  DIHED      =         4.0877
 UB     =         0.0000  IMP     =         0.0000  CMAP       =         0.0581
 1-4 NB =         2.3173  1-4 EEL =        49.4217  VDWAALS    =      1425.7393
 EELEC  =    -11184.5831  EHBOND  =         0.0000  RESTRAINT  =         0.0000
 EKCMT  =       884.2083  VIRIAL  =       902.6918  VOLUME     =     31189.3999
                                                    Density    =         0.9803
 ------------------------------------------------------------------------------

wrapping first mol.:       11.46546       16.21460       28.08452
wrapping first mol.:       11.46546       16.21460       28.08452

 NSTEP =    44500   TIME(PS) =      89.000  TEMP(K) =   303.77  PRESS =  -448.9
 Etot   =     -7893.4537  EKtot   =      1852.5784  EPtot      =     -9746.0321
 BOND   =         2.9327  ANGLE   =         8.2484  DIHED      =         5.0278
 UB     =         0.0000  IMP     =         0.0000  CMAP       =        -0.1226
 1-4 NB =         2.7055  1-4 EEL =        46.4509  VDWAALS    =      1399.8376
 EELEC  =    -11211.1125  EHBOND  =         0.0000  RESTRAINT  =         0.0000
 EKCMT  =       921.9432  VIRIAL  =      1225.5727  VOLUME     =     31328.0403
                                                    Density    =         0.9760
 ------------------------------------------------------------------------------

wrapping first mol.:       11.44386       16.18407       28.03162
wrapping first mol.:       11.44386       16.18407       28.03162

 NSTEP =    45000   TIME(PS) =      90.000  TEMP(K) =   295.59  PRESS =  -264.1
 Etot   =     -7897.1068  EKtot   =      1802.7354  EPtot      =     -9699.8422
 BOND   =         1.3683  ANGLE   =         8.6820  DIHED      =         4.9132
 UB     =         0.0000  IMP     =         0.0000  CMAP       =         0.2975
 1-4 NB =         2.9581  1-4 EEL =        45.9486  VDWAALS    =      1407.2355
 EELEC  =    -11171.2454  EHBOND  =         0.0000  RESTRAINT  =         0.0000
 EKCMT  =       881.6354  VIRIAL  =      1059.2989  VOLUME     =     31150.8495
                                                    Density    =         0.9815
 ------------------------------------------------------------------------------

wrapping first mol.:       11.41913       16.14909       27.97105
wrapping first mol.:       11.41913       16.14909       27.97105

 NSTEP =    45500   TIME(PS) =      91.000  TEMP(K) =   300.44  PRESS =  -149.0
 Etot   =     -7870.4609  EKtot   =      1832.3069  EPtot      =     -9702.7678
 BOND   =         6.1443  ANGLE   =         5.5893  DIHED      =         4.0657
 UB     =         0.0000  IMP     =         0.0000  CMAP       =         1.2048
 1-4 NB =         2.3244  1-4 EEL =        46.0155  VDWAALS    =      1397.8851
 EELEC  =    -11165.9968  EHBOND  =         0.0000  RESTRAINT  =         0.0000
 EKCMT  =       908.5565  VIRIAL  =      1008.1115  VOLUME     =     30949.0293
                                                    Density    =         0.9879
 ------------------------------------------------------------------------------

wrapping first mol.:       11.43529       16.17195       28.01063
wrapping first mol.:       11.43529       16.17195       28.01063

 NSTEP =    46000   TIME(PS) =      92.000  TEMP(K) =   303.00  PRESS =   -26.5
 Etot   =     -7857.7512  EKtot   =      1847.9009  EPtot      =     -9705.6521
 BOND   =         2.8866  ANGLE   =         4.7251  DIHED      =         5.5001
 UB     =         0.0000  IMP     =         0.0000  CMAP       =         0.4850
 1-4 NB =         4.2418  1-4 EEL =        50.6141  VDWAALS    =      1424.4075
 EELEC  =    -11198.5124  EHBOND  =         0.0000  RESTRAINT  =         0.0000
 EKCMT  =       937.5231  VIRIAL  =       955.3299  VOLUME     =     31080.2652
                                                    Density    =         0.9837
 ------------------------------------------------------------------------------

wrapping first mol.:       11.43620       16.17323       28.01286
wrapping first mol.:       11.43620       16.17323       28.01286

 NSTEP =    46500   TIME(PS) =      93.000  TEMP(K) =   303.64  PRESS =   -62.8
 Etot   =     -7767.2553  EKtot   =      1851.8058  EPtot      =     -9619.0611
 BOND   =         3.6325  ANGLE   =        10.6609  DIHED      =         3.4522
 UB     =         0.0000  IMP     =         0.0000  CMAP       =        -0.0447
 1-4 NB =         3.5560  1-4 EEL =        48.2923  VDWAALS    =      1394.5141
 EELEC  =    -11083.1246  EHBOND  =         0.0000  RESTRAINT  =         0.0000
 EKCMT  =       902.8347  VIRIAL  =       945.0161  VOLUME     =     31087.7895
                                                    Density    =         0.9835
 ------------------------------------------------------------------------------

wrapping first mol.:       11.42222       16.15346       27.97861
wrapping first mol.:       11.42222       16.15346       27.97861

 NSTEP =    47000   TIME(PS) =      94.000  TEMP(K) =   300.61  PRESS =   435.8
 Etot   =     -7872.3618  EKtot   =      1833.3555  EPtot      =     -9705.7173
 BOND   =         4.4674  ANGLE   =         6.7785  DIHED      =         4.4488
 UB     =         0.0000  IMP     =         0.0000  CMAP       =        -0.0101
 1-4 NB =         2.0836  1-4 EEL =        45.7512  VDWAALS    =      1471.8745
 EELEC  =    -11241.1112  EHBOND  =         0.0000  RESTRAINT  =         0.0000
 EKCMT  =       906.6138  VIRIAL  =       615.1956  VOLUME     =     30972.5237
                                                    Density    =         0.9872
 ------------------------------------------------------------------------------

wrapping first mol.:       11.43629       16.17336       28.01307
wrapping first mol.:       11.43629       16.17336       28.01307

 NSTEP =    47500   TIME(PS) =      95.000  TEMP(K) =   292.74  PRESS =   164.0
 Etot   =     -7891.6684  EKtot   =      1785.3434  EPtot      =     -9677.0117
 BOND   =         2.7655  ANGLE   =        13.1696  DIHED      =         4.8652
 UB     =         0.0000  IMP     =         0.0000  CMAP       =        -0.1543
 1-4 NB =         1.7267  1-4 EEL =        42.7738  VDWAALS    =      1437.0530
 EELEC  =    -11179.2113  EHBOND  =         0.0000  RESTRAINT  =         0.0000
 EKCMT  =       888.6899  VIRIAL  =       778.6223  VOLUME     =     31087.8636
                                                    Density    =         0.9835
 ------------------------------------------------------------------------------

wrapping first mol.:       11.43658       16.17377       28.01378
wrapping first mol.:       11.43658       16.17377       28.01378

 NSTEP =    48000   TIME(PS) =      96.000  TEMP(K) =   294.51  PRESS =  -128.3
 Etot   =     -7896.3379  EKtot   =      1796.1036  EPtot      =     -9692.4415
 BOND   =         5.3378  ANGLE   =         6.1983  DIHED      =         3.6889
 UB     =         0.0000  IMP     =         0.0000  CMAP       =         0.8009
 1-4 NB =         3.4942  1-4 EEL =        51.1342  VDWAALS    =      1423.5954
 EELEC  =    -11186.6912  EHBOND  =         0.0000  RESTRAINT  =         0.0000
 EKCMT  =       880.2857  VIRIAL  =       966.4399  VOLUME     =     31091.0424
                                                    Density    =         0.9834
 ------------------------------------------------------------------------------

wrapping first mol.:       11.43521       16.17183       28.01043
wrapping first mol.:       11.43521       16.17183       28.01043

 NSTEP =    48500   TIME(PS) =      97.000  TEMP(K) =   299.43  PRESS =   148.0
 Etot   =     -7878.0465  EKtot   =      1826.1575  EPtot      =     -9704.2040
 BOND   =         2.3756  ANGLE   =         7.1186  DIHED      =         5.1059
 UB     =         0.0000  IMP     =         0.0000  CMAP       =         0.1073
 1-4 NB =         4.4444  1-4 EEL =        48.0114  VDWAALS    =      1436.2320
 EELEC  =    -11207.5991  EHBOND  =         0.0000  RESTRAINT  =         0.0000
 EKCMT  =       915.5770  VIRIAL  =       816.2700  VOLUME     =     31079.0947
                                                    Density    =         0.9838
 ------------------------------------------------------------------------------

wrapping first mol.:       11.42601       16.15882       27.98790
wrapping first mol.:       11.42601       16.15882       27.98790

 NSTEP =    49000   TIME(PS) =      98.000  TEMP(K) =   295.91  PRESS =   204.8
 Etot   =     -7842.2670  EKtot   =      1804.6934  EPtot      =     -9646.9604
 BOND   =         1.7896  ANGLE   =        10.1917  DIHED      =         4.4765
 UB     =         0.0000  IMP     =         0.0000  CMAP       =        -0.2170
 1-4 NB =         3.4198  1-4 EEL =        47.8071  VDWAALS    =      1424.6694
 EELEC  =    -11139.0974  EHBOND  =         0.0000  RESTRAINT  =         0.0000
 EKCMT  =       914.7844  VIRIAL  =       777.6956  VOLUME     =     31004.0032
                                                    Density    =         0.9862
 ------------------------------------------------------------------------------

wrapping first mol.:       11.41682       16.14582       27.96538
wrapping first mol.:       11.41682       16.14582       27.96538

 NSTEP =    49500   TIME(PS) =      99.000  TEMP(K) =   296.53  PRESS =  -105.4
 Etot   =     -7911.9281  EKtot   =      1808.4528  EPtot      =     -9720.3809
 BOND   =         2.4877  ANGLE   =         9.0436  DIHED      =         3.7551
 UB     =         0.0000  IMP     =         0.0000  CMAP       =         1.0036
 1-4 NB =         3.3749  1-4 EEL =        46.3166  VDWAALS    =      1396.0262
 EELEC  =    -11182.3886  EHBOND  =         0.0000  RESTRAINT  =         0.0000
 EKCMT  =       917.5102  VIRIAL  =       987.9164  VOLUME     =     30930.1051
                                                    Density    =         0.9885
 ------------------------------------------------------------------------------

wrapping first mol.:       11.42230       16.15357       27.97880
wrapping first mol.:       11.42230       16.15357       27.97880

 NSTEP =    50000   TIME(PS) =     100.000  TEMP(K) =   302.75  PRESS =   304.5
 Etot   =     -7861.3483  EKtot   =      1846.3810  EPtot      =     -9707.7293
 BOND   =         2.1913  ANGLE   =         7.3280  DIHED      =         3.5764
 UB     =         0.0000  IMP     =         0.0000  CMAP       =         1.2573
 1-4 NB =         3.1641  1-4 EEL =        44.2397  VDWAALS    =      1455.3560
 EELEC  =    -11224.8422  EHBOND  =         0.0000  RESTRAINT  =         0.0000
 EKCMT  =       926.6213  VIRIAL  =       722.9976  VOLUME     =     30973.5256
                                                    Density    =         0.9871
 ------------------------------------------------------------------------------


      A V E R A G E S   O V E R     100 S T E P S


 NSTEP =    50000   TIME(PS) =     100.000  TEMP(K) =   299.13  PRESS =     2.8
 Etot   =     -7893.3740  EKtot   =      1824.3109  EPtot      =     -9717.6850
 BOND   =         3.1406  ANGLE   =         8.8854  DIHED      =         4.6887
 UB     =         0.0000  IMP     =         0.0000  CMAP       =         0.3450
 1-4 NB =         3.0983  1-4 EEL =        47.0451  VDWAALS    =      1438.6888
 EELEC  =    -11223.5770  EHBOND  =         0.0000  RESTRAINT  =         0.0000
 EKCMT  =       908.5667  VIRIAL  =       906.7476  VOLUME     =     31086.8178
                                                    Density    =         0.9835
 ------------------------------------------------------------------------------


      R M S  F L U C T U A T I O N S


 NSTEP =    50000   TIME(PS) =     100.000  TEMP(K) =     5.07  PRESS =   315.5
 Etot   =        54.3653  EKtot   =        30.9265  EPtot      =        46.7739
 BOND   =         1.5195  ANGLE   =         2.2190  DIHED      =         1.0990
 UB     =         0.0000  IMP     =         0.0000  CMAP       =         0.4970
 1-4 NB =         0.7109  1-4 EEL =         2.2997  VDWAALS    =        46.3568
 EELEC  =        75.8119  EHBOND  =         0.0000  RESTRAINT  =         0.0000
 EKCMT  =        23.9819  VIRIAL  =       212.7564  VOLUME     =       114.2799
                                                    Density    =         0.0036
 ------------------------------------------------------------------------------

--------------------------------------------------------------------------------
   5.  TIMINGS
--------------------------------------------------------------------------------

|  NonSetup CPU Time in Major Routines:
|
|     Routine           Sec        %
|     ------------------------------
|     Nonbond           8.80   74.65
|     Bond              0.00    0.00
|     Angle             0.00    0.00
|     Dihedral          0.00    0.00
|     Shake             0.16    1.34
|     RunMD             2.75   23.33
|     Other             0.08    0.68
|     ------------------------------
|     Total            11.79

|  PME Nonbond Pairlist CPU Time:
|
|     Routine              Sec        %
|     ---------------------------------
|     Set Up Cit           0.00    0.00
|     Build List           0.00    0.00
|     ---------------------------------
|     Total                0.00    0.00

|  PME Direct Force CPU Time:
|
|     Routine              Sec        %
|     ---------------------------------
|     NonBonded Calc       0.00    0.00
|     Exclude Masked       0.00    0.00
|     Other                0.05    0.44
|     ---------------------------------
|     Total                0.05    0.44

|  PME Reciprocal Force CPU Time:
|
|     Routine              Sec        %
|     ---------------------------------
|     1D bspline           0.00    0.00
|     Grid Charges         0.00    0.00
|     Scalar Sum           0.00    0.00
|     Gradient Sum         0.00    0.00
|     FFT                  0.00    0.00
|     ---------------------------------
|     Total                0.00    0.00

|  Final Performance Info:
|     -----------------------------------------------------
|     Average timings for last   50000 steps:
|     Elapsed(s) =      11.82 Per Step(ms) =       0.24
|         ns/day =     730.81   seconds/ns =     118.22
|
|     Average timings for all steps:
|     Elapsed(s) =      11.82 Per Step(ms) =       0.24
|         ns/day =     730.81   seconds/ns =     118.22
|     -----------------------------------------------------

|  Setup CPU time:            0.22 seconds
|  NonSetup CPU time:        11.79 seconds
|  Total CPU time:           12.01 seconds     0.00 hours

|  Setup wall time:           0    seconds
|  NonSetup wall time:       12    seconds
|  Total wall time:          12    seconds     0.00 hours
