
          -------------------------------------------------------
          Amber 24 PMEMD                              2024
          -------------------------------------------------------

| PMEMD implementation of SANDER, Release 24

|  Compiled date/time: Wed Aug 21 09:34:12 2024
| Run on 05/25/2026 at 14:24:07

|   Executable path: pmemd.cuda
| Working directory: /localscratch/kbui/NexusMol/examples
|          Hostname: irene2

  [-O]verwriting output

File Assignments:
|   MDIN: /localscratch/kbui/NexusMol/examples/artifacts/MD_6W63_mol4/eq7.in    
|  MDOUT: /localscratch/kbui/NexusMol/examples/artifacts/MD_6W63_mol4/eq7.out   
| INPCRD: /localscratch/kbui/NexusMol/examples/artifacts/MD_6W63_mol4/eq6.ncrst 
|   PARM: /localscratch/kbui/NexusMol/examples/md_input/ALA.prmtop              
| RESTRT: /localscratch/kbui/NexusMol/examples/artifacts/MD_6W63_mol4/eq7.ncrst 
|   REFC: /localscratch/kbui/NexusMol/examples/artifacts/MD_6W63_mol4/eq6.ncrst 
|  MDVEL: mdvel                                                                 
|   MDEN: mden                                                                  
|  MDCRD: /localscratch/kbui/NexusMol/examples/artifacts/MD_6W63_mol4/eq7.nc    
| MDINFO: /localscratch/kbui/NexusMol/examples/artifacts/MD_6W63_mol4/eq7.info  
|  MDFRC: mdfrc                                                                 


 Here is the input file:

Equilibration                                                                  
&cntrl                                                                         
 imin=0, irest=0, ntx=1,                                                       
 ntpr=500, ntwx=500, ntwr=500, nstlim=50000,                                   
 dt=0.002, ntt=3, tempi=300.0,                                                 
 temp0=300.0, gamma_ln=1.0, ig=-1,                                             
 ntp=1, ntc=2, ntf=2, cut=10.0,                                                
 ntb=2, iwrap=1, ioutfm=1,                                                     
 ntr=1, restraint_wt=0.0, restraintmask=':1-3'                                 
/                                                                              


Note: ig = -1. Setting random seed to   186245 based on wallclock time in 
      microseconds.
| irandom = 1, using AMBER's internal random number generator (default).
 
|--------------------- INFORMATION ----------------------
| GPU (CUDA) Version of PMEMD in use: NVIDIA GPU IN USE.
|                    Version 18.0.0
| 
|                      03/25/2018
| 
| Implementation by:
|                    Ross C. Walker     (SDSC)
|                    Scott Le Grand     (nVIDIA)
| 
| Version 18 performance extensions by:
|                    David Cerutti     (Rutgers)
| 
| Precision model in use:
|      [SPFP] - Single Precision Forces, 64-bit Fixed Point
|               Accumulation. (Default)
| 
|--------------------------------------------------------
 
|----------------- CITATION INFORMATION -----------------
|
|    When publishing work that utilized the CUDA version
|    of AMBER, please cite the following in addition to
|    the regular AMBER citations:
|
|  - Romelia Salomon-Ferrer; Andreas W. Goetz; Duncan
|    Poole; Scott Le Grand; Ross C. Walker "Routine
|    microsecond molecular dynamics simulations with
|    AMBER - Part II: Particle Mesh Ewald", J. Chem.
|    Theory Comput., 2013, 9 (9), pp3878-3888,
|    DOI: 10.1021/ct400314y.
|
|  - Andreas W. Goetz; Mark J. Williamson; Dong Xu;
|    Duncan Poole; Scott Le Grand; Ross C. Walker
|    "Routine microsecond molecular dynamics simulations
|    with AMBER - Part I: Generalized Born", J. Chem.
|    Theory Comput., 2012, 8 (5), pp1542-1555.
|
|  - Scott Le Grand; Andreas W. Goetz; Ross C. Walker
|    "SPFP: Speed without compromise - a mixed precision
|    model for GPU accelerated molecular dynamics
|    simulations.", Comp. Phys. Comm., 2013, 184
|    pp374-380, DOI: 10.1016/j.cpc.2012.09.022
|
|--------------------------------------------------------
 
|------------------- GPU DEVICE INFO --------------------
|
|            CUDA_VISIBLE_DEVICES: not set
|   CUDA Capable Devices Detected:      1
|           CUDA Device ID in use:      0
|                CUDA Device Name: NVIDIA GeForce RTX 4090
|     CUDA Device Global Mem Size:  24071 MB
| CUDA Device Num Multiprocessors:    128
|           CUDA Device Core Freq:   2.62 GHz
|
|--------------------------------------------------------
 
 
| Conditional Compilation Defines Used:
| PUBFFT
| BINTRAJ
| CUDA
| EMIL

| Largest sphere to fit in unit cell has radius =    14.004

| New format PARM file being parsed.
| Version =    1.000 Date = 03/28/26 Time = 21:23:47

| Note: 1-4 EEL scale factors are being read from the topology file.

| Note: 1-4 VDW scale factors are being read from the topology file.
| Duplicated    0 dihedrals

| Duplicated    0 dihedrals

--------------------------------------------------------------------------------
   1.  RESOURCE   USE: 
--------------------------------------------------------------------------------

 getting box info from netcdf restart file
 NATOM  =    3064 NTYPES =       9 NBONH =    3054 MBONA  =       9
 NTHETH =      25 MTHETA =      11 NPHIH =      43 MPHIA  =      24
 NHPARM =       0 NPARM  =       0 NNB   =    4155 NRES   =    1017
 NBONA  =       9 NTHETA =      11 NPHIA =      24 NUMBND =      13
 NUMANG =      21 NPTRA  =      14 NATYP =      10 NPHB   =       0
 IFBOX  =       2 NMXRS  =      10 IFCAP =       0 NEXTRA =       0
 NCOPY  =       0

| Coordinate Index Table dimensions:     5    5    5
| Direct force subcell size =     6.8606    6.8606    6.8606

     BOX TYPE: TRUNCATED OCTAHEDRON

--------------------------------------------------------------------------------
   2.  CONTROL  DATA  FOR  THE  RUN
--------------------------------------------------------------------------------

ACE                                                                             

General flags:
     imin    =       0, nmropt  =       0

Nature and format of input:
     ntx     =       1, irest   =       0, ntrx    =       1

Nature and format of output:
     ntxo    =       2, ntpr    =     500, ntrx    =       1, ntwr    =     500
     iwrap   =       1, ntwx    =     500, ntwv    =       0, ntwe    =       0
     ioutfm  =       1, ntwprt  =       0, idecomp =       0, rbornstat=      0

Potential function:
     ntf     =       2, ntb     =       2, igb     =       0, nsnb    =      25
     ipol    =       0, gbsa    =       0, iesp    =       0
     dielc   =   1.00000, cut     =  10.00000, intdiel =   1.00000

Frozen or restrained atoms:
     ibelly  =       0, ntr     =       1
     restraint_wt =   0.00000

Molecular dynamics:
     nstlim  =     50000, nscm    =         0, nrespa  =         1
     t       =   0.00000, dt      =   0.00200, vlimit  =  -1.00000

Langevin dynamics temperature regulation:
     ig      =  186245
     temp0   = 300.00000, tempi   = 300.00000, gamma_ln=   1.00000

Pressure regulation:
     ntp     =       1
     pres0   =   1.00000, comp    =  44.60000, taup    =   1.00000

SHAKE:
     ntc     =       2, jfastw  =       0
     tol     =   0.00001

| Intermolecular bonds treatment:
|     no_intermolecular_bonds =       1

| Energy averages sample interval:
|     ene_avg_sampling =     500

Ewald parameters:
     verbose =       0, ew_type =       0, nbflag  =       1, use_pme =       1
     vdwmeth =       1, eedmeth =       1, netfrc  =       1
     Box X =   34.303   Box Y =   34.303   Box Z =   34.303
     Alpha =  109.471   Beta  =  109.471   Gamma =  109.471
     NFFT1 =   36       NFFT2 =   36       NFFT3 =   36
     Cutoff=   10.000   Tol   =0.100E-04
     Ewald Coefficient =  0.27511
     Interpolation order =    4

    LOADING THE CONSTRAINED ATOMS AS GROUPS


   5.  REFERENCE ATOM COORDINATES

  ACE                                                                             
     Mask :1-3; matches    22 atoms

--------------------------------------------------------------------------------
   3.  ATOMIC COORDINATES AND VELOCITIES
--------------------------------------------------------------------------------

ACE                                                                             
 begin time read from input coords =   100.000 ps

 
 Number of triangulated 3-point waters found:     1014

     Sum of charges from parm topology file =  -0.00000000
     Forcing neutrality...

| Dynamic Memory, Types Used:
| Reals              277614
| Integers            95816

| Nonbonded Pairs Initial Allocation:      926783

| GPU memory information (estimate):
| KB of GPU memory in use:     40901
| KB of CPU memory in use:     12785

--------------------------------------------------------------------------------
   4.  RESULTS
--------------------------------------------------------------------------------


 NSTEP =        0   TIME(PS) =       0.000  TEMP(K) =   439.72  PRESS =   216.8
 Etot   =     -7068.2191  EKtot   =      2681.7037  EPtot      =     -9749.9228
 BOND   =         4.9098  ANGLE   =         7.9711  DIHED      =         3.9822
 UB     =         0.0000  IMP     =         0.0000  CMAP       =         0.1159
 1-4 NB =         3.2730  1-4 EEL =        47.1191  VDWAALS    =      1490.2235
 EELEC  =    -11307.5173  EHBOND  =         0.0000  RESTRAINT  =         0.0000
 EKCMT  =       895.7402  VIRIAL  =       750.2930  VOLUME     =     31072.8592
                                                    Density    =         0.9840
 ------------------------------------------------------------------------------

wrapping first mol.:       11.42390       16.15583       27.98271
wrapping first mol.:       11.42390       16.15583       27.98271

 NSTEP =      500   TIME(PS) =       1.000  TEMP(K) =   290.91  PRESS =   378.4
 Etot   =     -8008.4143  EKtot   =      1774.1868  EPtot      =     -9782.6011
 BOND   =         3.5429  ANGLE   =         7.6489  DIHED      =         4.7814
 UB     =         0.0000  IMP     =         0.0000  CMAP       =        -0.0451
 1-4 NB =         1.9570  1-4 EEL =        46.1823  VDWAALS    =      1501.8719
 EELEC  =    -11348.5404  EHBOND  =         0.0000  RESTRAINT  =         0.0000
 EKCMT  =       913.9831  VIRIAL  =       660.8201  VOLUME     =     30986.3044
                                                    Density    =         0.9867
 ------------------------------------------------------------------------------

wrapping first mol.:       11.45409       16.19853       28.05668
wrapping first mol.:       11.45409       16.19853       28.05668

 NSTEP =     1000   TIME(PS) =       2.000  TEMP(K) =   291.98  PRESS =   -13.0
 Etot   =     -7969.2069  EKtot   =      1780.6848  EPtot      =     -9749.8917
 BOND   =         2.5317  ANGLE   =         6.8596  DIHED      =         4.0122
 UB     =         0.0000  IMP     =         0.0000  CMAP       =         1.1239
 1-4 NB =         2.6319  1-4 EEL =        45.9787  VDWAALS    =      1459.5107
 EELEC  =    -11272.5402  EHBOND  =         0.0000  RESTRAINT  =         0.0000
 EKCMT  =       894.6171  VIRIAL  =       903.4109  VOLUME     =     31233.7500
                                                    Density    =         0.9789
 ------------------------------------------------------------------------------

wrapping first mol.:       11.47151       16.22316       28.09933
wrapping first mol.:       11.47151       16.22316       28.09933

 NSTEP =     1500   TIME(PS) =       3.000  TEMP(K) =   306.60  PRESS =  -247.2
 Etot   =     -7873.4926  EKtot   =      1869.8386  EPtot      =     -9743.3312
 BOND   =         5.3949  ANGLE   =         7.4670  DIHED      =         5.6386
 UB     =         0.0000  IMP     =         0.0000  CMAP       =         0.9185
 1-4 NB =         2.6154  1-4 EEL =        46.5282  VDWAALS    =      1429.7056
 EELEC  =    -11241.5993  EHBOND  =         0.0000  RESTRAINT  =         0.0000
 EKCMT  =       940.4664  VIRIAL  =      1107.9691  VOLUME     =     31377.0922
                                                    Density    =         0.9744
 ------------------------------------------------------------------------------

wrapping first mol.:       11.46615       16.21558       28.08620
wrapping first mol.:       11.46615       16.21558       28.08620

 NSTEP =     2000   TIME(PS) =       4.000  TEMP(K) =   304.34  PRESS =   166.4
 Etot   =     -7788.9734  EKtot   =      1856.0909  EPtot      =     -9645.0644
 BOND   =         3.0962  ANGLE   =         5.9650  DIHED      =         3.5276
 UB     =         0.0000  IMP     =         0.0000  CMAP       =         1.1501
 1-4 NB =         2.7235  1-4 EEL =        47.6739  VDWAALS    =      1440.3882
 EELEC  =    -11149.5890  EHBOND  =         0.0000  RESTRAINT  =         0.0000
 EKCMT  =       913.3389  VIRIAL  =       800.7934  VOLUME     =     31331.9626
                                                    Density    =         0.9758
 ------------------------------------------------------------------------------

wrapping first mol.:       11.45790       16.20392       28.06601
wrapping first mol.:       11.45790       16.20392       28.06601

 NSTEP =     2500   TIME(PS) =       5.000  TEMP(K) =   307.18  PRESS =    61.8
 Etot   =     -7770.3177  EKtot   =      1873.3799  EPtot      =     -9643.6976
 BOND   =         2.1772  ANGLE   =         7.2977  DIHED      =         4.0714
 UB     =         0.0000  IMP     =         0.0000  CMAP       =         0.0276
 1-4 NB =         3.1523  1-4 EEL =        48.6219  VDWAALS    =      1415.5945
 EELEC  =    -11124.6403  EHBOND  =         0.0000  RESTRAINT  =         0.0000
 EKCMT  =       940.4740  VIRIAL  =       898.7262  VOLUME     =     31264.7399
                                                    Density    =         0.9779
 ------------------------------------------------------------------------------

wrapping first mol.:       11.46288       16.21096       28.07821
wrapping first mol.:       11.46288       16.21096       28.07821

 NSTEP =     3000   TIME(PS) =       6.000  TEMP(K) =   304.60  PRESS =  -286.8
 Etot   =     -7791.3521  EKtot   =      1857.6472  EPtot      =     -9648.9993
 BOND   =         3.3310  ANGLE   =        11.3806  DIHED      =         4.5201
 UB     =         0.0000  IMP     =         0.0000  CMAP       =        -0.1623
 1-4 NB =         3.5910  1-4 EEL =        45.9407  VDWAALS    =      1382.4224
 EELEC  =    -11100.0228  EHBOND  =         0.0000  RESTRAINT  =         0.0000
 EKCMT  =       947.1596  VIRIAL  =      1141.0029  VOLUME     =     31306.4910
                                                    Density    =         0.9766
 ------------------------------------------------------------------------------

wrapping first mol.:       11.44638       16.18763       28.03779
wrapping first mol.:       11.44638       16.18763       28.03779

 NSTEP =     3500   TIME(PS) =       7.000  TEMP(K) =   301.81  PRESS =  -239.4
 Etot   =     -7903.7620  EKtot   =      1840.6548  EPtot      =     -9744.4168
 BOND   =         1.7183  ANGLE   =         5.9032  DIHED      =         3.5358
 UB     =         0.0000  IMP     =         0.0000  CMAP       =         0.3231
 1-4 NB =         3.3007  1-4 EEL =        49.6463  VDWAALS    =      1413.3436
 EELEC  =    -11222.1878  EHBOND  =         0.0000  RESTRAINT  =         0.0000
 EKCMT  =       926.6531  VIRIAL  =      1087.7846  VOLUME     =     31171.3499
                                                    Density    =         0.9809
 ------------------------------------------------------------------------------

wrapping first mol.:       11.42876       16.16271       27.99463
wrapping first mol.:       11.42876       16.16271       27.99463

 NSTEP =     4000   TIME(PS) =       8.000  TEMP(K) =   295.28  PRESS =  -167.1
 Etot   =     -7932.7312  EKtot   =      1800.8157  EPtot      =     -9733.5469
 BOND   =         1.6844  ANGLE   =         5.2512  DIHED      =         4.3003
 UB     =         0.0000  IMP     =         0.0000  CMAP       =         0.6783
 1-4 NB =         3.2769  1-4 EEL =        47.9974  VDWAALS    =      1422.7520
 EELEC  =    -11219.4875  EHBOND  =         0.0000  RESTRAINT  =         0.0000
 EKCMT  =       900.4197  VIRIAL  =      1012.3409  VOLUME     =     31027.4042
                                                    Density    =         0.9854
 ------------------------------------------------------------------------------

wrapping first mol.:       11.42997       16.16442       27.99760
wrapping first mol.:       11.42997       16.16442       27.99760

 NSTEP =     4500   TIME(PS) =       9.000  TEMP(K) =   292.25  PRESS =  -343.3
 Etot   =     -8002.3333  EKtot   =      1782.3711  EPtot      =     -9784.7044
 BOND   =         2.4403  ANGLE   =         7.6824  DIHED      =         6.7200
 UB     =         0.0000  IMP     =         0.0000  CMAP       =         0.5510
 1-4 NB =         2.4445  1-4 EEL =        46.3193  VDWAALS    =      1426.5287
 EELEC  =    -11277.3906  EHBOND  =         0.0000  RESTRAINT  =         0.0000
 EKCMT  =       847.9175  VIRIAL  =      1078.0074  VOLUME     =     31037.7914
                                                    Density    =         0.9851
 ------------------------------------------------------------------------------

wrapping first mol.:       11.41929       16.14932       27.97144
wrapping first mol.:       11.41929       16.14932       27.97144

 NSTEP =     5000   TIME(PS) =      10.000  TEMP(K) =   293.49  PRESS =   456.3
 Etot   =     -8005.6567  EKtot   =      1789.9062  EPtot      =     -9795.5629
 BOND   =         5.4131  ANGLE   =         7.8286  DIHED      =         6.0827
 UB     =         0.0000  IMP     =         0.0000  CMAP       =         0.2824
 1-4 NB =         1.7896  1-4 EEL =        48.5712  VDWAALS    =      1549.2703
 EELEC  =    -11414.8009  EHBOND  =         0.0000  RESTRAINT  =         0.0000
 EKCMT  =       865.9531  VIRIAL  =       561.0109  VOLUME     =     30948.6585
                                                    Density    =         0.9879
 ------------------------------------------------------------------------------

wrapping first mol.:       11.42549       16.15808       27.98661
wrapping first mol.:       11.42549       16.15808       27.98661

 NSTEP =     5500   TIME(PS) =      11.000  TEMP(K) =   298.24  PRESS =  -113.3
 Etot   =     -7932.8199  EKtot   =      1818.8601  EPtot      =     -9751.6800
 BOND   =         2.5171  ANGLE   =         8.2288  DIHED      =         5.3671
 UB     =         0.0000  IMP     =         0.0000  CMAP       =        -0.1700
 1-4 NB =         4.4071  1-4 EEL =        46.9206  VDWAALS    =      1440.9064
 EELEC  =    -11259.8571  EHBOND  =         0.0000  RESTRAINT  =         0.0000
 EKCMT  =       893.9853  VIRIAL  =       969.8200  VOLUME     =     31000.6108
                                                    Density    =         0.9863
 ------------------------------------------------------------------------------

wrapping first mol.:       11.44082       16.17976       28.02417
wrapping first mol.:       11.44082       16.17976       28.02417

 NSTEP =     6000   TIME(PS) =      12.000  TEMP(K) =   307.81  PRESS =   -73.0
 Etot   =     -7835.4179  EKtot   =      1877.2468  EPtot      =     -9712.6647
 BOND   =         4.1766  ANGLE   =         7.6852  DIHED      =         5.9986
 UB     =         0.0000  IMP     =         0.0000  CMAP       =        -0.2199
 1-4 NB =         2.2997  1-4 EEL =        49.3724  VDWAALS    =      1430.3505
 EELEC  =    -11212.3278  EHBOND  =         0.0000  RESTRAINT  =         0.0000
 EKCMT  =       945.3596  VIRIAL  =       994.4401  VOLUME     =     31125.4910
                                                    Density    =         0.9823
 ------------------------------------------------------------------------------

wrapping first mol.:       11.44402       16.18429       28.03201
wrapping first mol.:       11.44402       16.18429       28.03201

 NSTEP =     6500   TIME(PS) =      13.000  TEMP(K) =   299.91  PRESS =   442.7
 Etot   =     -7909.0826  EKtot   =      1829.0829  EPtot      =     -9738.1654
 BOND   =         1.5908  ANGLE   =         8.9207  DIHED      =         5.6422
 UB     =         0.0000  IMP     =         0.0000  CMAP       =         0.3769
 1-4 NB =         2.3652  1-4 EEL =        47.6877  VDWAALS    =      1517.6042
 EELEC  =    -11322.3532  EHBOND  =         0.0000  RESTRAINT  =         0.0000
 EKCMT  =       904.9704  VIRIAL  =       607.2561  VOLUME     =     31150.1669
                                                    Density    =         0.9815
 ------------------------------------------------------------------------------

wrapping first mol.:       11.44275       16.18249       28.02890
wrapping first mol.:       11.44275       16.18249       28.02890

 NSTEP =     7000   TIME(PS) =      14.000  TEMP(K) =   308.31  PRESS =  -338.3
 Etot   =     -7872.0725  EKtot   =      1880.3003  EPtot      =     -9752.3728
 BOND   =         2.9368  ANGLE   =         7.0849  DIHED      =         5.3681
 UB     =         0.0000  IMP     =         0.0000  CMAP       =         0.4574
 1-4 NB =         1.9415  1-4 EEL =        46.9491  VDWAALS    =      1403.6195
 EELEC  =    -11220.7300  EHBOND  =         0.0000  RESTRAINT  =         0.0000
 EKCMT  =       900.7757  VIRIAL  =      1128.2431  VOLUME     =     31141.9869
                                                    Density    =         0.9818
 ------------------------------------------------------------------------------

wrapping first mol.:       11.43727       16.17475       28.01548
wrapping first mol.:       11.43727       16.17475       28.01548

 NSTEP =     7500   TIME(PS) =      15.000  TEMP(K) =   298.99  PRESS =   240.9
 Etot   =     -7851.4189  EKtot   =      1823.4419  EPtot      =     -9674.8608
 BOND   =         2.1940  ANGLE   =         5.3697  DIHED      =         5.0833
 UB     =         0.0000  IMP     =         0.0000  CMAP       =        -0.1384
 1-4 NB =         3.4024  1-4 EEL =        46.3348  VDWAALS    =      1464.9724
 EELEC  =    -11202.0791  EHBOND  =         0.0000  RESTRAINT  =         0.0000
 EKCMT  =       919.0223  VIRIAL  =       757.2886  VOLUME     =     31095.6606
                                                    Density    =         0.9833
 ------------------------------------------------------------------------------

wrapping first mol.:       11.45285       16.19678       28.05364
wrapping first mol.:       11.45285       16.19678       28.05364

 NSTEP =     8000   TIME(PS) =      16.000  TEMP(K) =   296.28  PRESS =   653.9
 Etot   =     -7905.8980  EKtot   =      1806.9332  EPtot      =     -9712.8312
 BOND   =         0.9384  ANGLE   =         6.0413  DIHED      =         5.2702
 UB     =         0.0000  IMP     =         0.0000  CMAP       =         1.0631
 1-4 NB =         2.3005  1-4 EEL =        45.2993  VDWAALS    =      1533.6332
 EELEC  =    -11307.3773  EHBOND  =         0.0000  RESTRAINT  =         0.0000
 EKCMT  =       913.1840  VIRIAL  =       472.3630  VOLUME     =     31221.7696
                                                    Density    =         0.9793
 ------------------------------------------------------------------------------

wrapping first mol.:       11.45847       16.20472       28.06740
wrapping first mol.:       11.45847       16.20472       28.06740

 NSTEP =     8500   TIME(PS) =      17.000  TEMP(K) =   300.96  PRESS =   730.7
 Etot   =     -7847.7178  EKtot   =      1835.4501  EPtot      =     -9683.1678
 BOND   =         4.3091  ANGLE   =         8.1179  DIHED      =         3.1785
 UB     =         0.0000  IMP     =         0.0000  CMAP       =         0.2528
 1-4 NB =         3.4094  1-4 EEL =        50.1787  VDWAALS    =      1531.6777
 EELEC  =    -11284.2919  EHBOND  =         0.0000  RESTRAINT  =         0.0000
 EKCMT  =       922.3257  VIRIAL  =       429.0155  VOLUME     =     31267.5116
                                                    Density    =         0.9779
 ------------------------------------------------------------------------------

wrapping first mol.:       11.46591       16.21525       28.08563
wrapping first mol.:       11.46591       16.21525       28.08563

 NSTEP =     9000   TIME(PS) =      18.000  TEMP(K) =   301.31  PRESS =     7.3
 Etot   =     -7861.1278  EKtot   =      1837.5732  EPtot      =     -9698.7011
 BOND   =         2.3923  ANGLE   =         4.4114  DIHED      =         3.8131
 UB     =         0.0000  IMP     =         0.0000  CMAP       =         0.9616
 1-4 NB =         3.1518  1-4 EEL =        48.2935  VDWAALS    =      1439.8464
 EELEC  =    -11201.5711  EHBOND  =         0.0000  RESTRAINT  =         0.0000
 EKCMT  =       924.6840  VIRIAL  =       919.7526  VOLUME     =     31330.4902
                                                    Density    =         0.9759
 ------------------------------------------------------------------------------

wrapping first mol.:       11.45579       16.20093       28.06083
wrapping first mol.:       11.45579       16.20093       28.06083

 NSTEP =     9500   TIME(PS) =      19.000  TEMP(K) =   312.07  PRESS =   287.7
 Etot   =     -7829.2380  EKtot   =      1903.2119  EPtot      =     -9732.4499
 BOND   =         3.8750  ANGLE   =        10.3240  DIHED      =         4.0741
 UB     =         0.0000  IMP     =         0.0000  CMAP       =         0.9283
 1-4 NB =         1.8477  1-4 EEL =        46.7958  VDWAALS    =      1496.5669
 EELEC  =    -11296.8616  EHBOND  =         0.0000  RESTRAINT  =         0.0000
 EKCMT  =       960.4506  VIRIAL  =       766.3241  VOLUME     =     31246.7726
                                                    Density    =         0.9785
 ------------------------------------------------------------------------------

wrapping first mol.:       11.45794       16.20398       28.06611
wrapping first mol.:       11.45794       16.20398       28.06611

 NSTEP =    10000   TIME(PS) =      20.000  TEMP(K) =   302.96  PRESS =  -391.0
 Etot   =     -7849.9463  EKtot   =      1847.6655  EPtot      =     -9697.6118
 BOND   =         2.2324  ANGLE   =        10.8554  DIHED      =         5.9483
 UB     =         0.0000  IMP     =         0.0000  CMAP       =         0.9801
 1-4 NB =         3.6857  1-4 EEL =        46.5307  VDWAALS    =      1394.8774
 EELEC  =    -11162.7220  EHBOND  =         0.0000  RESTRAINT  =         0.0000
 EKCMT  =       922.0531  VIRIAL  =      1186.0056  VOLUME     =     31266.3171
                                                    Density    =         0.9779
 ------------------------------------------------------------------------------

wrapping first mol.:       11.48036       16.23569       28.12103
wrapping first mol.:       11.48036       16.23569       28.12103

 NSTEP =    10500   TIME(PS) =      21.000  TEMP(K) =   308.57  PRESS =  -414.6
 Etot   =     -7855.4917  EKtot   =      1881.8726  EPtot      =     -9737.3643
 BOND   =         4.5832  ANGLE   =         6.4984  DIHED      =         6.1820
 UB     =         0.0000  IMP     =         0.0000  CMAP       =         0.9700
 1-4 NB =         2.8770  1-4 EEL =        50.6044  VDWAALS    =      1418.4174
 EELEC  =    -11227.4968  EHBOND  =         0.0000  RESTRAINT  =         0.0000
 EKCMT  =       912.4697  VIRIAL  =      1194.0320  VOLUME     =     31450.3022
                                                    Density    =         0.9722
 ------------------------------------------------------------------------------

wrapping first mol.:       11.49590       16.25766       28.15910
wrapping first mol.:       11.49590       16.25766       28.15910

 NSTEP =    11000   TIME(PS) =      22.000  TEMP(K) =   301.83  PRESS =    -6.8
 Etot   =     -7872.3766  EKtot   =      1840.7888  EPtot      =     -9713.1655
 BOND   =         5.2846  ANGLE   =         9.6821  DIHED      =         4.1961
 UB     =         0.0000  IMP     =         0.0000  CMAP       =         1.4045
 1-4 NB =         2.2134  1-4 EEL =        43.2843  VDWAALS    =      1466.9635
 EELEC  =    -11246.1938  EHBOND  =         0.0000  RESTRAINT  =         0.0000
 EKCMT  =       931.7695  VIRIAL  =       936.4341  VOLUME     =     31577.0381
                                                    Density    =         0.9683
 ------------------------------------------------------------------------------

wrapping first mol.:       11.45188       16.19541       28.05126
wrapping first mol.:       11.45188       16.19541       28.05126

 NSTEP =    11500   TIME(PS) =      23.000  TEMP(K) =   293.16  PRESS =  -212.5
 Etot   =     -7900.2313  EKtot   =      1787.8740  EPtot      =     -9688.1053
 BOND   =         3.5624  ANGLE   =         7.3880  DIHED      =         5.2077
 UB     =         0.0000  IMP     =         0.0000  CMAP       =        -0.2065
 1-4 NB =         4.1802  1-4 EEL =        46.5323  VDWAALS    =      1395.1977
 EELEC  =    -11149.9671  EHBOND  =         0.0000  RESTRAINT  =         0.0000
 EKCMT  =       922.6726  VIRIAL  =      1065.8757  VOLUME     =     31216.2375
                                                    Density    =         0.9795
 ------------------------------------------------------------------------------

wrapping first mol.:       11.44448       16.18494       28.03313
wrapping first mol.:       11.44448       16.18494       28.03313

 NSTEP =    12000   TIME(PS) =      24.000  TEMP(K) =   290.05  PRESS =  -782.8
 Etot   =     -7888.1810  EKtot   =      1768.9104  EPtot      =     -9657.0914
 BOND   =         1.2817  ANGLE   =         7.0947  DIHED      =         4.5284
 UB     =         0.0000  IMP     =         0.0000  CMAP       =        -0.0187
 1-4 NB =         5.1115  1-4 EEL =        48.8881  VDWAALS    =      1322.0043
 EELEC  =    -11045.9813  EHBOND  =         0.0000  RESTRAINT  =         0.0000
 EKCMT  =       884.9660  VIRIAL  =      1411.5513  VOLUME     =     31157.3141
                                                    Density    =         0.9813
 ------------------------------------------------------------------------------

wrapping first mol.:       11.41117       16.13783       27.95154
wrapping first mol.:       11.41117       16.13783       27.95154

 NSTEP =    12500   TIME(PS) =      25.000  TEMP(K) =   300.00  PRESS =    27.6
 Etot   =     -7855.4268  EKtot   =      1829.6052  EPtot      =     -9685.0320
 BOND   =         2.3439  ANGLE   =        13.0311  DIHED      =         5.9534
 UB     =         0.0000  IMP     =         0.0000  CMAP       =        -0.1983
 1-4 NB =         2.9213  1-4 EEL =        46.8293  VDWAALS    =      1420.9851
 EELEC  =    -11176.8978  EHBOND  =         0.0000  RESTRAINT  =         0.0000
 EKCMT  =       908.7926  VIRIAL  =       890.3610  VOLUME     =     30883.8328
                                                    Density    =         0.9900
 ------------------------------------------------------------------------------

wrapping first mol.:       11.42655       16.15958       27.98921
wrapping first mol.:       11.42655       16.15958       27.98921

 NSTEP =    13000   TIME(PS) =      26.000  TEMP(K) =   295.67  PRESS =    -6.9
 Etot   =     -7908.6162  EKtot   =      1803.2103  EPtot      =     -9711.8265
 BOND   =         1.2064  ANGLE   =         8.4057  DIHED      =         3.5445
 UB     =         0.0000  IMP     =         0.0000  CMAP       =        -0.2059
 1-4 NB =         2.5802  1-4 EEL =        45.7526  VDWAALS    =      1413.1038
 EELEC  =    -11186.2138  EHBOND  =         0.0000  RESTRAINT  =         0.0000
 EKCMT  =       916.6091  VIRIAL  =       921.2181  VOLUME     =     31008.9693
                                                    Density    =         0.9860
 ------------------------------------------------------------------------------

wrapping first mol.:       11.42905       16.16311       27.99533
wrapping first mol.:       11.42905       16.16311       27.99533

 NSTEP =    13500   TIME(PS) =      27.000  TEMP(K) =   290.69  PRESS =   359.6
 Etot   =     -7946.0975  EKtot   =      1772.8057  EPtot      =     -9718.9032
 BOND   =         5.4444  ANGLE   =         5.3214  DIHED      =         4.7264
 UB     =         0.0000  IMP     =         0.0000  CMAP       =         0.5612
 1-4 NB =         2.2495  1-4 EEL =        47.8485  VDWAALS    =      1467.6428
 EELEC  =    -11252.6974  EHBOND  =         0.0000  RESTRAINT  =         0.0000
 EKCMT  =       893.1082  VIRIAL  =       652.1663  VOLUME     =     31028.2918
                                                    Density    =         0.9854
 ------------------------------------------------------------------------------

wrapping first mol.:       11.44909       16.19146       28.04443
wrapping first mol.:       11.44909       16.19146       28.04443

 NSTEP =    14000   TIME(PS) =      28.000  TEMP(K) =   301.64  PRESS =  -247.7
 Etot   =     -7825.4843  EKtot   =      1839.5891  EPtot      =     -9665.0734
 BOND   =         2.6023  ANGLE   =         7.9535  DIHED      =         5.7233
 UB     =         0.0000  IMP     =         0.0000  CMAP       =         0.2773
 1-4 NB =         2.6944  1-4 EEL =        49.9567  VDWAALS    =      1392.2257
 EELEC  =    -11126.5063  EHBOND  =         0.0000  RESTRAINT  =         0.0000
 EKCMT  =       896.7821  VIRIAL  =      1063.6266  VOLUME     =     31193.5225
                                                    Density    =         0.9802
 ------------------------------------------------------------------------------

wrapping first mol.:       11.45312       16.19716       28.05430
wrapping first mol.:       11.45312       16.19716       28.05430

 NSTEP =    14500   TIME(PS) =      29.000  TEMP(K) =   305.14  PRESS =  -289.3
 Etot   =     -7744.4512  EKtot   =      1860.9801  EPtot      =     -9605.4313
 BOND   =         4.6313  ANGLE   =         7.1500  DIHED      =         4.9489
 UB     =         0.0000  IMP     =         0.0000  CMAP       =         0.1073
 1-4 NB =         3.0997  1-4 EEL =        48.6971  VDWAALS    =      1370.7661
 EELEC  =    -11044.8318  EHBOND  =         0.0000  RESTRAINT  =         0.0000
 EKCMT  =       944.7464  VIRIAL  =      1139.8193  VOLUME     =     31226.5900
                                                    Density    =         0.9791
 ------------------------------------------------------------------------------

wrapping first mol.:       11.44903       16.19138       28.04428
wrapping first mol.:       11.44903       16.19138       28.04428

 NSTEP =    15000   TIME(PS) =      30.000  TEMP(K) =   300.65  PRESS =    -8.3
 Etot   =     -7806.0173  EKtot   =      1833.5533  EPtot      =     -9639.5706
 BOND   =         2.1480  ANGLE   =        11.8309  DIHED      =         3.8125
 UB     =         0.0000  IMP     =         0.0000  CMAP       =         0.2034
 1-4 NB =         2.7495  1-4 EEL =        45.4436  VDWAALS    =      1410.5958
 EELEC  =    -11116.3544  EHBOND  =         0.0000  RESTRAINT  =         0.0000
 EKCMT  =       930.5411  VIRIAL  =       936.1336  VOLUME     =     31192.3714
                                                    Density    =         0.9802
 ------------------------------------------------------------------------------

wrapping first mol.:       11.42642       16.15940       27.98891
wrapping first mol.:       11.42642       16.15940       27.98891

 NSTEP =    15500   TIME(PS) =      31.000  TEMP(K) =   309.29  PRESS =  -211.9
 Etot   =     -7802.0900  EKtot   =      1886.2367  EPtot      =     -9688.3267
 BOND   =         2.2014  ANGLE   =        11.9795  DIHED      =         5.1803
 UB     =         0.0000  IMP     =         0.0000  CMAP       =         0.7654
 1-4 NB =         2.5731  1-4 EEL =        42.1989  VDWAALS    =      1393.6719
 EELEC  =    -11146.8971  EHBOND  =         0.0000  RESTRAINT  =         0.0000
 EKCMT  =       935.8842  VIRIAL  =      1077.7250  VOLUME     =     31008.5208
                                                    Density    =         0.9860
 ------------------------------------------------------------------------------

wrapping first mol.:       11.42938       16.16358       27.99615
wrapping first mol.:       11.42938       16.16358       27.99615

 NSTEP =    16000   TIME(PS) =      32.000  TEMP(K) =   307.75  PRESS =   417.1
 Etot   =     -7859.2153  EKtot   =      1876.8428  EPtot      =     -9736.0581
 BOND   =         2.3064  ANGLE   =         6.4291  DIHED      =         5.2340
 UB     =         0.0000  IMP     =         0.0000  CMAP       =         0.7589
 1-4 NB =         3.8806  1-4 EEL =        46.4127  VDWAALS    =      1491.3378
 EELEC  =    -11292.4175  EHBOND  =         0.0000  RESTRAINT  =         0.0000
 EKCMT  =       944.2087  VIRIAL  =       664.7661  VOLUME     =     31030.8489
                                                    Density    =         0.9853
 ------------------------------------------------------------------------------

wrapping first mol.:       11.44565       16.18659       28.03600
wrapping first mol.:       11.44565       16.18659       28.03600

 NSTEP =    16500   TIME(PS) =      33.000  TEMP(K) =   299.21  PRESS =  -541.5
 Etot   =     -7901.0001  EKtot   =      1824.7972  EPtot      =     -9725.7973
 BOND   =         3.9190  ANGLE   =         6.8525  DIHED      =         4.4538
 UB     =         0.0000  IMP     =         0.0000  CMAP       =         0.7795
 1-4 NB =         3.3258  1-4 EEL =        43.2598  VDWAALS    =      1372.1246
 EELEC  =    -11160.5123  EHBOND  =         0.0000  RESTRAINT  =         0.0000
 EKCMT  =       914.8545  VIRIAL  =      1279.2539  VOLUME     =     31166.2075
                                                    Density    =         0.9810
 ------------------------------------------------------------------------------

wrapping first mol.:       11.43266       16.16822       28.00418
wrapping first mol.:       11.43266       16.16822       28.00418

 NSTEP =    17000   TIME(PS) =      34.000  TEMP(K) =   290.07  PRESS =    52.8
 Etot   =     -7925.4713  EKtot   =      1769.0590  EPtot      =     -9694.5303
 BOND   =         3.5408  ANGLE   =         9.0445  DIHED      =         3.1344
 UB     =         0.0000  IMP     =         0.0000  CMAP       =         0.4978
 1-4 NB =         2.0548  1-4 EEL =        47.1810  VDWAALS    =      1438.0078
 EELEC  =    -11197.9914  EHBOND  =         0.0000  RESTRAINT  =         0.0000
 EKCMT  =       901.8398  VIRIAL  =       866.4440  VOLUME     =     31058.5715
                                                    Density    =         0.9844
 ------------------------------------------------------------------------------

wrapping first mol.:       11.43112       16.16605       28.00041
wrapping first mol.:       11.43112       16.16605       28.00041

 NSTEP =    17500   TIME(PS) =      35.000  TEMP(K) =   294.66  PRESS =   266.7
 Etot   =     -7899.3469  EKtot   =      1797.0641  EPtot      =     -9696.4110
 BOND   =         6.7918  ANGLE   =        10.6525  DIHED      =         3.7547
 UB     =         0.0000  IMP     =         0.0000  CMAP       =         0.2492
 1-4 NB =         3.4797  1-4 EEL =        45.6227  VDWAALS    =      1481.6337
 EELEC  =    -11248.5953  EHBOND  =         0.0000  RESTRAINT  =         0.0000
 EKCMT  =       916.3028  VIRIAL  =       737.5268  VOLUME     =     31045.4502
                                                    Density    =         0.9848
 ------------------------------------------------------------------------------

wrapping first mol.:       11.43704       16.17442       28.01491
wrapping first mol.:       11.43704       16.17442       28.01491

 NSTEP =    18000   TIME(PS) =      36.000  TEMP(K) =   303.28  PRESS =   549.4
 Etot   =     -7883.4543  EKtot   =      1849.6313  EPtot      =     -9733.0857
 BOND   =         1.4267  ANGLE   =        11.6895  DIHED      =         4.3773
 UB     =         0.0000  IMP     =         0.0000  CMAP       =         0.7760
 1-4 NB =         2.6486  1-4 EEL =        48.8157  VDWAALS    =      1514.6874
 EELEC  =    -11317.5068  EHBOND  =         0.0000  RESTRAINT  =         0.0000
 EKCMT  =       912.3134  VIRIAL  =       543.5032  VOLUME     =     31092.9095
                                                    Density    =         0.9833
 ------------------------------------------------------------------------------

wrapping first mol.:       11.43965       16.17811       28.02131
wrapping first mol.:       11.43965       16.17811       28.02131

 NSTEP =    18500   TIME(PS) =      37.000  TEMP(K) =   308.84  PRESS =    21.6
 Etot   =     -7805.7505  EKtot   =      1883.4990  EPtot      =     -9689.2496
 BOND   =         4.9344  ANGLE   =         7.5655  DIHED      =         3.5184
 UB     =         0.0000  IMP     =         0.0000  CMAP       =         1.0715
 1-4 NB =         2.2116  1-4 EEL =        45.8902  VDWAALS    =      1431.1207
 EELEC  =    -11185.5619  EHBOND  =         0.0000  RESTRAINT  =         0.0000
 EKCMT  =       931.3840  VIRIAL  =       916.8638  VOLUME     =     31115.6971
                                                    Density    =         0.9826
 ------------------------------------------------------------------------------

wrapping first mol.:       11.43779       16.17548       28.01675
wrapping first mol.:       11.43779       16.17548       28.01675

 NSTEP =    19000   TIME(PS) =      38.000  TEMP(K) =   301.43  PRESS =  -387.6
 Etot   =     -7858.0326  EKtot   =      1838.3512  EPtot      =     -9696.3838
 BOND   =         3.5157  ANGLE   =         9.6607  DIHED      =         4.5564
 UB     =         0.0000  IMP     =         0.0000  CMAP       =         0.2775
 1-4 NB =         3.8217  1-4 EEL =        45.5414  VDWAALS    =      1397.2652
 EELEC  =    -11161.0224  EHBOND  =         0.0000  RESTRAINT  =         0.0000
 EKCMT  =       891.0537  VIRIAL  =      1151.3242  VOLUME     =     31101.6500
                                                    Density    =         0.9831
 ------------------------------------------------------------------------------

wrapping first mol.:       11.43917       16.17743       28.02012
wrapping first mol.:       11.43917       16.17743       28.02012

 NSTEP =    19500   TIME(PS) =      39.000  TEMP(K) =   296.03  PRESS =  -134.0
 Etot   =     -7894.6299  EKtot   =      1805.3807  EPtot      =     -9700.0106
 BOND   =         2.6469  ANGLE   =         7.0075  DIHED      =         7.2272
 UB     =         0.0000  IMP     =         0.0000  CMAP       =         1.0932
 1-4 NB =         2.7144  1-4 EEL =        47.3103  VDWAALS    =      1422.2587
 EELEC  =    -11190.2689  EHBOND  =         0.0000  RESTRAINT  =         0.0000
 EKCMT  =       905.9962  VIRIAL  =       996.0146  VOLUME     =     31112.1695
                                                    Density    =         0.9827
 ------------------------------------------------------------------------------

wrapping first mol.:       11.44017       16.17885       28.02258
wrapping first mol.:       11.44017       16.17885       28.02258

 NSTEP =    20000   TIME(PS) =      40.000  TEMP(K) =   300.72  PRESS =   -99.0
 Etot   =     -7895.4747  EKtot   =      1833.9736  EPtot      =     -9729.4483
 BOND   =         1.4643  ANGLE   =        10.5601  DIHED      =         3.7778
 UB     =         0.0000  IMP     =         0.0000  CMAP       =        -0.0103
 1-4 NB =         2.7250  1-4 EEL =        48.5000  VDWAALS    =      1445.2691
 EELEC  =    -11241.7344  EHBOND  =         0.0000  RESTRAINT  =         0.0000
 EKCMT  =       902.8976  VIRIAL  =       969.4288  VOLUME     =     31120.2702
                                                    Density    =         0.9825
 ------------------------------------------------------------------------------

wrapping first mol.:       11.45163       16.19506       28.05066
wrapping first mol.:       11.45163       16.19506       28.05066

 NSTEP =    20500   TIME(PS) =      41.000  TEMP(K) =   295.80  PRESS =  -104.1
 Etot   =     -7986.7590  EKtot   =      1804.0162  EPtot      =     -9790.7753
 BOND   =         3.1172  ANGLE   =         9.0751  DIHED      =         4.9915
 UB     =         0.0000  IMP     =         0.0000  CMAP       =         1.0978
 1-4 NB =         2.2375  1-4 EEL =        45.9415  VDWAALS    =      1467.9768
 EELEC  =    -11325.2127  EHBOND  =         0.0000  RESTRAINT  =         0.0000
 EKCMT  =       896.8888  VIRIAL  =       967.0400  VOLUME     =     31213.9061
                                                    Density    =         0.9795
 ------------------------------------------------------------------------------

wrapping first mol.:       11.44644       16.18770       28.03792
wrapping first mol.:       11.44644       16.18770       28.03792

 NSTEP =    21000   TIME(PS) =      42.000  TEMP(K) =   290.72  PRESS =   217.1
 Etot   =     -7934.7366  EKtot   =      1773.0087  EPtot      =     -9707.7452
 BOND   =         4.8020  ANGLE   =        11.4488  DIHED      =         3.7582
 UB     =         0.0000  IMP     =         0.0000  CMAP       =         1.5465
 1-4 NB =         2.5081  1-4 EEL =        48.0258  VDWAALS    =      1476.8713
 EELEC  =    -11256.7059  EHBOND  =         0.0000  RESTRAINT  =         0.0000
 EKCMT  =       855.9236  VIRIAL  =       709.8070  VOLUME     =     31170.5291
                                                    Density    =         0.9809
 ------------------------------------------------------------------------------

wrapping first mol.:       11.43267       16.16824       28.00421
wrapping first mol.:       11.43267       16.16824       28.00421

 NSTEP =    21500   TIME(PS) =      43.000  TEMP(K) =   298.13  PRESS =  -304.0
 Etot   =     -7921.9254  EKtot   =      1818.2207  EPtot      =     -9740.1461
 BOND   =         3.0253  ANGLE   =        13.1666  DIHED      =         5.0857
 UB     =         0.0000  IMP     =         0.0000  CMAP       =         1.9745
 1-4 NB =         3.3907  1-4 EEL =        44.4454  VDWAALS    =      1406.8128
 EELEC  =    -11218.0471  EHBOND  =         0.0000  RESTRAINT  =         0.0000
 EKCMT  =       893.4498  VIRIAL  =      1097.3290  VOLUME     =     31059.6616
                                                    Density    =         0.9844
 ------------------------------------------------------------------------------

wrapping first mol.:       11.42089       16.15157       27.97534
wrapping first mol.:       11.42089       16.15157       27.97534

 NSTEP =    22000   TIME(PS) =      44.000  TEMP(K) =   298.83  PRESS =   386.6
 Etot   =     -7935.9898  EKtot   =      1822.4542  EPtot      =     -9758.4440
 BOND   =         6.0778  ANGLE   =        10.2168  DIHED      =         3.8704
 UB     =         0.0000  IMP     =         0.0000  CMAP       =         1.5093
 1-4 NB =         2.0585  1-4 EEL =        46.0607  VDWAALS    =      1498.1750
 EELEC  =    -11326.4125  EHBOND  =         0.0000  RESTRAINT  =         0.0000
 EKCMT  =       925.8654  VIRIAL  =       667.4146  VOLUME     =     30961.7980
                                                    Density    =         0.9875
 ------------------------------------------------------------------------------

wrapping first mol.:       11.45425       16.19875       28.05706
wrapping first mol.:       11.45425       16.19875       28.05706

 NSTEP =    22500   TIME(PS) =      45.000  TEMP(K) =   312.86  PRESS =    24.2
 Etot   =     -7819.4054  EKtot   =      1908.0343  EPtot      =     -9727.4397
 BOND   =         7.9790  ANGLE   =         7.3135  DIHED      =         6.2641
 UB     =         0.0000  IMP     =         0.0000  CMAP       =         0.3355
 1-4 NB =         2.6221  1-4 EEL =        45.6029  VDWAALS    =      1445.1012
 EELEC  =    -11242.6580  EHBOND  =         0.0000  RESTRAINT  =         0.0000
 EKCMT  =       956.4924  VIRIAL  =       940.1925  VOLUME     =     31234.9335
                                                    Density    =         0.9789
 ------------------------------------------------------------------------------

wrapping first mol.:       11.46156       16.20909       28.07496
wrapping first mol.:       11.46156       16.20909       28.07496

 NSTEP =    23000   TIME(PS) =      46.000  TEMP(K) =   297.63  PRESS =    46.2
 Etot   =     -7902.1150  EKtot   =      1815.1385  EPtot      =     -9717.2535
 BOND   =         3.9971  ANGLE   =         7.7349  DIHED      =         4.1568
 UB     =         0.0000  IMP     =         0.0000  CMAP       =         1.1787
 1-4 NB =         2.5766  1-4 EEL =        45.8950  VDWAALS    =      1452.1924
 EELEC  =    -11234.9851  EHBOND  =         0.0000  RESTRAINT  =         0.0000
 EKCMT  =       897.4693  VIRIAL  =       866.2699  VOLUME     =     31294.6931
                                                    Density    =         0.9770
 ------------------------------------------------------------------------------

wrapping first mol.:       11.44815       16.19013       28.04212
wrapping first mol.:       11.44815       16.19013       28.04212

 NSTEP =    23500   TIME(PS) =      47.000  TEMP(K) =   297.56  PRESS =    67.0
 Etot   =     -7866.5609  EKtot   =      1814.7153  EPtot      =     -9681.2762
 BOND   =         2.0521  ANGLE   =         7.9648  DIHED      =         4.9987
 UB     =         0.0000  IMP     =         0.0000  CMAP       =         1.2933
 1-4 NB =         4.5311  1-4 EEL =        48.7405  VDWAALS    =      1429.2663
 EELEC  =    -11180.1230  EHBOND  =         0.0000  RESTRAINT  =         0.0000
 EKCMT  =       896.7709  VIRIAL  =       851.6517  VOLUME     =     31184.9338
                                                    Density    =         0.9804
 ------------------------------------------------------------------------------

wrapping first mol.:       11.45316       16.19721       28.05439
wrapping first mol.:       11.45316       16.19721       28.05439

 NSTEP =    24000   TIME(PS) =      48.000  TEMP(K) =   297.94  PRESS =  -163.8
 Etot   =     -7871.7786  EKtot   =      1817.0435  EPtot      =     -9688.8221
 BOND   =         1.4976  ANGLE   =        11.3076  DIHED      =         5.2320
 UB     =         0.0000  IMP     =         0.0000  CMAP       =         0.6129
 1-4 NB =         2.1787  1-4 EEL =        47.8319  VDWAALS    =      1394.9196
 EELEC  =    -11152.4023  EHBOND  =         0.0000  RESTRAINT  =         0.0000
 EKCMT  =       914.6366  VIRIAL  =      1025.0751  VOLUME     =     31226.5246
                                                    Density    =         0.9791
 ------------------------------------------------------------------------------

wrapping first mol.:       11.45224       16.19591       28.05213
wrapping first mol.:       11.45224       16.19591       28.05213

 NSTEP =    24500   TIME(PS) =      49.000  TEMP(K) =   304.62  PRESS =    48.8
 Etot   =     -7834.9410  EKtot   =      1857.8057  EPtot      =     -9692.7467
 BOND   =         7.0194  ANGLE   =        13.9430  DIHED      =         5.8244
 UB     =         0.0000  IMP     =         0.0000  CMAP       =         0.0881
 1-4 NB =         4.0752  1-4 EEL =        50.0428  VDWAALS    =      1434.2848
 EELEC  =    -11208.0244  EHBOND  =         0.0000  RESTRAINT  =         0.0000
 EKCMT  =       942.8163  VIRIAL  =       909.9307  VOLUME     =     31218.4085
                                                    Density    =         0.9794
 ------------------------------------------------------------------------------

wrapping first mol.:       11.44409       16.18439       28.03218
wrapping first mol.:       11.44409       16.18439       28.03218

 NSTEP =    25000   TIME(PS) =      50.000  TEMP(K) =   299.15  PRESS =    67.5
 Etot   =     -7840.8769  EKtot   =      1824.4456  EPtot      =     -9665.3224
 BOND   =         1.1960  ANGLE   =         8.8593  DIHED      =         4.6646
 UB     =         0.0000  IMP     =         0.0000  CMAP       =         0.3251
 1-4 NB =         4.4956  1-4 EEL =        47.6107  VDWAALS    =      1447.0985
 EELEC  =    -11179.5721  EHBOND  =         0.0000  RESTRAINT  =         0.0000
 EKCMT  =       902.1692  VIRIAL  =       856.7617  VOLUME     =     31151.8047
                                                    Density    =         0.9815
 ------------------------------------------------------------------------------

wrapping first mol.:       11.43909       16.17732       28.01993
wrapping first mol.:       11.43909       16.17732       28.01993

 NSTEP =    25500   TIME(PS) =      51.000  TEMP(K) =   301.35  PRESS =  -587.0
 Etot   =     -7949.2514  EKtot   =      1837.8433  EPtot      =     -9787.0946
 BOND   =         3.6559  ANGLE   =         8.6425  DIHED      =         3.3983
 UB     =         0.0000  IMP     =         0.0000  CMAP       =         1.4962
 1-4 NB =         2.8659  1-4 EEL =        46.4820  VDWAALS    =      1389.4522
 EELEC  =    -11243.0876  EHBOND  =         0.0000  RESTRAINT  =         0.0000
 EKCMT  =       906.3540  VIRIAL  =      1300.6507  VOLUME     =     31112.7878
                                                    Density    =         0.9827
 ------------------------------------------------------------------------------

wrapping first mol.:       11.45255       16.19635       28.05290
wrapping first mol.:       11.45255       16.19635       28.05290

 NSTEP =    26000   TIME(PS) =      52.000  TEMP(K) =   300.89  PRESS =    71.4
 Etot   =     -7891.6727  EKtot   =      1835.0472  EPtot      =     -9726.7199
 BOND   =         1.7533  ANGLE   =         7.6760  DIHED      =         4.8253
 UB     =         0.0000  IMP     =         0.0000  CMAP       =         1.6245
 1-4 NB =         2.8160  1-4 EEL =        44.0403  VDWAALS    =      1450.5146
 EELEC  =    -11239.9700  EHBOND  =         0.0000  RESTRAINT  =         0.0000
 EKCMT  =       904.5343  VIRIAL  =       856.4008  VOLUME     =     31220.9029
                                                    Density    =         0.9793
 ------------------------------------------------------------------------------

wrapping first mol.:       11.45055       16.19353       28.04801
wrapping first mol.:       11.45055       16.19353       28.04801

 NSTEP =    26500   TIME(PS) =      53.000  TEMP(K) =   303.44  PRESS =   210.8
 Etot   =     -7892.5535  EKtot   =      1850.5945  EPtot      =     -9743.1480
 BOND   =         3.5613  ANGLE   =         8.9479  DIHED      =         3.8055
 UB     =         0.0000  IMP     =         0.0000  CMAP       =         0.8096
 1-4 NB =         3.4543  1-4 EEL =        47.3210  VDWAALS    =      1485.9216
 EELEC  =    -11296.9694  EHBOND  =         0.0000  RESTRAINT  =         0.0000
 EKCMT  =       920.9193  VIRIAL  =       778.8817  VOLUME     =     31204.1919
                                                    Density    =         0.9798
 ------------------------------------------------------------------------------

wrapping first mol.:       11.42957       16.16386       27.99662
wrapping first mol.:       11.42957       16.16386       27.99662

 NSTEP =    27000   TIME(PS) =      54.000  TEMP(K) =   290.54  PRESS =  -626.8
 Etot   =     -7983.2213  EKtot   =      1771.9307  EPtot      =     -9755.1519
 BOND   =         2.7031  ANGLE   =         6.0053  DIHED      =         3.2774
 UB     =         0.0000  IMP     =         0.0000  CMAP       =         0.7098
 1-4 NB =         3.3650  1-4 EEL =        49.4661  VDWAALS    =      1371.5918
 EELEC  =    -11192.2705  EHBOND  =         0.0000  RESTRAINT  =         0.0000
 EKCMT  =       892.8650  VIRIAL  =      1312.8705  VOLUME     =     31035.3083
                                                    Density    =         0.9852
 ------------------------------------------------------------------------------

wrapping first mol.:       11.43691       16.17423       28.01458
wrapping first mol.:       11.43691       16.17423       28.01458

 NSTEP =    27500   TIME(PS) =      55.000  TEMP(K) =   302.38  PRESS =   -43.8
 Etot   =     -7940.8174  EKtot   =      1844.0983  EPtot      =     -9784.9157
 BOND   =         7.0470  ANGLE   =         9.7932  DIHED      =         5.9341
 UB     =         0.0000  IMP     =         0.0000  CMAP       =         1.5217
 1-4 NB =         2.7796  1-4 EEL =        43.8681  VDWAALS    =      1464.6739
 EELEC  =    -11320.5333  EHBOND  =         0.0000  RESTRAINT  =         0.0000
 EKCMT  =       912.3555  VIRIAL  =       941.7624  VOLUME     =     31093.4743
                                                    Density    =         0.9833
 ------------------------------------------------------------------------------

wrapping first mol.:       11.42556       16.15818       27.98678
wrapping first mol.:       11.42556       16.15818       27.98678

 NSTEP =    28000   TIME(PS) =      56.000  TEMP(K) =   291.42  PRESS =   120.0
 Etot   =     -8041.1200  EKtot   =      1777.2761  EPtot      =     -9818.3961
 BOND   =         2.9249  ANGLE   =         7.9242  DIHED      =         3.6495
 UB     =         0.0000  IMP     =         0.0000  CMAP       =         1.2477
 1-4 NB =         3.0769  1-4 EEL =        45.2512  VDWAALS    =      1498.7987
 EELEC  =    -11381.2694  EHBOND  =         0.0000  RESTRAINT  =         0.0000
 EKCMT  =       864.4811  VIRIAL  =       784.1650  VOLUME     =     31000.5464
                                                    Density    =         0.9863
 ------------------------------------------------------------------------------

wrapping first mol.:       11.41072       16.13720       27.95045
wrapping first mol.:       11.41072       16.13720       27.95045

 NSTEP =    28500   TIME(PS) =      57.000  TEMP(K) =   303.88  PRESS =   201.6
 Etot   =     -7969.6117  EKtot   =      1853.2892  EPtot      =     -9822.9009
 BOND   =         2.8478  ANGLE   =         8.5737  DIHED      =         4.2101
 UB     =         0.0000  IMP     =         0.0000  CMAP       =         1.7429
 1-4 NB =         2.7370  1-4 EEL =        45.6377  VDWAALS    =      1493.9745
 EELEC  =    -11382.6245  EHBOND  =         0.0000  RESTRAINT  =         0.0000
 EKCMT  =       922.7627  VIRIAL  =       788.3375  VOLUME     =     30879.7375
                                                    Density    =         0.9901
 ------------------------------------------------------------------------------

wrapping first mol.:       11.42835       16.16213       27.99363
wrapping first mol.:       11.42835       16.16213       27.99363

 NSTEP =    29000   TIME(PS) =      58.000  TEMP(K) =   294.15  PRESS =   111.3
 Etot   =     -7917.1905  EKtot   =      1793.9049  EPtot      =     -9711.0954
 BOND   =         1.9451  ANGLE   =         5.2692  DIHED      =         4.7213
 UB     =         0.0000  IMP     =         0.0000  CMAP       =         1.3944
 1-4 NB =         2.6586  1-4 EEL =        49.3158  VDWAALS    =      1458.9168
 EELEC  =    -11235.3165  EHBOND  =         0.0000  RESTRAINT  =         0.0000
 EKCMT  =       889.8727  VIRIAL  =       815.3336  VOLUME     =     31023.3133
                                                    Density    =         0.9855
 ------------------------------------------------------------------------------

wrapping first mol.:       11.43958       16.17802       28.02114
wrapping first mol.:       11.43958       16.17802       28.02114

 NSTEP =    29500   TIME(PS) =      59.000  TEMP(K) =   307.01  PRESS =   124.5
 Etot   =     -7814.5985  EKtot   =      1872.3865  EPtot      =     -9686.9850
 BOND   =         1.9277  ANGLE   =         7.5989  DIHED      =         3.3413
 UB     =         0.0000  IMP     =         0.0000  CMAP       =         0.7652
 1-4 NB =         2.1256  1-4 EEL =        44.3589  VDWAALS    =      1433.2503
 EELEC  =    -11180.3529  EHBOND  =         0.0000  RESTRAINT  =         0.0000
 EKCMT  =       935.1847  VIRIAL  =       851.5659  VOLUME     =     31114.8459
                                                    Density    =         0.9827
 ------------------------------------------------------------------------------

wrapping first mol.:       11.42299       16.15455       27.98051
wrapping first mol.:       11.42299       16.15455       27.98051

 NSTEP =    30000   TIME(PS) =      60.000  TEMP(K) =   304.20  PRESS =  -121.0
 Etot   =     -7790.1348  EKtot   =      1855.2040  EPtot      =     -9645.3387
 BOND   =         2.4553  ANGLE   =        12.0346  DIHED      =         5.6336
 UB     =         0.0000  IMP     =         0.0000  CMAP       =         1.3009
 1-4 NB =         2.5963  1-4 EEL =        42.6557  VDWAALS    =      1371.3460
 EELEC  =    -11083.3611  EHBOND  =         0.0000  RESTRAINT  =         0.0000
 EKCMT  =       907.9391  VIRIAL  =       988.8885  VOLUME     =     30980.3526
                                                    Density    =         0.9869
 ------------------------------------------------------------------------------

wrapping first mol.:       11.41691       16.14595       27.96560
wrapping first mol.:       11.41691       16.14595       27.96560

 NSTEP =    30500   TIME(PS) =      61.000  TEMP(K) =   303.11  PRESS =  -338.8
 Etot   =     -7855.8657  EKtot   =      1848.5903  EPtot      =     -9704.4560
 BOND   =         1.6140  ANGLE   =        10.3301  DIHED      =         3.7018
 UB     =         0.0000  IMP     =         0.0000  CMAP       =         0.0259
 1-4 NB =         2.6482  1-4 EEL =        47.1682  VDWAALS    =      1379.2100
 EELEC  =    -11149.1542  EHBOND  =         0.0000  RESTRAINT  =         0.0000
 EKCMT  =       915.7042  VIRIAL  =      1141.9998  VOLUME     =     30931.4700
                                                    Density    =         0.9885
 ------------------------------------------------------------------------------

wrapping first mol.:       11.42241       16.15373       27.97908
wrapping first mol.:       11.42241       16.15373       27.97908

 NSTEP =    31000   TIME(PS) =      62.000  TEMP(K) =   302.21  PRESS =  -103.7
 Etot   =     -7930.1132  EKtot   =      1843.0599  EPtot      =     -9773.1731
 BOND   =         4.3467  ANGLE   =         5.7122  DIHED      =         4.7490
 UB     =         0.0000  IMP     =         0.0000  CMAP       =        -0.0441
 1-4 NB =         3.4568  1-4 EEL =        46.9739  VDWAALS    =      1429.7376
 EELEC  =    -11268.1053  EHBOND  =         0.0000  RESTRAINT  =         0.0000
 EKCMT  =       912.5257  VIRIAL  =       981.8570  VOLUME     =     30975.5819
                                                    Density    =         0.9871
 ------------------------------------------------------------------------------

wrapping first mol.:       11.41548       16.14392       27.96209
wrapping first mol.:       11.41548       16.14392       27.96209

 NSTEP =    31500   TIME(PS) =      63.000  TEMP(K) =   307.88  PRESS =  -809.1
 Etot   =     -7876.3551  EKtot   =      1877.6672  EPtot      =     -9754.0224
 BOND   =         3.7023  ANGLE   =         9.5151  DIHED      =         5.3174
 UB     =         0.0000  IMP     =         0.0000  CMAP       =         0.4997
 1-4 NB =         2.2183  1-4 EEL =        46.8574  VDWAALS    =      1332.7215
 EELEC  =    -11154.8542  EHBOND  =         0.0000  RESTRAINT  =         0.0000
 EKCMT  =       911.4719  VIRIAL  =      1451.6502  VOLUME     =     30921.1339
                                                    Density    =         0.9888
 ------------------------------------------------------------------------------

wrapping first mol.:       11.41130       16.13802       27.95187
wrapping first mol.:       11.41130       16.13802       27.95187

 NSTEP =    32000   TIME(PS) =      64.000  TEMP(K) =   293.68  PRESS =   187.2
 Etot   =     -7983.7743  EKtot   =      1791.0779  EPtot      =     -9774.8522
 BOND   =         4.8581  ANGLE   =         7.8836  DIHED      =         3.6949
 UB     =         0.0000  IMP     =         0.0000  CMAP       =         0.1007
 1-4 NB =         3.2996  1-4 EEL =        51.7618  VDWAALS    =      1476.3980
 EELEC  =    -11322.8490  EHBOND  =         0.0000  RESTRAINT  =         0.0000
 EKCMT  =       884.0423  VIRIAL  =       759.1862  VOLUME     =     30884.4851
                                                    Density    =         0.9900
 ------------------------------------------------------------------------------

wrapping first mol.:       11.43055       16.16524       27.99902
wrapping first mol.:       11.43055       16.16524       27.99902

 NSTEP =    32500   TIME(PS) =      65.000  TEMP(K) =   302.82  PRESS =  -135.1
 Etot   =     -7924.6281  EKtot   =      1846.8140  EPtot      =     -9771.4421
 BOND   =         4.9891  ANGLE   =        14.7584  DIHED      =         3.8878
 UB     =         0.0000  IMP     =         0.0000  CMAP       =         1.2614
 1-4 NB =         2.8748  1-4 EEL =        43.8178  VDWAALS    =      1450.9556
 EELEC  =    -11293.9869  EHBOND  =         0.0000  RESTRAINT  =         0.0000
 EKCMT  =       929.8678  VIRIAL  =      1020.4483  VOLUME     =     31041.9142
                                                    Density    =         0.9850
 ------------------------------------------------------------------------------

wrapping first mol.:       11.42489       16.15723       27.98514
wrapping first mol.:       11.42489       16.15723       27.98514

 NSTEP =    33000   TIME(PS) =      66.000  TEMP(K) =   297.00  PRESS =   399.6
 Etot   =     -7956.0349  EKtot   =      1811.3240  EPtot      =     -9767.3588
 BOND   =         1.8007  ANGLE   =        15.4899  DIHED      =         2.6618
 UB     =         0.0000  IMP     =         0.0000  CMAP       =        -0.3300
 1-4 NB =         2.8872  1-4 EEL =        41.5689  VDWAALS    =      1511.0931
 EELEC  =    -11342.5304  EHBOND  =         0.0000  RESTRAINT  =         0.0000
 EKCMT  =       902.7940  VIRIAL  =       635.3604  VOLUME     =     30994.3167
                                                    Density    =         0.9865
 ------------------------------------------------------------------------------

wrapping first mol.:       11.43211       16.16744       28.00282
wrapping first mol.:       11.43211       16.16744       28.00282

 NSTEP =    33500   TIME(PS) =      67.000  TEMP(K) =   294.56  PRESS =   347.0
 Etot   =     -7967.5885  EKtot   =      1796.4043  EPtot      =     -9763.9928
 BOND   =         2.4502  ANGLE   =        12.3343  DIHED      =         4.0706
 UB     =         0.0000  IMP     =         0.0000  CMAP       =        -0.6143
 1-4 NB =         2.5040  1-4 EEL =        45.6901  VDWAALS    =      1504.1460
 EELEC  =    -11334.5737  EHBOND  =         0.0000  RESTRAINT  =         0.0000
 EKCMT  =       877.4179  VIRIAL  =       644.7376  VOLUME     =     31053.2450
                                                    Density    =         0.9846
 ------------------------------------------------------------------------------

wrapping first mol.:       11.41788       16.14732       27.96798
wrapping first mol.:       11.41788       16.14732       27.96798

 NSTEP =    34000   TIME(PS) =      68.000  TEMP(K) =   298.31  PRESS =  -232.0
 Etot   =     -7911.3930  EKtot   =      1819.3186  EPtot      =     -9730.7116
 BOND   =         3.4249  ANGLE   =         8.8958  DIHED      =         5.5087
 UB     =         0.0000  IMP     =         0.0000  CMAP       =        -0.5467
 1-4 NB =         2.4595  1-4 EEL =        43.6720  VDWAALS    =      1397.2013
 EELEC  =    -11191.3271  EHBOND  =         0.0000  RESTRAINT  =         0.0000
 EKCMT  =       922.5970  VIRIAL  =      1077.5700  VOLUME     =     30939.0794
                                                    Density    =         0.9882
 ------------------------------------------------------------------------------

wrapping first mol.:       11.43105       16.16595       28.00024
wrapping first mol.:       11.43105       16.16595       28.00024

 NSTEP =    34500   TIME(PS) =      69.000  TEMP(K) =   305.13  PRESS =  -353.1
 Etot   =     -7793.8195  EKtot   =      1860.8967  EPtot      =     -9654.7162
 BOND   =         4.3378  ANGLE   =         8.9060  DIHED      =         5.5854
 UB     =         0.0000  IMP     =         0.0000  CMAP       =         0.5991
 1-4 NB =         2.9127  1-4 EEL =        43.2929  VDWAALS    =      1375.8828
 EELEC  =    -11096.2329  EHBOND  =         0.0000  RESTRAINT  =         0.0000
 EKCMT  =       921.3806  VIRIAL  =      1158.0632  VOLUME     =     31046.5869
                                                    Density    =         0.9848
 ------------------------------------------------------------------------------

wrapping first mol.:       11.43556       16.17232       28.01127
wrapping first mol.:       11.43556       16.17232       28.01127

 NSTEP =    35000   TIME(PS) =      70.000  TEMP(K) =   295.23  PRESS =  -500.6
 Etot   =     -7850.1624  EKtot   =      1800.5051  EPtot      =     -9650.6676
 BOND   =         1.9313  ANGLE   =         8.2054  DIHED      =         4.8190
 UB     =         0.0000  IMP     =         0.0000  CMAP       =        -0.1183
 1-4 NB =         6.4913  1-4 EEL =        49.3458  VDWAALS    =      1349.4416
 EELEC  =    -11070.7837  EHBOND  =         0.0000  RESTRAINT  =         0.0000
 EKCMT  =       893.5130  VIRIAL  =      1229.4534  VOLUME     =     31083.7213
                                                    Density    =         0.9836
 ------------------------------------------------------------------------------

wrapping first mol.:       11.42447       16.15664       27.98411
wrapping first mol.:       11.42447       16.15664       27.98411

 NSTEP =    35500   TIME(PS) =      71.000  TEMP(K) =   299.53  PRESS =   405.6
 Etot   =     -7868.0464  EKtot   =      1826.7200  EPtot      =     -9694.7663
 BOND   =         4.5053  ANGLE   =         7.2994  DIHED      =         5.4193
 UB     =         0.0000  IMP     =         0.0000  CMAP       =        -0.7356
 1-4 NB =         3.4120  1-4 EEL =        49.2937  VDWAALS    =      1470.7975
 EELEC  =    -11234.7579  EHBOND  =         0.0000  RESTRAINT  =         0.0000
 EKCMT  =       898.1699  VIRIAL  =       626.7420  VOLUME     =     30990.8755
                                                    Density    =         0.9866
 ------------------------------------------------------------------------------

wrapping first mol.:       11.43181       16.16702       28.00209
wrapping first mol.:       11.43181       16.16702       28.00209

 NSTEP =    36000   TIME(PS) =      72.000  TEMP(K) =   299.73  PRESS =   628.6
 Etot   =     -7872.1087  EKtot   =      1827.9303  EPtot      =     -9700.0390
 BOND   =         2.2761  ANGLE   =        11.7472  DIHED      =         4.5087
 UB     =         0.0000  IMP     =         0.0000  CMAP       =        -0.6093
 1-4 NB =         2.4330  1-4 EEL =        44.5255  VDWAALS    =      1512.6691
 EELEC  =    -11277.5893  EHBOND  =         0.0000  RESTRAINT  =         0.0000
 EKCMT  =       922.4896  VIRIAL  =       501.0381  VOLUME     =     31050.0270
                                                    Density    =         0.9847
 ------------------------------------------------------------------------------

wrapping first mol.:       11.42894       16.16296       27.99507
wrapping first mol.:       11.42894       16.16296       27.99507

 NSTEP =    36500   TIME(PS) =      73.000  TEMP(K) =   301.32  PRESS =    -5.3
 Etot   =     -7885.8133  EKtot   =      1837.6287  EPtot      =     -9723.4419
 BOND   =         3.2583  ANGLE   =        10.0449  DIHED      =         6.5315
 UB     =         0.0000  IMP     =         0.0000  CMAP       =        -1.2005
 1-4 NB =         4.0368  1-4 EEL =        44.3067  VDWAALS    =      1453.1234
 EELEC  =    -11243.5430  EHBOND  =         0.0000  RESTRAINT  =         0.0000
 EKCMT  =       906.2707  VIRIAL  =       909.8418  VOLUME     =     31028.4293
                                                    Density    =         0.9854
 ------------------------------------------------------------------------------

wrapping first mol.:       11.42014       16.15051       27.97350
wrapping first mol.:       11.42014       16.15051       27.97350

 NSTEP =    37000   TIME(PS) =      74.000  TEMP(K) =   294.71  PRESS =  -241.0
 Etot   =     -7892.1376  EKtot   =      1797.3473  EPtot      =     -9689.4849
 BOND   =         3.9039  ANGLE   =         7.1874  DIHED      =         4.0087
 UB     =         0.0000  IMP     =         0.0000  CMAP       =         1.4166
 1-4 NB =         3.3087  1-4 EEL =        48.5082  VDWAALS    =      1392.6005
 EELEC  =    -11150.4189  EHBOND  =         0.0000  RESTRAINT  =         0.0000
 EKCMT  =       887.7453  VIRIAL  =      1048.8436  VOLUME     =     30957.4351
                                                    Density    =         0.9876
 ------------------------------------------------------------------------------

wrapping first mol.:       11.41582       16.14441       27.96294
wrapping first mol.:       11.41582       16.14441       27.96294

 NSTEP =    37500   TIME(PS) =      75.000  TEMP(K) =   292.62  PRESS =   554.9
 Etot   =     -7985.1542  EKtot   =      1784.6217  EPtot      =     -9769.7759
 BOND   =         2.1178  ANGLE   =         5.5850  DIHED      =         4.0121
 UB     =         0.0000  IMP     =         0.0000  CMAP       =        -0.1811
 1-4 NB =         3.6449  1-4 EEL =        46.9686  VDWAALS    =      1530.3575
 EELEC  =    -11362.2807  EHBOND  =         0.0000  RESTRAINT  =         0.0000
 EKCMT  =       878.5774  VIRIAL  =       508.0944  VOLUME     =     30920.1795
                                                    Density    =         0.9888
 ------------------------------------------------------------------------------

wrapping first mol.:       11.43002       16.16449       27.99771
wrapping first mol.:       11.43002       16.16449       27.99771

 NSTEP =    38000   TIME(PS) =      76.000  TEMP(K) =   296.06  PRESS =   300.1
 Etot   =     -7974.7354  EKtot   =      1805.5925  EPtot      =     -9780.3279
 BOND   =         1.4281  ANGLE   =         5.7226  DIHED      =         4.4899
 UB     =         0.0000  IMP     =         0.0000  CMAP       =        -0.6356
 1-4 NB =         3.4662  1-4 EEL =        47.1830  VDWAALS    =      1515.7692
 EELEC  =    -11357.7514  EHBOND  =         0.0000  RESTRAINT  =         0.0000
 EKCMT  =       893.0554  VIRIAL  =       691.9522  VOLUME     =     31036.3595
                                                    Density    =         0.9851
 ------------------------------------------------------------------------------

wrapping first mol.:       11.43066       16.16539       27.99928
wrapping first mol.:       11.43066       16.16539       27.99928

 NSTEP =    38500   TIME(PS) =      77.000  TEMP(K) =   289.35  PRESS =   160.2
 Etot   =     -7969.8400  EKtot   =      1764.6770  EPtot      =     -9734.5170
 BOND   =         3.0252  ANGLE   =         8.4035  DIHED      =         3.9560
 UB     =         0.0000  IMP     =         0.0000  CMAP       =        -0.5979
 1-4 NB =         3.3350  1-4 EEL =        47.9366  VDWAALS    =      1462.7357
 EELEC  =    -11263.3112  EHBOND  =         0.0000  RESTRAINT  =         0.0000
 EKCMT  =       876.3132  VIRIAL  =       768.9346  VOLUME     =     31041.9702
                                                    Density    =         0.9850
 ------------------------------------------------------------------------------

wrapping first mol.:       11.42915       16.16325       27.99557
wrapping first mol.:       11.42915       16.16325       27.99557

 NSTEP =    39000   TIME(PS) =      78.000  TEMP(K) =   282.92  PRESS =    41.7
 Etot   =     -8024.9537  EKtot   =      1725.4224  EPtot      =     -9750.3760
 BOND   =         2.2118  ANGLE   =        12.2877  DIHED      =         3.3533
 UB     =         0.0000  IMP     =         0.0000  CMAP       =         0.1114
 1-4 NB =         2.8276  1-4 EEL =        47.1030  VDWAALS    =      1460.5071
 EELEC  =    -11278.7780  EHBOND  =         0.0000  RESTRAINT  =         0.0000
 EKCMT  =       872.3637  VIRIAL  =       844.4569  VOLUME     =     31029.9795
                                                    Density    =         0.9853
 ------------------------------------------------------------------------------

wrapping first mol.:       11.39898       16.12059       27.92168
wrapping first mol.:       11.39898       16.12059       27.92168

 NSTEP =    39500   TIME(PS) =      79.000  TEMP(K) =   291.45  PRESS =   213.7
 Etot   =     -7978.6198  EKtot   =      1777.4595  EPtot      =     -9756.0793
 BOND   =         4.1685  ANGLE   =         8.8401  DIHED      =         4.5202
 UB     =         0.0000  IMP     =         0.0000  CMAP       =         0.6207
 1-4 NB =         2.4511  1-4 EEL =        42.6530  VDWAALS    =      1469.3677
 EELEC  =    -11288.7007  EHBOND  =         0.0000  RESTRAINT  =         0.0000
 EKCMT  =       871.1762  VIRIAL  =       729.1627  VOLUME     =     30784.4550
                                                    Density    =         0.9932
 ------------------------------------------------------------------------------

wrapping first mol.:       11.39475       16.11461       27.91131
wrapping first mol.:       11.39475       16.11461       27.91131

 NSTEP =    40000   TIME(PS) =      80.000  TEMP(K) =   288.37  PRESS =  -212.9
 Etot   =     -8019.9551  EKtot   =      1758.6589  EPtot      =     -9778.6140
 BOND   =         3.9518  ANGLE   =         9.9409  DIHED      =         6.0341
 UB     =         0.0000  IMP     =         0.0000  CMAP       =         0.3027
 1-4 NB =         3.2622  1-4 EEL =        46.7619  VDWAALS    =      1420.8538
 EELEC  =    -11269.7215  EHBOND  =         0.0000  RESTRAINT  =         0.0000
 EKCMT  =       869.1220  VIRIAL  =      1010.4855  VOLUME     =     30751.3462
                                                    Density    =         0.9943
 ------------------------------------------------------------------------------

wrapping first mol.:       11.40382       16.12743       27.93353
wrapping first mol.:       11.40382       16.12743       27.93353

 NSTEP =    40500   TIME(PS) =      81.000  TEMP(K) =   295.68  PRESS =   398.7
 Etot   =     -7941.6374  EKtot   =      1803.2778  EPtot      =     -9744.9152
 BOND   =         2.6148  ANGLE   =         6.5927  DIHED      =         5.9908
 UB     =         0.0000  IMP     =         0.0000  CMAP       =        -0.5252
 1-4 NB =         4.2186  1-4 EEL =        48.1610  VDWAALS    =      1485.8648
 EELEC  =    -11297.8327  EHBOND  =         0.0000  RESTRAINT  =         0.0000
 EKCMT  =       902.3212  VIRIAL  =       636.9901  VOLUME     =     30823.1334
                                                    Density    =         0.9920
 ------------------------------------------------------------------------------

wrapping first mol.:       11.39990       16.12190       27.92394
wrapping first mol.:       11.39990       16.12190       27.92394

 NSTEP =    41000   TIME(PS) =      82.000  TEMP(K) =   303.84  PRESS =    -5.8
 Etot   =     -7876.2275  EKtot   =      1853.0364  EPtot      =     -9729.2639
 BOND   =         1.7859  ANGLE   =         6.7394  DIHED      =         4.6809
 UB     =         0.0000  IMP     =         0.0000  CMAP       =        -0.6555
 1-4 NB =         3.2952  1-4 EEL =        45.8600  VDWAALS    =      1426.8728
 EELEC  =    -11217.8425  EHBOND  =         0.0000  RESTRAINT  =         0.0000
 EKCMT  =       905.1478  VIRIAL  =       909.0328  VOLUME     =     30792.5225
                                                    Density    =         0.9929
 ------------------------------------------------------------------------------

wrapping first mol.:       11.40307       16.12637       27.93169
wrapping first mol.:       11.40307       16.12637       27.93169

 NSTEP =    41500   TIME(PS) =      83.000  TEMP(K) =   290.18  PRESS =    17.3
 Etot   =     -7976.0850  EKtot   =      1769.6895  EPtot      =     -9745.7744
 BOND   =         2.9439  ANGLE   =         8.2974  DIHED      =         3.9378
 UB     =         0.0000  IMP     =         0.0000  CMAP       =         0.1302
 1-4 NB =         3.1838  1-4 EEL =        48.5675  VDWAALS    =      1440.3812
 EELEC  =    -11253.2163  EHBOND  =         0.0000  RESTRAINT  =         0.0000
 EKCMT  =       856.4779  VIRIAL  =       844.9378  VOLUME     =     30818.1013
                                                    Density    =         0.9921
 ------------------------------------------------------------------------------

wrapping first mol.:       11.40837       16.13387       27.94468
wrapping first mol.:       11.40837       16.13387       27.94468

 NSTEP =    42000   TIME(PS) =      84.000  TEMP(K) =   295.25  PRESS =    62.9
 Etot   =     -7890.0602  EKtot   =      1800.6138  EPtot      =     -9690.6740
 BOND   =         2.1041  ANGLE   =        12.3637  DIHED      =         5.2132
 UB     =         0.0000  IMP     =         0.0000  CMAP       =         0.1760
 1-4 NB =         3.1803  1-4 EEL =        44.6007  VDWAALS    =      1420.1558
 EELEC  =    -11178.4679  EHBOND  =         0.0000  RESTRAINT  =         0.0000
 EKCMT  =       874.3548  VIRIAL  =       832.4399  VOLUME     =     30861.0083
                                                    Density    =         0.9907
 ------------------------------------------------------------------------------

wrapping first mol.:       11.41211       16.13916       27.95384
wrapping first mol.:       11.41211       16.13916       27.95384

 NSTEP =    42500   TIME(PS) =      85.000  TEMP(K) =   296.36  PRESS =  -401.2
 Etot   =     -7904.5108  EKtot   =      1807.4260  EPtot      =     -9711.9368
 BOND   =         1.5852  ANGLE   =         7.3429  DIHED      =         4.1172
 UB     =         0.0000  IMP     =         0.0000  CMAP       =        -0.2890
 1-4 NB =         3.2343  1-4 EEL =        46.5202  VDWAALS    =      1363.4659
 EELEC  =    -11137.9135  EHBOND  =         0.0000  RESTRAINT  =         0.0000
 EKCMT  =       891.0169  VIRIAL  =      1158.6337  VOLUME     =     30892.6381
                                                    Density    =         0.9897
 ------------------------------------------------------------------------------

wrapping first mol.:       11.41649       16.14535       27.96457
wrapping first mol.:       11.41649       16.14535       27.96457

 NSTEP =    43000   TIME(PS) =      86.000  TEMP(K) =   300.71  PRESS =   544.9
 Etot   =     -7847.1733  EKtot   =      1833.9182  EPtot      =     -9681.0915
 BOND   =         2.4284  ANGLE   =         8.4192  DIHED      =         4.1121
 UB     =         0.0000  IMP     =         0.0000  CMAP       =        -0.0898
 1-4 NB =         2.9865  1-4 EEL =        45.8352  VDWAALS    =      1477.3311
 EELEC  =    -11222.1142  EHBOND  =         0.0000  RESTRAINT  =         0.0000
 EKCMT  =       908.5719  VIRIAL  =       544.7195  VOLUME     =     30925.6069
                                                    Density    =         0.9887
 ------------------------------------------------------------------------------

wrapping first mol.:       11.45223       16.19590       28.05212
wrapping first mol.:       11.45223       16.19590       28.05212

 NSTEP =    43500   TIME(PS) =      87.000  TEMP(K) =   303.38  PRESS =  -344.8
 Etot   =     -7847.2491  EKtot   =      1850.2400  EPtot      =     -9697.4891
 BOND   =         3.0948  ANGLE   =         6.4257  DIHED      =         3.9782
 UB     =         0.0000  IMP     =         0.0000  CMAP       =         0.4767
 1-4 NB =         2.3748  1-4 EEL =        47.2898  VDWAALS    =      1382.2047
 EELEC  =    -11143.3339  EHBOND  =         0.0000  RESTRAINT  =         0.0000
 EKCMT  =       930.4748  VIRIAL  =      1162.8999  VOLUME     =     31219.4695
                                                    Density    =         0.9794
 ------------------------------------------------------------------------------

wrapping first mol.:       11.44031       16.17904       28.02291
wrapping first mol.:       11.44031       16.17904       28.02291

 NSTEP =    44000   TIME(PS) =      88.000  TEMP(K) =   300.31  PRESS =  -124.3
 Etot   =     -7961.6345  EKtot   =      1831.4943  EPtot      =     -9793.1288
 BOND   =         1.4023  ANGLE   =        10.5410  DIHED      =         6.0519
 UB     =         0.0000  IMP     =         0.0000  CMAP       =        -0.0407
 1-4 NB =         3.1781  1-4 EEL =        45.8873  VDWAALS    =      1462.4175
 EELEC  =    -11322.5661  EHBOND  =         0.0000  RESTRAINT  =         0.0000
 EKCMT  =       890.5436  VIRIAL  =       974.0629  VOLUME     =     31121.4268
                                                    Density    =         0.9824
 ------------------------------------------------------------------------------

wrapping first mol.:       11.43570       16.17253       28.01163
wrapping first mol.:       11.43570       16.17253       28.01163

 NSTEP =    44500   TIME(PS) =      89.000  TEMP(K) =   293.61  PRESS =    -1.7
 Etot   =     -7923.3203  EKtot   =      1790.6401  EPtot      =     -9713.9604
 BOND   =         0.8888  ANGLE   =        11.6360  DIHED      =         3.5132
 UB     =         0.0000  IMP     =         0.0000  CMAP       =        -0.4429
 1-4 NB =         3.0586  1-4 EEL =        48.6771  VDWAALS    =      1453.1401
 EELEC  =    -11234.4312  EHBOND  =         0.0000  RESTRAINT  =         0.0000
 EKCMT  =       874.1189  VIRIAL  =       875.2340  VOLUME     =     31083.5299
                                                    Density    =         0.9836
 ------------------------------------------------------------------------------

wrapping first mol.:       11.43545       16.17217       28.01101
wrapping first mol.:       11.43545       16.17217       28.01101

 NSTEP =    45000   TIME(PS) =      90.000  TEMP(K) =   298.17  PRESS =   311.7
 Etot   =     -7886.9840  EKtot   =      1818.4636  EPtot      =     -9705.4476
 BOND   =         1.4068  ANGLE   =         7.4224  DIHED      =         4.5452
 UB     =         0.0000  IMP     =         0.0000  CMAP       =         0.8165
 1-4 NB =         2.5863  1-4 EEL =        45.9001  VDWAALS    =      1476.5209
 EELEC  =    -11244.6458  EHBOND  =         0.0000  RESTRAINT  =         0.0000
 EKCMT  =       914.9324  VIRIAL  =       705.7851  VOLUME     =     31080.5916
                                                    Density    =         0.9837
 ------------------------------------------------------------------------------

wrapping first mol.:       11.42179       16.15285       27.97756
wrapping first mol.:       11.42179       16.15285       27.97756

 NSTEP =    45500   TIME(PS) =      91.000  TEMP(K) =   301.45  PRESS =  -159.9
 Etot   =     -7846.8916  EKtot   =      1838.4717  EPtot      =     -9685.3632
 BOND   =         4.5110  ANGLE   =        11.7675  DIHED      =         6.5107
 UB     =         0.0000  IMP     =         0.0000  CMAP       =        -1.1499
 1-4 NB =         3.9793  1-4 EEL =        45.8069  VDWAALS    =      1392.5961
 EELEC  =    -11149.3849  EHBOND  =         0.0000  RESTRAINT  =         0.0000
 EKCMT  =       931.9612  VIRIAL  =      1038.8527  VOLUME     =     30970.6680
                                                    Density    =         0.9872
 ------------------------------------------------------------------------------

wrapping first mol.:       11.43025       16.16482       27.99828
wrapping first mol.:       11.43025       16.16482       27.99828

 NSTEP =    46000   TIME(PS) =      92.000  TEMP(K) =   297.94  PRESS =   164.7
 Etot   =     -7908.6264  EKtot   =      1817.0524  EPtot      =     -9725.6787
 BOND   =         4.0957  ANGLE   =        14.5003  DIHED      =         4.9549
 UB     =         0.0000  IMP     =         0.0000  CMAP       =        -0.7309
 1-4 NB =         3.3648  1-4 EEL =        44.5269  VDWAALS    =      1469.0061
 EELEC  =    -11265.3964  EHBOND  =         0.0000  RESTRAINT  =         0.0000
 EKCMT  =       905.9898  VIRIAL  =       795.5902  VOLUME     =     31038.6410
                                                    Density    =         0.9851
 ------------------------------------------------------------------------------

wrapping first mol.:       11.43264       16.16820       28.00413
wrapping first mol.:       11.43264       16.16820       28.00413

 NSTEP =    46500   TIME(PS) =      93.000  TEMP(K) =   304.69  PRESS =  -261.8
 Etot   =     -7865.5028  EKtot   =      1858.2355  EPtot      =     -9723.7383
 BOND   =         6.5301  ANGLE   =        12.7299  DIHED      =         4.9789
 UB     =         0.0000  IMP     =         0.0000  CMAP       =         0.0734
 1-4 NB =         2.7573  1-4 EEL =        47.0739  VDWAALS    =      1408.3003
 EELEC  =    -11206.1820  EHBOND  =         0.0000  RESTRAINT  =         0.0000
 EKCMT  =       938.7646  VIRIAL  =      1114.3181  VOLUME     =     31059.2952
                                                    Density    =         0.9844
 ------------------------------------------------------------------------------

wrapping first mol.:       11.45292       16.19687       28.05380
wrapping first mol.:       11.45292       16.19687       28.05380

 NSTEP =    47000   TIME(PS) =      94.000  TEMP(K) =   309.37  PRESS =   159.5
 Etot   =     -7876.9798  EKtot   =      1886.7742  EPtot      =     -9763.7540
 BOND   =         0.9967  ANGLE   =        14.5626  DIHED      =         4.4206
 UB     =         0.0000  IMP     =         0.0000  CMAP       =         1.1069
 1-4 NB =         2.7833  1-4 EEL =        44.2613  VDWAALS    =      1483.1235
 EELEC  =    -11315.0089  EHBOND  =         0.0000  RESTRAINT  =         0.0000
 EKCMT  =       936.3487  VIRIAL  =       828.8423  VOLUME     =     31223.6677
                                                    Density    =         0.9792
 ------------------------------------------------------------------------------

wrapping first mol.:       11.43043       16.16507       27.99872
wrapping first mol.:       11.43043       16.16507       27.99872

 NSTEP =    47500   TIME(PS) =      95.000  TEMP(K) =   300.03  PRESS =    27.8
 Etot   =     -7841.9754  EKtot   =      1829.7632  EPtot      =     -9671.7385
 BOND   =         4.7761  ANGLE   =        11.0223  DIHED      =         5.7173
 UB     =         0.0000  IMP     =         0.0000  CMAP       =         0.8035
 1-4 NB =         2.7177  1-4 EEL =        47.4626  VDWAALS    =      1418.4779
 EELEC  =    -11162.7160  EHBOND  =         0.0000  RESTRAINT  =         0.0000
 EKCMT  =       916.1978  VIRIAL  =       897.5513  VOLUME     =     31040.4953
                                                    Density    =         0.9850
 ------------------------------------------------------------------------------

wrapping first mol.:       11.43538       16.17208       28.01085
wrapping first mol.:       11.43538       16.17208       28.01085

 NSTEP =    48000   TIME(PS) =      96.000  TEMP(K) =   293.76  PRESS =   -55.1
 Etot   =     -7962.5342  EKtot   =      1791.5420  EPtot      =     -9754.0762
 BOND   =         2.9562  ANGLE   =         8.5901  DIHED      =         4.8606
 UB     =         0.0000  IMP     =         0.0000  CMAP       =        -0.0636
 1-4 NB =         2.8964  1-4 EEL =        47.4182  VDWAALS    =      1446.6671
 EELEC  =    -11267.4012  EHBOND  =         0.0000  RESTRAINT  =         0.0000
 EKCMT  =       888.2580  VIRIAL  =       925.2163  VOLUME     =     31081.0845
                                                    Density    =         0.9837
 ------------------------------------------------------------------------------

wrapping first mol.:       11.41093       16.13749       27.95096
wrapping first mol.:       11.41093       16.13749       27.95096

 NSTEP =    48500   TIME(PS) =      97.000  TEMP(K) =   299.03  PRESS =  -304.5
 Etot   =     -7938.2031  EKtot   =      1823.6897  EPtot      =     -9761.8928
 BOND   =         3.1387  ANGLE   =        10.0805  DIHED      =         6.5712
 UB     =         0.0000  IMP     =         0.0000  CMAP       =         0.3849
 1-4 NB =         3.5889  1-4 EEL =        47.3687  VDWAALS    =      1399.5645
 EELEC  =    -11232.5901  EHBOND  =         0.0000  RESTRAINT  =         0.0000
 EKCMT  =       902.6777  VIRIAL  =      1105.7002  VOLUME     =     30882.8153
                                                    Density    =         0.9900
 ------------------------------------------------------------------------------

wrapping first mol.:       11.41366       16.14135       27.95763
wrapping first mol.:       11.41366       16.14135       27.95763

 NSTEP =    49000   TIME(PS) =      98.000  TEMP(K) =   294.42  PRESS =    46.1
 Etot   =     -7988.6926  EKtot   =      1795.5901  EPtot      =     -9784.2827
 BOND   =         2.4279  ANGLE   =         6.4112  DIHED      =         3.6703
 UB     =         0.0000  IMP     =         0.0000  CMAP       =         1.2384
 1-4 NB =         2.4568  1-4 EEL =        49.2479  VDWAALS    =      1467.5212
 EELEC  =    -11317.2562  EHBOND  =         0.0000  RESTRAINT  =         0.0000
 EKCMT  =       896.7104  VIRIAL  =       865.9201  VOLUME     =     30903.9701
                                                    Density    =         0.9894
 ------------------------------------------------------------------------------

wrapping first mol.:       11.41975       16.14997       27.97257
wrapping first mol.:       11.41975       16.14997       27.97257

 NSTEP =    49500   TIME(PS) =      99.000  TEMP(K) =   293.89  PRESS =   -95.7
 Etot   =     -8004.0747  EKtot   =      1792.3496  EPtot      =     -9796.4243
 BOND   =         2.9728  ANGLE   =         4.6066  DIHED      =         6.1509
 UB     =         0.0000  IMP     =         0.0000  CMAP       =         0.4335
 1-4 NB =         2.7593  1-4 EEL =        52.2554  VDWAALS    =      1445.8879
 EELEC  =    -11311.4906  EHBOND  =         0.0000  RESTRAINT  =         0.0000
 EKCMT  =       902.9672  VIRIAL  =       966.9351  VOLUME     =     30953.9148
                                                    Density    =         0.9878
 ------------------------------------------------------------------------------

wrapping first mol.:       11.42589       16.15864       27.98759
wrapping first mol.:       11.42589       16.15864       27.98759

 NSTEP =    50000   TIME(PS) =     100.000  TEMP(K) =   299.69  PRESS =  -153.8
 Etot   =     -7947.2775  EKtot   =      1827.6920  EPtot      =     -9774.9695
 BOND   =         1.6840  ANGLE   =         6.3958  DIHED      =         4.6397
 UB     =         0.0000  IMP     =         0.0000  CMAP       =         0.7751
 1-4 NB =         2.7900  1-4 EEL =        44.1283  VDWAALS    =      1443.5288
 EELEC  =    -11278.9113  EHBOND  =         0.0000  RESTRAINT  =         0.0000
 EKCMT  =       916.5600  VIRIAL  =      1019.5165  VOLUME     =     31003.9830
                                                    Density    =         0.9862
 ------------------------------------------------------------------------------


      A V E R A G E S   O V E R     100 S T E P S


 NSTEP =    50000   TIME(PS) =     100.000  TEMP(K) =   299.14  PRESS =    -5.6
 Etot   =     -7899.2982  EKtot   =      1824.3750  EPtot      =     -9723.6732
 BOND   =         3.1456  ANGLE   =         8.8515  DIHED      =         4.7206
 UB     =         0.0000  IMP     =         0.0000  CMAP       =         0.4282
 1-4 NB =         3.0088  1-4 EEL =        46.7322  VDWAALS    =      1440.9046
 EELEC  =    -11231.4647  EHBOND  =         0.0000  RESTRAINT  =         0.0000
 EKCMT  =       907.6773  VIRIAL  =       911.4983  VOLUME     =     31079.4089
                                                    Density    =         0.9838
 ------------------------------------------------------------------------------


      R M S  F L U C T U A T I O N S


 NSTEP =    50000   TIME(PS) =     100.000  TEMP(K) =     5.80  PRESS =   308.5
 Etot   =        62.6923  EKtot   =        35.3868  EPtot      =        43.7516
 BOND   =         1.4980  ANGLE   =         2.4785  DIHED      =         0.9617
 UB     =         0.0000  IMP     =         0.0000  CMAP       =         0.6815
 1-4 NB =         0.7255  1-4 EEL =         2.0575  VDWAALS    =        46.5994
 EELEC  =        76.4978  EHBOND  =         0.0000  RESTRAINT  =         0.0000
 EKCMT  =        22.6502  VIRIAL  =       208.5697  VOLUME     =       146.3131
                                                    Density    =         0.0046
 ------------------------------------------------------------------------------

--------------------------------------------------------------------------------
   5.  TIMINGS
--------------------------------------------------------------------------------

|  NonSetup CPU Time in Major Routines:
|
|     Routine           Sec        %
|     ------------------------------
|     Nonbond           9.00   74.94
|     Bond              0.00    0.00
|     Angle             0.00    0.00
|     Dihedral          0.00    0.00
|     Shake             0.15    1.28
|     RunMD             2.78   23.13
|     Other             0.08    0.65
|     ------------------------------
|     Total            12.01

|  PME Nonbond Pairlist CPU Time:
|
|     Routine              Sec        %
|     ---------------------------------
|     Set Up Cit           0.00    0.00
|     Build List           0.00    0.00
|     ---------------------------------
|     Total                0.00    0.00

|  PME Direct Force CPU Time:
|
|     Routine              Sec        %
|     ---------------------------------
|     NonBonded Calc       0.00    0.00
|     Exclude Masked       0.00    0.00
|     Other                0.05    0.43
|     ---------------------------------
|     Total                0.05    0.43

|  PME Reciprocal Force CPU Time:
|
|     Routine              Sec        %
|     ---------------------------------
|     1D bspline           0.00    0.00
|     Grid Charges         0.00    0.00
|     Scalar Sum           0.00    0.00
|     Gradient Sum         0.00    0.00
|     FFT                  0.00    0.00
|     ---------------------------------
|     Total                0.00    0.00

|  Final Performance Info:
|     -----------------------------------------------------
|     Average timings for last   50000 steps:
|     Elapsed(s) =      12.05 Per Step(ms) =       0.24
|         ns/day =     717.15   seconds/ns =     120.48
|
|     Average timings for all steps:
|     Elapsed(s) =      12.05 Per Step(ms) =       0.24
|         ns/day =     717.15   seconds/ns =     120.48
|     -----------------------------------------------------

|  Setup CPU time:            0.22 seconds
|  NonSetup CPU time:        12.01 seconds
|  Total CPU time:           12.24 seconds     0.00 hours

|  Setup wall time:           0    seconds
|  NonSetup wall time:       12    seconds
|  Total wall time:          12    seconds     0.00 hours
