
          -------------------------------------------------------
          Amber 24 PMEMD                              2024
          -------------------------------------------------------

| PMEMD implementation of SANDER, Release 24

|  Compiled date/time: Wed Aug 21 09:34:12 2024
| Run on 05/25/2026 at 14:18:53

|   Executable path: pmemd.cuda
| Working directory: /localscratch/kbui/NexusMol/examples
|          Hostname: irene2

  [-O]verwriting output

File Assignments:
|   MDIN: /localscratch/kbui/NexusMol/examples/artifacts/MD_6W63_mol4/min1.in   
|  MDOUT: /localscratch/kbui/NexusMol/examples/artifacts/MD_6W63_mol4/min1.out  
| INPCRD: /localscratch/kbui/NexusMol/examples/md_input/ALA.inpcrd              
|   PARM: /localscratch/kbui/NexusMol/examples/md_input/ALA.prmtop              
| RESTRT: /localscratch/kbui/NexusMol/examples/artifacts/MD_6W63_mol4/min1.ncrst
|   REFC: /localscratch/kbui/NexusMol/examples/md_input/ALA.inpcrd              
|  MDVEL: mdvel                                                                 
|   MDEN: mden                                                                  
|  MDCRD: /localscratch/kbui/NexusMol/examples/artifacts/MD_6W63_mol4/min1.nc   
| MDINFO: /localscratch/kbui/NexusMol/examples/artifacts/MD_6W63_mol4/min1.info 
|  MDFRC: mdfrc                                                                 


 Here is the input file:

Minimization                                                                   
&cntrl                                                                         
  imin=1,                                                                      
  ncyc=1000,                                                                   
  maxcyc=1000,                                                                 
  ntpr=50,                                                                     
  cut=10.0,                                                                    
  iwrap=1,                                                                     
  ntr=1,                                                                       
  restraint_wt=10.0,                                                           
  restraintmask='!@H=',                                                        
/                                                                              


Note: ig = -1. Setting random seed to   436669 based on wallclock time in 
      microseconds.
| irandom = 1, using AMBER's internal random number generator (default).
 
|--------------------- INFORMATION ----------------------
| GPU (CUDA) Version of PMEMD in use: NVIDIA GPU IN USE.
|                    Version 18.0.0
| 
|                      03/25/2018
| 
| Implementation by:
|                    Ross C. Walker     (SDSC)
|                    Scott Le Grand     (nVIDIA)
| 
| Version 18 performance extensions by:
|                    David Cerutti     (Rutgers)
| 
| Precision model in use:
|      [SPFP] - Single Precision Forces, 64-bit Fixed Point
|               Accumulation. (Default)
| 
|--------------------------------------------------------
 
|----------------- CITATION INFORMATION -----------------
|
|    When publishing work that utilized the CUDA version
|    of AMBER, please cite the following in addition to
|    the regular AMBER citations:
|
|  - Romelia Salomon-Ferrer; Andreas W. Goetz; Duncan
|    Poole; Scott Le Grand; Ross C. Walker "Routine
|    microsecond molecular dynamics simulations with
|    AMBER - Part II: Particle Mesh Ewald", J. Chem.
|    Theory Comput., 2013, 9 (9), pp3878-3888,
|    DOI: 10.1021/ct400314y.
|
|  - Andreas W. Goetz; Mark J. Williamson; Dong Xu;
|    Duncan Poole; Scott Le Grand; Ross C. Walker
|    "Routine microsecond molecular dynamics simulations
|    with AMBER - Part I: Generalized Born", J. Chem.
|    Theory Comput., 2012, 8 (5), pp1542-1555.
|
|  - Scott Le Grand; Andreas W. Goetz; Ross C. Walker
|    "SPFP: Speed without compromise - a mixed precision
|    model for GPU accelerated molecular dynamics
|    simulations.", Comp. Phys. Comm., 2013, 184
|    pp374-380, DOI: 10.1016/j.cpc.2012.09.022
|
|--------------------------------------------------------
 
|------------------- GPU DEVICE INFO --------------------
|
|            CUDA_VISIBLE_DEVICES: not set
|   CUDA Capable Devices Detected:      1
|           CUDA Device ID in use:      0
|                CUDA Device Name: NVIDIA GeForce RTX 4090
|     CUDA Device Global Mem Size:  24071 MB
| CUDA Device Num Multiprocessors:    128
|           CUDA Device Core Freq:   2.62 GHz
|
|--------------------------------------------------------
 
 
| Conditional Compilation Defines Used:
| PUBFFT
| BINTRAJ
| CUDA
| EMIL

| Largest sphere to fit in unit cell has radius =    14.010

| New format PARM file being parsed.
| Version =    1.000 Date = 03/28/26 Time = 21:23:47

| Note: 1-4 EEL scale factors are being read from the topology file.

| Note: 1-4 VDW scale factors are being read from the topology file.
| Duplicated    0 dihedrals

| Duplicated    0 dihedrals

--------------------------------------------------------------------------------
   1.  RESOURCE   USE: 
--------------------------------------------------------------------------------

 getting box info from netcdf restart file
 NATOM  =    3064 NTYPES =       9 NBONH =    3054 MBONA  =       9
 NTHETH =      25 MTHETA =      11 NPHIH =      43 MPHIA  =      24
 NHPARM =       0 NPARM  =       0 NNB   =    4155 NRES   =    1017
 NBONA  =       9 NTHETA =      11 NPHIA =      24 NUMBND =      13
 NUMANG =      21 NPTRA  =      14 NATYP =      10 NPHB   =       0
 IFBOX  =       2 NMXRS  =      10 IFCAP =       0 NEXTRA =       0
 NCOPY  =       0

| Coordinate Index Table dimensions:     5    5    5
| Direct force subcell size =     6.8634    6.8634    6.8634

     BOX TYPE: TRUNCATED OCTAHEDRON

--------------------------------------------------------------------------------
   2.  CONTROL  DATA  FOR  THE  RUN
--------------------------------------------------------------------------------

ACE                                                                             

General flags:
     imin    =       1, nmropt  =       0

Nature and format of input:
     ntx     =       1, irest   =       0, ntrx    =       1

Nature and format of output:
     ntxo    =       2, ntpr    =      50, ntrx    =       1, ntwr    =       1
     iwrap   =       1, ntwx    =       0, ntwv    =       0, ntwe    =       0
     ioutfm  =       1, ntwprt  =       0, idecomp =       0, rbornstat=      0

Potential function:
     ntf     =       1, ntb     =       1, igb     =       0, nsnb    =      25
     ipol    =       0, gbsa    =       0, iesp    =       0
     dielc   =   1.00000, cut     =  10.00000, intdiel =   1.00000

Frozen or restrained atoms:
     ibelly  =       0, ntr     =       1
     restraint_wt =  10.00000

Energy minimization:
     maxcyc  =    1000, ncyc    =    1000, ntmin   =       1
     dx0     =   0.01000, drms    =   0.00010

| Intermolecular bonds treatment:
|     no_intermolecular_bonds =       1

| Energy averages sample interval:
|     ene_avg_sampling =       1

Ewald parameters:
     verbose =       0, ew_type =       0, nbflag  =       1, use_pme =       1
     vdwmeth =       1, eedmeth =       1, netfrc  =       0
     Box X =   34.317   Box Y =   34.317   Box Z =   34.317
     Alpha =  109.471   Beta  =  109.471   Gamma =  109.471
     NFFT1 =   36       NFFT2 =   36       NFFT3 =   36
     Cutoff=   10.000   Tol   =0.100E-04
     Ewald Coefficient =  0.27511
     Interpolation order =    4

    LOADING THE CONSTRAINED ATOMS AS GROUPS


   5.  REFERENCE ATOM COORDINATES

  Cpptraj Generated Restart                                                       
     Mask !@H=; matches  1024 atoms

--------------------------------------------------------------------------------
   3.  ATOMIC COORDINATES AND VELOCITIES
--------------------------------------------------------------------------------

Cpptraj Generated Restart                                                       
 begin time read from input coords =    60.000 ps

 
 Number of triangulated 3-point waters found:     1014

     Sum of charges from parm topology file =  -0.00000000
     Forcing neutrality...

| Dynamic Memory, Types Used:
| Reals              225609
| Integers            95792

| Nonbonded Pairs Initial Allocation:      926783

| GPU memory information (estimate):
| KB of GPU memory in use:     31936
| KB of CPU memory in use:     13036

--------------------------------------------------------------------------------
   4.  RESULTS
--------------------------------------------------------------------------------



   NSTEP       ENERGY          RMS            GMAX         NAME    NUMBER
      1      -9.6857E+03     1.3948E+01     7.2669E+01     O        2540

 BOND    =        1.5562  ANGLE   =        9.5189  DIHED      =        3.1173
 UB      =        0.0000  IMP     =        0.0000  CMAP       =        0.5678
 VDWAALS =     1449.6707  EEL     =   -11198.9434  HBOND      =        0.0000
 1-4 VDW =        2.6277  1-4 EEL =       46.1352  RESTRAINT  =        0.0000


   NSTEP       ENERGY          RMS            GMAX         NAME    NUMBER
     50      -1.1384E+04     1.7526E+00     6.8102E+00     H1        237

 BOND    =      758.0569  ANGLE   =        1.0819  DIHED      =        2.9048
 UB      =        0.0000  IMP     =        0.0000  CMAP       =        0.4602
 VDWAALS =     1299.4402  EEL     =   -13560.4743  HBOND      =        0.0000
 1-4 VDW =        2.4624  1-4 EEL =       45.6609  RESTRAINT  =       66.7454
 EAMBER  =   -11450.4070


   NSTEP       ENERGY          RMS            GMAX         NAME    NUMBER
    100      -1.1660E+04     1.8478E+00     6.1805E+00     H1       2541

 BOND    =      705.5192  ANGLE   =        1.0546  DIHED      =        2.7018
 UB      =        0.0000  IMP     =        0.0000  CMAP       =        0.4478
 VDWAALS =     1334.3686  EEL     =   -13856.6902  HBOND      =        0.0000
 1-4 VDW =        2.4652  1-4 EEL =       45.7092  RESTRAINT  =      104.3448
 EAMBER  =   -11764.4238


   NSTEP       ENERGY          RMS            GMAX         NAME    NUMBER
    150      -1.1776E+04     1.0880E+00     3.6524E+00     H2       3007

 BOND    =      794.4009  ANGLE   =        1.0323  DIHED      =        2.5982
 UB      =        0.0000  IMP     =        0.0000  CMAP       =        0.4466
 VDWAALS =     1366.5063  EEL     =   -14118.5338  HBOND      =        0.0000
 1-4 VDW =        2.4566  1-4 EEL =       45.7162  RESTRAINT  =      129.7186
 EAMBER  =   -11905.3767


   NSTEP       ENERGY          RMS            GMAX         NAME    NUMBER
    200      -1.1836E+04     4.7882E-01     3.3116E+00     H1       1212

 BOND    =      766.9070  ANGLE   =        1.0234  DIHED      =        2.5452
 UB      =        0.0000  IMP     =        0.0000  CMAP       =        0.4496
 VDWAALS =     1389.8849  EEL     =   -14193.6846  HBOND      =        0.0000
 1-4 VDW =        2.4598  1-4 EEL =       45.7036  RESTRAINT  =      148.6323
 EAMBER  =   -11984.7112


   NSTEP       ENERGY          RMS            GMAX         NAME    NUMBER
    250      -1.1870E+04     9.2641E-01     3.6463E+00     H2        511

 BOND    =      759.5632  ANGLE   =        1.0152  DIHED      =        2.5160
 UB      =        0.0000  IMP     =        0.0000  CMAP       =        0.4524
 VDWAALS =     1406.5032  EEL     =   -14252.4698  HBOND      =        0.0000
 1-4 VDW =        2.4645  1-4 EEL =       45.6917  RESTRAINT  =      163.8544
 EAMBER  =   -12034.2636


   NSTEP       ENERGY          RMS            GMAX         NAME    NUMBER
    300      -1.1894E+04     3.3762E-01     2.6083E+00     H1        858

 BOND    =      795.9306  ANGLE   =        1.0111  DIHED      =        2.4991
 UB      =        0.0000  IMP     =        0.0000  CMAP       =        0.4541
 VDWAALS =     1418.2819  EEL     =   -14336.6661  HBOND      =        0.0000
 1-4 VDW =        2.4642  1-4 EEL =       45.6898  RESTRAINT  =      176.1855
 EAMBER  =   -12070.3354


   NSTEP       ENERGY          RMS            GMAX         NAME    NUMBER
    350      -1.1909E+04     8.0718E-01     3.4698E+00     H2        511

 BOND    =      815.8177  ANGLE   =        1.0079  DIHED      =        2.4900
 UB      =        0.0000  IMP     =        0.0000  CMAP       =        0.4559
 VDWAALS =     1426.7074  EEL     =   -14389.8689  HBOND      =        0.0000
 1-4 VDW =        2.4655  1-4 EEL =       45.6883  RESTRAINT  =      186.0176
 EAMBER  =   -12095.2363


   NSTEP       ENERGY          RMS            GMAX         NAME    NUMBER
    400      -1.1922E+04     4.7875E-01     2.1699E+00     H1       1044

 BOND    =      783.9999  ANGLE   =        0.9993  DIHED      =        2.4870
 UB      =        0.0000  IMP     =        0.0000  CMAP       =        0.4592
 VDWAALS =     1432.8232  EEL     =   -14384.2679  HBOND      =        0.0000
 1-4 VDW =        2.4748  1-4 EEL =       45.6768  RESTRAINT  =      193.7858
 EAMBER  =   -12115.3476


   NSTEP       ENERGY          RMS            GMAX         NAME    NUMBER
    450      -1.1931E+04     1.5840E-01     2.1615E+00     H1       2097

 BOND    =      800.1866  ANGLE   =        0.9949  DIHED      =        2.4846
 UB      =        0.0000  IMP     =        0.0000  CMAP       =        0.4608
 VDWAALS =     1437.4983  EEL     =   -14420.6685  HBOND      =        0.0000
 1-4 VDW =        2.4754  1-4 EEL =       45.6795  RESTRAINT  =      200.1494
 EAMBER  =   -12130.8884


   NSTEP       ENERGY          RMS            GMAX         NAME    NUMBER
    500      -1.1938E+04     4.4082E-01     2.9323E+00     C          15

 BOND    =      812.7574  ANGLE   =        0.9907  DIHED      =        2.4836
 UB      =        0.0000  IMP     =        0.0000  CMAP       =        0.4623
 VDWAALS =     1441.3819  EEL     =   -14449.9513  HBOND      =        0.0000
 1-4 VDW =        2.4759  1-4 EEL =       45.6835  RESTRAINT  =      205.6641
 EAMBER  =   -12143.7159


   NSTEP       ENERGY          RMS            GMAX         NAME    NUMBER
    550      -1.1944E+04     1.3125E-01     1.9260E+00     H1       2097

 BOND    =      801.6476  ANGLE   =        0.9860  DIHED      =        2.4845
 UB      =        0.0000  IMP     =        0.0000  CMAP       =        0.4649
 VDWAALS =     1444.3683  EEL     =   -14452.4220  HBOND      =        0.0000
 1-4 VDW =        2.4816  1-4 EEL =       45.6792  RESTRAINT  =      209.9959
 EAMBER  =   -12154.3099


   NSTEP       ENERGY          RMS            GMAX         NAME    NUMBER
    600      -1.1950E+04     3.8641E-01     3.8554E+00     C          15

 BOND    =      794.5843  ANGLE   =        0.9850  DIHED      =        2.4858
 UB      =        0.0000  IMP     =        0.0000  CMAP       =        0.4675
 VDWAALS =     1447.0918  EEL     =   -14457.3938  HBOND      =        0.0000
 1-4 VDW =        2.4869  1-4 EEL =       45.6754  RESTRAINT  =      213.9584
 EAMBER  =   -12163.6171


   NSTEP       ENERGY          RMS            GMAX         NAME    NUMBER
    650      -1.1954E+04     1.1443E-01     2.0993E+00     H2        859

 BOND    =      806.5456  ANGLE   =        0.9774  DIHED      =        2.4859
 UB      =        0.0000  IMP     =        0.0000  CMAP       =        0.4681
 VDWAALS =     1449.3605  EEL     =   -14479.5295  HBOND      =        0.0000
 1-4 VDW =        2.4853  1-4 EEL =       45.6835  RESTRAINT  =      217.2177
 EAMBER  =   -12171.5232


   NSTEP       ENERGY          RMS            GMAX         NAME    NUMBER
    700      -1.1958E+04     3.1084E-01     4.2342E+00     C          15

 BOND    =      814.6021  ANGLE   =        0.9721  DIHED      =        2.4862
 UB      =        0.0000  IMP     =        0.0000  CMAP       =        0.4687
 VDWAALS =     1451.4640  EEL     =   -14496.6180  HBOND      =        0.0000
 1-4 VDW =        2.4841  1-4 EEL =       45.6909  RESTRAINT  =      220.2037
 EAMBER  =   -12178.4498


   NSTEP       ENERGY          RMS            GMAX         NAME    NUMBER
    750      -1.1962E+04     9.9774E-02     1.7114E+00     H2        859

 BOND    =      807.0124  ANGLE   =        0.9707  DIHED      =        2.4878
 UB      =        0.0000  IMP     =        0.0000  CMAP       =        0.4710
 VDWAALS =     1453.1946  EEL     =   -14496.7223  HBOND      =        0.0000
 1-4 VDW =        2.4893  1-4 EEL =       45.6860  RESTRAINT  =      222.6693
 EAMBER  =   -12184.4105


   NSTEP       ENERGY          RMS            GMAX         NAME    NUMBER
    800      -1.1965E+04     2.6575E-01     4.7999E+00     C          15

 BOND    =      802.5677  ANGLE   =        0.9732  DIHED      =        2.4892
 UB      =        0.0000  IMP     =        0.0000  CMAP       =        0.4731
 VDWAALS =     1454.7882  EEL     =   -14499.1567  HBOND      =        0.0000
 1-4 VDW =        2.4938  1-4 EEL =       45.6822  RESTRAINT  =      224.9466
 EAMBER  =   -12189.6893


   NSTEP       ENERGY          RMS            GMAX         NAME    NUMBER
    850      -1.1967E+04     1.1103E-01     1.6771E+00     C          15

 BOND    =      811.3489  ANGLE   =        0.9617  DIHED      =        2.4891
 UB      =        0.0000  IMP     =        0.0000  CMAP       =        0.4726
 VDWAALS =     1456.1915  EEL     =   -14514.0344  HBOND      =        0.0000
 1-4 VDW =        2.4903  1-4 EEL =       45.6932  RESTRAINT  =      226.9611
 EAMBER  =   -12194.3871


   NSTEP       ENERGY          RMS            GMAX         NAME    NUMBER
    900      -1.1970E+04     2.1868E-01     5.0632E+00     C          15

 BOND    =      815.0685  ANGLE   =        0.9563  DIHED      =        2.4893
 UB      =        0.0000  IMP     =        0.0000  CMAP       =        0.4727
 VDWAALS =     1457.3994  EEL     =   -14522.9446  HBOND      =        0.0000
 1-4 VDW =        2.4891  1-4 EEL =       45.6997  RESTRAINT  =      228.7302
 EAMBER  =   -12198.3695


   NSTEP       ENERGY          RMS            GMAX         NAME    NUMBER
    950      -1.1972E+04     7.5156E-02     1.5801E+00     H2         61

 BOND    =      810.3341  ANGLE   =        0.9577  DIHED      =        2.4907
 UB      =        0.0000  IMP     =        0.0000  CMAP       =        0.4748
 VDWAALS =     1458.4211  EEL     =   -14522.7987  HBOND      =        0.0000
 1-4 VDW =        2.4939  1-4 EEL =       45.6937  RESTRAINT  =      230.2718
 EAMBER  =   -12201.9327


   NSTEP       ENERGY          RMS            GMAX         NAME    NUMBER
   1000      -1.1973E+04     1.8762E-01     5.4488E+00     C          15

 BOND    =      807.8255  ANGLE   =        0.9625  DIHED      =        2.4919
 UB      =        0.0000  IMP     =        0.0000  CMAP       =        0.4766
 VDWAALS =     1459.3592  EEL     =   -14524.3843  HBOND      =        0.0000
 1-4 VDW =        2.4980  1-4 EEL =       45.6890  RESTRAINT  =      231.6963
 EAMBER  =   -12205.0817


  Maximum number of minimization cycles reached.


                    FINAL RESULTS



   NSTEP       ENERGY          RMS            GMAX         NAME    NUMBER
   1000      -1.1973E+04     1.8762E-01     5.4488E+00     C          15

 BOND    =      807.8255  ANGLE   =        0.9625  DIHED      =        2.4919
 UB      =        0.0000  IMP     =        0.0000  CMAP       =        0.4766
 VDWAALS =     1459.3592  EEL     =   -14524.3843  HBOND      =        0.0000
 1-4 VDW =        2.4980  1-4 EEL =       45.6890  RESTRAINT  =      231.6963
 EAMBER  =   -12205.0817
--------------------------------------------------------------------------------
   5.  TIMINGS
--------------------------------------------------------------------------------

|  NonSetup CPU Time in Major Routines:
|
|     Routine           Sec        %
|     ------------------------------
|     Nonbond           0.09   56.75
|     Bond              0.00    0.00
|     Angle             0.00    0.00
|     Dihedral          0.00    0.00
|     Shake             0.00    0.00
|     Other             0.07   43.25
|     ------------------------------
|     Total             0.16

|  PME Nonbond Pairlist CPU Time:
|
|     Routine              Sec        %
|     ---------------------------------
|     Set Up Cit           0.00    0.00
|     Build List           0.00    0.00
|     ---------------------------------
|     Total                0.00    0.00

|  PME Direct Force CPU Time:
|
|     Routine              Sec        %
|     ---------------------------------
|     NonBonded Calc       0.00    0.00
|     Exclude Masked       0.00    0.00
|     Other                0.00    0.79
|     ---------------------------------
|     Total                0.00    0.79

|  PME Reciprocal Force CPU Time:
|
|     Routine              Sec        %
|     ---------------------------------
|     1D bspline           0.00    0.00
|     Grid Charges         0.00    0.00
|     Scalar Sum           0.00    0.00
|     Gradient Sum         0.00    0.00
|     FFT                  0.00    0.00
|     ---------------------------------
|     Total                0.00    0.00

|  Setup CPU time:            0.26 seconds
|  NonSetup CPU time:         0.16 seconds
|  Total CPU time:            0.43 seconds     0.00 hours

|  Setup wall time:           1    seconds
|  NonSetup wall time:        0    seconds
|  Total wall time:           1    seconds     0.00 hours
