
          -------------------------------------------------------
          Amber 24 PMEMD                              2024
          -------------------------------------------------------

| PMEMD implementation of SANDER, Release 24

|  Compiled date/time: Wed Aug 21 09:34:12 2024
| Run on 05/25/2026 at 14:18:53

|   Executable path: pmemd.cuda
| Working directory: /localscratch/kbui/NexusMol/examples
|          Hostname: irene2

  [-O]verwriting output

File Assignments:
|   MDIN: /localscratch/kbui/NexusMol/examples/artifacts/MD_6W63_mol4/min2.in   
|  MDOUT: /localscratch/kbui/NexusMol/examples/artifacts/MD_6W63_mol4/min2.out  
| INPCRD: /localscratch/kbui/NexusMol/examples/artifacts/MD_6W63_mol4/min1.ncrst
|   PARM: /localscratch/kbui/NexusMol/examples/md_input/ALA.prmtop              
| RESTRT: /localscratch/kbui/NexusMol/examples/artifacts/MD_6W63_mol4/min2.ncrst
|   REFC: /localscratch/kbui/NexusMol/examples/artifacts/MD_6W63_mol4/min1.ncrst
|  MDVEL: mdvel                                                                 
|   MDEN: mden                                                                  
|  MDCRD: /localscratch/kbui/NexusMol/examples/artifacts/MD_6W63_mol4/min2.nc   
| MDINFO: /localscratch/kbui/NexusMol/examples/artifacts/MD_6W63_mol4/min2.info 
|  MDFRC: mdfrc                                                                 


 Here is the input file:

Minimization                                                                   
&cntrl                                                                         
  imin=1,                                                                      
  ncyc=1000,                                                                   
  maxcyc=1000,                                                                 
  ntpr=50,                                                                     
  cut=10.0,                                                                    
  iwrap=1,                                                                     
  ntr=1,                                                                       
  restraint_wt=5.0,                                                            
  restraintmask='!@H=',                                                        
/                                                                              


Note: ig = -1. Setting random seed to   998523 based on wallclock time in 
      microseconds.
| irandom = 1, using AMBER's internal random number generator (default).
 
|--------------------- INFORMATION ----------------------
| GPU (CUDA) Version of PMEMD in use: NVIDIA GPU IN USE.
|                    Version 18.0.0
| 
|                      03/25/2018
| 
| Implementation by:
|                    Ross C. Walker     (SDSC)
|                    Scott Le Grand     (nVIDIA)
| 
| Version 18 performance extensions by:
|                    David Cerutti     (Rutgers)
| 
| Precision model in use:
|      [SPFP] - Single Precision Forces, 64-bit Fixed Point
|               Accumulation. (Default)
| 
|--------------------------------------------------------
 
|----------------- CITATION INFORMATION -----------------
|
|    When publishing work that utilized the CUDA version
|    of AMBER, please cite the following in addition to
|    the regular AMBER citations:
|
|  - Romelia Salomon-Ferrer; Andreas W. Goetz; Duncan
|    Poole; Scott Le Grand; Ross C. Walker "Routine
|    microsecond molecular dynamics simulations with
|    AMBER - Part II: Particle Mesh Ewald", J. Chem.
|    Theory Comput., 2013, 9 (9), pp3878-3888,
|    DOI: 10.1021/ct400314y.
|
|  - Andreas W. Goetz; Mark J. Williamson; Dong Xu;
|    Duncan Poole; Scott Le Grand; Ross C. Walker
|    "Routine microsecond molecular dynamics simulations
|    with AMBER - Part I: Generalized Born", J. Chem.
|    Theory Comput., 2012, 8 (5), pp1542-1555.
|
|  - Scott Le Grand; Andreas W. Goetz; Ross C. Walker
|    "SPFP: Speed without compromise - a mixed precision
|    model for GPU accelerated molecular dynamics
|    simulations.", Comp. Phys. Comm., 2013, 184
|    pp374-380, DOI: 10.1016/j.cpc.2012.09.022
|
|--------------------------------------------------------
 
|------------------- GPU DEVICE INFO --------------------
|
|            CUDA_VISIBLE_DEVICES: not set
|   CUDA Capable Devices Detected:      1
|           CUDA Device ID in use:      0
|                CUDA Device Name: NVIDIA GeForce RTX 4090
|     CUDA Device Global Mem Size:  24071 MB
| CUDA Device Num Multiprocessors:    128
|           CUDA Device Core Freq:   2.62 GHz
|
|--------------------------------------------------------
 
 
| Conditional Compilation Defines Used:
| PUBFFT
| BINTRAJ
| CUDA
| EMIL

| Largest sphere to fit in unit cell has radius =    14.010

| New format PARM file being parsed.
| Version =    1.000 Date = 03/28/26 Time = 21:23:47

| Note: 1-4 EEL scale factors are being read from the topology file.

| Note: 1-4 VDW scale factors are being read from the topology file.
| Duplicated    0 dihedrals

| Duplicated    0 dihedrals

--------------------------------------------------------------------------------
   1.  RESOURCE   USE: 
--------------------------------------------------------------------------------

 getting box info from netcdf restart file
 NATOM  =    3064 NTYPES =       9 NBONH =    3054 MBONA  =       9
 NTHETH =      25 MTHETA =      11 NPHIH =      43 MPHIA  =      24
 NHPARM =       0 NPARM  =       0 NNB   =    4155 NRES   =    1017
 NBONA  =       9 NTHETA =      11 NPHIA =      24 NUMBND =      13
 NUMANG =      21 NPTRA  =      14 NATYP =      10 NPHB   =       0
 IFBOX  =       2 NMXRS  =      10 IFCAP =       0 NEXTRA =       0
 NCOPY  =       0

| Coordinate Index Table dimensions:     5    5    5
| Direct force subcell size =     6.8634    6.8634    6.8634

     BOX TYPE: TRUNCATED OCTAHEDRON

--------------------------------------------------------------------------------
   2.  CONTROL  DATA  FOR  THE  RUN
--------------------------------------------------------------------------------

ACE                                                                             

General flags:
     imin    =       1, nmropt  =       0

Nature and format of input:
     ntx     =       1, irest   =       0, ntrx    =       1

Nature and format of output:
     ntxo    =       2, ntpr    =      50, ntrx    =       1, ntwr    =       1
     iwrap   =       1, ntwx    =       0, ntwv    =       0, ntwe    =       0
     ioutfm  =       1, ntwprt  =       0, idecomp =       0, rbornstat=      0

Potential function:
     ntf     =       1, ntb     =       1, igb     =       0, nsnb    =      25
     ipol    =       0, gbsa    =       0, iesp    =       0
     dielc   =   1.00000, cut     =  10.00000, intdiel =   1.00000

Frozen or restrained atoms:
     ibelly  =       0, ntr     =       1
     restraint_wt =   5.00000

Energy minimization:
     maxcyc  =    1000, ncyc    =    1000, ntmin   =       1
     dx0     =   0.01000, drms    =   0.00010

| Intermolecular bonds treatment:
|     no_intermolecular_bonds =       1

| Energy averages sample interval:
|     ene_avg_sampling =       1

Ewald parameters:
     verbose =       0, ew_type =       0, nbflag  =       1, use_pme =       1
     vdwmeth =       1, eedmeth =       1, netfrc  =       0
     Box X =   34.317   Box Y =   34.317   Box Z =   34.317
     Alpha =  109.471   Beta  =  109.471   Gamma =  109.471
     NFFT1 =   36       NFFT2 =   36       NFFT3 =   36
     Cutoff=   10.000   Tol   =0.100E-04
     Ewald Coefficient =  0.27511
     Interpolation order =    4

    LOADING THE CONSTRAINED ATOMS AS GROUPS


   5.  REFERENCE ATOM COORDINATES

  ACE                                                                             
     Mask !@H=; matches  1024 atoms

--------------------------------------------------------------------------------
   3.  ATOMIC COORDINATES AND VELOCITIES
--------------------------------------------------------------------------------

ACE                                                                             
 begin time read from input coords =     0.000 ps

 
 Number of triangulated 3-point waters found:     1014

     Sum of charges from parm topology file =  -0.00000000
     Forcing neutrality...

| Dynamic Memory, Types Used:
| Reals              225609
| Integers            95792

| Nonbonded Pairs Initial Allocation:      926783

| GPU memory information (estimate):
| KB of GPU memory in use:     31936
| KB of CPU memory in use:     13036

--------------------------------------------------------------------------------
   4.  RESULTS
--------------------------------------------------------------------------------



   NSTEP       ENERGY          RMS            GMAX         NAME    NUMBER
      1      -1.2205E+04     1.0293E+00     7.3437E+00     C          15

 BOND    =      807.8255  ANGLE   =        0.9625  DIHED      =        2.4919
 UB      =        0.0000  IMP     =        0.0000  CMAP       =        0.4766
 VDWAALS =     1459.3591  EEL     =   -14524.3841  HBOND      =        0.0000
 1-4 VDW =        2.4980  1-4 EEL =       45.6890  RESTRAINT  =        0.0000


   NSTEP       ENERGY          RMS            GMAX         NAME    NUMBER
     50      -1.2302E+04     1.2905E+00     1.4488E+01     C          15

 BOND    =      844.3028  ANGLE   =        0.9676  DIHED      =        2.4905
 UB      =        0.0000  IMP     =        0.0000  CMAP       =        0.4444
 VDWAALS =     1568.4587  EEL     =   -14776.9317  HBOND      =        0.0000
 1-4 VDW =        2.4846  1-4 EEL =       45.6976  RESTRAINT  =        9.7601
 EAMBER  =   -12312.0854


   NSTEP       ENERGY          RMS            GMAX         NAME    NUMBER
    100      -1.2346E+04     4.7449E-01     8.3775E+00     C          15

 BOND    =      843.0734  ANGLE   =        0.9928  DIHED      =        2.4902
 UB      =        0.0000  IMP     =        0.0000  CMAP       =        0.4434
 VDWAALS =     1623.8189  EEL     =   -14887.7324  HBOND      =        0.0000
 1-4 VDW =        2.4982  1-4 EEL =       45.6779  RESTRAINT  =       22.2987
 EAMBER  =   -12368.7375


   NSTEP       ENERGY          RMS            GMAX         NAME    NUMBER
    150      -1.2372E+04     2.5135E-01     2.1710E+00     C          15

 BOND    =      855.0689  ANGLE   =        0.9675  DIHED      =        2.4878
 UB      =        0.0000  IMP     =        0.0000  CMAP       =        0.4399
 VDWAALS =     1661.4348  EEL     =   -14975.1559  HBOND      =        0.0000
 1-4 VDW =        2.4997  1-4 EEL =       45.6988  RESTRAINT  =       34.5032
 EAMBER  =   -12406.5586


   NSTEP       ENERGY          RMS            GMAX         NAME    NUMBER
    200      -1.2389E+04     6.4553E-01     2.2533E+01     C          15

 BOND    =      867.7316  ANGLE   =        0.9768  DIHED      =        2.4850
 UB      =        0.0000  IMP     =        0.0000  CMAP       =        0.4361
 VDWAALS =     1689.9411  EEL     =   -15044.8291  HBOND      =        0.0000
 1-4 VDW =        2.4956  1-4 EEL =       45.7287  RESTRAINT  =       46.2308
 EAMBER  =   -12435.0343


   NSTEP       ENERGY          RMS            GMAX         NAME    NUMBER
    250      -1.2401E+04     2.2381E-01     6.6361E+00     C          15

 BOND    =      863.2002  ANGLE   =        0.9586  DIHED      =        2.4876
 UB      =        0.0000  IMP     =        0.0000  CMAP       =        0.4451
 VDWAALS =     1710.7775  EEL     =   -15083.4048  HBOND      =        0.0000
 1-4 VDW =        2.5178  1-4 EEL =       45.6906  RESTRAINT  =       56.4962
 EAMBER  =   -12457.3274


   NSTEP       ENERGY          RMS            GMAX         NAME    NUMBER
    300      -1.2409E+04     5.6020E-01     2.4685E+01     C          15

 BOND    =      863.7896  ANGLE   =        1.0054  DIHED      =        2.4896
 UB      =        0.0000  IMP     =        0.0000  CMAP       =        0.4518
 VDWAALS =     1726.8784  EEL     =   -15117.2447  HBOND      =        0.0000
 1-4 VDW =        2.5341  1-4 EEL =       45.6640  RESTRAINT  =       65.6999
 EAMBER  =   -12474.4318


   NSTEP       ENERGY          RMS            GMAX         NAME    NUMBER
    350      -1.2415E+04     3.2735E-01     1.4261E+01     C          15

 BOND    =      873.3602  ANGLE   =        0.9422  DIHED      =        2.4847
 UB      =        0.0000  IMP     =        0.0000  CMAP       =        0.4442
 VDWAALS =     1739.2070  EEL     =   -15153.3189  HBOND      =        0.0000
 1-4 VDW =        2.5147  1-4 EEL =       45.7112  RESTRAINT  =       73.6748
 EAMBER  =   -12488.6548


   NSTEP       ENERGY          RMS            GMAX         NAME    NUMBER
    400      -1.2420E+04     1.1014E-01     1.7132E+00     C          15

 BOND    =      872.9905  ANGLE   =        0.9325  DIHED      =        2.4863
 UB      =        0.0000  IMP     =        0.0000  CMAP       =        0.4500
 VDWAALS =     1748.8292  EEL     =   -15174.1539  HBOND      =        0.0000
 1-4 VDW =        2.5275  1-4 EEL =       45.6859  RESTRAINT  =       80.6177
 EAMBER  =   -12500.2518


   NSTEP       ENERGY          RMS            GMAX         NAME    NUMBER
    450      -1.2423E+04     3.1098E-01     1.4704E+01     C          15

 BOND    =      873.8113  ANGLE   =        0.9529  DIHED      =        2.4878
 UB      =        0.0000  IMP     =        0.0000  CMAP       =        0.4549
 VDWAALS =     1756.7902  EEL     =   -15192.8065  HBOND      =        0.0000
 1-4 VDW =        2.5382  1-4 EEL =       45.6647  RESTRAINT  =       86.9568
 EAMBER  =   -12510.1066


   NSTEP       ENERGY          RMS            GMAX         NAME    NUMBER
    500      -1.2426E+04     8.7253E-02     1.4692E+00     H2       1477

 BOND    =      876.5567  ANGLE   =        0.9217  DIHED      =        2.4857
 UB      =        0.0000  IMP     =        0.0000  CMAP       =        0.4521
 VDWAALS =     1762.8816  EEL     =   -15209.7548  HBOND      =        0.0000
 1-4 VDW =        2.5310  1-4 EEL =       45.6813  RESTRAINT  =       92.2276
 EAMBER  =   -12518.2447


   NSTEP       ENERGY          RMS            GMAX         NAME    NUMBER
    550      -1.2428E+04     2.4329E-01     1.1567E+01     C          15

 BOND    =      878.4211  ANGLE   =        0.9208  DIHED      =        2.4843
 UB      =        0.0000  IMP     =        0.0000  CMAP       =        0.4506
 VDWAALS =     1767.9600  EEL     =   -15223.6788  HBOND      =        0.0000
 1-4 VDW =        2.5268  1-4 EEL =       45.6911  RESTRAINT  =       96.9760
 EAMBER  =   -12525.2240


   NSTEP       ENERGY          RMS            GMAX         NAME    NUMBER
    600      -1.2430E+04     7.3928E-02     1.8156E+00     H2       1477

 BOND    =      878.6640  ANGLE   =        0.9168  DIHED      =        2.4858
 UB      =        0.0000  IMP     =        0.0000  CMAP       =        0.4548
 VDWAALS =     1771.9932  EEL     =   -15233.9686  HBOND      =        0.0000
 1-4 VDW =        2.5358  1-4 EEL =       45.6709  RESTRAINT  =      101.0450
 EAMBER  =   -12531.2473


   NSTEP       ENERGY          RMS            GMAX         NAME    NUMBER
    650      -1.2432E+04     2.0985E-01     1.0107E+01     C          15

 BOND    =      879.2954  ANGLE   =        0.9279  DIHED      =        2.4868
 UB      =        0.0000  IMP     =        0.0000  CMAP       =        0.4578
 VDWAALS =     1775.4375  EEL     =   -15243.3985  HBOND      =        0.0000
 1-4 VDW =        2.5423  1-4 EEL =       45.6564  RESTRAINT  =      104.7569
 EAMBER  =   -12536.5944


   NSTEP       ENERGY          RMS            GMAX         NAME    NUMBER
    700      -1.2433E+04     6.1803E-02     1.7852E+00     H2       1477

 BOND    =      880.3543  ANGLE   =        0.9100  DIHED      =        2.4854
 UB      =        0.0000  IMP     =        0.0000  CMAP       =        0.4557
 VDWAALS =     1778.1889  EEL     =   -15251.7679  HBOND      =        0.0000
 1-4 VDW =        2.5370  1-4 EEL =       45.6680  RESTRAINT  =      107.9063
 EAMBER  =   -12541.1686


   NSTEP       ENERGY          RMS            GMAX         NAME    NUMBER
    750      -1.2434E+04     1.8059E-01     8.7108E+00     C          15

 BOND    =      881.2165  ANGLE   =        0.9075  DIHED      =        2.4844
 UB      =        0.0000  IMP     =        0.0000  CMAP       =        0.4542
 VDWAALS =     1780.5875  EEL     =   -15259.0691  HBOND      =        0.0000
 1-4 VDW =        2.5335  1-4 EEL =       45.6760  RESTRAINT  =      110.8053
 EAMBER  =   -12545.2096


   NSTEP       ENERGY          RMS            GMAX         NAME    NUMBER
    800      -1.2435E+04     9.8482E-02     4.3323E+00     C          15

 BOND    =      881.4613  ANGLE   =        0.9107  DIHED      =        2.4860
 UB      =        0.0000  IMP     =        0.0000  CMAP       =        0.4581
 VDWAALS =     1782.5927  EEL     =   -15264.8970  HBOND      =        0.0000
 1-4 VDW =        2.5418  1-4 EEL =       45.6571  RESTRAINT  =      113.3519
 EAMBER  =   -12548.7893


   NSTEP       ENERGY          RMS            GMAX         NAME    NUMBER
    850      -1.2436E+04     1.5212E-01     7.3709E+00     C          15

 BOND    =      881.9095  ANGLE   =        0.9138  DIHED      =        2.4864
 UB      =        0.0000  IMP     =        0.0000  CMAP       =        0.4593
 VDWAALS =     1784.2883  EEL     =   -15270.0429  HBOND      =        0.0000
 1-4 VDW =        2.5442  1-4 EEL =       45.6517  RESTRAINT  =      115.5632
 EAMBER  =   -12551.7897


   NSTEP       ENERGY          RMS            GMAX         NAME    NUMBER
    900      -1.2437E+04     8.7486E-02     3.8843E+00     C          15

 BOND    =      882.4660  ANGLE   =        0.9007  DIHED      =        2.4850
 UB      =        0.0000  IMP     =        0.0000  CMAP       =        0.4568
 VDWAALS =     1785.7653  EEL     =   -15274.7869  HBOND      =        0.0000
 1-4 VDW =        2.5384  1-4 EEL =       45.6651  RESTRAINT  =      117.5313
 EAMBER  =   -12554.5096


   NSTEP       ENERGY          RMS            GMAX         NAME    NUMBER
    950      -1.2438E+04     1.3551E-01     6.5584E+00     C          15

 BOND    =      882.8571  ANGLE   =        0.8990  DIHED      =        2.4848
 UB      =        0.0000  IMP     =        0.0000  CMAP       =        0.4566
 VDWAALS =     1787.0725  EEL     =   -15278.8874  HBOND      =        0.0000
 1-4 VDW =        2.5375  1-4 EEL =       45.6674  RESTRAINT  =      119.3252
 EAMBER  =   -12556.9126


   NSTEP       ENERGY          RMS            GMAX         NAME    NUMBER
   1000      -1.2438E+04     7.1584E-02     3.1179E+00     C          15

 BOND    =      883.0539  ANGLE   =        0.9021  DIHED      =        2.4860
 UB      =        0.0000  IMP     =        0.0000  CMAP       =        0.4594
 VDWAALS =     1788.1851  EEL     =   -15282.3390  HBOND      =        0.0000
 1-4 VDW =        2.5436  1-4 EEL =       45.6542  RESTRAINT  =      120.8861
 EAMBER  =   -12559.0548


  Maximum number of minimization cycles reached.


                    FINAL RESULTS



   NSTEP       ENERGY          RMS            GMAX         NAME    NUMBER
   1000      -1.2438E+04     7.1584E-02     3.1179E+00     C          15

 BOND    =      883.0539  ANGLE   =        0.9021  DIHED      =        2.4860
 UB      =        0.0000  IMP     =        0.0000  CMAP       =        0.4594
 VDWAALS =     1788.1851  EEL     =   -15282.3390  HBOND      =        0.0000
 1-4 VDW =        2.5436  1-4 EEL =       45.6542  RESTRAINT  =      120.8861
 EAMBER  =   -12559.0548
--------------------------------------------------------------------------------
   5.  TIMINGS
--------------------------------------------------------------------------------

|  NonSetup CPU Time in Major Routines:
|
|     Routine           Sec        %
|     ------------------------------
|     Nonbond           0.09   56.00
|     Bond              0.00    0.00
|     Angle             0.00    0.00
|     Dihedral          0.00    0.00
|     Shake             0.00    0.00
|     Other             0.07   44.00
|     ------------------------------
|     Total             0.15

|  PME Nonbond Pairlist CPU Time:
|
|     Routine              Sec        %
|     ---------------------------------
|     Set Up Cit           0.00    0.00
|     Build List           0.00    0.00
|     ---------------------------------
|     Total                0.00    0.00

|  PME Direct Force CPU Time:
|
|     Routine              Sec        %
|     ---------------------------------
|     NonBonded Calc       0.00    0.00
|     Exclude Masked       0.00    0.00
|     Other                0.00    0.76
|     ---------------------------------
|     Total                0.00    0.76

|  PME Reciprocal Force CPU Time:
|
|     Routine              Sec        %
|     ---------------------------------
|     1D bspline           0.00    0.00
|     Grid Charges         0.00    0.00
|     Scalar Sum           0.00    0.00
|     Gradient Sum         0.00    0.00
|     FFT                  0.00    0.00
|     ---------------------------------
|     Total                0.00    0.00

|  Setup CPU time:            0.22 seconds
|  NonSetup CPU time:         0.15 seconds
|  Total CPU time:            0.37 seconds     0.00 hours

|  Setup wall time:           0    seconds
|  NonSetup wall time:        0    seconds
|  Total wall time:           0    seconds     0.00 hours
