
          -------------------------------------------------------
          Amber 24 PMEMD                              2024
          -------------------------------------------------------

| PMEMD implementation of SANDER, Release 24

|  Compiled date/time: Wed Aug 21 09:34:12 2024
| Run on 05/25/2026 at 14:18:54

|   Executable path: pmemd.cuda
| Working directory: /localscratch/kbui/NexusMol/examples
|          Hostname: irene2

  [-O]verwriting output

File Assignments:
|   MDIN: /localscratch/kbui/NexusMol/examples/artifacts/MD_6W63_mol4/min3.in   
|  MDOUT: /localscratch/kbui/NexusMol/examples/artifacts/MD_6W63_mol4/min3.out  
| INPCRD: /localscratch/kbui/NexusMol/examples/artifacts/MD_6W63_mol4/min2.ncrst
|   PARM: /localscratch/kbui/NexusMol/examples/md_input/ALA.prmtop              
| RESTRT: /localscratch/kbui/NexusMol/examples/artifacts/MD_6W63_mol4/min3.ncrst
|   REFC: /localscratch/kbui/NexusMol/examples/artifacts/MD_6W63_mol4/min2.ncrst
|  MDVEL: mdvel                                                                 
|   MDEN: mden                                                                  
|  MDCRD: /localscratch/kbui/NexusMol/examples/artifacts/MD_6W63_mol4/min3.nc   
| MDINFO: /localscratch/kbui/NexusMol/examples/artifacts/MD_6W63_mol4/min3.info 
|  MDFRC: mdfrc                                                                 


 Here is the input file:

Minimization                                                                   
&cntrl                                                                         
  imin=1,                                                                      
  ncyc=1000,                                                                   
  maxcyc=1000,                                                                 
  ntpr=50,                                                                     
  cut=10.0,                                                                    
  iwrap=1,                                                                     
  ntr=1,                                                                       
  restraint_wt=2.0,                                                            
  restraintmask='!@H=',                                                        
/                                                                              


Note: ig = -1. Setting random seed to   481252 based on wallclock time in 
      microseconds.
| irandom = 1, using AMBER's internal random number generator (default).
 
|--------------------- INFORMATION ----------------------
| GPU (CUDA) Version of PMEMD in use: NVIDIA GPU IN USE.
|                    Version 18.0.0
| 
|                      03/25/2018
| 
| Implementation by:
|                    Ross C. Walker     (SDSC)
|                    Scott Le Grand     (nVIDIA)
| 
| Version 18 performance extensions by:
|                    David Cerutti     (Rutgers)
| 
| Precision model in use:
|      [SPFP] - Single Precision Forces, 64-bit Fixed Point
|               Accumulation. (Default)
| 
|--------------------------------------------------------
 
|----------------- CITATION INFORMATION -----------------
|
|    When publishing work that utilized the CUDA version
|    of AMBER, please cite the following in addition to
|    the regular AMBER citations:
|
|  - Romelia Salomon-Ferrer; Andreas W. Goetz; Duncan
|    Poole; Scott Le Grand; Ross C. Walker "Routine
|    microsecond molecular dynamics simulations with
|    AMBER - Part II: Particle Mesh Ewald", J. Chem.
|    Theory Comput., 2013, 9 (9), pp3878-3888,
|    DOI: 10.1021/ct400314y.
|
|  - Andreas W. Goetz; Mark J. Williamson; Dong Xu;
|    Duncan Poole; Scott Le Grand; Ross C. Walker
|    "Routine microsecond molecular dynamics simulations
|    with AMBER - Part I: Generalized Born", J. Chem.
|    Theory Comput., 2012, 8 (5), pp1542-1555.
|
|  - Scott Le Grand; Andreas W. Goetz; Ross C. Walker
|    "SPFP: Speed without compromise - a mixed precision
|    model for GPU accelerated molecular dynamics
|    simulations.", Comp. Phys. Comm., 2013, 184
|    pp374-380, DOI: 10.1016/j.cpc.2012.09.022
|
|--------------------------------------------------------
 
|------------------- GPU DEVICE INFO --------------------
|
|            CUDA_VISIBLE_DEVICES: not set
|   CUDA Capable Devices Detected:      1
|           CUDA Device ID in use:      0
|                CUDA Device Name: NVIDIA GeForce RTX 4090
|     CUDA Device Global Mem Size:  24071 MB
| CUDA Device Num Multiprocessors:    128
|           CUDA Device Core Freq:   2.62 GHz
|
|--------------------------------------------------------
 
 
| Conditional Compilation Defines Used:
| PUBFFT
| BINTRAJ
| CUDA
| EMIL

| Largest sphere to fit in unit cell has radius =    14.010

| New format PARM file being parsed.
| Version =    1.000 Date = 03/28/26 Time = 21:23:47

| Note: 1-4 EEL scale factors are being read from the topology file.

| Note: 1-4 VDW scale factors are being read from the topology file.
| Duplicated    0 dihedrals

| Duplicated    0 dihedrals

--------------------------------------------------------------------------------
   1.  RESOURCE   USE: 
--------------------------------------------------------------------------------

 getting box info from netcdf restart file
 NATOM  =    3064 NTYPES =       9 NBONH =    3054 MBONA  =       9
 NTHETH =      25 MTHETA =      11 NPHIH =      43 MPHIA  =      24
 NHPARM =       0 NPARM  =       0 NNB   =    4155 NRES   =    1017
 NBONA  =       9 NTHETA =      11 NPHIA =      24 NUMBND =      13
 NUMANG =      21 NPTRA  =      14 NATYP =      10 NPHB   =       0
 IFBOX  =       2 NMXRS  =      10 IFCAP =       0 NEXTRA =       0
 NCOPY  =       0

| Coordinate Index Table dimensions:     5    5    5
| Direct force subcell size =     6.8634    6.8634    6.8634

     BOX TYPE: TRUNCATED OCTAHEDRON

--------------------------------------------------------------------------------
   2.  CONTROL  DATA  FOR  THE  RUN
--------------------------------------------------------------------------------

ACE                                                                             

General flags:
     imin    =       1, nmropt  =       0

Nature and format of input:
     ntx     =       1, irest   =       0, ntrx    =       1

Nature and format of output:
     ntxo    =       2, ntpr    =      50, ntrx    =       1, ntwr    =       1
     iwrap   =       1, ntwx    =       0, ntwv    =       0, ntwe    =       0
     ioutfm  =       1, ntwprt  =       0, idecomp =       0, rbornstat=      0

Potential function:
     ntf     =       1, ntb     =       1, igb     =       0, nsnb    =      25
     ipol    =       0, gbsa    =       0, iesp    =       0
     dielc   =   1.00000, cut     =  10.00000, intdiel =   1.00000

Frozen or restrained atoms:
     ibelly  =       0, ntr     =       1
     restraint_wt =   2.00000

Energy minimization:
     maxcyc  =    1000, ncyc    =    1000, ntmin   =       1
     dx0     =   0.01000, drms    =   0.00010

| Intermolecular bonds treatment:
|     no_intermolecular_bonds =       1

| Energy averages sample interval:
|     ene_avg_sampling =       1

Ewald parameters:
     verbose =       0, ew_type =       0, nbflag  =       1, use_pme =       1
     vdwmeth =       1, eedmeth =       1, netfrc  =       0
     Box X =   34.317   Box Y =   34.317   Box Z =   34.317
     Alpha =  109.471   Beta  =  109.471   Gamma =  109.471
     NFFT1 =   36       NFFT2 =   36       NFFT3 =   36
     Cutoff=   10.000   Tol   =0.100E-04
     Ewald Coefficient =  0.27511
     Interpolation order =    4

    LOADING THE CONSTRAINED ATOMS AS GROUPS


   5.  REFERENCE ATOM COORDINATES

  ACE                                                                             
     Mask !@H=; matches  1024 atoms

--------------------------------------------------------------------------------
   3.  ATOMIC COORDINATES AND VELOCITIES
--------------------------------------------------------------------------------

ACE                                                                             
 begin time read from input coords =     0.000 ps

 
 Number of triangulated 3-point waters found:     1014

     Sum of charges from parm topology file =  -0.00000000
     Forcing neutrality...

| Dynamic Memory, Types Used:
| Reals              225609
| Integers            95792

| Nonbonded Pairs Initial Allocation:      926783

| GPU memory information (estimate):
| KB of GPU memory in use:     31936
| KB of CPU memory in use:     13036

--------------------------------------------------------------------------------
   4.  RESULTS
--------------------------------------------------------------------------------



   NSTEP       ENERGY          RMS            GMAX         NAME    NUMBER
      1      -1.2559E+04     5.2564E-01     4.0105E+00     C          15

 BOND    =      883.0539  ANGLE   =        0.9021  DIHED      =        2.4860
 UB      =        0.0000  IMP     =        0.0000  CMAP       =        0.4594
 VDWAALS =     1788.1850  EEL     =   -15282.3392  HBOND      =        0.0000
 1-4 VDW =        2.5436  1-4 EEL =       45.6542  RESTRAINT  =        0.0000


   NSTEP       ENERGY          RMS            GMAX         NAME    NUMBER
     50      -1.2595E+04     2.7602E-01     1.9520E+00     N          17

 BOND    =      897.0365  ANGLE   =        0.9163  DIHED      =        2.4840
 UB      =        0.0000  IMP     =        0.0000  CMAP       =        0.4528
 VDWAALS =     1850.7260  EEL     =   -15395.8249  HBOND      =        0.0000
 1-4 VDW =        2.5369  1-4 EEL =       45.6561  RESTRAINT  =        1.4772
 EAMBER  =   -12596.0164


   NSTEP       ENERGY          RMS            GMAX         NAME    NUMBER
    100      -1.2616E+04     7.5679E-01     2.7376E+01     C          15

 BOND    =      907.5571  ANGLE   =        0.9534  DIHED      =        2.4827
 UB      =        0.0000  IMP     =        0.0000  CMAP       =        0.4478
 VDWAALS =     1886.5441  EEL     =   -15465.9722  HBOND      =        0.0000
 1-4 VDW =        2.5247  1-4 EEL =       45.6911  RESTRAINT  =        4.0187
 EAMBER  =   -12619.7713


   NSTEP       ENERGY          RMS            GMAX         NAME    NUMBER
    150      -1.2633E+04     4.4478E-01     1.8439E+01     C          15

 BOND    =      906.8540  ANGLE   =        0.9431  DIHED      =        2.4894
 UB      =        0.0000  IMP     =        0.0000  CMAP       =        0.4634
 VDWAALS =     1913.2980  EEL     =   -15511.9566  HBOND      =        0.0000
 1-4 VDW =        2.5566  1-4 EEL =       45.6337  RESTRAINT  =        7.0135
 EAMBER  =   -12639.7183


   NSTEP       ENERGY          RMS            GMAX         NAME    NUMBER
    200      -1.2646E+04     1.9060E-01     3.1387E+00     C          15

 BOND    =      912.7606  ANGLE   =        0.8981  DIHED      =        2.4878
 UB      =        0.0000  IMP     =        0.0000  CMAP       =        0.4615
 VDWAALS =     1934.8783  EEL     =   -15555.9039  HBOND      =        0.0000
 1-4 VDW =        2.5482  1-4 EEL =       45.6597  RESTRAINT  =       10.2893
 EAMBER  =   -12656.2097


   NSTEP       ENERGY          RMS            GMAX         NAME    NUMBER
    250      -1.2657E+04     2.2570E-01     7.7040E+00     C          15

 BOND    =      916.4091  ANGLE   =        0.8921  DIHED      =        2.4883
 UB      =        0.0000  IMP     =        0.0000  CMAP       =        0.4637
 VDWAALS =     1952.8327  EEL     =   -15591.5223  HBOND      =        0.0000
 1-4 VDW =        2.5498  1-4 EEL =       45.6615  RESTRAINT  =       13.7171
 EAMBER  =   -12670.2251


   NSTEP       ENERGY          RMS            GMAX         NAME    NUMBER
    300      -1.2665E+04     5.5910E-01     2.6878E+01     C          15

 BOND    =      920.2758  ANGLE   =        0.9268  DIHED      =        2.4872
 UB      =        0.0000  IMP     =        0.0000  CMAP       =        0.4615
 VDWAALS =     1967.9139  EEL     =   -15622.3169  HBOND      =        0.0000
 1-4 VDW =        2.5418  1-4 EEL =       45.6808  RESTRAINT  =       17.1703
 EAMBER  =   -12682.0290


   NSTEP       ENERGY          RMS            GMAX         NAME    NUMBER
    350      -1.2673E+04     1.8994E-01     6.8552E+00     C          15

 BOND    =      921.2574  ANGLE   =        0.8871  DIHED      =        2.4924
 UB      =        0.0000  IMP     =        0.0000  CMAP       =        0.4730
 VDWAALS =     1980.7485  EEL     =   -15647.3055  HBOND      =        0.0000
 1-4 VDW =        2.5652  1-4 EEL =       45.6304  RESTRAINT  =       20.5940
 EAMBER  =   -12693.2516


   NSTEP       ENERGY          RMS            GMAX         NAME    NUMBER
    400      -1.2679E+04     4.8047E-01     2.3672E+01     C          15

 BOND    =      923.3595  ANGLE   =        0.9293  DIHED      =        2.4958
 UB      =        0.0000  IMP     =        0.0000  CMAP       =        0.4796
 VDWAALS =     1991.8132  EEL     =   -15669.9199  HBOND      =        0.0000
 1-4 VDW =        2.5781  1-4 EEL =       45.6016  RESTRAINT  =       23.9468
 EAMBER  =   -12702.6628


   NSTEP       ENERGY          RMS            GMAX         NAME    NUMBER
    450      -1.2684E+04     1.6229E-01     5.5427E+00     C          15

 BOND    =      925.5540  ANGLE   =        0.8717  DIHED      =        2.4929
 UB      =        0.0000  IMP     =        0.0000  CMAP       =        0.4734
 VDWAALS =     2001.4620  EEL     =   -15690.7453  HBOND      =        0.0000
 1-4 VDW =        2.5622  1-4 EEL =       45.6323  RESTRAINT  =       27.2031
 EAMBER  =   -12711.6968


   NSTEP       ENERGY          RMS            GMAX         NAME    NUMBER
    500      -1.2689E+04     1.2346E-01     2.9211E+00     C          15

 BOND    =      927.0904  ANGLE   =        0.8714  DIHED      =        2.4951
 UB      =        0.0000  IMP     =        0.0000  CMAP       =        0.4772
 VDWAALS =     2009.9258  EEL     =   -15708.6598  HBOND      =        0.0000
 1-4 VDW =        2.5689  1-4 EEL =       45.6145  RESTRAINT  =       30.3604
 EAMBER  =   -12719.6164


   NSTEP       ENERGY          RMS            GMAX         NAME    NUMBER
    550      -1.2693E+04     1.4468E-01     5.2637E+00     C          15

 BOND    =      928.5396  ANGLE   =        0.8710  DIHED      =        2.4964
 UB      =        0.0000  IMP     =        0.0000  CMAP       =        0.4791
 VDWAALS =     2017.3475  EEL     =   -15724.6415  HBOND      =        0.0000
 1-4 VDW =        2.5718  1-4 EEL =       45.6046  RESTRAINT  =       33.3560
 EAMBER  =   -12726.7313


   NSTEP       ENERGY          RMS            GMAX         NAME    NUMBER
    600      -1.2697E+04     1.0403E-01     1.9266E+00     C          15

 BOND    =      929.8948  ANGLE   =        0.8632  DIHED      =        2.4964
 UB      =        0.0000  IMP     =        0.0000  CMAP       =        0.4783
 VDWAALS =     2023.9287  EEL     =   -15739.0680  HBOND      =        0.0000
 1-4 VDW =        2.5687  1-4 EEL =       45.6079  RESTRAINT  =       36.2064
 EAMBER  =   -12733.2300


   NSTEP       ENERGY          RMS            GMAX         NAME    NUMBER
    650      -1.2700E+04     9.6175E-02     1.5749E+00     C          15

 BOND    =      931.0398  ANGLE   =        0.8610  DIHED      =        2.4974
 UB      =        0.0000  IMP     =        0.0000  CMAP       =        0.4793
 VDWAALS =     2029.7171  EEL     =   -15751.7811  HBOND      =        0.0000
 1-4 VDW =        2.5700  1-4 EEL =       45.6019  RESTRAINT  =       38.8845
 EAMBER  =   -12739.0147


   NSTEP       ENERGY          RMS            GMAX         NAME    NUMBER
    700      -1.2703E+04     2.9786E-01     1.4507E+01     C          15

 BOND    =      932.3154  ANGLE   =        0.8670  DIHED      =        2.4966
 UB      =        0.0000  IMP     =        0.0000  CMAP       =        0.4767
 VDWAALS =     2035.1342  EEL     =   -15763.9640  HBOND      =        0.0000
 1-4 VDW =        2.5636  1-4 EEL =       45.6131  RESTRAINT  =       41.5478
 EAMBER  =   -12744.4975


   NSTEP       ENERGY          RMS            GMAX         NAME    NUMBER
    750      -1.2706E+04     1.7033E-01     7.6742E+00     C          15

 BOND    =      933.0581  ANGLE   =        0.8660  DIHED      =        2.5004
 UB      =        0.0000  IMP     =        0.0000  CMAP       =        0.4837
 VDWAALS =     2039.8973  EEL     =   -15774.6390  HBOND      =        0.0000
 1-4 VDW =        2.5772  1-4 EEL =       45.5803  RESTRAINT  =       44.0559
 EAMBER  =   -12749.6760


   NSTEP       ENERGY          RMS            GMAX         NAME    NUMBER
    800      -1.2708E+04     2.5822E-01     1.2613E+01     C          15

 BOND    =      933.9486  ANGLE   =        0.8739  DIHED      =        2.5018
 UB      =        0.0000  IMP     =        0.0000  CMAP       =        0.4858
 VDWAALS =     2044.1086  EEL     =   -15784.4170  HBOND      =        0.0000
 1-4 VDW =        2.5809  1-4 EEL =       45.5697  RESTRAINT  =       46.4047
 EAMBER  =   -12754.3476


   NSTEP       ENERGY          RMS            GMAX         NAME    NUMBER
    850      -1.2710E+04     8.0397E-02     1.7621E+00     H2       2275

 BOND    =      934.7603  ANGLE   =        0.8531  DIHED      =        2.5007
 UB      =        0.0000  IMP     =        0.0000  CMAP       =        0.4827
 VDWAALS =     2047.9013  EEL     =   -15793.4971  HBOND      =        0.0000
 1-4 VDW =        2.5734  1-4 EEL =       45.5836  RESTRAINT  =       48.6336
 EAMBER  =   -12758.8419


   NSTEP       ENERGY          RMS            GMAX         NAME    NUMBER
    900      -1.2712E+04     2.4168E-01     1.1742E+01     C          15

 BOND    =      935.6494  ANGLE   =        0.8558  DIHED      =        2.5000
 UB      =        0.0000  IMP     =        0.0000  CMAP       =        0.4806
 VDWAALS =     2051.4711  EEL     =   -15802.1664  HBOND      =        0.0000
 1-4 VDW =        2.5681  1-4 EEL =       45.5937  RESTRAINT  =       50.8359
 EAMBER  =   -12763.0478


   NSTEP       ENERGY          RMS            GMAX         NAME    NUMBER
    950      -1.2714E+04     3.2240E-01     1.6062E+01     C          15

 BOND    =      936.4005  ANGLE   =        0.8605  DIHED      =        2.5001
 UB      =        0.0000  IMP     =        0.0000  CMAP       =        0.4800
 VDWAALS =     2054.5859  EEL     =   -15809.7773  HBOND      =        0.0000
 1-4 VDW =        2.5663  1-4 EEL =       45.5963  RESTRAINT  =       52.8361
 EAMBER  =   -12766.7876


   NSTEP       ENERGY          RMS            GMAX         NAME    NUMBER
   1000      -1.2716E+04     1.1550E-01     4.8521E+00     C          15

 BOND    =      936.8132  ANGLE   =        0.8528  DIHED      =        2.5034
 UB      =        0.0000  IMP     =        0.0000  CMAP       =        0.4865
 VDWAALS =     2057.5456  EEL     =   -15816.9852  HBOND      =        0.0000
 1-4 VDW =        2.5787  1-4 EEL =       45.5672  RESTRAINT  =       54.8112
 EAMBER  =   -12770.6377


  Maximum number of minimization cycles reached.


                    FINAL RESULTS



   NSTEP       ENERGY          RMS            GMAX         NAME    NUMBER
   1000      -1.2716E+04     1.1550E-01     4.8521E+00     C          15

 BOND    =      936.8132  ANGLE   =        0.8528  DIHED      =        2.5034
 UB      =        0.0000  IMP     =        0.0000  CMAP       =        0.4865
 VDWAALS =     2057.5456  EEL     =   -15816.9852  HBOND      =        0.0000
 1-4 VDW =        2.5787  1-4 EEL =       45.5672  RESTRAINT  =       54.8112
 EAMBER  =   -12770.6377
--------------------------------------------------------------------------------
   5.  TIMINGS
--------------------------------------------------------------------------------

|  NonSetup CPU Time in Major Routines:
|
|     Routine           Sec        %
|     ------------------------------
|     Nonbond           0.09   57.39
|     Bond              0.00    0.00
|     Angle             0.00    0.00
|     Dihedral          0.00    0.00
|     Shake             0.00    0.00
|     Other             0.07   42.61
|     ------------------------------
|     Total             0.16

|  PME Nonbond Pairlist CPU Time:
|
|     Routine              Sec        %
|     ---------------------------------
|     Set Up Cit           0.00    0.00
|     Build List           0.00    0.00
|     ---------------------------------
|     Total                0.00    0.00

|  PME Direct Force CPU Time:
|
|     Routine              Sec        %
|     ---------------------------------
|     NonBonded Calc       0.00    0.00
|     Exclude Masked       0.00    0.00
|     Other                0.00    0.77
|     ---------------------------------
|     Total                0.00    0.77

|  PME Reciprocal Force CPU Time:
|
|     Routine              Sec        %
|     ---------------------------------
|     1D bspline           0.00    0.00
|     Grid Charges         0.00    0.00
|     Scalar Sum           0.00    0.00
|     Gradient Sum         0.00    0.00
|     FFT                  0.00    0.00
|     ---------------------------------
|     Total                0.00    0.00

|  Setup CPU time:            0.22 seconds
|  NonSetup CPU time:         0.16 seconds
|  Total CPU time:            0.38 seconds     0.00 hours

|  Setup wall time:           1    seconds
|  NonSetup wall time:        0    seconds
|  Total wall time:           1    seconds     0.00 hours
