
          -------------------------------------------------------
          Amber 24 PMEMD                              2024
          -------------------------------------------------------

| PMEMD implementation of SANDER, Release 24

|  Compiled date/time: Wed Aug 21 09:34:12 2024
| Run on 05/25/2026 at 14:18:54

|   Executable path: pmemd.cuda
| Working directory: /localscratch/kbui/NexusMol/examples
|          Hostname: irene2

  [-O]verwriting output

File Assignments:
|   MDIN: /localscratch/kbui/NexusMol/examples/artifacts/MD_6W63_mol4/min4.in   
|  MDOUT: /localscratch/kbui/NexusMol/examples/artifacts/MD_6W63_mol4/min4.out  
| INPCRD: /localscratch/kbui/NexusMol/examples/artifacts/MD_6W63_mol4/min3.ncrst
|   PARM: /localscratch/kbui/NexusMol/examples/md_input/ALA.prmtop              
| RESTRT: /localscratch/kbui/NexusMol/examples/artifacts/MD_6W63_mol4/min4.ncrst
|   REFC: /localscratch/kbui/NexusMol/examples/artifacts/MD_6W63_mol4/min3.ncrst
|  MDVEL: mdvel                                                                 
|   MDEN: mden                                                                  
|  MDCRD: /localscratch/kbui/NexusMol/examples/artifacts/MD_6W63_mol4/min4.nc   
| MDINFO: /localscratch/kbui/NexusMol/examples/artifacts/MD_6W63_mol4/min4.info 
|  MDFRC: mdfrc                                                                 


 Here is the input file:

Minimization                                                                   
&cntrl                                                                         
  imin=1,                                                                      
  ncyc=1000,                                                                   
  maxcyc=1000,                                                                 
  ntpr=50,                                                                     
  cut=10.0,                                                                    
  iwrap=1,                                                                     
  ntr=1,                                                                       
  restraint_wt=1.0,                                                            
  restraintmask='!@H=',                                                        
/                                                                              


Note: ig = -1. Setting random seed to   970369 based on wallclock time in 
      microseconds.
| irandom = 1, using AMBER's internal random number generator (default).
 
|--------------------- INFORMATION ----------------------
| GPU (CUDA) Version of PMEMD in use: NVIDIA GPU IN USE.
|                    Version 18.0.0
| 
|                      03/25/2018
| 
| Implementation by:
|                    Ross C. Walker     (SDSC)
|                    Scott Le Grand     (nVIDIA)
| 
| Version 18 performance extensions by:
|                    David Cerutti     (Rutgers)
| 
| Precision model in use:
|      [SPFP] - Single Precision Forces, 64-bit Fixed Point
|               Accumulation. (Default)
| 
|--------------------------------------------------------
 
|----------------- CITATION INFORMATION -----------------
|
|    When publishing work that utilized the CUDA version
|    of AMBER, please cite the following in addition to
|    the regular AMBER citations:
|
|  - Romelia Salomon-Ferrer; Andreas W. Goetz; Duncan
|    Poole; Scott Le Grand; Ross C. Walker "Routine
|    microsecond molecular dynamics simulations with
|    AMBER - Part II: Particle Mesh Ewald", J. Chem.
|    Theory Comput., 2013, 9 (9), pp3878-3888,
|    DOI: 10.1021/ct400314y.
|
|  - Andreas W. Goetz; Mark J. Williamson; Dong Xu;
|    Duncan Poole; Scott Le Grand; Ross C. Walker
|    "Routine microsecond molecular dynamics simulations
|    with AMBER - Part I: Generalized Born", J. Chem.
|    Theory Comput., 2012, 8 (5), pp1542-1555.
|
|  - Scott Le Grand; Andreas W. Goetz; Ross C. Walker
|    "SPFP: Speed without compromise - a mixed precision
|    model for GPU accelerated molecular dynamics
|    simulations.", Comp. Phys. Comm., 2013, 184
|    pp374-380, DOI: 10.1016/j.cpc.2012.09.022
|
|--------------------------------------------------------
 
|------------------- GPU DEVICE INFO --------------------
|
|            CUDA_VISIBLE_DEVICES: not set
|   CUDA Capable Devices Detected:      1
|           CUDA Device ID in use:      0
|                CUDA Device Name: NVIDIA GeForce RTX 4090
|     CUDA Device Global Mem Size:  24071 MB
| CUDA Device Num Multiprocessors:    128
|           CUDA Device Core Freq:   2.62 GHz
|
|--------------------------------------------------------
 
 
| Conditional Compilation Defines Used:
| PUBFFT
| BINTRAJ
| CUDA
| EMIL

| Largest sphere to fit in unit cell has radius =    14.010

| New format PARM file being parsed.
| Version =    1.000 Date = 03/28/26 Time = 21:23:47

| Note: 1-4 EEL scale factors are being read from the topology file.

| Note: 1-4 VDW scale factors are being read from the topology file.
| Duplicated    0 dihedrals

| Duplicated    0 dihedrals

--------------------------------------------------------------------------------
   1.  RESOURCE   USE: 
--------------------------------------------------------------------------------

 getting box info from netcdf restart file
 NATOM  =    3064 NTYPES =       9 NBONH =    3054 MBONA  =       9
 NTHETH =      25 MTHETA =      11 NPHIH =      43 MPHIA  =      24
 NHPARM =       0 NPARM  =       0 NNB   =    4155 NRES   =    1017
 NBONA  =       9 NTHETA =      11 NPHIA =      24 NUMBND =      13
 NUMANG =      21 NPTRA  =      14 NATYP =      10 NPHB   =       0
 IFBOX  =       2 NMXRS  =      10 IFCAP =       0 NEXTRA =       0
 NCOPY  =       0

| Coordinate Index Table dimensions:     5    5    5
| Direct force subcell size =     6.8634    6.8634    6.8634

     BOX TYPE: TRUNCATED OCTAHEDRON

--------------------------------------------------------------------------------
   2.  CONTROL  DATA  FOR  THE  RUN
--------------------------------------------------------------------------------

ACE                                                                             

General flags:
     imin    =       1, nmropt  =       0

Nature and format of input:
     ntx     =       1, irest   =       0, ntrx    =       1

Nature and format of output:
     ntxo    =       2, ntpr    =      50, ntrx    =       1, ntwr    =       1
     iwrap   =       1, ntwx    =       0, ntwv    =       0, ntwe    =       0
     ioutfm  =       1, ntwprt  =       0, idecomp =       0, rbornstat=      0

Potential function:
     ntf     =       1, ntb     =       1, igb     =       0, nsnb    =      25
     ipol    =       0, gbsa    =       0, iesp    =       0
     dielc   =   1.00000, cut     =  10.00000, intdiel =   1.00000

Frozen or restrained atoms:
     ibelly  =       0, ntr     =       1
     restraint_wt =   1.00000

Energy minimization:
     maxcyc  =    1000, ncyc    =    1000, ntmin   =       1
     dx0     =   0.01000, drms    =   0.00010

| Intermolecular bonds treatment:
|     no_intermolecular_bonds =       1

| Energy averages sample interval:
|     ene_avg_sampling =       1

Ewald parameters:
     verbose =       0, ew_type =       0, nbflag  =       1, use_pme =       1
     vdwmeth =       1, eedmeth =       1, netfrc  =       0
     Box X =   34.317   Box Y =   34.317   Box Z =   34.317
     Alpha =  109.471   Beta  =  109.471   Gamma =  109.471
     NFFT1 =   36       NFFT2 =   36       NFFT3 =   36
     Cutoff=   10.000   Tol   =0.100E-04
     Ewald Coefficient =  0.27511
     Interpolation order =    4

    LOADING THE CONSTRAINED ATOMS AS GROUPS


   5.  REFERENCE ATOM COORDINATES

  ACE                                                                             
     Mask !@H=; matches  1024 atoms

--------------------------------------------------------------------------------
   3.  ATOMIC COORDINATES AND VELOCITIES
--------------------------------------------------------------------------------

ACE                                                                             
 begin time read from input coords =     0.000 ps

 
 Number of triangulated 3-point waters found:     1014

     Sum of charges from parm topology file =  -0.00000000
     Forcing neutrality...

| Dynamic Memory, Types Used:
| Reals              225609
| Integers            95792

| Nonbonded Pairs Initial Allocation:      926783

| GPU memory information (estimate):
| KB of GPU memory in use:     31936
| KB of CPU memory in use:     13036

--------------------------------------------------------------------------------
   4.  RESULTS
--------------------------------------------------------------------------------



   NSTEP       ENERGY          RMS            GMAX         NAME    NUMBER
      1      -1.2771E+04     2.6747E-01     5.2864E+00     C          15

 BOND    =      936.8132  ANGLE   =        0.8528  DIHED      =        2.5034
 UB      =        0.0000  IMP     =        0.0000  CMAP       =        0.4865
 VDWAALS =     2057.5456  EEL     =   -15816.9852  HBOND      =        0.0000
 1-4 VDW =        2.5787  1-4 EEL =       45.5672  RESTRAINT  =        0.0000


   NSTEP       ENERGY          RMS            GMAX         NAME    NUMBER
     50      -1.2782E+04     5.1619E-01     2.4489E+01     C          15

 BOND    =      941.6861  ANGLE   =        0.9144  DIHED      =        2.5043
 UB      =        0.0000  IMP     =        0.0000  CMAP       =        0.4925
 VDWAALS =     2078.3763  EEL     =   -15854.0624  HBOND      =        0.0000
 1-4 VDW =        2.5870  1-4 EEL =       45.5322  RESTRAINT  =        0.2131
 EAMBER  =   -12781.9696


   NSTEP       ENERGY          RMS            GMAX         NAME    NUMBER
    100      -1.2791E+04     1.5986E-01     2.1481E+00     C          15

 BOND    =      945.5276  ANGLE   =        0.8576  DIHED      =        2.5017
 UB      =        0.0000  IMP     =        0.0000  CMAP       =        0.4880
 VDWAALS =     2092.7531  EEL     =   -15882.2058  HBOND      =        0.0000
 1-4 VDW =        2.5701  1-4 EEL =       45.5592  RESTRAINT  =        0.6643
 EAMBER  =   -12791.9484


   NSTEP       ENERGY          RMS            GMAX         NAME    NUMBER
    150      -1.2799E+04     4.4103E-01     2.1064E+01     C          15

 BOND    =      948.6471  ANGLE   =        0.8812  DIHED      =        2.5005
 UB      =        0.0000  IMP     =        0.0000  CMAP       =        0.4863
 VDWAALS =     2105.1100  EEL     =   -15906.4131  HBOND      =        0.0000
 1-4 VDW =        2.5593  1-4 EEL =       45.5782  RESTRAINT  =        1.3079
 EAMBER  =   -12800.6506


   NSTEP       ENERGY          RMS            GMAX         NAME    NUMBER
    200      -1.2807E+04     1.4130E-01     2.1396E+00     C          15

 BOND    =      949.9125  ANGLE   =        0.8558  DIHED      =        2.5045
 UB      =        0.0000  IMP     =        0.0000  CMAP       =        0.4959
 VDWAALS =     2115.4093  EEL     =   -15926.0315  HBOND      =        0.0000
 1-4 VDW =        2.5736  1-4 EEL =       45.5430  RESTRAINT  =        2.0704
 EAMBER  =   -12808.7369


   NSTEP       ENERGY          RMS            GMAX         NAME    NUMBER
    250      -1.2813E+04     4.0243E-01     1.9524E+01     C          15

 BOND    =      951.7656  ANGLE   =        0.8900  DIHED      =        2.5079
 UB      =        0.0000  IMP     =        0.0000  CMAP       =        0.5037
 VDWAALS =     2124.7570  EEL     =   -15944.6625  HBOND      =        0.0000
 1-4 VDW =        2.5846  1-4 EEL =       45.5160  RESTRAINT  =        2.9793
 EAMBER  =   -12816.1377


   NSTEP       ENERGY          RMS            GMAX         NAME    NUMBER
    300      -1.2819E+04     1.2938E-01     1.8865E+00     C          15

 BOND    =      953.5534  ANGLE   =        0.8501  DIHED      =        2.5057
 UB      =        0.0000  IMP     =        0.0000  CMAP       =        0.5002
 VDWAALS =     2132.6290  EEL     =   -15961.1927  HBOND      =        0.0000
 1-4 VDW =        2.5723  1-4 EEL =       45.5378  RESTRAINT  =        3.9318
 EAMBER  =   -12823.0442


   NSTEP       ENERGY          RMS            GMAX         NAME    NUMBER
    350      -1.2824E+04     3.2680E-01     1.5407E+01     C          15

 BOND    =      955.3628  ANGLE   =        0.8600  DIHED      =        2.5047
 UB      =        0.0000  IMP     =        0.0000  CMAP       =        0.4988
 VDWAALS =     2140.0142  EEL     =   -15976.8237  HBOND      =        0.0000
 1-4 VDW =        2.5648  1-4 EEL =       45.5502  RESTRAINT  =        5.0003
 EAMBER  =   -12829.4681


   NSTEP       ENERGY          RMS            GMAX         NAME    NUMBER
    400      -1.2829E+04     4.8531E-01     2.3988E+01     C          15

 BOND    =      956.9909  ANGLE   =        0.8806  DIHED      =        2.5043
 UB      =        0.0000  IMP     =        0.0000  CMAP       =        0.4986
 VDWAALS =     2146.6164  EEL     =   -15990.7944  HBOND      =        0.0000
 1-4 VDW =        2.5602  1-4 EEL =       45.5566  RESTRAINT  =        6.1047
 EAMBER  =   -12835.1867


   NSTEP       ENERGY          RMS            GMAX         NAME    NUMBER
    450      -1.2834E+04     2.8146E-01     1.3469E+01     C          15

 BOND    =      957.7773  ANGLE   =        0.8647  DIHED      =        2.5100
 UB      =        0.0000  IMP     =        0.0000  CMAP       =        0.5108
 VDWAALS =     2152.6158  EEL     =   -16003.1892  HBOND      =        0.0000
 1-4 VDW =        2.5822  1-4 EEL =       45.5050  RESTRAINT  =        7.2205
 EAMBER  =   -12840.8234


   NSTEP       ENERGY          RMS            GMAX         NAME    NUMBER
    500      -1.2837E+04     4.0489E-01     2.0130E+01     C          15

 BOND    =      959.0700  ANGLE   =        0.8832  DIHED      =        2.5116
 UB      =        0.0000  IMP     =        0.0000  CMAP       =        0.5145
 VDWAALS =     2158.3927  EEL     =   -16015.2756  HBOND      =        0.0000
 1-4 VDW =        2.5862  1-4 EEL =       45.4929  RESTRAINT  =        8.3849
 EAMBER  =   -12845.8245


   NSTEP       ENERGY          RMS            GMAX         NAME    NUMBER
    550      -1.2841E+04     1.5029E-01     5.8067E+00     C          15

 BOND    =      960.2371  ANGLE   =        0.8429  DIHED      =        2.5084
 UB      =        0.0000  IMP     =        0.0000  CMAP       =        0.5091
 VDWAALS =     2163.8200  EEL     =   -16026.7513  HBOND      =        0.0000
 1-4 VDW =        2.5711  1-4 EEL =       45.5220  RESTRAINT  =        9.5566
 EAMBER  =   -12850.7408


   NSTEP       ENERGY          RMS            GMAX         NAME    NUMBER
    600      -1.2844E+04     3.5315E-01     1.7365E+01     C          15

 BOND    =      961.5268  ANGLE   =        0.8561  DIHED      =        2.5074
 UB      =        0.0000  IMP     =        0.0000  CMAP       =        0.5075
 VDWAALS =     2168.9046  EEL     =   -16037.5102  HBOND      =        0.0000
 1-4 VDW =        2.5646  1-4 EEL =       45.5332  RESTRAINT  =       10.7298
 EAMBER  =   -12855.1101


   NSTEP       ENERGY          RMS            GMAX         NAME    NUMBER
    650      -1.2848E+04     1.2616E-01     4.6121E+00     C          15

 BOND    =      962.2596  ANGLE   =        0.8442  DIHED      =        2.5108
 UB      =        0.0000  IMP     =        0.0000  CMAP       =        0.5152
 VDWAALS =     2173.5630  EEL     =   -16047.2178  HBOND      =        0.0000
 1-4 VDW =        2.5770  1-4 EEL =       45.5026  RESTRAINT  =       11.8855
 EAMBER  =   -12859.4452


   NSTEP       ENERGY          RMS            GMAX         NAME    NUMBER
    700      -1.2850E+04     3.0253E-01     1.4856E+01     C          15

 BOND    =      963.2444  ANGLE   =        0.8625  DIHED      =        2.5128
 UB      =        0.0000  IMP     =        0.0000  CMAP       =        0.5195
 VDWAALS =     2177.9248  EEL     =   -16056.5366  HBOND      =        0.0000
 1-4 VDW =        2.5829  1-4 EEL =       45.4873  RESTRAINT  =       13.0396
 EAMBER  =   -12863.4022


   NSTEP       ENERGY          RMS            GMAX         NAME    NUMBER
    750      -1.2853E+04     1.5901E-01     6.7679E+00     C          15

 BOND    =      964.2382  ANGLE   =        0.8383  DIHED      =        2.5101
 UB      =        0.0000  IMP     =        0.0000  CMAP       =        0.5151
 VDWAALS =     2182.0916  EEL     =   -16065.7279  HBOND      =        0.0000
 1-4 VDW =        2.5705  1-4 EEL =       45.5122  RESTRAINT  =       14.2100
 EAMBER  =   -12867.4518


   NSTEP       ENERGY          RMS            GMAX         NAME    NUMBER
    800      -1.2856E+04     2.8151E-01     1.3715E+01     C          15

 BOND    =      965.2426  ANGLE   =        0.8449  DIHED      =        2.5096
 UB      =        0.0000  IMP     =        0.0000  CMAP       =        0.5147
 VDWAALS =     2186.0246  EEL     =   -16074.4493  HBOND      =        0.0000
 1-4 VDW =        2.5666  1-4 EEL =       45.5192  RESTRAINT  =       15.3813
 EAMBER  =   -12871.2270


   NSTEP       ENERGY          RMS            GMAX         NAME    NUMBER
    850      -1.2859E+04     8.6671E-02     1.7286E+00     H1       2832

 BOND    =      965.9155  ANGLE   =        0.8368  DIHED      =        2.5120
 UB      =        0.0000  IMP     =        0.0000  CMAP       =        0.5203
 VDWAALS =     2189.7220  EEL     =   -16082.6343  HBOND      =        0.0000
 1-4 VDW =        2.5750  1-4 EEL =       45.4985  RESTRAINT  =       16.5424
 EAMBER  =   -12875.0541


   NSTEP       ENERGY          RMS            GMAX         NAME    NUMBER
    900      -1.2861E+04     2.1691E-01     1.0386E+01     C          15

 BOND    =      966.7539  ANGLE   =        0.8479  DIHED      =        2.5137
 UB      =        0.0000  IMP     =        0.0000  CMAP       =        0.5243
 VDWAALS =     2193.3763  EEL     =   -16090.7767  HBOND      =        0.0000
 1-4 VDW =        2.5801  1-4 EEL =       45.4858  RESTRAINT  =       17.7351
 EAMBER  =   -12878.6948


   NSTEP       ENERGY          RMS            GMAX         NAME    NUMBER
    950      -1.2863E+04     3.1795E-01     1.5824E+01     C          15

 BOND    =      967.5823  ANGLE   =        0.8595  DIHED      =        2.5148
 UB      =        0.0000  IMP     =        0.0000  CMAP       =        0.5272
 VDWAALS =     2196.8241  EEL     =   -16098.4318  HBOND      =        0.0000
 1-4 VDW =        2.5833  1-4 EEL =       45.4779  RESTRAINT  =       18.8949
 EAMBER  =   -12882.0626


   NSTEP       ENERGY          RMS            GMAX         NAME    NUMBER
   1000      -1.2865E+04     1.2264E-01     4.9258E+00     C          15

 BOND    =      968.3904  ANGLE   =        0.8323  DIHED      =        2.5121
 UB      =        0.0000  IMP     =        0.0000  CMAP       =        0.5230
 VDWAALS =     2200.2236  EEL     =   -16106.1169  HBOND      =        0.0000
 1-4 VDW =        2.5716  1-4 EEL =       45.5033  RESTRAINT  =       20.0683
 EAMBER  =   -12885.5606


  Maximum number of minimization cycles reached.


                    FINAL RESULTS



   NSTEP       ENERGY          RMS            GMAX         NAME    NUMBER
   1000      -1.2865E+04     1.2264E-01     4.9258E+00     C          15

 BOND    =      968.3904  ANGLE   =        0.8323  DIHED      =        2.5121
 UB      =        0.0000  IMP     =        0.0000  CMAP       =        0.5230
 VDWAALS =     2200.2236  EEL     =   -16106.1169  HBOND      =        0.0000
 1-4 VDW =        2.5716  1-4 EEL =       45.5033  RESTRAINT  =       20.0683
 EAMBER  =   -12885.5606
--------------------------------------------------------------------------------
   5.  TIMINGS
--------------------------------------------------------------------------------

|  NonSetup CPU Time in Major Routines:
|
|     Routine           Sec        %
|     ------------------------------
|     Nonbond           0.09   56.53
|     Bond              0.00    0.00
|     Angle             0.00    0.00
|     Dihedral          0.00    0.00
|     Shake             0.00    0.00
|     Other             0.07   43.47
|     ------------------------------
|     Total             0.15

|  PME Nonbond Pairlist CPU Time:
|
|     Routine              Sec        %
|     ---------------------------------
|     Set Up Cit           0.00    0.00
|     Build List           0.00    0.00
|     ---------------------------------
|     Total                0.00    0.00

|  PME Direct Force CPU Time:
|
|     Routine              Sec        %
|     ---------------------------------
|     NonBonded Calc       0.00    0.00
|     Exclude Masked       0.00    0.00
|     Other                0.00    0.75
|     ---------------------------------
|     Total                0.00    0.75

|  PME Reciprocal Force CPU Time:
|
|     Routine              Sec        %
|     ---------------------------------
|     1D bspline           0.00    0.00
|     Grid Charges         0.00    0.00
|     Scalar Sum           0.00    0.00
|     Gradient Sum         0.00    0.00
|     FFT                  0.00    0.00
|     ---------------------------------
|     Total                0.00    0.00

|  Setup CPU time:            0.22 seconds
|  NonSetup CPU time:         0.15 seconds
|  Total CPU time:            0.37 seconds     0.00 hours

|  Setup wall time:           0    seconds
|  NonSetup wall time:        0    seconds
|  Total wall time:           0    seconds     0.00 hours
