
          -------------------------------------------------------
          Amber 24 PMEMD                              2024
          -------------------------------------------------------

| PMEMD implementation of SANDER, Release 24

|  Compiled date/time: Wed Aug 21 09:34:12 2024
| Run on 05/25/2026 at 14:18:55

|   Executable path: pmemd.cuda
| Working directory: /localscratch/kbui/NexusMol/examples
|          Hostname: irene2

  [-O]verwriting output

File Assignments:
|   MDIN: /localscratch/kbui/NexusMol/examples/artifacts/MD_6W63_mol4/min6.in   
|  MDOUT: /localscratch/kbui/NexusMol/examples/artifacts/MD_6W63_mol4/min6.out  
| INPCRD: /localscratch/kbui/NexusMol/examples/artifacts/MD_6W63_mol4/min5.ncrst
|   PARM: /localscratch/kbui/NexusMol/examples/md_input/ALA.prmtop              
| RESTRT: /localscratch/kbui/NexusMol/examples/artifacts/MD_6W63_mol4/min6.ncrst
|   REFC: /localscratch/kbui/NexusMol/examples/artifacts/MD_6W63_mol4/min5.ncrst
|  MDVEL: mdvel                                                                 
|   MDEN: mden                                                                  
|  MDCRD: /localscratch/kbui/NexusMol/examples/artifacts/MD_6W63_mol4/min6.nc   
| MDINFO: /localscratch/kbui/NexusMol/examples/artifacts/MD_6W63_mol4/min6.info 
|  MDFRC: mdfrc                                                                 


 Here is the input file:

Minimization                                                                   
&cntrl                                                                         
  imin=1,                                                                      
  ncyc=1000,                                                                   
  maxcyc=1000,                                                                 
  ntpr=50,                                                                     
  cut=10.0,                                                                    
  iwrap=1,                                                                     
  ntr=1,                                                                       
  restraint_wt=0.1,                                                            
  restraintmask='!@H=',                                                        
/                                                                              


Note: ig = -1. Setting random seed to   936944 based on wallclock time in 
      microseconds.
| irandom = 1, using AMBER's internal random number generator (default).
 
|--------------------- INFORMATION ----------------------
| GPU (CUDA) Version of PMEMD in use: NVIDIA GPU IN USE.
|                    Version 18.0.0
| 
|                      03/25/2018
| 
| Implementation by:
|                    Ross C. Walker     (SDSC)
|                    Scott Le Grand     (nVIDIA)
| 
| Version 18 performance extensions by:
|                    David Cerutti     (Rutgers)
| 
| Precision model in use:
|      [SPFP] - Single Precision Forces, 64-bit Fixed Point
|               Accumulation. (Default)
| 
|--------------------------------------------------------
 
|----------------- CITATION INFORMATION -----------------
|
|    When publishing work that utilized the CUDA version
|    of AMBER, please cite the following in addition to
|    the regular AMBER citations:
|
|  - Romelia Salomon-Ferrer; Andreas W. Goetz; Duncan
|    Poole; Scott Le Grand; Ross C. Walker "Routine
|    microsecond molecular dynamics simulations with
|    AMBER - Part II: Particle Mesh Ewald", J. Chem.
|    Theory Comput., 2013, 9 (9), pp3878-3888,
|    DOI: 10.1021/ct400314y.
|
|  - Andreas W. Goetz; Mark J. Williamson; Dong Xu;
|    Duncan Poole; Scott Le Grand; Ross C. Walker
|    "Routine microsecond molecular dynamics simulations
|    with AMBER - Part I: Generalized Born", J. Chem.
|    Theory Comput., 2012, 8 (5), pp1542-1555.
|
|  - Scott Le Grand; Andreas W. Goetz; Ross C. Walker
|    "SPFP: Speed without compromise - a mixed precision
|    model for GPU accelerated molecular dynamics
|    simulations.", Comp. Phys. Comm., 2013, 184
|    pp374-380, DOI: 10.1016/j.cpc.2012.09.022
|
|--------------------------------------------------------
 
|------------------- GPU DEVICE INFO --------------------
|
|            CUDA_VISIBLE_DEVICES: not set
|   CUDA Capable Devices Detected:      1
|           CUDA Device ID in use:      0
|                CUDA Device Name: NVIDIA GeForce RTX 4090
|     CUDA Device Global Mem Size:  24071 MB
| CUDA Device Num Multiprocessors:    128
|           CUDA Device Core Freq:   2.62 GHz
|
|--------------------------------------------------------
 
 
| Conditional Compilation Defines Used:
| PUBFFT
| BINTRAJ
| CUDA
| EMIL

| Largest sphere to fit in unit cell has radius =    14.010

| New format PARM file being parsed.
| Version =    1.000 Date = 03/28/26 Time = 21:23:47

| Note: 1-4 EEL scale factors are being read from the topology file.

| Note: 1-4 VDW scale factors are being read from the topology file.
| Duplicated    0 dihedrals

| Duplicated    0 dihedrals

--------------------------------------------------------------------------------
   1.  RESOURCE   USE: 
--------------------------------------------------------------------------------

 getting box info from netcdf restart file
 NATOM  =    3064 NTYPES =       9 NBONH =    3054 MBONA  =       9
 NTHETH =      25 MTHETA =      11 NPHIH =      43 MPHIA  =      24
 NHPARM =       0 NPARM  =       0 NNB   =    4155 NRES   =    1017
 NBONA  =       9 NTHETA =      11 NPHIA =      24 NUMBND =      13
 NUMANG =      21 NPTRA  =      14 NATYP =      10 NPHB   =       0
 IFBOX  =       2 NMXRS  =      10 IFCAP =       0 NEXTRA =       0
 NCOPY  =       0

| Coordinate Index Table dimensions:     5    5    5
| Direct force subcell size =     6.8634    6.8634    6.8634

     BOX TYPE: TRUNCATED OCTAHEDRON

--------------------------------------------------------------------------------
   2.  CONTROL  DATA  FOR  THE  RUN
--------------------------------------------------------------------------------

ACE                                                                             

General flags:
     imin    =       1, nmropt  =       0

Nature and format of input:
     ntx     =       1, irest   =       0, ntrx    =       1

Nature and format of output:
     ntxo    =       2, ntpr    =      50, ntrx    =       1, ntwr    =       1
     iwrap   =       1, ntwx    =       0, ntwv    =       0, ntwe    =       0
     ioutfm  =       1, ntwprt  =       0, idecomp =       0, rbornstat=      0

Potential function:
     ntf     =       1, ntb     =       1, igb     =       0, nsnb    =      25
     ipol    =       0, gbsa    =       0, iesp    =       0
     dielc   =   1.00000, cut     =  10.00000, intdiel =   1.00000

Frozen or restrained atoms:
     ibelly  =       0, ntr     =       1
     restraint_wt =   0.10000

Energy minimization:
     maxcyc  =    1000, ncyc    =    1000, ntmin   =       1
     dx0     =   0.01000, drms    =   0.00010

| Intermolecular bonds treatment:
|     no_intermolecular_bonds =       1

| Energy averages sample interval:
|     ene_avg_sampling =       1

Ewald parameters:
     verbose =       0, ew_type =       0, nbflag  =       1, use_pme =       1
     vdwmeth =       1, eedmeth =       1, netfrc  =       0
     Box X =   34.317   Box Y =   34.317   Box Z =   34.317
     Alpha =  109.471   Beta  =  109.471   Gamma =  109.471
     NFFT1 =   36       NFFT2 =   36       NFFT3 =   36
     Cutoff=   10.000   Tol   =0.100E-04
     Ewald Coefficient =  0.27511
     Interpolation order =    4

    LOADING THE CONSTRAINED ATOMS AS GROUPS


   5.  REFERENCE ATOM COORDINATES

  ACE                                                                             
     Mask !@H=; matches  1024 atoms

--------------------------------------------------------------------------------
   3.  ATOMIC COORDINATES AND VELOCITIES
--------------------------------------------------------------------------------

ACE                                                                             
 begin time read from input coords =     0.000 ps

 
 Number of triangulated 3-point waters found:     1014

     Sum of charges from parm topology file =  -0.00000000
     Forcing neutrality...

| Dynamic Memory, Types Used:
| Reals              225609
| Integers            95792

| Nonbonded Pairs Initial Allocation:      926783

| GPU memory information (estimate):
| KB of GPU memory in use:     31936
| KB of CPU memory in use:     13036

--------------------------------------------------------------------------------
   4.  RESULTS
--------------------------------------------------------------------------------



   NSTEP       ENERGY          RMS            GMAX         NAME    NUMBER
      1      -1.2959E+04     1.0570E-01     1.7703E+00     C          15

 BOND    =      989.2335  ANGLE   =        0.8334  DIHED      =        2.5141
 UB      =        0.0000  IMP     =        0.0000  CMAP       =        0.5669
 VDWAALS =     2296.9888  EEL     =   -16297.0436  HBOND      =        0.0000
 1-4 VDW =        2.5634  1-4 EEL =       45.4752  RESTRAINT  =        0.0000


   NSTEP       ENERGY          RMS            GMAX         NAME    NUMBER
     50      -1.2962E+04     2.1780E-01     9.9776E+00     C          15

 BOND    =      990.6723  ANGLE   =        0.8365  DIHED      =        2.5116
 UB      =        0.0000  IMP     =        0.0000  CMAP       =        0.5664
 VDWAALS =     2301.4036  EEL     =   -16306.1690  HBOND      =        0.0000
 1-4 VDW =        2.5552  1-4 EEL =       45.4880  RESTRAINT  =        0.0049
 EAMBER  =   -12962.1352


   NSTEP       ENERGY          RMS            GMAX         NAME    NUMBER
    100      -1.2965E+04     3.1045E-01     1.5187E+01     C          15

 BOND    =      991.5675  ANGLE   =        0.8443  DIHED      =        2.5108
 UB      =        0.0000  IMP     =        0.0000  CMAP       =        0.5676
 VDWAALS =     2305.2993  EEL     =   -16314.0604  HBOND      =        0.0000
 1-4 VDW =        2.5513  1-4 EEL =       45.4931  RESTRAINT  =        0.0183
 EAMBER  =   -12965.2265


   NSTEP       ENERGY          RMS            GMAX         NAME    NUMBER
    150      -1.2968E+04     9.5401E-02     1.5295E+00     C          15

 BOND    =      991.9057  ANGLE   =        0.8369  DIHED      =        2.5134
 UB      =        0.0000  IMP     =        0.0000  CMAP       =        0.5741
 VDWAALS =     2308.9022  EEL     =   -16321.1545  HBOND      =        0.0000
 1-4 VDW =        2.5587  1-4 EEL =       45.4711  RESTRAINT  =        0.0388
 EAMBER  =   -12968.3923


   NSTEP       ENERGY          RMS            GMAX         NAME    NUMBER
    200      -1.2971E+04     2.8376E-01     1.4006E+01     C          15

 BOND    =      992.5976  ANGLE   =        0.8585  DIHED      =        2.5153
 UB      =        0.0000  IMP     =        0.0000  CMAP       =        0.5796
 VDWAALS =     2312.6007  EEL     =   -16328.5624  HBOND      =        0.0000
 1-4 VDW =        2.5641  1-4 EEL =       45.4549  RESTRAINT  =        0.0680
 EAMBER  =   -12971.3916


   NSTEP       ENERGY          RMS            GMAX         NAME    NUMBER
    250      -1.2974E+04     1.2475E-01     4.5479E+00     C          15

 BOND    =      993.4387  ANGLE   =        0.8359  DIHED      =        2.5125
 UB      =        0.0000  IMP     =        0.0000  CMAP       =        0.5773
 VDWAALS =     2316.1299  EEL     =   -16335.8657  HBOND      =        0.0000
 1-4 VDW =        2.5537  1-4 EEL =       45.4768  RESTRAINT  =        0.1028
 EAMBER  =   -12974.3409


   NSTEP       ENERGY          RMS            GMAX         NAME    NUMBER
    300      -1.2977E+04     2.3210E-01     1.1127E+01     C          15

 BOND    =      994.2275  ANGLE   =        0.8408  DIHED      =        2.5115
 UB      =        0.0000  IMP     =        0.0000  CMAP       =        0.5780
 VDWAALS =     2319.5910  EEL     =   -16342.7441  HBOND      =        0.0000
 1-4 VDW =        2.5494  1-4 EEL =       45.4843  RESTRAINT  =        0.1430
 EAMBER  =   -12976.9615


   NSTEP       ENERGY          RMS            GMAX         NAME    NUMBER
    350      -1.2979E+04     3.2977E-01     1.6500E+01     C          15

 BOND    =      995.0026  ANGLE   =        0.8491  DIHED      =        2.5108
 UB      =        0.0000  IMP     =        0.0000  CMAP       =        0.5789
 VDWAALS =     2323.0313  EEL     =   -16349.4647  HBOND      =        0.0000
 1-4 VDW =        2.5460  1-4 EEL =       45.4902  RESTRAINT  =        0.1884
 EAMBER  =   -12979.4558


   NSTEP       ENERGY          RMS            GMAX         NAME    NUMBER
    400      -1.2982E+04     1.2132E-01     4.8034E+00     C          15

 BOND    =      995.3722  ANGLE   =        0.8428  DIHED      =        2.5141
 UB      =        0.0000  IMP     =        0.0000  CMAP       =        0.5863
 VDWAALS =     2326.4348  EEL     =   -16355.8770  HBOND      =        0.0000
 1-4 VDW =        2.5557  1-4 EEL =       45.4630  RESTRAINT  =        0.2388
 EAMBER  =   -12982.1082


   NSTEP       ENERGY          RMS            GMAX         NAME    NUMBER
    450      -1.2984E+04     2.7665E-01     1.3912E+01     C          15

 BOND    =      996.0317  ANGLE   =        0.8608  DIHED      =        2.5156
 UB      =        0.0000  IMP     =        0.0000  CMAP       =        0.5907
 VDWAALS =     2329.7876  EEL     =   -16362.2384  HBOND      =        0.0000
 1-4 VDW =        2.5593  1-4 EEL =       45.4511  RESTRAINT  =        0.2938
 EAMBER  =   -12984.4416


   NSTEP       ENERGY          RMS            GMAX         NAME    NUMBER
    500      -1.2986E+04     8.4169E-02     1.5533E+00     C          15

 BOND    =      996.6739  ANGLE   =        0.8393  DIHED      =        2.5132
 UB      =        0.0000  IMP     =        0.0000  CMAP       =        0.5891
 VDWAALS =     2332.9777  EEL     =   -16368.4337  HBOND      =        0.0000
 1-4 VDW =        2.5506  1-4 EEL =       45.4695  RESTRAINT  =        0.3514
 EAMBER  =   -12986.8203


   NSTEP       ENERGY          RMS            GMAX         NAME    NUMBER
    550      -1.2989E+04     2.4652E-01     1.2147E+01     C          15

 BOND    =      997.4302  ANGLE   =        0.8443  DIHED      =        2.5117
 UB      =        0.0000  IMP     =        0.0000  CMAP       =        0.5887
 VDWAALS =     2336.1791  EEL     =   -16374.6275  HBOND      =        0.0000
 1-4 VDW =        2.5446  1-4 EEL =       45.4820  RESTRAINT  =        0.4144
 EAMBER  =   -12989.0469


   NSTEP       ENERGY          RMS            GMAX         NAME    NUMBER
    600      -1.2991E+04     3.5303E-01     1.7859E+01     C          15

 BOND    =      998.1384  ANGLE   =        0.8540  DIHED      =        2.5110
 UB      =        0.0000  IMP     =        0.0000  CMAP       =        0.5893
 VDWAALS =     2339.2057  EEL     =   -16380.4343  HBOND      =        0.0000
 1-4 VDW =        2.5410  1-4 EEL =       45.4882  RESTRAINT  =        0.4790
 EAMBER  =   -12991.1067


   NSTEP       ENERGY          RMS            GMAX         NAME    NUMBER
    650      -1.2993E+04     2.0571E-01     1.0062E+01     C          15

 BOND    =      998.4354  ANGLE   =        0.8550  DIHED      =        2.5155
 UB      =        0.0000  IMP     =        0.0000  CMAP       =        0.5980
 VDWAALS =     2342.1831  EEL     =   -16385.9282  HBOND      =        0.0000
 1-4 VDW =        2.5537  1-4 EEL =       45.4530  RESTRAINT  =        0.5476
 EAMBER  =   -12993.3346


   NSTEP       ENERGY          RMS            GMAX         NAME    NUMBER
    700      -1.2995E+04     2.9963E-01     1.5185E+01     C          15

 BOND    =      999.0345  ANGLE   =        0.8681  DIHED      =        2.5165
 UB      =        0.0000  IMP     =        0.0000  CMAP       =        0.6011
 VDWAALS =     2345.1182  EEL     =   -16391.4790  HBOND      =        0.0000
 1-4 VDW =        2.5554  1-4 EEL =       45.4459  RESTRAINT  =        0.6196
 EAMBER  =   -12995.3393


   NSTEP       ENERGY          RMS            GMAX         NAME    NUMBER
    750      -1.2997E+04     1.8244E-01     8.6483E+00     C          15

 BOND    =      999.7028  ANGLE   =        0.8441  DIHED      =        2.5129
 UB      =        0.0000  IMP     =        0.0000  CMAP       =        0.5974
 VDWAALS =     2348.0926  EEL     =   -16397.2860  HBOND      =        0.0000
 1-4 VDW =        2.5427  1-4 EEL =       45.4745  RESTRAINT  =        0.6970
 EAMBER  =   -12997.5189


   NSTEP       ENERGY          RMS            GMAX         NAME    NUMBER
    800      -1.2999E+04     2.5411E-01     1.2650E+01     C          15

 BOND    =     1000.3161  ANGLE   =        0.8482  DIHED      =        2.5125
 UB      =        0.0000  IMP     =        0.0000  CMAP       =        0.5984
 VDWAALS =     2350.9116  EEL     =   -16402.7462  HBOND      =        0.0000
 1-4 VDW =        2.5401  1-4 EEL =       45.4785  RESTRAINT  =        0.7753
 EAMBER  =   -12999.5409


   NSTEP       ENERGY          RMS            GMAX         NAME    NUMBER
    850      -1.3001E+04     7.5194E-02     1.1839E+00     C          15

 BOND    =     1000.6811  ANGLE   =        0.8457  DIHED      =        2.5148
 UB      =        0.0000  IMP     =        0.0000  CMAP       =        0.6034
 VDWAALS =     2353.5688  EEL     =   -16407.8109  HBOND      =        0.0000
 1-4 VDW =        2.5459  1-4 EEL =       45.4606  RESTRAINT  =        0.8542
 EAMBER  =   -13001.5905


   NSTEP       ENERGY          RMS            GMAX         NAME    NUMBER
    900      -1.3003E+04     2.2651E-01     1.1301E+01     C          15

 BOND    =     1001.2027  ANGLE   =        0.8613  DIHED      =        2.5166
 UB      =        0.0000  IMP     =        0.0000  CMAP       =        0.6076
 VDWAALS =     2356.2523  EEL     =   -16412.9781  HBOND      =        0.0000
 1-4 VDW =        2.5501  1-4 EEL =       45.4473  RESTRAINT  =        0.9384
 EAMBER  =   -13003.5403


   NSTEP       ENERGY          RMS            GMAX         NAME    NUMBER
    950      -1.3005E+04     1.0413E-01     3.8943E+00     C          15

 BOND    =     1001.7569  ANGLE   =        0.8450  DIHED      =        2.5144
 UB      =        0.0000  IMP     =        0.0000  CMAP       =        0.6058
 VDWAALS =     2358.8494  EEL     =   -16418.1476  HBOND      =        0.0000
 1-4 VDW =        2.5419  1-4 EEL =       45.4652  RESTRAINT  =        1.0245
 EAMBER  =   -13005.5690


   NSTEP       ENERGY          RMS            GMAX         NAME    NUMBER
   1000      -1.3006E+04     1.8859E-01     9.0238E+00     C          15

 BOND    =     1002.3188  ANGLE   =        0.8472  DIHED      =        2.5138
 UB      =        0.0000  IMP     =        0.0000  CMAP       =        0.6062
 VDWAALS =     2361.3646  EEL     =   -16423.1177  HBOND      =        0.0000
 1-4 VDW =        2.5387  1-4 EEL =       45.4707  RESTRAINT  =        1.1130
 EAMBER  =   -13007.4577


  Maximum number of minimization cycles reached.


                    FINAL RESULTS



   NSTEP       ENERGY          RMS            GMAX         NAME    NUMBER
   1000      -1.3006E+04     1.8859E-01     9.0238E+00     C          15

 BOND    =     1002.3188  ANGLE   =        0.8472  DIHED      =        2.5138
 UB      =        0.0000  IMP     =        0.0000  CMAP       =        0.6062
 VDWAALS =     2361.3646  EEL     =   -16423.1177  HBOND      =        0.0000
 1-4 VDW =        2.5387  1-4 EEL =       45.4707  RESTRAINT  =        1.1130
 EAMBER  =   -13007.4577
--------------------------------------------------------------------------------
   5.  TIMINGS
--------------------------------------------------------------------------------

|  NonSetup CPU Time in Major Routines:
|
|     Routine           Sec        %
|     ------------------------------
|     Nonbond           0.09   56.33
|     Bond              0.00    0.00
|     Angle             0.00    0.00
|     Dihedral          0.00    0.00
|     Shake             0.00    0.00
|     Other             0.07   43.67
|     ------------------------------
|     Total             0.15

|  PME Nonbond Pairlist CPU Time:
|
|     Routine              Sec        %
|     ---------------------------------
|     Set Up Cit           0.00    0.00
|     Build List           0.00    0.00
|     ---------------------------------
|     Total                0.00    0.00

|  PME Direct Force CPU Time:
|
|     Routine              Sec        %
|     ---------------------------------
|     NonBonded Calc       0.00    0.00
|     Exclude Masked       0.00    0.00
|     Other                0.00    0.77
|     ---------------------------------
|     Total                0.00    0.77

|  PME Reciprocal Force CPU Time:
|
|     Routine              Sec        %
|     ---------------------------------
|     1D bspline           0.00    0.00
|     Grid Charges         0.00    0.00
|     Scalar Sum           0.00    0.00
|     Gradient Sum         0.00    0.00
|     FFT                  0.00    0.00
|     ---------------------------------
|     Total                0.00    0.00

|  Setup CPU time:            0.22 seconds
|  NonSetup CPU time:         0.15 seconds
|  Total CPU time:            0.37 seconds     0.00 hours

|  Setup wall time:           0    seconds
|  NonSetup wall time:        0    seconds
|  Total wall time:           0    seconds     0.00 hours
