
          -------------------------------------------------------
          Amber 24 PMEMD                              2024
          -------------------------------------------------------

| PMEMD implementation of SANDER, Release 24

|  Compiled date/time: Wed Aug 21 09:34:12 2024
| Run on 05/25/2026 at 14:18:56

|   Executable path: pmemd.cuda
| Working directory: /localscratch/kbui/NexusMol/examples
|          Hostname: irene2

  [-O]verwriting output

File Assignments:
|   MDIN: /localscratch/kbui/NexusMol/examples/artifacts/MD_6W63_mol4/min7.in   
|  MDOUT: /localscratch/kbui/NexusMol/examples/artifacts/MD_6W63_mol4/min7.out  
| INPCRD: /localscratch/kbui/NexusMol/examples/artifacts/MD_6W63_mol4/min6.ncrst
|   PARM: /localscratch/kbui/NexusMol/examples/md_input/ALA.prmtop              
| RESTRT: /localscratch/kbui/NexusMol/examples/artifacts/MD_6W63_mol4/min7.ncrst
|   REFC: /localscratch/kbui/NexusMol/examples/artifacts/MD_6W63_mol4/min6.ncrst
|  MDVEL: mdvel                                                                 
|   MDEN: mden                                                                  
|  MDCRD: /localscratch/kbui/NexusMol/examples/artifacts/MD_6W63_mol4/min7.nc   
| MDINFO: /localscratch/kbui/NexusMol/examples/artifacts/MD_6W63_mol4/min7.info 
|  MDFRC: mdfrc                                                                 


 Here is the input file:

Minimization                                                                   
&cntrl                                                                         
  imin=1,                                                                      
  ncyc=1000,                                                                   
  maxcyc=1000,                                                                 
  ntpr=50,                                                                     
  cut=10.0,                                                                    
  iwrap=1,                                                                     
  ntr=1,                                                                       
  restraint_wt=0.0,                                                            
  restraintmask='!@H=',                                                        
/                                                                              


Note: ig = -1. Setting random seed to   415279 based on wallclock time in 
      microseconds.
| irandom = 1, using AMBER's internal random number generator (default).
 
|--------------------- INFORMATION ----------------------
| GPU (CUDA) Version of PMEMD in use: NVIDIA GPU IN USE.
|                    Version 18.0.0
| 
|                      03/25/2018
| 
| Implementation by:
|                    Ross C. Walker     (SDSC)
|                    Scott Le Grand     (nVIDIA)
| 
| Version 18 performance extensions by:
|                    David Cerutti     (Rutgers)
| 
| Precision model in use:
|      [SPFP] - Single Precision Forces, 64-bit Fixed Point
|               Accumulation. (Default)
| 
|--------------------------------------------------------
 
|----------------- CITATION INFORMATION -----------------
|
|    When publishing work that utilized the CUDA version
|    of AMBER, please cite the following in addition to
|    the regular AMBER citations:
|
|  - Romelia Salomon-Ferrer; Andreas W. Goetz; Duncan
|    Poole; Scott Le Grand; Ross C. Walker "Routine
|    microsecond molecular dynamics simulations with
|    AMBER - Part II: Particle Mesh Ewald", J. Chem.
|    Theory Comput., 2013, 9 (9), pp3878-3888,
|    DOI: 10.1021/ct400314y.
|
|  - Andreas W. Goetz; Mark J. Williamson; Dong Xu;
|    Duncan Poole; Scott Le Grand; Ross C. Walker
|    "Routine microsecond molecular dynamics simulations
|    with AMBER - Part I: Generalized Born", J. Chem.
|    Theory Comput., 2012, 8 (5), pp1542-1555.
|
|  - Scott Le Grand; Andreas W. Goetz; Ross C. Walker
|    "SPFP: Speed without compromise - a mixed precision
|    model for GPU accelerated molecular dynamics
|    simulations.", Comp. Phys. Comm., 2013, 184
|    pp374-380, DOI: 10.1016/j.cpc.2012.09.022
|
|--------------------------------------------------------
 
|------------------- GPU DEVICE INFO --------------------
|
|            CUDA_VISIBLE_DEVICES: not set
|   CUDA Capable Devices Detected:      1
|           CUDA Device ID in use:      0
|                CUDA Device Name: NVIDIA GeForce RTX 4090
|     CUDA Device Global Mem Size:  24071 MB
| CUDA Device Num Multiprocessors:    128
|           CUDA Device Core Freq:   2.62 GHz
|
|--------------------------------------------------------
 
 
| Conditional Compilation Defines Used:
| PUBFFT
| BINTRAJ
| CUDA
| EMIL

| Largest sphere to fit in unit cell has radius =    14.010

| New format PARM file being parsed.
| Version =    1.000 Date = 03/28/26 Time = 21:23:47

| Note: 1-4 EEL scale factors are being read from the topology file.

| Note: 1-4 VDW scale factors are being read from the topology file.
| Duplicated    0 dihedrals

| Duplicated    0 dihedrals

--------------------------------------------------------------------------------
   1.  RESOURCE   USE: 
--------------------------------------------------------------------------------

 getting box info from netcdf restart file
 NATOM  =    3064 NTYPES =       9 NBONH =    3054 MBONA  =       9
 NTHETH =      25 MTHETA =      11 NPHIH =      43 MPHIA  =      24
 NHPARM =       0 NPARM  =       0 NNB   =    4155 NRES   =    1017
 NBONA  =       9 NTHETA =      11 NPHIA =      24 NUMBND =      13
 NUMANG =      21 NPTRA  =      14 NATYP =      10 NPHB   =       0
 IFBOX  =       2 NMXRS  =      10 IFCAP =       0 NEXTRA =       0
 NCOPY  =       0

| Coordinate Index Table dimensions:     5    5    5
| Direct force subcell size =     6.8634    6.8634    6.8634

     BOX TYPE: TRUNCATED OCTAHEDRON

--------------------------------------------------------------------------------
   2.  CONTROL  DATA  FOR  THE  RUN
--------------------------------------------------------------------------------

ACE                                                                             

General flags:
     imin    =       1, nmropt  =       0

Nature and format of input:
     ntx     =       1, irest   =       0, ntrx    =       1

Nature and format of output:
     ntxo    =       2, ntpr    =      50, ntrx    =       1, ntwr    =       1
     iwrap   =       1, ntwx    =       0, ntwv    =       0, ntwe    =       0
     ioutfm  =       1, ntwprt  =       0, idecomp =       0, rbornstat=      0

Potential function:
     ntf     =       1, ntb     =       1, igb     =       0, nsnb    =      25
     ipol    =       0, gbsa    =       0, iesp    =       0
     dielc   =   1.00000, cut     =  10.00000, intdiel =   1.00000

Frozen or restrained atoms:
     ibelly  =       0, ntr     =       1
     restraint_wt =   0.00000

Energy minimization:
     maxcyc  =    1000, ncyc    =    1000, ntmin   =       1
     dx0     =   0.01000, drms    =   0.00010

| Intermolecular bonds treatment:
|     no_intermolecular_bonds =       1

| Energy averages sample interval:
|     ene_avg_sampling =       1

Ewald parameters:
     verbose =       0, ew_type =       0, nbflag  =       1, use_pme =       1
     vdwmeth =       1, eedmeth =       1, netfrc  =       0
     Box X =   34.317   Box Y =   34.317   Box Z =   34.317
     Alpha =  109.471   Beta  =  109.471   Gamma =  109.471
     NFFT1 =   36       NFFT2 =   36       NFFT3 =   36
     Cutoff=   10.000   Tol   =0.100E-04
     Ewald Coefficient =  0.27511
     Interpolation order =    4

    LOADING THE CONSTRAINED ATOMS AS GROUPS


   5.  REFERENCE ATOM COORDINATES

  ACE                                                                             
     Mask !@H=; matches  1024 atoms

--------------------------------------------------------------------------------
   3.  ATOMIC COORDINATES AND VELOCITIES
--------------------------------------------------------------------------------

ACE                                                                             
 begin time read from input coords =     0.000 ps

 
 Number of triangulated 3-point waters found:     1014

     Sum of charges from parm topology file =  -0.00000000
     Forcing neutrality...

| Dynamic Memory, Types Used:
| Reals              225609
| Integers            95792

| Nonbonded Pairs Initial Allocation:      926783

| GPU memory information (estimate):
| KB of GPU memory in use:     31936
| KB of CPU memory in use:     13036

--------------------------------------------------------------------------------
   4.  RESULTS
--------------------------------------------------------------------------------



   NSTEP       ENERGY          RMS            GMAX         NAME    NUMBER
      1      -1.3007E+04     1.9003E-01     9.0104E+00     C          15

 BOND    =     1002.3188  ANGLE   =        0.8472  DIHED      =        2.5138
 UB      =        0.0000  IMP     =        0.0000  CMAP       =        0.6062
 VDWAALS =     2361.3646  EEL     =   -16423.1179  HBOND      =        0.0000
 1-4 VDW =        2.5387  1-4 EEL =       45.4707  RESTRAINT  =        0.0000


   NSTEP       ENERGY          RMS            GMAX         NAME    NUMBER
     50      -1.3009E+04     2.1337E-01     1.0507E+01     C          15

 BOND    =     1002.7623  ANGLE   =        0.8618  DIHED      =        2.5169
 UB      =        0.0000  IMP     =        0.0000  CMAP       =        0.6126
 VDWAALS =     2363.9560  EEL     =   -16428.1407  HBOND      =        0.0000
 1-4 VDW =        2.5472  1-4 EEL =       45.4455  RESTRAINT  =        0.0000


   NSTEP       ENERGY          RMS            GMAX         NAME    NUMBER
    100      -1.3011E+04     3.1144E-01     1.5882E+01     C          15

 BOND    =     1003.2995  ANGLE   =        0.8764  DIHED      =        2.5179
 UB      =        0.0000  IMP     =        0.0000  CMAP       =        0.6156
 VDWAALS =     2366.5406  EEL     =   -16433.2554  HBOND      =        0.0000
 1-4 VDW =        2.5490  1-4 EEL =       45.4381  RESTRAINT  =        0.0000


   NSTEP       ENERGY          RMS            GMAX         NAME    NUMBER
    150      -1.3014E+04     1.0555E-01     3.8439E+00     C          15

 BOND    =     1003.8152  ANGLE   =        0.8482  DIHED      =        2.5150
 UB      =        0.0000  IMP     =        0.0000  CMAP       =        0.6126
 VDWAALS =     2369.1176  EEL     =   -16438.5142  HBOND      =        0.0000
 1-4 VDW =        2.5386  1-4 EEL =       45.4615  RESTRAINT  =        0.0000


   NSTEP       ENERGY          RMS            GMAX         NAME    NUMBER
    200      -1.3016E+04     7.8069E-02     1.3067E+00     H1         36

 BOND    =     1004.2696  ANGLE   =        0.8510  DIHED      =        2.5159
 UB      =        0.0000  IMP     =        0.0000  CMAP       =        0.6155
 VDWAALS =     2371.6112  EEL     =   -16443.4601  HBOND      =        0.0000
 1-4 VDW =        2.5403  1-4 EEL =       45.4544  RESTRAINT  =        0.0000


   NSTEP       ENERGY          RMS            GMAX         NAME    NUMBER
    250      -1.3018E+04     1.3635E-01     6.0701E+00     C          15

 BOND    =     1004.7519  ANGLE   =        0.8573  DIHED      =        2.5168
 UB      =        0.0000  IMP     =        0.0000  CMAP       =        0.6182
 VDWAALS =     2374.1410  EEL     =   -16448.4815  HBOND      =        0.0000
 1-4 VDW =        2.5418  1-4 EEL =       45.4481  RESTRAINT  =        0.0000


   NSTEP       ENERGY          RMS            GMAX         NAME    NUMBER
    300      -1.3020E+04     2.2771E-01     1.1349E+01     C          15

 BOND    =     1005.2437  ANGLE   =        0.8680  DIHED      =        2.5178
 UB      =        0.0000  IMP     =        0.0000  CMAP       =        0.6209
 VDWAALS =     2376.6233  EEL     =   -16453.3763  HBOND      =        0.0000
 1-4 VDW =        2.5436  1-4 EEL =       45.4409  RESTRAINT  =        0.0000


   NSTEP       ENERGY          RMS            GMAX         NAME    NUMBER
    350      -1.3021E+04     7.5785E-02     1.1266E+00     H1         36

 BOND    =     1005.7336  ANGLE   =        0.8515  DIHED      =        2.5159
 UB      =        0.0000  IMP     =        0.0000  CMAP       =        0.6195
 VDWAALS =     2379.0662  EEL     =   -16458.2719  HBOND      =        0.0000
 1-4 VDW =        2.5370  1-4 EEL =       45.4554  RESTRAINT  =        0.0000


   NSTEP       ENERGY          RMS            GMAX         NAME    NUMBER
    400      -1.3023E+04     1.9276E-01     9.2844E+00     C          15

 BOND    =     1006.3096  ANGLE   =        0.8530  DIHED      =        2.5147
 UB      =        0.0000  IMP     =        0.0000  CMAP       =        0.6190
 VDWAALS =     2381.6040  EEL     =   -16463.3362  HBOND      =        0.0000
 1-4 VDW =        2.5323  1-4 EEL =       45.4650  RESTRAINT  =        0.0000


   NSTEP       ENERGY          RMS            GMAX         NAME    NUMBER
    450      -1.3025E+04     8.3851E-02     2.4179E+00     C          15

 BOND    =     1006.6769  ANGLE   =        0.8552  DIHED      =        2.5166
 UB      =        0.0000  IMP     =        0.0000  CMAP       =        0.6231
 VDWAALS =     2384.0793  EEL     =   -16468.1079  HBOND      =        0.0000
 1-4 VDW =        2.5371  1-4 EEL =       45.4502  RESTRAINT  =        0.0000


   NSTEP       ENERGY          RMS            GMAX         NAME    NUMBER
    500      -1.3027E+04     1.7224E-01     8.2910E+00     C          15

 BOND    =     1007.1412  ANGLE   =        0.8640  DIHED      =        2.5176
 UB      =        0.0000  IMP     =        0.0000  CMAP       =        0.6257
 VDWAALS =     2386.5324  EEL     =   -16472.8003  HBOND      =        0.0000
 1-4 VDW =        2.5392  1-4 EEL =       45.4426  RESTRAINT  =        0.0000


   NSTEP       ENERGY          RMS            GMAX         NAME    NUMBER
    550      -1.3029E+04     2.4065E-01     1.2091E+01     C          15

 BOND    =     1007.6149  ANGLE   =        0.8722  DIHED      =        2.5183
 UB      =        0.0000  IMP     =        0.0000  CMAP       =        0.6278
 VDWAALS =     2388.9229  EEL     =   -16477.4125  HBOND      =        0.0000
 1-4 VDW =        2.5405  1-4 EEL =       45.4375  RESTRAINT  =        0.0000


   NSTEP       ENERGY          RMS            GMAX         NAME    NUMBER
    600      -1.3031E+04     7.3597E-02     1.3487E+00     C          15

 BOND    =     1008.0874  ANGLE   =        0.8541  DIHED      =        2.5162
 UB      =        0.0000  IMP     =        0.0000  CMAP       =        0.6259
 VDWAALS =     2391.2481  EEL     =   -16482.0073  HBOND      =        0.0000
 1-4 VDW =        2.5334  1-4 EEL =       45.4537  RESTRAINT  =        0.0000


   NSTEP       ENERGY          RMS            GMAX         NAME    NUMBER
    650      -1.3032E+04     2.0372E-01     1.0009E+01     C          15

 BOND    =     1008.6393  ANGLE   =        0.8561  DIHED      =        2.5149
 UB      =        0.0000  IMP     =        0.0000  CMAP       =        0.6250
 VDWAALS =     2393.5850  EEL     =   -16486.5644  HBOND      =        0.0000
 1-4 VDW =        2.5287  1-4 EEL =       45.4640  RESTRAINT  =        0.0000


   NSTEP       ENERGY          RMS            GMAX         NAME    NUMBER
    700      -1.3034E+04     7.1563E-02     1.2210E+00     C          15

 BOND    =     1008.9667  ANGLE   =        0.8565  DIHED      =        2.5167
 UB      =        0.0000  IMP     =        0.0000  CMAP       =        0.6286
 VDWAALS =     2395.8474  EEL     =   -16490.8431  HBOND      =        0.0000
 1-4 VDW =        2.5333  1-4 EEL =       45.4496  RESTRAINT  =        0.0000


   NSTEP       ENERGY          RMS            GMAX         NAME    NUMBER
    750      -1.3036E+04     1.7302E-01     8.3791E+00     C          15

 BOND    =     1009.4028  ANGLE   =        0.8663  DIHED      =        2.5179
 UB      =        0.0000  IMP     =        0.0000  CMAP       =        0.6313
 VDWAALS =     2398.1976  EEL     =   -16495.3278  HBOND      =        0.0000
 1-4 VDW =        2.5360  1-4 EEL =       45.4405  RESTRAINT  =        0.0000


   NSTEP       ENERGY          RMS            GMAX         NAME    NUMBER
    800      -1.3037E+04     2.5890E-01     1.3154E+01     C          15

 BOND    =     1009.8591  ANGLE   =        0.8769  DIHED      =        2.5187
 UB      =        0.0000  IMP     =        0.0000  CMAP       =        0.6333
 VDWAALS =     2400.4927  EEL     =   -16499.6763  HBOND      =        0.0000
 1-4 VDW =        2.5377  1-4 EEL =       45.4344  RESTRAINT  =        0.0000


   NSTEP       ENERGY          RMS            GMAX         NAME    NUMBER
    850      -1.3039E+04     9.0668E-02     3.1271E+00     C          15

 BOND    =     1010.3424  ANGLE   =        0.8556  DIHED      =        2.5161
 UB      =        0.0000  IMP     =        0.0000  CMAP       =        0.6305
 VDWAALS =     2402.8600  EEL     =   -16504.2447  HBOND      =        0.0000
 1-4 VDW =        2.5294  1-4 EEL =       45.4541  RESTRAINT  =        0.0000


   NSTEP       ENERGY          RMS            GMAX         NAME    NUMBER
    900      -1.3041E+04     2.4828E-01     1.2472E+01     C          15

 BOND    =     1010.9140  ANGLE   =        0.8605  DIHED      =        2.5147
 UB      =        0.0000  IMP     =        0.0000  CMAP       =        0.6292
 VDWAALS =     2405.2030  EEL     =   -16508.7837  HBOND      =        0.0000
 1-4 VDW =        2.5245  1-4 EEL =       45.4655  RESTRAINT  =        0.0000


   NSTEP       ENERGY          RMS            GMAX         NAME    NUMBER
    950      -1.3042E+04     3.2022E-01     1.6364E+01     C          15

 BOND    =     1011.4307  ANGLE   =        0.8661  DIHED      =        2.5141
 UB      =        0.0000  IMP     =        0.0000  CMAP       =        0.6291
 VDWAALS =     2407.5167  EEL     =   -16513.1443  HBOND      =        0.0000
 1-4 VDW =        2.5223  1-4 EEL =       45.4701  RESTRAINT  =        0.0000


   NSTEP       ENERGY          RMS            GMAX         NAME    NUMBER
   1000      -1.3044E+04     1.9904E-01     9.9071E+00     C          15

 BOND    =     1011.6364  ANGLE   =        0.8708  DIHED      =        2.5182
 UB      =        0.0000  IMP     =        0.0000  CMAP       =        0.6358
 VDWAALS =     2409.8575  EEL     =   -16517.3623  HBOND      =        0.0000
 1-4 VDW =        2.5338  1-4 EEL =       45.4379  RESTRAINT  =        0.0000


  Maximum number of minimization cycles reached.


                    FINAL RESULTS



   NSTEP       ENERGY          RMS            GMAX         NAME    NUMBER
   1000      -1.3044E+04     1.9904E-01     9.9071E+00     C          15

 BOND    =     1011.6364  ANGLE   =        0.8708  DIHED      =        2.5182
 UB      =        0.0000  IMP     =        0.0000  CMAP       =        0.6358
 VDWAALS =     2409.8575  EEL     =   -16517.3623  HBOND      =        0.0000
 1-4 VDW =        2.5338  1-4 EEL =       45.4379  RESTRAINT  =        0.0000
--------------------------------------------------------------------------------
   5.  TIMINGS
--------------------------------------------------------------------------------

|  NonSetup CPU Time in Major Routines:
|
|     Routine           Sec        %
|     ------------------------------
|     Nonbond           0.08   55.88
|     Bond              0.00    0.00
|     Angle             0.00    0.00
|     Dihedral          0.00    0.00
|     Shake             0.00    0.00
|     Other             0.07   44.12
|     ------------------------------
|     Total             0.15

|  PME Nonbond Pairlist CPU Time:
|
|     Routine              Sec        %
|     ---------------------------------
|     Set Up Cit           0.00    0.00
|     Build List           0.00    0.00
|     ---------------------------------
|     Total                0.00    0.00

|  PME Direct Force CPU Time:
|
|     Routine              Sec        %
|     ---------------------------------
|     NonBonded Calc       0.00    0.00
|     Exclude Masked       0.00    0.00
|     Other                0.00    0.76
|     ---------------------------------
|     Total                0.00    0.76

|  PME Reciprocal Force CPU Time:
|
|     Routine              Sec        %
|     ---------------------------------
|     1D bspline           0.00    0.00
|     Grid Charges         0.00    0.00
|     Scalar Sum           0.00    0.00
|     Gradient Sum         0.00    0.00
|     FFT                  0.00    0.00
|     ---------------------------------
|     Total                0.00    0.00

|  Setup CPU time:            0.21 seconds
|  NonSetup CPU time:         0.15 seconds
|  Total CPU time:            0.36 seconds     0.00 hours

|  Setup wall time:           1    seconds
|  NonSetup wall time:        0    seconds
|  Total wall time:           1    seconds     0.00 hours
